Log file open, 01/15/21 16:56:59
LogWindows: Failed to load 'aqProf.dll' (GetLastError=126)
LogWindows: File 'aqProf.dll' does not exist
LogWindows: Failed to load 'VtuneApi.dll' (GetLastError=126)
LogWindows: File 'VtuneApi.dll' does not exist
LogWindows: Failed to load 'VtuneApi32e.dll' (GetLastError=126)
LogWindows: File 'VtuneApi32e.dll' does not exist
LogConsoleResponse: Display: Failed to find resolution value strings in scalability ini. Falling back to default.
LogInit: Display: Running engine for game: PhysicsSim_UE
LogPakFile: Registered encryption key '00000000000000000000000000000000': 0 pak files mounted, 0 remain pending
LogPlatformFile: Not using cached read wrapper
LogTaskGraph: Started task graph with 5 named threads and 71 total threads with 3 sets of task threads.
LogStats: Stats thread started at 0.874019
LogD3D11RHI: Loaded GFSDK_Aftermath_Lib.x64.dll
LogICUInternationalization: ICU TimeZone Detection - Raw Offset: +0:00, Platform Override: ''
LogPluginManager: Mounting plugin Paper2D
LogPluginManager: Mounting plugin AISupport
LogPluginManager: Mounting plugin LightPropagationVolume
LogPluginManager: Mounting plugin ActorLayerUtilities
LogPluginManager: Mounting plugin CLionSourceCodeAccess
LogPluginManager: Mounting plugin CodeLiteSourceCodeAccess
LogPluginManager: Mounting plugin GitSourceControl
LogPluginManager: Mounting plugin KDevelopSourceCodeAccess
LogPluginManager: Mounting plugin NullSourceCodeAccess
LogPluginManager: Mounting plugin PerforceSourceControl
LogPluginManager: Mounting plugin SubversionSourceControl
LogPluginManager: Mounting plugin UObjectPlugin
LogPluginManager: Mounting plugin VisualStudioCodeSourceCodeAccess
LogPluginManager: Mounting plugin VisualStudioSourceCodeAccess
LogPluginManager: Mounting plugin XCodeSourceCodeAccess
LogPluginManager: Mounting plugin AssetManagerEditor
LogPluginManager: Mounting plugin CryptoKeys
LogPluginManager: Mounting plugin DataValidation
LogPluginManager: Mounting plugin FacialAnimation
LogPluginManager: Mounting plugin GameplayTagsEditor
LogPluginManager: Mounting plugin MacGraphicsSwitching
LogPluginManager: Mounting plugin MeshEditor
LogPluginManager: Mounting plugin MobileLauncherProfileWizard
LogPluginManager: Mounting plugin PluginBrowser
LogPluginManager: Mounting plugin SpeedTreeImporter
LogPluginManager: Mounting plugin DatasmithContent
LogPluginManager: Mounting plugin VariantManagerContent
LogPluginManager: Mounting plugin AlembicImporter
LogPluginManager: Mounting plugin AppleImageUtils
LogPluginManager: Mounting plugin AppleVision
LogPluginManager: Mounting plugin BackChannel
LogPluginManager: Mounting plugin CharacterAI
LogPluginManager: Mounting plugin GeometryCache
LogPluginManager: Mounting plugin HTML5Networking
LogPluginManager: Mounting plugin ProxyLODPlugin
LogPluginManager: Mounting plugin MagicLeap
LogPluginManager: Mounting plugin MagicLeapMedia
LogPluginManager: Mounting plugin AndroidMedia
LogPluginManager: Mounting plugin AvfMedia
LogPluginManager: Mounting plugin ImgMedia
LogPluginManager: Mounting plugin LinearTimecode
LogPluginManager: Mounting plugin MediaCompositing
LogPluginManager: Mounting plugin MediaPlayerEditor
LogPluginManager: Mounting plugin WebMMedia
LogPluginManager: Mounting plugin WmfMedia
LogPluginManager: Mounting plugin TcpMessaging
LogPluginManager: Mounting plugin UdpMessaging
LogPluginManager: Mounting plugin ActorSequence
LogPluginManager: Mounting plugin LevelSequenceEditor
LogPluginManager: Mounting plugin MatineeToLevelSequence
LogPluginManager: Mounting plugin NetcodeUnitTest
LogPluginManager: Mounting plugin NUTUnrealEngine4
LogPluginManager: Mounting plugin OnlineSubsystemGooglePlay
LogPluginManager: Mounting plugin OnlineSubsystemIOS
LogPluginManager: Mounting plugin OnlineSubsystem
LogPluginManager: Mounting plugin OnlineSubsystemNull
LogPluginManager: Mounting plugin OnlineSubsystemUtils
LogPluginManager: Mounting plugin LauncherChunkInstaller
LogPluginManager: Mounting plugin AndroidDeviceProfileSelector
LogPluginManager: Mounting plugin AndroidMoviePlayer
LogPluginManager: Mounting plugin AndroidPermission
LogPluginManager: Mounting plugin AppleMoviePlayer
LogPluginManager: Mounting plugin ArchVisCharacter
LogPluginManager: Mounting plugin AudioCapture
LogPluginManager: Mounting plugin CableComponent
LogPluginManager: Mounting plugin CustomMeshComponent
LogPluginManager: Mounting plugin EditableMesh
LogPluginManager: Mounting plugin ExampleDeviceProfileSelector
LogPluginManager: Mounting plugin Firebase
LogPluginManager: Mounting plugin GoogleCloudMessaging
LogPluginManager: Mounting plugin IOSDeviceProfileSelector
LogPluginManager: Mounting plugin LinuxDeviceProfileSelector
LogPluginManager: Mounting plugin LocationServicesBPLibrary
LogPluginManager: Mounting plugin MobilePatchingUtils
LogPluginManager: Mounting plugin OculusVR
LogPluginManager: Mounting plugin PhysXVehicles
LogPluginManager: Mounting plugin ProceduralMeshComponent
LogPluginManager: Mounting plugin RuntimePhysXCooking
LogPluginManager: Mounting plugin SteamVR
LogPluginManager: Mounting plugin WebMMoviePlayer
LogPluginManager: Mounting plugin WindowsMoviePlayer
LogStreaming: Display: Took  0.097s to configure plugins.
LogInit: Using libcurl 7.55.1-DEV
LogInit:  - built for x86_64-pc-win32
LogInit:  - supports SSL with OpenSSL/1.0.2h
LogInit:  - supports HTTP deflate (compression) using libz 1.2.8
LogInit:  - other features:
LogInit:      CURL_VERSION_SSL
LogInit:      CURL_VERSION_LIBZ
LogInit:      CURL_VERSION_IPV6
LogInit:      CURL_VERSION_ASYNCHDNS
LogInit:      CURL_VERSION_LARGEFILE
LogInit:      CURL_VERSION_IDN
LogInit:  CurlRequestOptions (configurable via config and command line):
LogInit:  - bVerifyPeer = true  - Libcurl will verify peer certificate
LogInit:  - bUseHttpProxy = false  - Libcurl will NOT use HTTP proxy
LogInit:  - bDontReuseConnections = false  - Libcurl will reuse connections
LogInit:  - MaxHostConnections = 16  - Libcurl will limit the number of connections to a host
LogInit:  - LocalHostAddr = Default
LogInit:  - BufferSize = 65536
LogInit: WinSock: version 1.1 (2.2), MaxSocks=32767, MaxUdp=65467
LogInit: Build: ++UE4+Release-4.21-CL-4753647
LogInit: Engine Version: 4.21.2-4753647+++UE4+Release-4.21
LogInit: Compatible Engine Version: 4.21.0-4541578+++UE4+Release-4.21
LogInit: Net CL: 4541578
LogInit: OS: Windows 10 (), CPU: AMD Ryzen 9 3900X 12-Core Processor            , GPU: NVIDIA GeForce RTX 2070 SUPER
LogInit: Compiled (64-bit): Jan 19 2019 02:07:31
LogInit: Compiled with Visual C++: 19.13.26129.00
LogInit: Build Configuration: Development
LogInit: Branch Name: ++UE4+Release-4.21
LogInit: Command Line:  -skipcompile
LogInit: Base Directory: C:/Program Files/Epic Games/UE_4.21/Engine/Binaries/Win64/
LogInit: Installed Engine Build: 1
LogDevObjectVersion: Number of dev versions registered: 22
LogDevObjectVersion:   Dev-Blueprints (B0D832E4-1F89-4F0D-ACCF-7EB736FD4AA2): 10
LogDevObjectVersion:   Dev-Build (E1C64328-A22C-4D53-A36C-8E866417BD8C): 0
LogDevObjectVersion:   Dev-Core (375EC13C-06E4-48FB-B500-84F0262A717E): 2
LogDevObjectVersion:   Dev-Editor (E4B068ED-F494-42E9-A231-DA0B2E46BB41): 26
LogDevObjectVersion:   Dev-Framework (CFFC743F-43B0-4480-9391-14DF171D2073): 34
LogDevObjectVersion:   Dev-Mobile (B02B49B5-BB20-44E9-A304-32B752E40360): 2
LogDevObjectVersion:   Dev-Networking (A4E4105C-59A1-49B5-A7C5-40C4547EDFEE): 0
LogDevObjectVersion:   Dev-Online (39C831C9-5AE6-47DC-9A44-9C173E1C8E7C): 0
LogDevObjectVersion:   Dev-Physics (78F01B33-EBEA-4F98-B9B4-84EACCB95AA2): 0
LogDevObjectVersion:   Dev-Platform (6631380F-2D4D-43E0-8009-CF276956A95A): 0
LogDevObjectVersion:   Dev-Rendering (12F88B9F-8875-4AFC-A67C-D90C383ABD29): 27
LogDevObjectVersion:   Dev-Sequencer (7B5AE74C-D270-4C10-A958-57980B212A5A): 9
LogDevObjectVersion:   Dev-VR (D7296918-1DD6-4BDD-9DE2-64A83CC13884): 2
LogDevObjectVersion:   Dev-LoadTimes (C2A15278-BFE7-4AFE-6C17-90FF531DF755): 1
LogDevObjectVersion:   Private-Geometry (6EACA3D4-40EC-4CC1-B786-8BED09428FC5): 3
LogDevObjectVersion:   Dev-AnimPhys (29E575DD-E0A3-4627-9D10-D276232CDCEA): 17
LogDevObjectVersion:   Dev-Anim (AF43A65D-7FD3-4947-9873-3E8ED9C1BB05): 2
LogDevObjectVersion:   Dev-ReflectionCapture (6B266CEC-1EC7-4B8F-A30B-E4D90942FC07): 1
LogDevObjectVersion:   Dev-Automation (0DF73D61-A23F-47EA-B727-89E90C41499A): 1
LogDevObjectVersion:   FortniteMain (601D1886-AC64-4F84-AA16-D3DE0DEAC7D6): 17
LogDevObjectVersion:   Dev-Enterprise (9DFFBCD6-494F-0158-E221-12823C92A888): 4
LogDevObjectVersion:   Dev-Niagara (F2AED0AC-9AFE-416F-8664-AA7FFA26D6FC): 1
LogStreaming: Display: Took  0.001s to delete old logs.
LogInit: Presizing for max 8388607 objects, including 0 objects not considered by GC, pre-allocating 0 bytes for permanent pool.
LogInit: Object subsystem initialized
LogConfig: Setting CVar [[con.DebugEarlyDefault:1]]
LogConfig: Setting CVar [[r.setres:1280x720]]
[2021.01.15-16.56.59:901][  0]LogConfig: Setting CVar [[r.VSync:0]]
[2021.01.15-16.56.59:902][  0]LogConfig: Setting CVar [[r.RHICmdBypass:0]]
[2021.01.15-16.56.59:902][  0]LogConfig: Applying CVar settings from Section [/Script/Engine.RendererSettings] File [C:/Users/betha/Documents/GitHub/PhysicsSimulation/PhysicsSim_UE/Saved/Config/Windows/Engine.ini]
[2021.01.15-16.56.59:902][  0]LogConfig: Setting CVar [[r.GPUCrashDebugging:0]]
[2021.01.15-16.56.59:902][  0]LogConfig: Applying CVar settings from Section [/Script/Engine.RendererOverrideSettings] File [C:/Users/betha/Documents/GitHub/PhysicsSimulation/PhysicsSim_UE/Saved/Config/Windows/Engine.ini]
[2021.01.15-16.56.59:902][  0]LogConfig: Applying CVar settings from Section [/Script/Engine.StreamingSettings] File [C:/Users/betha/Documents/GitHub/PhysicsSimulation/PhysicsSim_UE/Saved/Config/Windows/Engine.ini]
[2021.01.15-16.56.59:902][  0]LogConfig: Setting CVar [[s.MinBulkDataSizeForAsyncLoading:131072]]
[2021.01.15-16.56.59:902][  0]LogConfig: Setting CVar [[s.AsyncLoadingThreadEnabled:0]]
[2021.01.15-16.56.59:902][  0]LogConfig: Setting CVar [[s.EventDrivenLoaderEnabled:1]]
[2021.01.15-16.56.59:902][  0]LogConfig: Setting CVar [[s.WarnIfTimeLimitExceeded:0]]
[2021.01.15-16.56.59:902][  0]LogConfig: Setting CVar [[s.TimeLimitExceededMultiplier:1.5]]
[2021.01.15-16.56.59:902][  0]LogConfig: Setting CVar [[s.TimeLimitExceededMinTime:0.005]]
[2021.01.15-16.56.59:902][  0]LogConfig: Setting CVar [[s.UseBackgroundLevelStreaming:1]]
[2021.01.15-16.56.59:902][  0]LogConfig: Setting CVar [[s.PriorityAsyncLoadingExtraTime:15.0]]
[2021.01.15-16.56.59:902][  0]LogConfig: Setting CVar [[s.LevelStreamingActorsUpdateTimeLimit:5.0]]
[2021.01.15-16.56.59:902][  0]LogConfig: Setting CVar [[s.PriorityLevelStreamingActorsUpdateExtraTime:5.0]]
[2021.01.15-16.56.59:902][  0]LogConfig: Setting CVar [[s.LevelStreamingComponentsRegistrationGranularity:10]]
[2021.01.15-16.56.59:902][  0]LogConfig: Setting CVar [[s.UnregisterComponentsTimeLimit:1.0]]
[2021.01.15-16.56.59:902][  0]LogConfig: Setting CVar [[s.LevelStreamingComponentsUnregistrationGranularity:5]]
[2021.01.15-16.56.59:902][  0]LogConfig: Applying CVar settings from Section [/Script/Engine.GarbageCollectionSettings] File [C:/Users/betha/Documents/GitHub/PhysicsSimulation/PhysicsSim_UE/Saved/Config/Windows/Engine.ini]
[2021.01.15-16.56.59:902][  0]LogConfig: Setting CVar [[gc.MaxObjectsNotConsideredByGC:1]]
[2021.01.15-16.56.59:902][  0]LogConfig: Setting CVar [[gc.SizeOfPermanentObjectPool:0]]
[2021.01.15-16.56.59:903][  0]LogConfig: Setting CVar [[gc.FlushStreamingOnGC:0]]
[2021.01.15-16.56.59:903][  0]LogConfig: Setting CVar [[gc.NumRetriesBeforeForcingGC:10]]
[2021.01.15-16.56.59:903][  0]LogConfig: Setting CVar [[gc.AllowParallelGC:1]]
[2021.01.15-16.56.59:903][  0]LogConfig: Setting CVar [[gc.TimeBetweenPurgingPendingKillObjects:61.1]]
[2021.01.15-16.56.59:903][  0]LogConfig: Setting CVar [[gc.MaxObjectsInEditor:8388607]]
[2021.01.15-16.56.59:903][  0]LogConfig: Setting CVar [[gc.IncrementalBeginDestroyEnabled:1]]
[2021.01.15-16.56.59:903][  0]LogConfig: Setting CVar [[gc.CreateGCClusters:1]]
[2021.01.15-16.56.59:903][  0]LogConfig: Setting CVar [[gc.MergeGCClusters:0]]
[2021.01.15-16.56.59:903][  0]LogConfig: Setting CVar [[gc.MinGCClusterSize:5]]
[2021.01.15-16.56.59:903][  0]LogConfig: Setting CVar [[gc.ActorClusteringEnabled:0]]
[2021.01.15-16.56.59:903][  0]LogConfig: Setting CVar [[gc.BlueprintClusteringEnabled:0]]
[2021.01.15-16.56.59:903][  0]LogConfig: Setting CVar [[gc.UseDisregardForGCOnDedicatedServers:0]]
[2021.01.15-16.56.59:903][  0]LogConfig: Applying CVar settings from Section [/Script/Engine.NetworkSettings] File [C:/Users/betha/Documents/GitHub/PhysicsSimulation/PhysicsSim_UE/Saved/Config/Windows/Engine.ini]
[2021.01.15-16.56.59:903][  0]LogConfig: Applying CVar settings from Section [/Script/UnrealEd.CookerSettings] File [C:/Users/betha/Documents/GitHub/PhysicsSimulation/PhysicsSim_UE/Saved/Config/Windows/Engine.ini]
[2021.01.15-16.56.59:909][  0]LogConfig: Applying CVar settings from Section [ViewDistanceQuality@3] File [C:/Users/betha/Documents/GitHub/PhysicsSimulation/PhysicsSim_UE/Saved/Config/Windows/Scalability.ini]
[2021.01.15-16.56.59:909][  0]LogConfig: Setting CVar [[r.SkeletalMeshLODBias:0]]
[2021.01.15-16.56.59:909][  0]LogConfig: Setting CVar [[r.ViewDistanceScale:1.0]]
[2021.01.15-16.56.59:909][  0]LogConfig: Applying CVar settings from Section [AntiAliasingQuality@3] File [C:/Users/betha/Documents/GitHub/PhysicsSimulation/PhysicsSim_UE/Saved/Config/Windows/Scalability.ini]
[2021.01.15-16.56.59:909][  0]LogConfig: Setting CVar [[r.PostProcessAAQuality:4]]
[2021.01.15-16.56.59:910][  0]LogConfig: Applying CVar settings from Section [ShadowQuality@3] File [C:/Users/betha/Documents/GitHub/PhysicsSimulation/PhysicsSim_UE/Saved/Config/Windows/Scalability.ini]
[2021.01.15-16.56.59:910][  0]LogConfig: Setting CVar [[r.LightFunctionQuality:1]]
[2021.01.15-16.56.59:910][  0]LogConfig: Setting CVar [[r.ShadowQuality:5]]
[2021.01.15-16.56.59:910][  0]LogConfig: Setting CVar [[r.Shadow.CSM.MaxCascades:10]]
[2021.01.15-16.56.59:910][  0]LogConfig: Setting CVar [[r.Shadow.MaxResolution:2048]]
[2021.01.15-16.56.59:910][  0]LogConfig: Setting CVar [[r.Shadow.MaxCSMResolution:2048]]
[2021.01.15-16.56.59:910][  0]LogConfig: Setting CVar [[r.Shadow.RadiusThreshold:0.01]]
[2021.01.15-16.56.59:910][  0]LogConfig: Setting CVar [[r.Shadow.DistanceScale:1.0]]
[2021.01.15-16.56.59:910][  0]LogConfig: Setting CVar [[r.Shadow.CSM.TransitionScale:1.0]]
[2021.01.15-16.56.59:910][  0]LogConfig: Setting CVar [[r.Shadow.PreShadowResolutionFactor:1.0]]
[2021.01.15-16.56.59:910][  0]LogConfig: Setting CVar [[r.DistanceFieldShadowing:1]]
[2021.01.15-16.56.59:910][  0]LogConfig: Setting CVar [[r.DistanceFieldAO:1]]
[2021.01.15-16.56.59:910][  0]LogConfig: Setting CVar [[r.AOQuality:2]]
[2021.01.15-16.56.59:910][  0]LogConfig: Setting CVar [[r.VolumetricFog:1]]
[2021.01.15-16.56.59:910][  0]LogConfig: Setting CVar [[r.VolumetricFog.GridPixelSize:8]]
[2021.01.15-16.56.59:910][  0]LogConfig: Setting CVar [[r.VolumetricFog.GridSizeZ:128]]
[2021.01.15-16.56.59:910][  0]LogConfig: Setting CVar [[r.VolumetricFog.HistoryMissSupersampleCount:4]]
[2021.01.15-16.56.59:910][  0]LogConfig: Setting CVar [[r.LightMaxDrawDistanceScale:1]]
[2021.01.15-16.56.59:910][  0]LogConfig: Setting CVar [[r.CapsuleShadows:1]]
[2021.01.15-16.56.59:910][  0]LogConfig: Applying CVar settings from Section [PostProcessQuality@3] File [C:/Users/betha/Documents/GitHub/PhysicsSimulation/PhysicsSim_UE/Saved/Config/Windows/Scalability.ini]
[2021.01.15-16.56.59:910][  0]LogConfig: Setting CVar [[r.MotionBlurQuality:4]]
[2021.01.15-16.56.59:911][  0]LogConfig: Setting CVar [[r.AmbientOcclusionMipLevelFactor:0.4]]
[2021.01.15-16.56.59:911][  0]LogConfig: Setting CVar [[r.AmbientOcclusionMaxQuality:100]]
[2021.01.15-16.56.59:911][  0]LogConfig: Setting CVar [[r.AmbientOcclusionLevels:-1]]
[2021.01.15-16.56.59:911][  0]LogConfig: Setting CVar [[r.AmbientOcclusionRadiusScale:1.0]]
[2021.01.15-16.56.59:911][  0]LogConfig: Setting CVar [[r.DepthOfFieldQuality:2]]
[2021.01.15-16.56.59:911][  0]LogConfig: Setting CVar [[r.RenderTargetPoolMin:400]]
[2021.01.15-16.56.59:911][  0]LogConfig: Setting CVar [[r.LensFlareQuality:2]]
[2021.01.15-16.56.59:911][  0]LogConfig: Setting CVar [[r.SceneColorFringeQuality:1]]
[2021.01.15-16.56.59:911][  0]LogConfig: Setting CVar [[r.EyeAdaptationQuality:2]]
[2021.01.15-16.56.59:911][  0]LogConfig: Setting CVar [[r.BloomQuality:5]]
[2021.01.15-16.56.59:911][  0]LogConfig: Setting CVar [[r.FastBlurThreshold:100]]
[2021.01.15-16.56.59:911][  0]LogConfig: Setting CVar [[r.Upscale.Quality:3]]
[2021.01.15-16.56.59:911][  0]LogConfig: Setting CVar [[r.Tonemapper.GrainQuantization:1]]
[2021.01.15-16.56.59:911][  0]LogConfig: Setting CVar [[r.LightShaftQuality:1]]
[2021.01.15-16.56.59:911][  0]LogConfig: Setting CVar [[r.Filter.SizeScale:1]]
[2021.01.15-16.56.59:911][  0]LogConfig: Setting CVar [[r.Tonemapper.Quality:5]]
[2021.01.15-16.56.59:911][  0]LogConfig: Setting CVar [[r.DOF.Gather.AccumulatorQuality:1        ; higher gathering accumulator quality]]
[2021.01.15-16.56.59:911][  0]LogConfig: Setting CVar [[r.DOF.Gather.PostfilterMethod:1          ; Median3x3 postfilering method]]
[2021.01.15-16.56.59:911][  0]LogConfig: Setting CVar [[r.DOF.Gather.EnableBokehSettings:0       ; no bokeh simulation when gathering]]
[2021.01.15-16.56.59:911][  0]LogConfig: Setting CVar [[r.DOF.Gather.RingCount:4                 ; medium number of samples when gathering]]
[2021.01.15-16.56.59:911][  0]LogConfig: Setting CVar [[r.DOF.Scatter.ForegroundCompositing:1    ; additive foreground scattering]]
[2021.01.15-16.56.59:912][  0]LogConfig: Setting CVar [[r.DOF.Scatter.BackgroundCompositing:2    ; additive background scattering]]
[2021.01.15-16.56.59:912][  0]LogConfig: Setting CVar [[r.DOF.Scatter.EnableBokehSettings:1      ; bokeh simulation when scattering]]
[2021.01.15-16.56.59:912][  0]LogConfig: Setting CVar [[r.DOF.Scatter.MaxSpriteRatio:0.1         ; only a maximum of 10% of scattered bokeh]]
[2021.01.15-16.56.59:912][  0]LogConfig: Setting CVar [[r.DOF.Recombine.Quality:1                ; cheap slight out of focus]]
[2021.01.15-16.56.59:912][  0]LogConfig: Setting CVar [[r.DOF.Recombine.EnableBokehSettings:0    ; no bokeh simulation on slight out of focus]]
[2021.01.15-16.56.59:912][  0]LogConfig: Setting CVar [[r.DOF.TemporalAAQuality:1                ; more stable temporal accumulation]]
[2021.01.15-16.56.59:912][  0]LogConfig: Setting CVar [[r.DOF.Kernel.MaxForegroundRadius:0.025]]
[2021.01.15-16.56.59:912][  0]LogConfig: Setting CVar [[r.DOF.Kernel.MaxBackgroundRadius:0.025]]
[2021.01.15-16.56.59:912][  0]LogConfig: Applying CVar settings from Section [TextureQuality@3] File [C:/Users/betha/Documents/GitHub/PhysicsSimulation/PhysicsSim_UE/Saved/Config/Windows/Scalability.ini]
[2021.01.15-16.56.59:912][  0]LogConfig: Setting CVar [[r.Streaming.MipBias:0]]
[2021.01.15-16.56.59:912][  0]LogConfig: Setting CVar [[r.Streaming.AmortizeCPUToGPUCopy:0]]
[2021.01.15-16.56.59:912][  0]LogConfig: Setting CVar [[r.Streaming.MaxNumTexturesToStreamPerFrame:0]]
[2021.01.15-16.56.59:912][  0]LogConfig: Setting CVar [[r.Streaming.Boost:1]]
[2021.01.15-16.56.59:912][  0]LogConfig: Setting CVar [[r.MaxAnisotropy:8]]
[2021.01.15-16.56.59:912][  0]LogConfig: Setting CVar [[r.Streaming.LimitPoolSizeToVRAM:0]]
[2021.01.15-16.56.59:912][  0]LogConfig: Setting CVar [[r.Streaming.PoolSize:1000]]
[2021.01.15-16.56.59:912][  0]LogConfig: Setting CVar [[r.Streaming.MaxEffectiveScreenSize:0]]
[2021.01.15-16.56.59:912][  0]LogConfig: Applying CVar settings from Section [EffectsQuality@3] File [C:/Users/betha/Documents/GitHub/PhysicsSimulation/PhysicsSim_UE/Saved/Config/Windows/Scalability.ini]
[2021.01.15-16.56.59:912][  0]LogConfig: Setting CVar [[r.TranslucencyLightingVolumeDim:64]]
[2021.01.15-16.56.59:912][  0]LogConfig: Setting CVar [[r.RefractionQuality:2]]
[2021.01.15-16.56.59:913][  0]LogConfig: Setting CVar [[r.SSR.Quality:3]]
[2021.01.15-16.56.59:913][  0]LogConfig: Setting CVar [[r.SceneColorFormat:4]]
[2021.01.15-16.56.59:913][  0]LogConfig: Setting CVar [[r.DetailMode:2]]
[2021.01.15-16.56.59:913][  0]LogConfig: Setting CVar [[r.TranslucencyVolumeBlur:1]]
[2021.01.15-16.56.59:913][  0]LogConfig: Setting CVar [[r.MaterialQualityLevel:1 ; High quality]]
[2021.01.15-16.56.59:913][  0]LogConfig: Setting CVar [[r.SSS.Scale:1]]
[2021.01.15-16.56.59:913][  0]LogConfig: Setting CVar [[r.SSS.SampleSet:2]]
[2021.01.15-16.56.59:913][  0]LogConfig: Setting CVar [[r.SSS.Quality:1]]
[2021.01.15-16.56.59:913][  0]LogConfig: Setting CVar [[r.SSS.HalfRes:1]]
[2021.01.15-16.56.59:913][  0]LogConfig: Setting CVar [[r.EmitterSpawnRateScale:1.0]]
[2021.01.15-16.56.59:913][  0]LogConfig: Setting CVar [[r.ParticleLightQuality:2]]
[2021.01.15-16.56.59:913][  0]LogConfig: Applying CVar settings from Section [FoliageQuality@3] File [C:/Users/betha/Documents/GitHub/PhysicsSimulation/PhysicsSim_UE/Saved/Config/Windows/Scalability.ini]
[2021.01.15-16.56.59:913][  0]LogConfig: Setting CVar [[foliage.DensityScale:1.0]]
[2021.01.15-16.56.59:913][  0]LogConfig: Setting CVar [[grass.DensityScale:1.0]]
[2021.01.15-16.56.59:913][  0]LogInit: Selected Device Profile: [Windows]
[2021.01.15-16.56.59:913][  0]LogInit: Applying CVar settings loaded from the selected device profile: [Windows]
[2021.01.15-16.56.59:921][  0]LogHAL: Display: Platform has ~ 32 GB [34295062528 / 34359738368 / 32], which maps to Largest [LargestMinGB=32, LargerMinGB=12, DefaultMinGB=8, SmallerMinGB=6, SmallestMinGB=0)
[2021.01.15-16.56.59:921][  0]LogConfig: Setting CVar [[r.Vulkan.UseRealUBs:1]]
[2021.01.15-16.56.59:921][  0]LogInit: Going up to parent DeviceProfile []
[2021.01.15-16.56.59:921][  0]LogConfig: Applying CVar settings from Section [ViewDistanceQuality@3] File [C:/Users/betha/Documents/GitHub/PhysicsSimulation/PhysicsSim_UE/Saved/Config/Windows/Scalability.ini]
[2021.01.15-16.56.59:921][  0]LogConfig: Setting CVar [[r.SkeletalMeshLODBias:0]]
[2021.01.15-16.56.59:921][  0]LogConfig: Setting CVar [[r.ViewDistanceScale:1.0]]
[2021.01.15-16.56.59:921][  0]LogConfig: Applying CVar settings from Section [AntiAliasingQuality@3] File [C:/Users/betha/Documents/GitHub/PhysicsSimulation/PhysicsSim_UE/Saved/Config/Windows/Scalability.ini]
[2021.01.15-16.56.59:921][  0]LogConfig: Setting CVar [[r.PostProcessAAQuality:4]]
[2021.01.15-16.56.59:921][  0]LogConfig: Applying CVar settings from Section [ShadowQuality@3] File [C:/Users/betha/Documents/GitHub/PhysicsSimulation/PhysicsSim_UE/Saved/Config/Windows/Scalability.ini]
[2021.01.15-16.56.59:921][  0]LogConfig: Setting CVar [[r.LightFunctionQuality:1]]
[2021.01.15-16.56.59:921][  0]LogConfig: Setting CVar [[r.ShadowQuality:5]]
[2021.01.15-16.56.59:921][  0]LogConfig: Setting CVar [[r.Shadow.CSM.MaxCascades:10]]
[2021.01.15-16.56.59:921][  0]LogConfig: Setting CVar [[r.Shadow.MaxResolution:2048]]
[2021.01.15-16.56.59:921][  0]LogConfig: Setting CVar [[r.Shadow.MaxCSMResolution:2048]]
[2021.01.15-16.56.59:921][  0]LogConfig: Setting CVar [[r.Shadow.RadiusThreshold:0.01]]
[2021.01.15-16.56.59:922][  0]LogConfig: Setting CVar [[r.Shadow.DistanceScale:1.0]]
[2021.01.15-16.56.59:922][  0]LogConfig: Setting CVar [[r.Shadow.CSM.TransitionScale:1.0]]
[2021.01.15-16.56.59:922][  0]LogConfig: Setting CVar [[r.Shadow.PreShadowResolutionFactor:1.0]]
[2021.01.15-16.56.59:922][  0]LogConfig: Setting CVar [[r.DistanceFieldShadowing:1]]
[2021.01.15-16.56.59:922][  0]LogConfig: Setting CVar [[r.DistanceFieldAO:1]]
[2021.01.15-16.56.59:922][  0]LogConfig: Setting CVar [[r.AOQuality:2]]
[2021.01.15-16.56.59:922][  0]LogConfig: Setting CVar [[r.VolumetricFog:1]]
[2021.01.15-16.56.59:922][  0]LogConfig: Setting CVar [[r.VolumetricFog.GridPixelSize:8]]
[2021.01.15-16.56.59:922][  0]LogConfig: Setting CVar [[r.VolumetricFog.GridSizeZ:128]]
[2021.01.15-16.56.59:922][  0]LogConfig: Setting CVar [[r.VolumetricFog.HistoryMissSupersampleCount:4]]
[2021.01.15-16.56.59:922][  0]LogConfig: Setting CVar [[r.LightMaxDrawDistanceScale:1]]
[2021.01.15-16.56.59:922][  0]LogConfig: Setting CVar [[r.CapsuleShadows:1]]
[2021.01.15-16.56.59:922][  0]LogConfig: Applying CVar settings from Section [PostProcessQuality@3] File [C:/Users/betha/Documents/GitHub/PhysicsSimulation/PhysicsSim_UE/Saved/Config/Windows/Scalability.ini]
[2021.01.15-16.56.59:922][  0]LogConfig: Setting CVar [[r.MotionBlurQuality:4]]
[2021.01.15-16.56.59:922][  0]LogConfig: Setting CVar [[r.AmbientOcclusionMipLevelFactor:0.4]]
[2021.01.15-16.56.59:922][  0]LogConfig: Setting CVar [[r.AmbientOcclusionMaxQuality:100]]
[2021.01.15-16.56.59:922][  0]LogConfig: Setting CVar [[r.AmbientOcclusionLevels:-1]]
[2021.01.15-16.56.59:922][  0]LogConfig: Setting CVar [[r.AmbientOcclusionRadiusScale:1.0]]
[2021.01.15-16.56.59:922][  0]LogConfig: Setting CVar [[r.DepthOfFieldQuality:2]]
[2021.01.15-16.56.59:922][  0]LogConfig: Setting CVar [[r.RenderTargetPoolMin:400]]
[2021.01.15-16.56.59:922][  0]LogConfig: Setting CVar [[r.LensFlareQuality:2]]
[2021.01.15-16.56.59:922][  0]LogConfig: Setting CVar [[r.SceneColorFringeQuality:1]]
[2021.01.15-16.56.59:922][  0]LogConfig: Setting CVar [[r.EyeAdaptationQuality:2]]
[2021.01.15-16.56.59:922][  0]LogConfig: Setting CVar [[r.BloomQuality:5]]
[2021.01.15-16.56.59:923][  0]LogConfig: Setting CVar [[r.FastBlurThreshold:100]]
[2021.01.15-16.56.59:923][  0]LogConfig: Setting CVar [[r.Upscale.Quality:3]]
[2021.01.15-16.56.59:923][  0]LogConfig: Setting CVar [[r.Tonemapper.GrainQuantization:1]]
[2021.01.15-16.56.59:923][  0]LogConfig: Setting CVar [[r.LightShaftQuality:1]]
[2021.01.15-16.56.59:923][  0]LogConfig: Setting CVar [[r.Filter.SizeScale:1]]
[2021.01.15-16.56.59:923][  0]LogConfig: Setting CVar [[r.Tonemapper.Quality:5]]
[2021.01.15-16.56.59:923][  0]LogConfig: Setting CVar [[r.DOF.Gather.AccumulatorQuality:1        ; higher gathering accumulator quality]]
[2021.01.15-16.56.59:923][  0]LogConfig: Setting CVar [[r.DOF.Gather.PostfilterMethod:1          ; Median3x3 postfilering method]]
[2021.01.15-16.56.59:923][  0]LogConfig: Setting CVar [[r.DOF.Gather.EnableBokehSettings:0       ; no bokeh simulation when gathering]]
[2021.01.15-16.56.59:923][  0]LogConfig: Setting CVar [[r.DOF.Gather.RingCount:4                 ; medium number of samples when gathering]]
[2021.01.15-16.56.59:923][  0]LogConfig: Setting CVar [[r.DOF.Scatter.ForegroundCompositing:1    ; additive foreground scattering]]
[2021.01.15-16.56.59:923][  0]LogConfig: Setting CVar [[r.DOF.Scatter.BackgroundCompositing:2    ; additive background scattering]]
[2021.01.15-16.56.59:923][  0]LogConfig: Setting CVar [[r.DOF.Scatter.EnableBokehSettings:1      ; bokeh simulation when scattering]]
[2021.01.15-16.56.59:923][  0]LogConfig: Setting CVar [[r.DOF.Scatter.MaxSpriteRatio:0.1         ; only a maximum of 10% of scattered bokeh]]
[2021.01.15-16.56.59:923][  0]LogConfig: Setting CVar [[r.DOF.Recombine.Quality:1                ; cheap slight out of focus]]
[2021.01.15-16.56.59:923][  0]LogConfig: Setting CVar [[r.DOF.Recombine.EnableBokehSettings:0    ; no bokeh simulation on slight out of focus]]
[2021.01.15-16.56.59:923][  0]LogConfig: Setting CVar [[r.DOF.TemporalAAQuality:1                ; more stable temporal accumulation]]
[2021.01.15-16.56.59:923][  0]LogConfig: Setting CVar [[r.DOF.Kernel.MaxForegroundRadius:0.025]]
[2021.01.15-16.56.59:923][  0]LogConfig: Setting CVar [[r.DOF.Kernel.MaxBackgroundRadius:0.025]]
[2021.01.15-16.56.59:923][  0]LogConfig: Applying CVar settings from Section [TextureQuality@3] File [C:/Users/betha/Documents/GitHub/PhysicsSimulation/PhysicsSim_UE/Saved/Config/Windows/Scalability.ini]
[2021.01.15-16.56.59:923][  0]LogConfig: Setting CVar [[r.Streaming.MipBias:0]]
[2021.01.15-16.56.59:923][  0]LogConfig: Setting CVar [[r.Streaming.AmortizeCPUToGPUCopy:0]]
[2021.01.15-16.56.59:923][  0]LogConfig: Setting CVar [[r.Streaming.MaxNumTexturesToStreamPerFrame:0]]
[2021.01.15-16.56.59:924][  0]LogConfig: Setting CVar [[r.Streaming.Boost:1]]
[2021.01.15-16.56.59:924][  0]LogConfig: Setting CVar [[r.MaxAnisotropy:8]]
[2021.01.15-16.56.59:924][  0]LogConfig: Setting CVar [[r.Streaming.LimitPoolSizeToVRAM:0]]
[2021.01.15-16.56.59:924][  0]LogConfig: Setting CVar [[r.Streaming.PoolSize:1000]]
[2021.01.15-16.56.59:924][  0]LogConfig: Setting CVar [[r.Streaming.MaxEffectiveScreenSize:0]]
[2021.01.15-16.56.59:924][  0]LogConfig: Applying CVar settings from Section [EffectsQuality@3] File [C:/Users/betha/Documents/GitHub/PhysicsSimulation/PhysicsSim_UE/Saved/Config/Windows/Scalability.ini]
[2021.01.15-16.56.59:924][  0]LogConfig: Setting CVar [[r.TranslucencyLightingVolumeDim:64]]
[2021.01.15-16.56.59:924][  0]LogConfig: Setting CVar [[r.RefractionQuality:2]]
[2021.01.15-16.56.59:924][  0]LogConfig: Setting CVar [[r.SSR.Quality:3]]
[2021.01.15-16.56.59:924][  0]LogConfig: Setting CVar [[r.SceneColorFormat:4]]
[2021.01.15-16.56.59:924][  0]LogConfig: Setting CVar [[r.DetailMode:2]]
[2021.01.15-16.56.59:924][  0]LogConfig: Setting CVar [[r.TranslucencyVolumeBlur:1]]
[2021.01.15-16.56.59:924][  0]LogConfig: Setting CVar [[r.MaterialQualityLevel:1 ; High quality]]
[2021.01.15-16.56.59:924][  0]LogConfig: Setting CVar [[r.SSS.Scale:1]]
[2021.01.15-16.56.59:924][  0]LogConfig: Setting CVar [[r.SSS.SampleSet:2]]
[2021.01.15-16.56.59:924][  0]LogConfig: Setting CVar [[r.SSS.Quality:1]]
[2021.01.15-16.56.59:924][  0]LogConfig: Setting CVar [[r.SSS.HalfRes:1]]
[2021.01.15-16.56.59:924][  0]LogConfig: Setting CVar [[r.EmitterSpawnRateScale:1.0]]
[2021.01.15-16.56.59:924][  0]LogConfig: Setting CVar [[r.ParticleLightQuality:2]]
[2021.01.15-16.56.59:924][  0]LogConfig: Applying CVar settings from Section [FoliageQuality@3] File [C:/Users/betha/Documents/GitHub/PhysicsSimulation/PhysicsSim_UE/Saved/Config/Windows/Scalability.ini]
[2021.01.15-16.56.59:924][  0]LogConfig: Setting CVar [[foliage.DensityScale:1.0]]
[2021.01.15-16.56.59:924][  0]LogConfig: Setting CVar [[grass.DensityScale:1.0]]
[2021.01.15-16.56.59:925][  0]LogConfig: Applying CVar settings from Section [Startup] File [../../../Engine/Config/ConsoleVariables.ini]
[2021.01.15-16.56.59:925][  0]LogConfig: Setting CVar [[net.UseAdaptiveNetUpdateFrequency:0]]
[2021.01.15-16.56.59:925][  0]LogConfig: Applying CVar settings from Section [ConsoleVariables] File [C:/Users/betha/Documents/GitHub/PhysicsSimulation/PhysicsSim_UE/Saved/Config/Windows/Engine.ini]
[2021.01.15-16.56.59:925][  0]LogInit: Computer: THEBEAST
[2021.01.15-16.56.59:925][  0]LogInit: User: bethan
[2021.01.15-16.56.59:925][  0]LogInit: CPU Page size=4096, Cores=12
[2021.01.15-16.56.59:925][  0]LogInit: High frequency timer resolution =10.000000 MHz
[2021.01.15-16.56.59:925][  0]LogMemory: Memory total: Physical=31.9GB (32GB approx)
[2021.01.15-16.56.59:925][  0]LogMemory: Platform Memory Stats for Windows
[2021.01.15-16.56.59:925][  0]LogMemory: Process Physical Memory: 107.14 MB used, 107.14 MB peak
[2021.01.15-16.56.59:925][  0]LogMemory: Process Virtual Memory: 91.20 MB used, 91.20 MB peak
[2021.01.15-16.56.59:925][  0]LogMemory: Physical Memory: 8985.23 MB used,  23721.09 MB free, 32706.32 MB total
[2021.01.15-16.56.59:926][  0]LogMemory: Virtual Memory: 4703.05 MB used,  134213024.00 MB free, 134217728.00 MB total
[2021.01.15-16.57.00:084][  0]LogInit: Using OS detected language (en-GB).
[2021.01.15-16.57.00:084][  0]LogInit: Using OS detected locale (en-GB).
[2021.01.15-16.57.00:085][  0]LogTextLocalizationManager: No specific localization for 'en-GB' exists, so the 'en' localization will be used.
[2021.01.15-16.57.00:392][  0]LogStreaming: Display: Took  0.308s to InitEngineTextLocalization.
[2021.01.15-16.57.00:392][  0]LogInit: Setting process to per monitor DPI aware
[2021.01.15-16.57.00:430][  0]LogSlate: New Slate User Created.  User Index 0, Is Virtual User: 0
[2021.01.15-16.57.00:431][  0]LogSlate: Slate User Registered.  User Index 0, Is Virtual User: 0
[2021.01.15-16.57.00:623][  0]LogHMD: Failed to initialize OpenVR with code 110
[2021.01.15-16.57.00:623][  0]LogD3D11RHI: D3D11 adapters:
[2021.01.15-16.57.00:748][  0]LogD3D11RHI:    0. 'NVIDIA GeForce RTX 2070 SUPER' (Feature Level 11_0)
[2021.01.15-16.57.00:748][  0]LogD3D11RHI:       8011/0/16353 MB DedicatedVideo/DedicatedSystem/SharedSystem, Outputs:2, VendorId:0x10de
[2021.01.15-16.57.00:753][  0]LogD3D11RHI:    1. 'Microsoft Basic Render Driver' (Feature Level 11_0)
[2021.01.15-16.57.00:753][  0]LogD3D11RHI:       0/0/16353 MB DedicatedVideo/DedicatedSystem/SharedSystem, Outputs:0, VendorId:0x1414
[2021.01.15-16.57.00:753][  0]LogD3D11RHI: Chosen D3D11 Adapter: 0
[2021.01.15-16.57.00:760][  0]LogD3D11RHI: Creating new Direct3DDevice
[2021.01.15-16.57.00:760][  0]LogD3D11RHI:     GPU DeviceId: 0x1e84 (for the marketing name, search the web for "GPU Device Id")
[2021.01.15-16.57.00:760][  0]LogWindows: EnumDisplayDevices:
[2021.01.15-16.57.00:760][  0]LogWindows:    0. 'NVIDIA GeForce RTX 2070 SUPER' (P:0 D:1)
[2021.01.15-16.57.00:761][  0]LogWindows:    1. 'NVIDIA GeForce RTX 2070 SUPER' (P:1 D:1)
[2021.01.15-16.57.00:761][  0]LogWindows:    2. 'NVIDIA GeForce RTX 2070 SUPER' (P:0 D:0)
[2021.01.15-16.57.00:761][  0]LogWindows:    3. 'NVIDIA GeForce RTX 2070 SUPER' (P:0 D:0)
[2021.01.15-16.57.00:761][  0]LogWindows: DebugString: FoundDriverCount:4 
[2021.01.15-16.57.00:761][  0]LogD3D11RHI:     Adapter Name: NVIDIA GeForce RTX 2070 SUPER
[2021.01.15-16.57.00:762][  0]LogD3D11RHI:   Driver Version: 460.89 (internal:27.21.14.6089, unified:460.89)
[2021.01.15-16.57.00:762][  0]LogD3D11RHI:      Driver Date: 12-11-2020
[2021.01.15-16.57.00:762][  0]LogRHI: Texture pool is 5607 MB (70% of 8011 MB)
[2021.01.15-16.57.00:844][  0]LogD3D11RHI: Async texture creation enabled
[2021.01.15-16.57.00:858][  0]LogD3D11RHI: GPU Timing Frequency: 1000.000000 (Debug: 2 1)
[2021.01.15-16.57.01:079][  0]LogTemp: Display: Loaded TP AllDesktopTargetPlatform
[2021.01.15-16.57.01:093][  0]LogTemp: Display: Loaded TP MacClientTargetPlatform
[2021.01.15-16.57.01:106][  0]LogTemp: Display: Loaded TP MacNoEditorTargetPlatform
[2021.01.15-16.57.01:119][  0]LogTemp: Display: Loaded TP MacServerTargetPlatform
[2021.01.15-16.57.01:133][  0]LogTemp: Display: Loaded TP MacTargetPlatform
[2021.01.15-16.57.01:148][  0]LogTemp: Display: Loaded TP WindowsClientTargetPlatform
[2021.01.15-16.57.01:162][  0]LogTemp: Display: Loaded TP WindowsNoEditorTargetPlatform
[2021.01.15-16.57.01:175][  0]LogTemp: Display: Loaded TP WindowsServerTargetPlatform
[2021.01.15-16.57.01:183][  0]LogTemp: Display: Loaded TP WindowsTargetPlatform
[2021.01.15-16.57.01:249][  0]LogTemp: Display: Loaded TP AndroidTargetPlatform
[2021.01.15-16.57.01:249][  0]LogTemp: Display: Loaded TP AndroidTargetPlatform
[2021.01.15-16.57.01:250][  0]LogTemp: Display: Loaded TP AndroidTargetPlatform
[2021.01.15-16.57.01:250][  0]LogTemp: Display: Loaded TP AndroidTargetPlatform
[2021.01.15-16.57.01:250][  0]LogTemp: Display: Loaded TP AndroidTargetPlatform
[2021.01.15-16.57.01:250][  0]LogTemp: Display: Loaded TP AndroidTargetPlatform
[2021.01.15-16.57.01:250][  0]LogTemp: Display: Loaded TP AndroidTargetPlatform
[2021.01.15-16.57.01:250][  0]LogTemp: Display: Loaded TP AndroidTargetPlatform
[2021.01.15-16.57.01:250][  0]LogTemp: Display: Loaded TP AndroidTargetPlatform
[2021.01.15-16.57.01:250][  0]LogTemp: Display: Loaded TP AndroidTargetPlatform
[2021.01.15-16.57.01:250][  0]LogTemp: Display: Loaded TP AndroidTargetPlatform
[2021.01.15-16.57.01:250][  0]LogTemp: Display: Loaded TP AndroidTargetPlatform
[2021.01.15-16.57.01:250][  0]LogTemp: Display: Loaded TP AndroidTargetPlatform
[2021.01.15-16.57.01:250][  0]LogTemp: Display: Loaded TP AndroidTargetPlatform
[2021.01.15-16.57.01:250][  0]LogTemp: Display: Loaded TP AndroidTargetPlatform
[2021.01.15-16.57.01:250][  0]LogTemp: Display: Loaded TP AndroidTargetPlatform
[2021.01.15-16.57.01:250][  0]LogTemp: Display: Loaded TP AndroidTargetPlatform
[2021.01.15-16.57.01:250][  0]LogTemp: Display: Loaded TP AndroidTargetPlatform
[2021.01.15-16.57.01:254][  0]LogTemp: Display: Loaded TP HTML5TargetPlatform
[2021.01.15-16.57.01:317][  0]LogTemp: Display: Loaded TP IOSTargetPlatform
[2021.01.15-16.57.01:317][  0]LogTemp: Display: Loaded TP IOSTargetPlatform
[2021.01.15-16.57.01:340][  0]LogTemp: Display: Loaded TP TVOSTargetPlatform
[2021.01.15-16.57.01:340][  0]LogTemp: Display: Loaded TP TVOSTargetPlatform
[2021.01.15-16.57.01:353][  0]LogTemp: Display: Loaded TP LinuxClientTargetPlatform
[2021.01.15-16.57.01:366][  0]LogTemp: Display: Loaded TP LinuxNoEditorTargetPlatform
[2021.01.15-16.57.01:378][  0]LogTemp: Display: Loaded TP LinuxServerTargetPlatform
[2021.01.15-16.57.01:391][  0]LogTemp: Display: Loaded TP LinuxTargetPlatform
[2021.01.15-16.57.01:430][  0]LogTemp: Display: Loaded TP LuminTargetPlatform
[2021.01.15-16.57.01:430][  0]LogTemp: Display: Loaded TP LuminTargetPlatform
[2021.01.15-16.57.01:431][  0]LogTargetPlatformManager: Display: Building Assets For Windows
[2021.01.15-16.57.01:532][  0]LogShaderCompilers: Guid format shader working directory is -33 characters bigger than the processId version (../../../../../../Users/betha/Documents/GitHub/PhysicsSimulation/PhysicsSim_UE/Intermediate/Shaders/WorkingDirectory/21060/).
[2021.01.15-16.57.01:532][  0]LogShaderCompilers: Cleaned the shader compiler working directory 'C:/Users/betha/AppData/Local/Temp/UnrealShaderWorkingDir/54D5E9A14EA294606F7C398704C57122/'.
[2021.01.15-16.57.01:534][  0]LogXGEController: Cleaning working directory: C:/Users/betha/AppData/Local/Temp/UnrealXGEWorkingDir/
[2021.01.15-16.57.01:534][  0]LogXGEController: Cannot use XGE Controller as Incredibuild is not installed on this machine.
[2021.01.15-16.57.01:535][  0]LogShaderCompilers: Cannot use XGE Shader Compiler as Incredibuild is not installed on this machine.
[2021.01.15-16.57.01:535][  0]LogShaderCompilers: Display: Using Local Shader Compiler.
[2021.01.15-16.57.01:964][  0]LogDerivedDataCache: Display: Max Cache Size: 512 MB
[2021.01.15-16.57.01:998][  0]LogDerivedDataCache: Loaded boot cache 0.03s 71MB C:/Users/betha/AppData/Local/UnrealEngine/4.21/DerivedDataCache/Boot.ddc.
[2021.01.15-16.57.01:998][  0]LogDerivedDataCache: Display: Loaded Boot cache: C:/Users/betha/AppData/Local/UnrealEngine/4.21/DerivedDataCache/Boot.ddc
[2021.01.15-16.57.01:998][  0]LogDerivedDataCache: FDerivedDataBackendGraph:  Pak pak cache file ../../../../../../Users/betha/Documents/GitHub/PhysicsSimulation/PhysicsSim_UE/DerivedDataCache/DDC.ddp not found, will not use a pak cache.
[2021.01.15-16.57.01:998][  0]LogDerivedDataCache: Unable to find inner node Pak for hierarchical cache Hierarchy.
[2021.01.15-16.57.01:999][  0]LogDerivedDataCache: FDerivedDataBackendGraph:  CompressedPak pak cache file ../../../../../../Users/betha/Documents/GitHub/PhysicsSimulation/PhysicsSim_UE/DerivedDataCache/Compressed.ddp not found, will not use a pak cache.
[2021.01.15-16.57.01:999][  0]LogDerivedDataCache: Unable to find inner node CompressedPak for hierarchical cache Hierarchy.
[2021.01.15-16.57.02:014][  0]LogDerivedDataCache: Display: Pak cache opened for reading ../../../Engine/DerivedDataCache/Compressed.ddp.
[2021.01.15-16.57.02:014][  0]LogDerivedDataCache: FDerivedDataBackendGraph:  EnterprisePak pak cache file ../../../Enterprise/DerivedDataCache/Compressed.ddp not found, will not use a pak cache.
[2021.01.15-16.57.02:015][  0]LogDerivedDataCache: Unable to find inner node EnterprisePak for hierarchical cache Hierarchy.
[2021.01.15-16.57.02:027][  0]LogDerivedDataCache: Using Local data cache path C:/Users/betha/AppData/Local/UnrealEngine/Common/DerivedDataCache: Writable
[2021.01.15-16.57.02:027][  0]LogDerivedDataCache: Shared data cache path not found in *engine.ini, will not use an Shared cache.
[2021.01.15-16.57.02:028][  0]LogDerivedDataCache: Unable to find inner node Shared for hierarchical cache Hierarchy.
[2021.01.15-16.57.02:046][  0]LogMaterial: Verifying Global Shaders for PCD3D_SM5
[2021.01.15-16.57.02:047][  0]LogSlate: Using FreeType 2.6.0
[2021.01.15-16.57.02:048][  0]LogSlate: SlateFontServices - WITH_FREETYPE: 1, WITH_HARFBUZZ: 1
[2021.01.15-16.57.02:128][  0]LogAssetRegistry: FAssetRegistry took 0.0327 seconds to start up
[2021.01.15-16.57.02:398][  0]LogInit: Selected Device Profile: [Windows]
[2021.01.15-16.57.02:532][  0]LogSimplygon: Simplygon DLL not present - disabling.
[2021.01.15-16.57.02:539][  0]LogMeshReduction: Using SimplygonSwarm for distributed automatic mesh merging
[2021.01.15-16.57.02:539][  0]LogMeshReduction: Using ProxyLODMeshReduction for automatic mesh merging
[2021.01.15-16.57.02:539][  0]LogMeshReduction: Using QuadricMeshReduction for automatic static mesh reduction
[2021.01.15-16.57.02:540][  0]LogMeshReduction: No automatic skeletal mesh reduction module available
[2021.01.15-16.57.02:550][  0]LogNetVersion: PhysicsSim_UE 1.0.0, NetCL: 4541578, EngineNetVer: 5, GameNetVer: 0 (Checksum: 1207201185)
[2021.01.15-16.57.02:916][  0]LogPackageLocalizationCache: Processed 11 localized package path(s) for 2 prioritized culture(s) in 0.049041 seconds
[2021.01.15-16.57.02:921][  0]LogUObjectArray: 39775 objects as part of root set at end of initial load.
[2021.01.15-16.57.02:921][  0]LogUObjectAllocator: 6914664 out of 0 bytes used by permanent object pool.
[2021.01.15-16.57.02:921][  0]LogUObjectArray: CloseDisregardForGC: 0/0 objects in disregard for GC pool
[2021.01.15-16.57.03:749][  0]LogTcpMessaging: Initializing TcpMessaging bridge
[2021.01.15-16.57.03:765][  0]LogUdpMessaging: Initializing bridge on interface 0.0.0.0:0 to multicast group 230.0.0.1:6666.
[2021.01.15-16.57.06:170][  0]SourceControl: Source control is disabled
[2021.01.15-16.57.06:170][  0]SourceControl: Source control is disabled
[2021.01.15-16.57.06:173][  0]SourceControl: Source control is disabled
[2021.01.15-16.57.06:176][  0]SourceControl: Source control is disabled
[2021.01.15-16.57.06:408][  0]LogAndroidPermission: UAndroidPermissionCallbackProxy::GetInstance
[2021.01.15-16.57.06:506][  0]LogOcInput: OculusInput pre-init called
[2021.01.15-16.57.06:640][  0]LogEngine: Initializing Engine...
[2021.01.15-16.57.06:641][  0]LogHMD: Failed to initialize OpenVR with code 110
[2021.01.15-16.57.06:642][  0]LogStats: UGameplayTagsManager::ConstructGameplayTagTree: ImportINI prefixes -  0.000 s
[2021.01.15-16.57.06:642][  0]LogStats: UGameplayTagsManager::ConstructGameplayTagTree: Construct from data asset -  0.000 s
[2021.01.15-16.57.06:642][  0]LogStats: UGameplayTagsManager::ConstructGameplayTagTree: ImportINI -  0.000 s
[2021.01.15-16.57.06:642][  0]LogStats: UGameplayTagsManager::ConstructGameplayTagTree: GameplayTagTreeChangedEvent.Broadcast -  0.000 s
[2021.01.15-16.57.06:797][  0]LogInit: Initializing FReadOnlyCVARCache
[2021.01.15-16.57.06:810][  0]LogAIModule: Creating AISystem for world Untitled
[2021.01.15-16.57.06:827][  0]LogInit: XAudio2 using 'Speakers (USB Audio Device)' : 2 channels at 48 kHz using 16 bits per sample (channel mask 0x3)
[2021.01.15-16.57.06:846][  0]LogInit: FAudioDevice initialized.
[2021.01.15-16.57.06:847][  0]LogNetVersion: Set ProjectVersion to 1.0.0.0. Version Checksum will be recalculated on next use.
[2021.01.15-16.57.07:086][  0]LogDerivedDataCache: Saved boot cache 0.24s 71MB C:/Users/betha/AppData/Local/UnrealEngine/4.21/DerivedDataCache/Boot.ddc.
[2021.01.15-16.57.07:087][  0]LogInit: Texture streaming: Enabled
[2021.01.15-16.57.07:110][  0]LogEngineSessionManager: EngineSessionManager initialized
[2021.01.15-16.57.07:110][  0]LogEngineSessionManager: EngineSessionManager sent abnormal shutdown report. Type=Debugger, SessionId={10513497-46EE-F510-BF0C-0780BEA42063}
[2021.01.15-16.57.07:118][  0]LogInit: Transaction tracking system initialized
[2021.01.15-16.57.07:145][  0]BlueprintLog: New page: Editor Load
[2021.01.15-16.57.07:239][  0]LocalizationService: Localization service is disabled
[2021.01.15-16.57.07:670][  0]LogFileCache: Scanning file cache for directory 'C:/Users/betha/Documents/GitHub/PhysicsSimulation/PhysicsSim_UE/Content/' took 0.01s
[2021.01.15-16.57.07:670][  0]LogCook: Display: Max memory allowance for cook 16384mb min free memory 0mb
[2021.01.15-16.57.07:670][  0]LogCook: Display: Mobile HDR setting 1
[2021.01.15-16.57.07:670][  0]LogGameplayTags: Display: UGameplayTagsManager::DoneAddingNativeTags. DelegateIsBound: 0
[2021.01.15-16.57.07:670][  0]LogStats: UGameplayTagsManager::ConstructGameplayTagTree: ImportINI prefixes -  0.000 s
[2021.01.15-16.57.07:670][  0]LogStats: UGameplayTagsManager::ConstructGameplayTagTree: Construct from data asset -  0.000 s
[2021.01.15-16.57.07:670][  0]LogStats: UGameplayTagsManager::ConstructGameplayTagTree: ImportINI -  0.000 s
[2021.01.15-16.57.07:670][  0]LogStats: UGameplayTagsManager::ConstructGameplayTagTree: GameplayTagTreeChangedEvent.Broadcast -  0.000 s
[2021.01.15-16.57.07:831][  0]SourceControl: Source control is disabled
[2021.01.15-16.57.07:831][  0]Cmd: MAP LOAD FILE="../../../../../../Users/betha/Documents/GitHub/PhysicsSimulation/PhysicsSim_UE/Content/StarterContent/Maps/Minimal_Default.umap" TEMPLATE=0 SHOWPROGRESS=1 FEATURELEVEL=3
[2021.01.15-16.57.07:832][  0]LightingResults: New page: Lighting Build
[2021.01.15-16.57.07:834][  0]MapCheck: New page: Map Check
[2021.01.15-16.57.07:834][  0]LightingResults: New page: Lighting Build
[2021.01.15-16.57.08:006][  0]LogAIModule: Creating AISystem for world Minimal_Default
[2021.01.15-16.57.08:016][  0]LogEditorServer: Finished looking for orphan Actors (0.000 secs)
[2021.01.15-16.57.08:042][  0]Cmd: MAP CHECKDEP NOCLEARLOG
[2021.01.15-16.57.08:042][  0]MapCheck: Map check complete: 0 Error(s), 0 Warning(s), took 0.213ms to complete.
[2021.01.15-16.57.08:042][  0]LogFileHelpers: Loading map 'Minimal_Default' took 0.211
[2021.01.15-16.57.08:143][  0]LogSlate: Updating window title bar state: overlay mode, drag disabled, window buttons hidden, title bar hidden
[2021.01.15-16.57.08:149][  0]LogSlate: Updating window title bar state: overlay mode, drag disabled, window buttons hidden, title bar hidden
[2021.01.15-16.57.08:154][  0]LogSlate: Updating window title bar state: overlay mode, drag disabled, window buttons hidden, title bar hidden
[2021.01.15-16.57.08:161][  0]LogSlate: Updating window title bar state: overlay mode, drag disabled, window buttons hidden, title bar hidden
[2021.01.15-16.57.08:169][  0]LogCollectionManager: Loaded 0 collections in 0.001527 seconds
[2021.01.15-16.57.08:211][  0]LogFileCache: Scanning file cache for directory 'C:/Users/betha/Documents/GitHub/PhysicsSimulation/PhysicsSim_UE/Saved/Collections/' took 0.01s
[2021.01.15-16.57.08:211][  0]LogFileCache: Scanning file cache for directory 'C:/Users/betha/Documents/GitHub/PhysicsSimulation/PhysicsSim_UE/Content/Developers/bethan/Collections/' took 0.01s
[2021.01.15-16.57.08:211][  0]LogFileCache: Scanning file cache for directory 'C:/Users/betha/Documents/GitHub/PhysicsSimulation/PhysicsSim_UE/Content/Collections/' took 0.01s
[2021.01.15-16.57.08:211][  0]LogCollectionManager: Rebuilt the GUID cache for 0 collections in 0.000000 seconds
[2021.01.15-16.57.08:219][  0]LogContentBrowser: Native class hierarchy populated in 0.0076 seconds. Added 2656 classes and 622 folders.
[2021.01.15-16.57.08:224][  0]LogContentBrowser: Native class hierarchy updated for 'WidgetCarousel' in 0.0003 seconds. Added 0 classes and 0 folders.
[2021.01.15-16.57.08:226][  0]LogPakFile: Registered encryption key '00000000000000000000000000000000': 0 pak files mounted, 0 remain pending
[2021.01.15-16.57.08:226][  0]LogPakFile: Registered encryption key '00000000000000000000000000000000': 0 pak files mounted, 0 remain pending
[2021.01.15-16.57.08:227][  0]LogPakFile: Registered encryption key '00000000000000000000000000000000': 0 pak files mounted, 0 remain pending
[2021.01.15-16.57.08:227][  0]LogPakFile: Registered encryption key '00000000000000000000000000000000': 0 pak files mounted, 0 remain pending
[2021.01.15-16.57.08:228][  0]LogPakFile: Registered encryption key '00000000000000000000000000000000': 0 pak files mounted, 0 remain pending
[2021.01.15-16.57.08:228][  0]LogPakFile: Registered encryption key '00000000000000000000000000000000': 0 pak files mounted, 0 remain pending
[2021.01.15-16.57.08:229][  0]LogPakFile: Registered encryption key '00000000000000000000000000000000': 0 pak files mounted, 0 remain pending
[2021.01.15-16.57.08:229][  0]LogPakFile: Registered encryption key '00000000000000000000000000000000': 0 pak files mounted, 0 remain pending
[2021.01.15-16.57.08:229][  0]LogPakFile: Registered encryption key '00000000000000000000000000000000': 0 pak files mounted, 0 remain pending
[2021.01.15-16.57.08:230][  0]LogPakFile: Registered encryption key '00000000000000000000000000000000': 0 pak files mounted, 0 remain pending
[2021.01.15-16.57.08:230][  0]LogPakFile: Registered encryption key '00000000000000000000000000000000': 0 pak files mounted, 0 remain pending
[2021.01.15-16.57.08:231][  0]LogPakFile: Registered encryption key '00000000000000000000000000000000': 0 pak files mounted, 0 remain pending
[2021.01.15-16.57.08:231][  0]LogPakFile: Registered encryption key '00000000000000000000000000000000': 0 pak files mounted, 0 remain pending
[2021.01.15-16.57.08:232][  0]LogPakFile: Registered encryption key '00000000000000000000000000000000': 0 pak files mounted, 0 remain pending
[2021.01.15-16.57.08:232][  0]LogPakFile: Registered encryption key '00000000000000000000000000000000': 0 pak files mounted, 0 remain pending
[2021.01.15-16.57.08:233][  0]LogPakFile: Registered encryption key '00000000000000000000000000000000': 0 pak files mounted, 0 remain pending
[2021.01.15-16.57.08:233][  0]LogPakFile: Registered encryption key '00000000000000000000000000000000': 0 pak files mounted, 0 remain pending
[2021.01.15-16.57.08:234][  0]LogPakFile: Registered encryption key '00000000000000000000000000000000': 0 pak files mounted, 0 remain pending
[2021.01.15-16.57.08:234][  0]LogPakFile: Registered encryption key '00000000000000000000000000000000': 0 pak files mounted, 0 remain pending
[2021.01.15-16.57.08:235][  0]LogPakFile: Registered encryption key '00000000000000000000000000000000': 0 pak files mounted, 0 remain pending
[2021.01.15-16.57.08:235][  0]LogPakFile: Registered encryption key '00000000000000000000000000000000': 0 pak files mounted, 0 remain pending
[2021.01.15-16.57.08:236][  0]LogPakFile: Registered encryption key '00000000000000000000000000000000': 0 pak files mounted, 0 remain pending
[2021.01.15-16.57.08:236][  0]LogPakFile: Registered encryption key '00000000000000000000000000000000': 0 pak files mounted, 0 remain pending
[2021.01.15-16.57.08:237][  0]LogPakFile: Registered encryption key '00000000000000000000000000000000': 0 pak files mounted, 0 remain pending
[2021.01.15-16.57.08:237][  0]LogPakFile: Registered encryption key '00000000000000000000000000000000': 0 pak files mounted, 0 remain pending
[2021.01.15-16.57.08:238][  0]LogPakFile: Registered encryption key '00000000000000000000000000000000': 0 pak files mounted, 0 remain pending
[2021.01.15-16.57.08:271][  0]LogContentBrowser: Native class hierarchy updated for 'AddContentDialog' in 0.0003 seconds. Added 0 classes and 0 folders.
[2021.01.15-16.57.08:279][  0]LogContentBrowser: Native class hierarchy updated for 'SceneOutliner' in 0.0004 seconds. Added 1 classes and 2 folders.
[2021.01.15-16.57.08:293][  0]LogSlate: Took 0.000259 seconds to synchronously load lazily loaded font '../../../Engine/Content/Slate/Fonts/Roboto-Regular.ttf' (155K)
[2021.01.15-16.57.08:294][  0]LogSlate: Took 0.000167 seconds to synchronously load lazily loaded font '../../../Engine/Content/Slate/Fonts/Roboto-Bold.ttf' (160K)
[2021.01.15-16.57.08:299][  0]LogSlate: Took 0.000180 seconds to synchronously load lazily loaded font '../../../Engine/Content/Editor/Slate/Fonts/FontAwesome.ttf' (139K)
[2021.01.15-16.57.08:356][  0]LogRenderer: Reallocating scene render targets to support 1684x812 Format 10 NumSamples 1 (Frame:1).
[2021.01.15-16.57.08:681][  0]LogContentBrowser: Native class hierarchy updated for 'HierarchicalLODOutliner' in 0.0004 seconds. Added 0 classes and 0 folders.
[2021.01.15-16.57.08:682][  0]LogLoad: (Engine Initialization) Total time: 11.23 seconds
[2021.01.15-16.57.08:682][  0]LogLoad: (Engine Initialization) Total Blueprint compile time: 0.00 seconds
[2021.01.15-16.57.08:740][  0]LogContentStreaming: Texture pool size now 1000 MB
[2021.01.15-16.57.08:764][  1]LogAssetRegistry: Asset discovery search completed in 6.6591 seconds
[2021.01.15-16.57.08:765][  1]LogCollectionManager: Rebuilt the object cache for 0 collections in 0.000000 seconds (found 0 objects)
[2021.01.15-16.57.08:765][  1]LogCollectionManager: Fixed up redirectors for 0 collections in 0.000086 seconds (updated 0 objects)
[2021.01.15-16.57.21:597][537]LogEditorViewport: Clicking on Actor (LMB): MovingSphere (MovingSphere1)
[2021.01.15-16.57.31:268][693]LogSlate: FSceneViewport::OnFocusLost() reason 0
[2021.01.15-16.57.31:335][701]LogTemp: Repeating last play command: Selected Viewport
[2021.01.15-16.57.31:341][701]LogBlueprintUserMessages: Early PlayInEditor Detection: Level '/Game/StarterContent/Maps/Minimal_Default.Minimal_Default:PersistentLevel' has LevelScriptBlueprint '/Game/StarterContent/Maps/Minimal_Default.Minimal_Default:PersistentLevel.Minimal_Default' with GeneratedClass '/Game/StarterContent/Maps/Minimal_Default.Minimal_Default_C' with ClassGeneratedBy '/Game/StarterContent/Maps/Minimal_Default.Minimal_Default:PersistentLevel.Minimal_Default'
[2021.01.15-16.57.31:341][701]LogPlayLevel: PlayLevel: No blueprints needed recompiling
[2021.01.15-16.57.31:342][701]PIE: New page: PIE session: Minimal_Default (15 Jan 2021 16:57:31)
[2021.01.15-16.57.31:355][701]LogPlayLevel: Creating play world package: /Game/StarterContent/Maps/UEDPIE_0_Minimal_Default
[2021.01.15-16.57.31:358][701]LogPlayLevel: PIE: StaticDuplicateObject took: (0.002450s)
[2021.01.15-16.57.31:358][701]LogAIModule: Creating AISystem for world Minimal_Default
[2021.01.15-16.57.31:359][701]LogPlayLevel: PIE: World Init took: (0.000607s)
[2021.01.15-16.57.31:359][701]LogPlayLevel: PIE: Created PIE world by copying editor world from /Game/StarterContent/Maps/Minimal_Default.Minimal_Default to /Game/StarterContent/Maps/UEDPIE_0_Minimal_Default.Minimal_Default (0.003571s)
[2021.01.15-16.57.31:395][701]LogInit: XAudio2 using 'Speakers (USB Audio Device)' : 2 channels at 48 kHz using 16 bits per sample (channel mask 0x3)
[2021.01.15-16.57.31:403][701]LogInit: FAudioDevice initialized.
[2021.01.15-16.57.31:448][701]LogUObjectGlobals: Warning: Failed to find object 'Class /Script/PhysicsSim_UE.PhysicsSim_UEGameMode'
[2021.01.15-16.57.31:448][701]LogLoad: Game class is 'GameModeBase'
[2021.01.15-16.57.31:449][701]LogWorld: Bringing World /Game/StarterContent/Maps/UEDPIE_0_Minimal_Default.Minimal_Default up for play (max tick rate 0) at 2021.01.15-16.57.31
[2021.01.15-16.57.31:450][701]LogWorld: Bringing up level for play took: 0.000642
[2021.01.15-16.57.31:465][701]LogContentBrowser: Native class hierarchy updated for 'MovieSceneCapture' in 0.0004 seconds. Added 20 classes and 0 folders.
[2021.01.15-16.57.31:466][701]PIE: Play in editor start time for /Game/StarterContent/Maps/UEDPIE_0_Minimal_Default 0.321
[2021.01.15-16.57.31:466][701]LogBlueprintUserMessages: Late PlayInEditor Detection: Level '/Game/StarterContent/Maps/Minimal_Default.Minimal_Default:PersistentLevel' has LevelScriptBlueprint '/Game/StarterContent/Maps/Minimal_Default.Minimal_Default:PersistentLevel.Minimal_Default' with GeneratedClass '/Game/StarterContent/Maps/Minimal_Default.Minimal_Default_C' with ClassGeneratedBy '/Game/StarterContent/Maps/Minimal_Default.Minimal_Default:PersistentLevel.Minimal_Default'
[2021.01.15-16.57.35:471][180]LogBlueprintUserMessages: Early EndPlayMap Detection: Level '/Game/StarterContent/Maps/Minimal_Default.Minimal_Default:PersistentLevel' has LevelScriptBlueprint '/Game/StarterContent/Maps/Minimal_Default.Minimal_Default:PersistentLevel.Minimal_Default' with GeneratedClass '/Game/StarterContent/Maps/Minimal_Default.Minimal_Default_C' with ClassGeneratedBy '/Game/StarterContent/Maps/Minimal_Default.Minimal_Default:PersistentLevel.Minimal_Default'
[2021.01.15-16.57.35:471][180]LogSlate: Updating window title bar state: overlay mode, drag disabled, window buttons hidden, title bar hidden
[2021.01.15-16.57.35:504][180]LogPlayLevel: Display: Shutting down PIE online subsystems
[2021.01.15-16.57.35:505][180]LogBlueprintUserMessages: Late EndPlayMap Detection: Level '/Game/StarterContent/Maps/Minimal_Default.Minimal_Default:PersistentLevel' has LevelScriptBlueprint '/Game/StarterContent/Maps/Minimal_Default.Minimal_Default:PersistentLevel.Minimal_Default' with GeneratedClass '/Game/StarterContent/Maps/Minimal_Default.Minimal_Default_C' with ClassGeneratedBy '/Game/StarterContent/Maps/Minimal_Default.Minimal_Default:PersistentLevel.Minimal_Default'
[2021.01.15-16.57.35:529][180]LogSlate: Updating window title bar state: overlay mode, drag disabled, window buttons hidden, title bar hidden
[2021.01.15-16.57.35:575][185]LogPlayLevel: Display: Destroying online subsystem :Context_1
[2021.01.15-16.57.35:853][218]LogVSAccessor: Warning: Couldn't access Visual Studio
[2021.01.15-16.57.35:856][218]Candidate modules for hot reload:
[2021.01.15-16.57.35:856][218]  PhysicsSim_UE
[2021.01.15-16.57.35:856][218]Launching UnrealBuildTool... [C:/Program Files/Epic Games/UE_4.21/Engine/Binaries/DotNET/UnrealBuildTool.exe  -ModuleWithSuffix=PhysicsSim_UE,9254 Win64 Development -TargetType=Editor -Project="../../../../../../Users/betha/Documents/GitHub/PhysicsSimulation/PhysicsSim_UE/PhysicsSim_UE.uproject" -canskiplink "C:/Users/betha/Documents/GitHub/PhysicsSimulation/PhysicsSim_UE/PhysicsSim_UE.uproject" ]
[2021.01.15-16.57.35:857][218]Warning: Starting HotReload took  0.0s.
[2021.01.15-16.57.40:586][785]CompilerResultsLog: New page: Compilation - 15 Jan 2021 16:57:40
[2021.01.15-16.57.40:587][785]CompilerResultsLog: Using 'git status' to determine working set for adaptive non-unity build (C:\Users\betha\Documents\GitHub\PhysicsSimulation).
[2021.01.15-16.57.40:587][785]CompilerResultsLog: Creating makefile for hot reloading PhysicsSim_UEEditor (source directory changed)
[2021.01.15-16.57.40:587][785]CompilerResultsLog: Compiling game modules for hot reload
[2021.01.15-16.57.40:587][785]CompilerResultsLog: Using Visual Studio 2017 14.28.29333 toolchain (C:\Program Files (x86)\Microsoft Visual Studio\2019\Community\VC\Tools\MSVC\14.28.29333) and Windows 10.0.18362.0 SDK (C:\Program Files (x86)\Windows Kits\10).
[2021.01.15-16.57.40:587][785]CompilerResultsLog: Target is up to date
[2021.01.15-16.57.40:587][785]CompilerResultsLog: Total build time: 4.54 seconds (NoActionsToExecute executor: 0.00 seconds)
[2021.01.15-16.57.40:587][785]LogMainFrame: MainFrame: Module compiling took 4.734 seconds
[2021.01.15-16.57.40:625][785]LogContentBrowser: Native class hierarchy populated in 0.0075 seconds. Added 2657 classes and 624 folders.
[2021.01.15-16.57.40:626][785]Display: HotReload took  4.8s.
[2021.01.15-16.57.41:859][933]LogTemp: Repeating last play command: Selected Viewport
[2021.01.15-16.57.41:866][933]LogBlueprintUserMessages: Early PlayInEditor Detection: Level '/Game/StarterContent/Maps/Minimal_Default.Minimal_Default:PersistentLevel' has LevelScriptBlueprint '/Game/StarterContent/Maps/Minimal_Default.Minimal_Default:PersistentLevel.Minimal_Default' with GeneratedClass '/Game/StarterContent/Maps/Minimal_Default.Minimal_Default_C' with ClassGeneratedBy '/Game/StarterContent/Maps/Minimal_Default.Minimal_Default:PersistentLevel.Minimal_Default'
[2021.01.15-16.57.41:867][933]LogPlayLevel: PlayLevel: No blueprints needed recompiling
[2021.01.15-16.57.41:867][933]PIE: New page: PIE session: Minimal_Default (15 Jan 2021 16:57:41)
[2021.01.15-16.57.41:867][933]LogPlayLevel: Creating play world package: /Game/StarterContent/Maps/UEDPIE_0_Minimal_Default
[2021.01.15-16.57.41:869][933]LogPlayLevel: PIE: StaticDuplicateObject took: (0.002155s)
[2021.01.15-16.57.41:870][933]LogAIModule: Creating AISystem for world Minimal_Default
[2021.01.15-16.57.41:870][933]LogPlayLevel: PIE: World Init took: (0.000577s)
[2021.01.15-16.57.41:870][933]LogPlayLevel: PIE: Created PIE world by copying editor world from /Game/StarterContent/Maps/Minimal_Default.Minimal_Default to /Game/StarterContent/Maps/UEDPIE_0_Minimal_Default.Minimal_Default (0.003003s)
[2021.01.15-16.57.41:903][933]LogInit: XAudio2 using 'Speakers (USB Audio Device)' : 2 channels at 48 kHz using 16 bits per sample (channel mask 0x3)
[2021.01.15-16.57.41:912][933]LogInit: FAudioDevice initialized.
[2021.01.15-16.57.41:945][933]LogLoad: Game class is 'GameModeBase'
[2021.01.15-16.57.41:946][933]LogWorld: Bringing World /Game/StarterContent/Maps/UEDPIE_0_Minimal_Default.Minimal_Default up for play (max tick rate 0) at 2021.01.15-16.57.41
[2021.01.15-16.57.41:946][933]LogWorld: Bringing up level for play took: 0.000579
[2021.01.15-16.57.41:959][933]PIE: Play in editor start time for /Game/StarterContent/Maps/UEDPIE_0_Minimal_Default 0.814
[2021.01.15-16.57.41:959][933]LogBlueprintUserMessages: Late PlayInEditor Detection: Level '/Game/StarterContent/Maps/Minimal_Default.Minimal_Default:PersistentLevel' has LevelScriptBlueprint '/Game/StarterContent/Maps/Minimal_Default.Minimal_Default:PersistentLevel.Minimal_Default' with GeneratedClass '/Game/StarterContent/Maps/Minimal_Default.Minimal_Default_C' with ClassGeneratedBy '/Game/StarterContent/Maps/Minimal_Default.Minimal_Default:PersistentLevel.Minimal_Default'
[2021.01.15-16.57.42:928][ 48]LogBlueprintUserMessages: Early EndPlayMap Detection: Level '/Game/StarterContent/Maps/Minimal_Default.Minimal_Default:PersistentLevel' has LevelScriptBlueprint '/Game/StarterContent/Maps/Minimal_Default.Minimal_Default:PersistentLevel.Minimal_Default' with GeneratedClass '/Game/StarterContent/Maps/Minimal_Default.Minimal_Default_C' with ClassGeneratedBy '/Game/StarterContent/Maps/Minimal_Default.Minimal_Default:PersistentLevel.Minimal_Default'
[2021.01.15-16.57.42:928][ 48]LogSlate: Updating window title bar state: overlay mode, drag disabled, window buttons hidden, title bar hidden
[2021.01.15-16.57.42:962][ 48]LogPlayLevel: Display: Shutting down PIE online subsystems
[2021.01.15-16.57.42:963][ 48]LogBlueprintUserMessages: Late EndPlayMap Detection: Level '/Game/StarterContent/Maps/Minimal_Default.Minimal_Default:PersistentLevel' has LevelScriptBlueprint '/Game/StarterContent/Maps/Minimal_Default.Minimal_Default:PersistentLevel.Minimal_Default' with GeneratedClass '/Game/StarterContent/Maps/Minimal_Default.Minimal_Default_C' with ClassGeneratedBy '/Game/StarterContent/Maps/Minimal_Default.Minimal_Default:PersistentLevel.Minimal_Default'
[2021.01.15-16.57.42:988][ 48]LogSlate: Updating window title bar state: overlay mode, drag disabled, window buttons hidden, title bar hidden
[2021.01.15-16.57.43:032][ 53]LogPlayLevel: Display: Destroying online subsystem :Context_2
[2021.01.15-16.59.03:178][686]LogVSAccessor: Warning: Couldn't access Visual Studio
[2021.01.15-16.59.03:181][686]Candidate modules for hot reload:
[2021.01.15-16.59.03:181][686]  PhysicsSim_UE
[2021.01.15-16.59.03:182][686]Launching UnrealBuildTool... [C:/Program Files/Epic Games/UE_4.21/Engine/Binaries/DotNET/UnrealBuildTool.exe  -ModuleWithSuffix=PhysicsSim_UE,2037 Win64 Development -TargetType=Editor -Project="../../../../../../Users/betha/Documents/GitHub/PhysicsSimulation/PhysicsSim_UE/PhysicsSim_UE.uproject" -canskiplink "C:/Users/betha/Documents/GitHub/PhysicsSimulation/PhysicsSim_UE/PhysicsSim_UE.uproject" ]
[2021.01.15-16.59.03:183][686]Warning: Starting HotReload took  0.0s.
[2021.01.15-16.59.16:861][328]CompilerResultsLog: New page: Compilation - 15 Jan 2021 16:59:16
[2021.01.15-16.59.16:861][328]CompilerResultsLog: Using 'git status' to determine working set for adaptive non-unity build (C:\Users\betha\Documents\GitHub\PhysicsSimulation).
[2021.01.15-16.59.16:861][328]CompilerResultsLog: Creating makefile for hot reloading PhysicsSim_UEEditor (source directory changed)
[2021.01.15-16.59.16:861][328]CompilerResultsLog: Compiling game modules for hot reload
[2021.01.15-16.59.16:861][328]CompilerResultsLog: Using Visual Studio 2017 14.28.29333 toolchain (C:\Program Files (x86)\Microsoft Visual Studio\2019\Community\VC\Tools\MSVC\14.28.29333) and Windows 10.0.18362.0 SDK (C:\Program Files (x86)\Windows Kits\10).
[2021.01.15-16.59.16:861][328]CompilerResultsLog: Parsing headers for PhysicsSim_UEEditor
[2021.01.15-16.59.16:861][328]CompilerResultsLog:   Running UnrealHeaderTool "C:\Users\betha\Documents\GitHub\PhysicsSimulation\PhysicsSim_UE\PhysicsSim_UE.uproject" "C:\Users\betha\Documents\GitHub\PhysicsSimulation\PhysicsSim_UE\Intermediate\Build\Win64\PhysicsSim_UEEditor\Development\PhysicsSim_UEEditor.uhtmanifest" -LogCmds="loginit warning, logexit warning, logdatabase error" -Unattended -WarningsAsErrors -installed
[2021.01.15-16.59.16:861][328]CompilerResultsLog: Reflection code generated for PhysicsSim_UEEditor in 7.5056696 seconds
[2021.01.15-16.59.16:861][328]CompilerResultsLog: Building 4 actions with 24 processes...
[2021.01.15-16.59.16:861][328]CompilerResultsLog:   [1/4] MovingSphere.cpp
[2021.01.15-16.59.16:861][328]CompilerResultsLog:   [2/4] MovingSphere.gen.cpp
[2021.01.15-16.59.16:862][328]CompilerResultsLog:   [3/4] UE4Editor-PhysicsSim_UE-2037.lib
[2021.01.15-16.59.16:862][328]CompilerResultsLog:      Creating library C:\Users\betha\Documents\GitHub\PhysicsSimulation\PhysicsSim_UE\Intermediate\Build\Win64\UE4Editor\Development\PhysicsSim_UE\UE4Editor-PhysicsSim_UE-2037.lib and object C:\Users\betha\Documents\GitHub\PhysicsSimulation\PhysicsSim_UE\Intermediate\Build\Win64\UE4Editor\Development\PhysicsSim_UE\UE4Editor-PhysicsSim_UE-2037.exp
[2021.01.15-16.59.16:862][328]CompilerResultsLog:   [4/4] UE4Editor-PhysicsSim_UE-2037.dll
[2021.01.15-16.59.16:862][328]CompilerResultsLog:      Creating library C:\Users\betha\Documents\GitHub\PhysicsSimulation\PhysicsSim_UE\Intermediate\Build\Win64\UE4Editor\Development\PhysicsSim_UE\UE4Editor-PhysicsSim_UE-2037.suppressed.lib and object C:\Users\betha\Documents\GitHub\PhysicsSimulation\PhysicsSim_UE\Intermediate\Build\Win64\UE4Editor\Development\PhysicsSim_UE\UE4Editor-PhysicsSim_UE-2037.suppressed.exp
[2021.01.15-16.59.16:862][328]CompilerResultsLog: Total build time: 13.48 seconds (Parallel executor: 0.91 seconds)
[2021.01.15-16.59.16:862][328]LogMainFrame: MainFrame: Module compiling took 13.683 seconds
[2021.01.15-16.59.18:595][328]LogContentBrowser: Native class hierarchy updated for 'PhysicsSim_UE' in 0.0004 seconds. Added 5 classes and 2 folders.
[2021.01.15-16.59.18:596][328]Display: HotReload successful (0 functions remapped  0 scriptstructs remapped)
[2021.01.15-16.59.18:898][328]LogContentBrowser: Native class hierarchy populated in 0.0073 seconds. Added 2657 classes and 624 folders.
[2021.01.15-16.59.18:898][328]Display: HotReload took 15.7s.
[2021.01.15-16.59.21:715][666]LogTemp: Repeating last play command: Selected Viewport
[2021.01.15-16.59.21:723][666]LogBlueprintUserMessages: Early PlayInEditor Detection: Level '/Game/StarterContent/Maps/Minimal_Default.Minimal_Default:PersistentLevel' has LevelScriptBlueprint '/Game/StarterContent/Maps/Minimal_Default.Minimal_Default:PersistentLevel.Minimal_Default' with GeneratedClass '/Game/StarterContent/Maps/Minimal_Default.Minimal_Default_C' with ClassGeneratedBy '/Game/StarterContent/Maps/Minimal_Default.Minimal_Default:PersistentLevel.Minimal_Default'
[2021.01.15-16.59.21:723][666]LogPlayLevel: PlayLevel: No blueprints needed recompiling
[2021.01.15-16.59.21:723][666]PIE: New page: PIE session: Minimal_Default (15 Jan 2021 16:59:21)
[2021.01.15-16.59.21:723][666]LogPlayLevel: Creating play world package: /Game/StarterContent/Maps/UEDPIE_0_Minimal_Default
[2021.01.15-16.59.21:726][666]LogPlayLevel: PIE: StaticDuplicateObject took: (0.002247s)
[2021.01.15-16.59.21:726][666]LogAIModule: Creating AISystem for world Minimal_Default
[2021.01.15-16.59.21:726][666]LogPlayLevel: PIE: World Init took: (0.000572s)
[2021.01.15-16.59.21:727][666]LogPlayLevel: PIE: Created PIE world by copying editor world from /Game/StarterContent/Maps/Minimal_Default.Minimal_Default to /Game/StarterContent/Maps/UEDPIE_0_Minimal_Default.Minimal_Default (0.003108s)
[2021.01.15-16.59.21:762][666]LogInit: XAudio2 using 'Speakers (USB Audio Device)' : 2 channels at 48 kHz using 16 bits per sample (channel mask 0x3)
[2021.01.15-16.59.21:769][666]LogInit: FAudioDevice initialized.
[2021.01.15-16.59.21:801][666]LogLoad: Game class is 'GameModeBase'
[2021.01.15-16.59.21:801][666]LogWorld: Bringing World /Game/StarterContent/Maps/UEDPIE_0_Minimal_Default.Minimal_Default up for play (max tick rate 0) at 2021.01.15-16.59.21
[2021.01.15-16.59.21:801][666]LogWorld: Bringing up level for play took: 0.000571
[2021.01.15-16.59.21:814][666]PIE: Play in editor start time for /Game/StarterContent/Maps/UEDPIE_0_Minimal_Default 0.669
[2021.01.15-16.59.21:815][666]LogBlueprintUserMessages: Late PlayInEditor Detection: Level '/Game/StarterContent/Maps/Minimal_Default.Minimal_Default:PersistentLevel' has LevelScriptBlueprint '/Game/StarterContent/Maps/Minimal_Default.Minimal_Default:PersistentLevel.Minimal_Default' with GeneratedClass '/Game/StarterContent/Maps/Minimal_Default.Minimal_Default_C' with ClassGeneratedBy '/Game/StarterContent/Maps/Minimal_Default.Minimal_Default:PersistentLevel.Minimal_Default'
[2021.01.15-16.59.22:726][774]LogBlueprintUserMessages: Early EndPlayMap Detection: Level '/Game/StarterContent/Maps/Minimal_Default.Minimal_Default:PersistentLevel' has LevelScriptBlueprint '/Game/StarterContent/Maps/Minimal_Default.Minimal_Default:PersistentLevel.Minimal_Default' with GeneratedClass '/Game/StarterContent/Maps/Minimal_Default.Minimal_Default_C' with ClassGeneratedBy '/Game/StarterContent/Maps/Minimal_Default.Minimal_Default:PersistentLevel.Minimal_Default'
[2021.01.15-16.59.22:726][774]LogSlate: Updating window title bar state: overlay mode, drag disabled, window buttons hidden, title bar hidden
[2021.01.15-16.59.22:758][774]LogPlayLevel: Display: Shutting down PIE online subsystems
[2021.01.15-16.59.22:759][774]LogBlueprintUserMessages: Late EndPlayMap Detection: Level '/Game/StarterContent/Maps/Minimal_Default.Minimal_Default:PersistentLevel' has LevelScriptBlueprint '/Game/StarterContent/Maps/Minimal_Default.Minimal_Default:PersistentLevel.Minimal_Default' with GeneratedClass '/Game/StarterContent/Maps/Minimal_Default.Minimal_Default_C' with ClassGeneratedBy '/Game/StarterContent/Maps/Minimal_Default.Minimal_Default:PersistentLevel.Minimal_Default'
[2021.01.15-16.59.22:783][774]LogSlate: Updating window title bar state: overlay mode, drag disabled, window buttons hidden, title bar hidden
[2021.01.15-16.59.22:827][779]LogPlayLevel: Display: Destroying online subsystem :Context_3
[2021.01.15-16.59.23:882][905]LogEditorViewport: Clicking on Actor (LMB): MovingSphere (MovingSphere1)
[2021.01.15-16.59.25:511][ 97]LogSlate: FSceneViewport::OnFocusLost() reason 0
[2021.01.15-16.59.32:396][922]LogTemp: Repeating last play command: Selected Viewport
[2021.01.15-16.59.32:402][922]LogBlueprintUserMessages: Early PlayInEditor Detection: Level '/Game/StarterContent/Maps/Minimal_Default.Minimal_Default:PersistentLevel' has LevelScriptBlueprint '/Game/StarterContent/Maps/Minimal_Default.Minimal_Default:PersistentLevel.Minimal_Default' with GeneratedClass '/Game/StarterContent/Maps/Minimal_Default.Minimal_Default_C' with ClassGeneratedBy '/Game/StarterContent/Maps/Minimal_Default.Minimal_Default:PersistentLevel.Minimal_Default'
[2021.01.15-16.59.32:402][922]LogPlayLevel: PlayLevel: No blueprints needed recompiling
[2021.01.15-16.59.32:402][922]PIE: New page: PIE session: Minimal_Default (15 Jan 2021 16:59:32)
[2021.01.15-16.59.32:402][922]LogPlayLevel: Creating play world package: /Game/StarterContent/Maps/UEDPIE_0_Minimal_Default
[2021.01.15-16.59.32:405][922]LogPlayLevel: PIE: StaticDuplicateObject took: (0.002260s)
[2021.01.15-16.59.32:405][922]LogAIModule: Creating AISystem for world Minimal_Default
[2021.01.15-16.59.32:405][922]LogPlayLevel: PIE: World Init took: (0.000575s)
[2021.01.15-16.59.32:405][922]LogPlayLevel: PIE: Created PIE world by copying editor world from /Game/StarterContent/Maps/Minimal_Default.Minimal_Default to /Game/StarterContent/Maps/UEDPIE_0_Minimal_Default.Minimal_Default (0.003124s)
[2021.01.15-16.59.32:442][922]LogInit: XAudio2 using 'Speakers (USB Audio Device)' : 2 channels at 48 kHz using 16 bits per sample (channel mask 0x3)
[2021.01.15-16.59.32:449][922]LogInit: FAudioDevice initialized.
[2021.01.15-16.59.32:483][922]LogLoad: Game class is 'GameModeBase'
[2021.01.15-16.59.32:484][922]LogWorld: Bringing World /Game/StarterContent/Maps/UEDPIE_0_Minimal_Default.Minimal_Default up for play (max tick rate 0) at 2021.01.15-16.59.32
[2021.01.15-16.59.32:484][922]LogWorld: Bringing up level for play took: 0.000569
[2021.01.15-16.59.32:497][922]PIE: Play in editor start time for /Game/StarterContent/Maps/UEDPIE_0_Minimal_Default -0.648
[2021.01.15-16.59.32:497][922]LogBlueprintUserMessages: Late PlayInEditor Detection: Level '/Game/StarterContent/Maps/Minimal_Default.Minimal_Default:PersistentLevel' has LevelScriptBlueprint '/Game/StarterContent/Maps/Minimal_Default.Minimal_Default:PersistentLevel.Minimal_Default' with GeneratedClass '/Game/StarterContent/Maps/Minimal_Default.Minimal_Default_C' with ClassGeneratedBy '/Game/StarterContent/Maps/Minimal_Default.Minimal_Default:PersistentLevel.Minimal_Default'
[2021.01.15-16.59.36:511][402]LogSlate: Took 0.000251 seconds to synchronously load lazily loaded font '../../../Engine/Content/Slate/Fonts/DroidSansMono.ttf' (77K)
[2021.01.15-16.59.38:770][666]LogBlueprintUserMessages: Early EndPlayMap Detection: Level '/Game/StarterContent/Maps/Minimal_Default.Minimal_Default:PersistentLevel' has LevelScriptBlueprint '/Game/StarterContent/Maps/Minimal_Default.Minimal_Default:PersistentLevel.Minimal_Default' with GeneratedClass '/Game/StarterContent/Maps/Minimal_Default.Minimal_Default_C' with ClassGeneratedBy '/Game/StarterContent/Maps/Minimal_Default.Minimal_Default:PersistentLevel.Minimal_Default'
[2021.01.15-16.59.38:771][666]LogSlate: Updating window title bar state: overlay mode, drag disabled, window buttons hidden, title bar hidden
[2021.01.15-16.59.38:804][666]LogPlayLevel: Display: Shutting down PIE online subsystems
[2021.01.15-16.59.38:804][666]LogBlueprintUserMessages: Late EndPlayMap Detection: Level '/Game/StarterContent/Maps/Minimal_Default.Minimal_Default:PersistentLevel' has LevelScriptBlueprint '/Game/StarterContent/Maps/Minimal_Default.Minimal_Default:PersistentLevel.Minimal_Default' with GeneratedClass '/Game/StarterContent/Maps/Minimal_Default.Minimal_Default_C' with ClassGeneratedBy '/Game/StarterContent/Maps/Minimal_Default.Minimal_Default:PersistentLevel.Minimal_Default'
[2021.01.15-16.59.38:829][666]LogSlate: Updating window title bar state: overlay mode, drag disabled, window buttons hidden, title bar hidden
[2021.01.15-16.59.38:874][671]LogPlayLevel: Display: Destroying online subsystem :Context_4
[2021.01.15-16.59.39:432][738]LogTemp: Repeating last play command: Selected Viewport
[2021.01.15-16.59.39:439][738]LogBlueprintUserMessages: Early PlayInEditor Detection: Level '/Game/StarterContent/Maps/Minimal_Default.Minimal_Default:PersistentLevel' has LevelScriptBlueprint '/Game/StarterContent/Maps/Minimal_Default.Minimal_Default:PersistentLevel.Minimal_Default' with GeneratedClass '/Game/StarterContent/Maps/Minimal_Default.Minimal_Default_C' with ClassGeneratedBy '/Game/StarterContent/Maps/Minimal_Default.Minimal_Default:PersistentLevel.Minimal_Default'
[2021.01.15-16.59.39:439][738]LogPlayLevel: PlayLevel: No blueprints needed recompiling
[2021.01.15-16.59.39:440][738]PIE: New page: PIE session: Minimal_Default (15 Jan 2021 16:59:39)
[2021.01.15-16.59.39:440][738]LogPlayLevel: Creating play world package: /Game/StarterContent/Maps/UEDPIE_0_Minimal_Default
[2021.01.15-16.59.39:442][738]LogPlayLevel: PIE: StaticDuplicateObject took: (0.002119s)
[2021.01.15-16.59.39:443][738]LogAIModule: Creating AISystem for world Minimal_Default
[2021.01.15-16.59.39:443][738]LogPlayLevel: PIE: World Init took: (0.000687s)
[2021.01.15-16.59.39:443][738]LogPlayLevel: PIE: Created PIE world by copying editor world from /Game/StarterContent/Maps/Minimal_Default.Minimal_Default to /Game/StarterContent/Maps/UEDPIE_0_Minimal_Default.Minimal_Default (0.003367s)
[2021.01.15-16.59.39:478][738]LogInit: XAudio2 using 'Speakers (USB Audio Device)' : 2 channels at 48 kHz using 16 bits per sample (channel mask 0x3)
[2021.01.15-16.59.39:486][738]LogInit: FAudioDevice initialized.
[2021.01.15-16.59.39:518][738]LogLoad: Game class is 'GameModeBase'
[2021.01.15-16.59.39:519][738]LogWorld: Bringing World /Game/StarterContent/Maps/UEDPIE_0_Minimal_Default.Minimal_Default up for play (max tick rate 0) at 2021.01.15-16.59.39
[2021.01.15-16.59.39:520][738]LogWorld: Bringing up level for play took: 0.000727
[2021.01.15-16.59.39:532][738]PIE: Play in editor start time for /Game/StarterContent/Maps/UEDPIE_0_Minimal_Default 0.388
[2021.01.15-16.59.39:533][738]LogBlueprintUserMessages: Late PlayInEditor Detection: Level '/Game/StarterContent/Maps/Minimal_Default.Minimal_Default:PersistentLevel' has LevelScriptBlueprint '/Game/StarterContent/Maps/Minimal_Default.Minimal_Default:PersistentLevel.Minimal_Default' with GeneratedClass '/Game/StarterContent/Maps/Minimal_Default.Minimal_Default_C' with ClassGeneratedBy '/Game/StarterContent/Maps/Minimal_Default.Minimal_Default:PersistentLevel.Minimal_Default'
[2021.01.15-16.59.42:095][ 44]LogBlueprintUserMessages: Early EndPlayMap Detection: Level '/Game/StarterContent/Maps/Minimal_Default.Minimal_Default:PersistentLevel' has LevelScriptBlueprint '/Game/StarterContent/Maps/Minimal_Default.Minimal_Default:PersistentLevel.Minimal_Default' with GeneratedClass '/Game/StarterContent/Maps/Minimal_Default.Minimal_Default_C' with ClassGeneratedBy '/Game/StarterContent/Maps/Minimal_Default.Minimal_Default:PersistentLevel.Minimal_Default'
[2021.01.15-16.59.42:096][ 44]LogSlate: Updating window title bar state: overlay mode, drag disabled, window buttons hidden, title bar hidden
[2021.01.15-16.59.42:129][ 44]LogPlayLevel: Display: Shutting down PIE online subsystems
[2021.01.15-16.59.42:129][ 44]LogBlueprintUserMessages: Late EndPlayMap Detection: Level '/Game/StarterContent/Maps/Minimal_Default.Minimal_Default:PersistentLevel' has LevelScriptBlueprint '/Game/StarterContent/Maps/Minimal_Default.Minimal_Default:PersistentLevel.Minimal_Default' with GeneratedClass '/Game/StarterContent/Maps/Minimal_Default.Minimal_Default_C' with ClassGeneratedBy '/Game/StarterContent/Maps/Minimal_Default.Minimal_Default:PersistentLevel.Minimal_Default'
[2021.01.15-16.59.42:155][ 44]LogSlate: Updating window title bar state: overlay mode, drag disabled, window buttons hidden, title bar hidden
[2021.01.15-16.59.42:199][ 49]LogPlayLevel: Display: Destroying online subsystem :Context_5
[2021.01.15-17.02.50:315][621]LogVSAccessor: Warning: Couldn't access Visual Studio
[2021.01.15-17.02.50:318][621]Candidate modules for hot reload:
[2021.01.15-17.02.50:318][621]  PhysicsSim_UE
[2021.01.15-17.02.50:319][621]Launching UnrealBuildTool... [C:/Program Files/Epic Games/UE_4.21/Engine/Binaries/DotNET/UnrealBuildTool.exe  -ModuleWithSuffix=PhysicsSim_UE,2928 Win64 Development -TargetType=Editor -Project="../../../../../../Users/betha/Documents/GitHub/PhysicsSimulation/PhysicsSim_UE/PhysicsSim_UE.uproject" -canskiplink "C:/Users/betha/Documents/GitHub/PhysicsSimulation/PhysicsSim_UE/PhysicsSim_UE.uproject" ]
[2021.01.15-17.02.50:320][621]Warning: Starting HotReload took  0.0s.
[2021.01.15-17.02.54:430][115]CompilerResultsLog: New page: Compilation - 15 Jan 2021 17:02:54
[2021.01.15-17.02.54:430][115]CompilerResultsLog: Using 'git status' to determine working set for adaptive non-unity build (C:\Users\betha\Documents\GitHub\PhysicsSimulation).
[2021.01.15-17.02.54:430][115]CompilerResultsLog: Compiling game modules for hot reload
[2021.01.15-17.02.54:430][115]CompilerResultsLog: Failed to delete file 'C:\Users\betha\Documents\GitHub\PhysicsSimulation\PhysicsSim_UE\Binaries\Win64\UE4Editor-PhysicsSim_UE-2037.pdb'
[2021.01.15-17.02.54:431][115]CompilerResultsLog:     Exception: Access to the path 'C:\Users\betha\Documents\GitHub\PhysicsSimulation\PhysicsSim_UE\Binaries\Win64\UE4Editor-PhysicsSim_UE-2037.pdb' is denied.
[2021.01.15-17.02.54:431][115]CompilerResultsLog: Attempting to retry...
[2021.01.15-17.02.54:431][115]CompilerResultsLog: Failed to delete file 'C:\Users\betha\Documents\GitHub\PhysicsSimulation\PhysicsSim_UE\Binaries\Win64\UE4Editor-PhysicsSim_UE-2037.pdb'
[2021.01.15-17.02.54:431][115]CompilerResultsLog:     Exception: Access to the path 'C:\Users\betha\Documents\GitHub\PhysicsSimulation\PhysicsSim_UE\Binaries\Win64\UE4Editor-PhysicsSim_UE-2037.pdb' is denied.
[2021.01.15-17.02.54:432][115]CompilerResultsLog: Attempting to retry...
[2021.01.15-17.02.54:432][115]CompilerResultsLog: Failed to delete file 'C:\Users\betha\Documents\GitHub\PhysicsSimulation\PhysicsSim_UE\Binaries\Win64\UE4Editor-PhysicsSim_UE-2037.pdb'
[2021.01.15-17.02.54:432][115]CompilerResultsLog:     Exception: Access to the path 'C:\Users\betha\Documents\GitHub\PhysicsSimulation\PhysicsSim_UE\Binaries\Win64\UE4Editor-PhysicsSim_UE-2037.pdb' is denied.
[2021.01.15-17.02.54:432][115]CompilerResultsLog: ERROR: Exhausted all retries!
[2021.01.15-17.02.54:432][115]CompilerResultsLog: Target is up to date
[2021.01.15-17.02.54:433][115]CompilerResultsLog: Total build time: 3.92 seconds (NoActionsToExecute executor: 0.00 seconds)
[2021.01.15-17.02.54:433][115]LogMainFrame: MainFrame: Module compiling took 4.117 seconds
[2021.01.15-17.02.54:467][115]LogContentBrowser: Native class hierarchy populated in 0.0074 seconds. Added 2657 classes and 624 folders.
[2021.01.15-17.02.54:467][115]Display: HotReload took  4.2s.
[2021.01.15-17.03.01:551][965]LogTemp: Repeating last play command: Selected Viewport
[2021.01.15-17.03.01:558][965]LogBlueprintUserMessages: Early PlayInEditor Detection: Level '/Game/StarterContent/Maps/Minimal_Default.Minimal_Default:PersistentLevel' has LevelScriptBlueprint '/Game/StarterContent/Maps/Minimal_Default.Minimal_Default:PersistentLevel.Minimal_Default' with GeneratedClass '/Game/StarterContent/Maps/Minimal_Default.Minimal_Default_C' with ClassGeneratedBy '/Game/StarterContent/Maps/Minimal_Default.Minimal_Default:PersistentLevel.Minimal_Default'
[2021.01.15-17.03.01:559][965]LogPlayLevel: PlayLevel: No blueprints needed recompiling
[2021.01.15-17.03.01:559][965]PIE: New page: PIE session: Minimal_Default (15 Jan 2021 17:03:01)
[2021.01.15-17.03.01:559][965]LogPlayLevel: Creating play world package: /Game/StarterContent/Maps/UEDPIE_0_Minimal_Default
[2021.01.15-17.03.01:562][965]LogPlayLevel: PIE: StaticDuplicateObject took: (0.002188s)
[2021.01.15-17.03.01:562][965]LogAIModule: Creating AISystem for world Minimal_Default
[2021.01.15-17.03.01:563][965]LogPlayLevel: PIE: World Init took: (0.000741s)
[2021.01.15-17.03.01:563][965]LogPlayLevel: PIE: Created PIE world by copying editor world from /Game/StarterContent/Maps/Minimal_Default.Minimal_Default to /Game/StarterContent/Maps/UEDPIE_0_Minimal_Default.Minimal_Default (0.003446s)
[2021.01.15-17.03.01:598][965]LogInit: XAudio2 using 'Speakers (USB Audio Device)' : 2 channels at 48 kHz using 16 bits per sample (channel mask 0x3)
[2021.01.15-17.03.01:607][965]LogInit: FAudioDevice initialized.
[2021.01.15-17.03.01:640][965]LogLoad: Game class is 'GameModeBase'
[2021.01.15-17.03.01:640][965]LogWorld: Bringing World /Game/StarterContent/Maps/UEDPIE_0_Minimal_Default.Minimal_Default up for play (max tick rate 0) at 2021.01.15-17.03.01
[2021.01.15-17.03.01:641][965]LogWorld: Bringing up level for play took: 0.000761
[2021.01.15-17.03.01:653][965]PIE: Play in editor start time for /Game/StarterContent/Maps/UEDPIE_0_Minimal_Default 0.509
[2021.01.15-17.03.01:654][965]LogBlueprintUserMessages: Late PlayInEditor Detection: Level '/Game/StarterContent/Maps/Minimal_Default.Minimal_Default:PersistentLevel' has LevelScriptBlueprint '/Game/StarterContent/Maps/Minimal_Default.Minimal_Default:PersistentLevel.Minimal_Default' with GeneratedClass '/Game/StarterContent/Maps/Minimal_Default.Minimal_Default_C' with ClassGeneratedBy '/Game/StarterContent/Maps/Minimal_Default.Minimal_Default:PersistentLevel.Minimal_Default'
[2021.01.15-17.03.04:408][294]LogBlueprintUserMessages: Early EndPlayMap Detection: Level '/Game/StarterContent/Maps/Minimal_Default.Minimal_Default:PersistentLevel' has LevelScriptBlueprint '/Game/StarterContent/Maps/Minimal_Default.Minimal_Default:PersistentLevel.Minimal_Default' with GeneratedClass '/Game/StarterContent/Maps/Minimal_Default.Minimal_Default_C' with ClassGeneratedBy '/Game/StarterContent/Maps/Minimal_Default.Minimal_Default:PersistentLevel.Minimal_Default'
[2021.01.15-17.03.04:409][294]LogSlate: Updating window title bar state: overlay mode, drag disabled, window buttons hidden, title bar hidden
[2021.01.15-17.03.04:443][294]LogPlayLevel: Display: Shutting down PIE online subsystems
[2021.01.15-17.03.04:443][294]LogBlueprintUserMessages: Late EndPlayMap Detection: Level '/Game/StarterContent/Maps/Minimal_Default.Minimal_Default:PersistentLevel' has LevelScriptBlueprint '/Game/StarterContent/Maps/Minimal_Default.Minimal_Default:PersistentLevel.Minimal_Default' with GeneratedClass '/Game/StarterContent/Maps/Minimal_Default.Minimal_Default_C' with ClassGeneratedBy '/Game/StarterContent/Maps/Minimal_Default.Minimal_Default:PersistentLevel.Minimal_Default'
[2021.01.15-17.03.04:469][294]LogSlate: Updating window title bar state: overlay mode, drag disabled, window buttons hidden, title bar hidden
[2021.01.15-17.03.04:514][299]LogPlayLevel: Display: Destroying online subsystem :Context_6
[2021.01.15-17.03.05:322][396]LogTemp: Repeating last play command: Selected Viewport
[2021.01.15-17.03.05:328][396]LogBlueprintUserMessages: Early PlayInEditor Detection: Level '/Game/StarterContent/Maps/Minimal_Default.Minimal_Default:PersistentLevel' has LevelScriptBlueprint '/Game/StarterContent/Maps/Minimal_Default.Minimal_Default:PersistentLevel.Minimal_Default' with GeneratedClass '/Game/StarterContent/Maps/Minimal_Default.Minimal_Default_C' with ClassGeneratedBy '/Game/StarterContent/Maps/Minimal_Default.Minimal_Default:PersistentLevel.Minimal_Default'
[2021.01.15-17.03.05:329][396]LogPlayLevel: PlayLevel: No blueprints needed recompiling
[2021.01.15-17.03.05:329][396]PIE: New page: PIE session: Minimal_Default (15 Jan 2021 17:03:05)
[2021.01.15-17.03.05:330][396]LogPlayLevel: Creating play world package: /Game/StarterContent/Maps/UEDPIE_0_Minimal_Default
[2021.01.15-17.03.05:332][396]LogPlayLevel: PIE: StaticDuplicateObject took: (0.002134s)
[2021.01.15-17.03.05:332][396]LogAIModule: Creating AISystem for world Minimal_Default
[2021.01.15-17.03.05:333][396]LogPlayLevel: PIE: World Init took: (0.000696s)
[2021.01.15-17.03.05:333][396]LogPlayLevel: PIE: Created PIE world by copying editor world from /Game/StarterContent/Maps/Minimal_Default.Minimal_Default to /Game/StarterContent/Maps/UEDPIE_0_Minimal_Default.Minimal_Default (0.003374s)
[2021.01.15-17.03.05:367][396]LogInit: XAudio2 using 'Speakers (USB Audio Device)' : 2 channels at 48 kHz using 16 bits per sample (channel mask 0x3)
[2021.01.15-17.03.05:375][396]LogInit: FAudioDevice initialized.
[2021.01.15-17.03.05:404][396]LogLoad: Game class is 'GameModeBase'
[2021.01.15-17.03.05:405][396]LogWorld: Bringing World /Game/StarterContent/Maps/UEDPIE_0_Minimal_Default.Minimal_Default up for play (max tick rate 0) at 2021.01.15-17.03.05
[2021.01.15-17.03.05:406][396]LogWorld: Bringing up level for play took: 0.000786
[2021.01.15-17.03.05:419][396]PIE: Play in editor start time for /Game/StarterContent/Maps/UEDPIE_0_Minimal_Default 0.274
[2021.01.15-17.03.05:419][396]LogBlueprintUserMessages: Late PlayInEditor Detection: Level '/Game/StarterContent/Maps/Minimal_Default.Minimal_Default:PersistentLevel' has LevelScriptBlueprint '/Game/StarterContent/Maps/Minimal_Default.Minimal_Default:PersistentLevel.Minimal_Default' with GeneratedClass '/Game/StarterContent/Maps/Minimal_Default.Minimal_Default_C' with ClassGeneratedBy '/Game/StarterContent/Maps/Minimal_Default.Minimal_Default:PersistentLevel.Minimal_Default'
[2021.01.15-17.03.06:483][522]LogBlueprintUserMessages: Early EndPlayMap Detection: Level '/Game/StarterContent/Maps/Minimal_Default.Minimal_Default:PersistentLevel' has LevelScriptBlueprint '/Game/StarterContent/Maps/Minimal_Default.Minimal_Default:PersistentLevel.Minimal_Default' with GeneratedClass '/Game/StarterContent/Maps/Minimal_Default.Minimal_Default_C' with ClassGeneratedBy '/Game/StarterContent/Maps/Minimal_Default.Minimal_Default:PersistentLevel.Minimal_Default'
[2021.01.15-17.03.06:484][522]LogSlate: Updating window title bar state: overlay mode, drag disabled, window buttons hidden, title bar hidden
[2021.01.15-17.03.06:518][522]LogPlayLevel: Display: Shutting down PIE online subsystems
[2021.01.15-17.03.06:518][522]LogBlueprintUserMessages: Late EndPlayMap Detection: Level '/Game/StarterContent/Maps/Minimal_Default.Minimal_Default:PersistentLevel' has LevelScriptBlueprint '/Game/StarterContent/Maps/Minimal_Default.Minimal_Default:PersistentLevel.Minimal_Default' with GeneratedClass '/Game/StarterContent/Maps/Minimal_Default.Minimal_Default_C' with ClassGeneratedBy '/Game/StarterContent/Maps/Minimal_Default.Minimal_Default:PersistentLevel.Minimal_Default'
[2021.01.15-17.03.06:544][522]LogSlate: Updating window title bar state: overlay mode, drag disabled, window buttons hidden, title bar hidden
[2021.01.15-17.03.06:589][527]LogPlayLevel: Display: Destroying online subsystem :Context_7
[2021.01.15-17.03.07:762][667]LogEditorViewport: Clicking on Actor (LMB): EulerBall (EulerBall4)
[2021.01.15-17.03.09:758][903]LogEditorViewport: Clicking on Actor (LMB): MovingSphere (MovingSphere1)
[2021.01.15-17.03.13:104][301]LogEditorViewport: Clicking on Actor (LMB): EulerBall (EulerBall4)
[2021.01.15-17.03.15:857][628]LogEditorViewport: Clicking on Actor (LMB): MovingSphere (MovingSphere1)
[2021.01.15-17.03.21:396][289]LogSlate: FSceneViewport::OnFocusLost() reason 0
[2021.01.15-17.03.21:521][304]LogTemp: Repeating last play command: Selected Viewport
[2021.01.15-17.03.21:527][304]LogBlueprintUserMessages: Early PlayInEditor Detection: Level '/Game/StarterContent/Maps/Minimal_Default.Minimal_Default:PersistentLevel' has LevelScriptBlueprint '/Game/StarterContent/Maps/Minimal_Default.Minimal_Default:PersistentLevel.Minimal_Default' with GeneratedClass '/Game/StarterContent/Maps/Minimal_Default.Minimal_Default_C' with ClassGeneratedBy '/Game/StarterContent/Maps/Minimal_Default.Minimal_Default:PersistentLevel.Minimal_Default'
[2021.01.15-17.03.21:528][304]LogPlayLevel: PlayLevel: No blueprints needed recompiling
[2021.01.15-17.03.21:528][304]PIE: New page: PIE session: Minimal_Default (15 Jan 2021 17:03:21)
[2021.01.15-17.03.21:528][304]LogPlayLevel: Creating play world package: /Game/StarterContent/Maps/UEDPIE_0_Minimal_Default
[2021.01.15-17.03.21:531][304]LogPlayLevel: PIE: StaticDuplicateObject took: (0.002300s)
[2021.01.15-17.03.21:532][304]LogAIModule: Creating AISystem for world Minimal_Default
[2021.01.15-17.03.21:532][304]LogPlayLevel: PIE: World Init took: (0.000618s)
[2021.01.15-17.03.21:532][304]LogPlayLevel: PIE: Created PIE world by copying editor world from /Game/StarterContent/Maps/Minimal_Default.Minimal_Default to /Game/StarterContent/Maps/UEDPIE_0_Minimal_Default.Minimal_Default (0.003638s)
[2021.01.15-17.03.21:567][304]LogInit: XAudio2 using 'Speakers (USB Audio Device)' : 2 channels at 48 kHz using 16 bits per sample (channel mask 0x3)
[2021.01.15-17.03.21:576][304]LogInit: FAudioDevice initialized.
[2021.01.15-17.03.21:606][304]LogLoad: Game class is 'GameModeBase'
[2021.01.15-17.03.21:607][304]LogWorld: Bringing World /Game/StarterContent/Maps/UEDPIE_0_Minimal_Default.Minimal_Default up for play (max tick rate 0) at 2021.01.15-17.03.21
[2021.01.15-17.03.21:607][304]LogWorld: Bringing up level for play took: 0.000728
[2021.01.15-17.03.21:620][304]PIE: Play in editor start time for /Game/StarterContent/Maps/UEDPIE_0_Minimal_Default 0.475
[2021.01.15-17.03.21:620][304]LogBlueprintUserMessages: Late PlayInEditor Detection: Level '/Game/StarterContent/Maps/Minimal_Default.Minimal_Default:PersistentLevel' has LevelScriptBlueprint '/Game/StarterContent/Maps/Minimal_Default.Minimal_Default:PersistentLevel.Minimal_Default' with GeneratedClass '/Game/StarterContent/Maps/Minimal_Default.Minimal_Default_C' with ClassGeneratedBy '/Game/StarterContent/Maps/Minimal_Default.Minimal_Default:PersistentLevel.Minimal_Default'
[2021.01.15-17.03.23:623][543]LogBlueprintUserMessages: Early EndPlayMap Detection: Level '/Game/StarterContent/Maps/Minimal_Default.Minimal_Default:PersistentLevel' has LevelScriptBlueprint '/Game/StarterContent/Maps/Minimal_Default.Minimal_Default:PersistentLevel.Minimal_Default' with GeneratedClass '/Game/StarterContent/Maps/Minimal_Default.Minimal_Default_C' with ClassGeneratedBy '/Game/StarterContent/Maps/Minimal_Default.Minimal_Default:PersistentLevel.Minimal_Default'
[2021.01.15-17.03.23:623][543]LogSlate: Updating window title bar state: overlay mode, drag disabled, window buttons hidden, title bar hidden
[2021.01.15-17.03.23:658][543]LogPlayLevel: Display: Shutting down PIE online subsystems
[2021.01.15-17.03.23:659][543]LogBlueprintUserMessages: Late EndPlayMap Detection: Level '/Game/StarterContent/Maps/Minimal_Default.Minimal_Default:PersistentLevel' has LevelScriptBlueprint '/Game/StarterContent/Maps/Minimal_Default.Minimal_Default:PersistentLevel.Minimal_Default' with GeneratedClass '/Game/StarterContent/Maps/Minimal_Default.Minimal_Default_C' with ClassGeneratedBy '/Game/StarterContent/Maps/Minimal_Default.Minimal_Default:PersistentLevel.Minimal_Default'
[2021.01.15-17.03.23:685][543]LogSlate: Updating window title bar state: overlay mode, drag disabled, window buttons hidden, title bar hidden
[2021.01.15-17.03.23:730][548]LogPlayLevel: Display: Destroying online subsystem :Context_8
[2021.01.15-17.03.27:126][955]LogEditorViewport: Clicking on Actor (LMB): EulerBall (EulerBall4)
[2021.01.15-17.03.35:371][941]LogSlate: FSceneViewport::OnFocusLost() reason 0
[2021.01.15-17.03.37:164][156]LogTemp: Repeating last play command: Selected Viewport
[2021.01.15-17.03.37:170][156]LogBlueprintUserMessages: Early PlayInEditor Detection: Level '/Game/StarterContent/Maps/Minimal_Default.Minimal_Default:PersistentLevel' has LevelScriptBlueprint '/Game/StarterContent/Maps/Minimal_Default.Minimal_Default:PersistentLevel.Minimal_Default' with GeneratedClass '/Game/StarterContent/Maps/Minimal_Default.Minimal_Default_C' with ClassGeneratedBy '/Game/StarterContent/Maps/Minimal_Default.Minimal_Default:PersistentLevel.Minimal_Default'
[2021.01.15-17.03.37:171][156]LogPlayLevel: PlayLevel: No blueprints needed recompiling
[2021.01.15-17.03.37:171][156]PIE: New page: PIE session: Minimal_Default (15 Jan 2021 17:03:37)
[2021.01.15-17.03.37:172][156]LogPlayLevel: Creating play world package: /Game/StarterContent/Maps/UEDPIE_0_Minimal_Default
[2021.01.15-17.03.37:174][156]LogPlayLevel: PIE: StaticDuplicateObject took: (0.002165s)
[2021.01.15-17.03.37:174][156]LogAIModule: Creating AISystem for world Minimal_Default
[2021.01.15-17.03.37:175][156]LogPlayLevel: PIE: World Init took: (0.000949s)
[2021.01.15-17.03.37:175][156]LogPlayLevel: PIE: Created PIE world by copying editor world from /Game/StarterContent/Maps/Minimal_Default.Minimal_Default to /Game/StarterContent/Maps/UEDPIE_0_Minimal_Default.Minimal_Default (0.003702s)
[2021.01.15-17.03.37:210][156]LogInit: XAudio2 using 'Speakers (USB Audio Device)' : 2 channels at 48 kHz using 16 bits per sample (channel mask 0x3)
[2021.01.15-17.03.37:218][156]LogInit: FAudioDevice initialized.
[2021.01.15-17.03.37:249][156]LogLoad: Game class is 'GameModeBase'
[2021.01.15-17.03.37:250][156]LogWorld: Bringing World /Game/StarterContent/Maps/UEDPIE_0_Minimal_Default.Minimal_Default up for play (max tick rate 0) at 2021.01.15-17.03.37
[2021.01.15-17.03.37:250][156]LogWorld: Bringing up level for play took: 0.000728
[2021.01.15-17.03.37:263][156]PIE: Play in editor start time for /Game/StarterContent/Maps/UEDPIE_0_Minimal_Default 0.118
[2021.01.15-17.03.37:263][156]LogBlueprintUserMessages: Late PlayInEditor Detection: Level '/Game/StarterContent/Maps/Minimal_Default.Minimal_Default:PersistentLevel' has LevelScriptBlueprint '/Game/StarterContent/Maps/Minimal_Default.Minimal_Default:PersistentLevel.Minimal_Default' with GeneratedClass '/Game/StarterContent/Maps/Minimal_Default.Minimal_Default_C' with ClassGeneratedBy '/Game/StarterContent/Maps/Minimal_Default.Minimal_Default:PersistentLevel.Minimal_Default'
[2021.01.15-17.03.40:675][564]LogBlueprintUserMessages: Early EndPlayMap Detection: Level '/Game/StarterContent/Maps/Minimal_Default.Minimal_Default:PersistentLevel' has LevelScriptBlueprint '/Game/StarterContent/Maps/Minimal_Default.Minimal_Default:PersistentLevel.Minimal_Default' with GeneratedClass '/Game/StarterContent/Maps/Minimal_Default.Minimal_Default_C' with ClassGeneratedBy '/Game/StarterContent/Maps/Minimal_Default.Minimal_Default:PersistentLevel.Minimal_Default'
[2021.01.15-17.03.40:676][564]LogSlate: Updating window title bar state: overlay mode, drag disabled, window buttons hidden, title bar hidden
[2021.01.15-17.03.40:708][564]LogPlayLevel: Display: Shutting down PIE online subsystems
[2021.01.15-17.03.40:708][564]LogBlueprintUserMessages: Late EndPlayMap Detection: Level '/Game/StarterContent/Maps/Minimal_Default.Minimal_Default:PersistentLevel' has LevelScriptBlueprint '/Game/StarterContent/Maps/Minimal_Default.Minimal_Default:PersistentLevel.Minimal_Default' with GeneratedClass '/Game/StarterContent/Maps/Minimal_Default.Minimal_Default_C' with ClassGeneratedBy '/Game/StarterContent/Maps/Minimal_Default.Minimal_Default:PersistentLevel.Minimal_Default'
[2021.01.15-17.03.40:734][564]LogSlate: Updating window title bar state: overlay mode, drag disabled, window buttons hidden, title bar hidden
[2021.01.15-17.03.40:778][569]LogPlayLevel: Display: Destroying online subsystem :Context_9
[2021.01.15-17.03.42:909][824]LogEditorViewport: Clicking on Actor (LMB): MovingSphere (MovingSphere1)
