Log file open, 11/08/20 21:44:51
LogWindows: Failed to load 'aqProf.dll' (GetLastError=126)
LogWindows: File 'aqProf.dll' does not exist
LogWindows: Failed to load 'VtuneApi.dll' (GetLastError=126)
LogWindows: File 'VtuneApi.dll' does not exist
LogWindows: Failed to load 'VtuneApi32e.dll' (GetLastError=126)
LogWindows: File 'VtuneApi32e.dll' does not exist
LogConsoleResponse: Display: Failed to find resolution value strings in scalability ini. Falling back to default.
LogInit: Display: Running engine for game: PhysicsSim_UE
LogPakFile: Registered encryption key '00000000000000000000000000000000': 0 pak files mounted, 0 remain pending
LogPlatformFile: Not using cached read wrapper
LogTaskGraph: Started task graph with 5 named threads and 71 total threads with 3 sets of task threads.
LogStats: Stats thread started at 0.871961
LogD3D11RHI: Loaded GFSDK_Aftermath_Lib.x64.dll
LogICUInternationalization: ICU TimeZone Detection - Raw Offset: +0:00, Platform Override: ''
LogPluginManager: Mounting plugin Paper2D
LogPluginManager: Mounting plugin AISupport
LogPluginManager: Mounting plugin LightPropagationVolume
LogPluginManager: Mounting plugin ActorLayerUtilities
LogPluginManager: Mounting plugin CLionSourceCodeAccess
LogPluginManager: Mounting plugin CodeLiteSourceCodeAccess
LogPluginManager: Mounting plugin GitSourceControl
LogPluginManager: Mounting plugin KDevelopSourceCodeAccess
LogPluginManager: Mounting plugin NullSourceCodeAccess
LogPluginManager: Mounting plugin PerforceSourceControl
LogPluginManager: Mounting plugin SubversionSourceControl
LogPluginManager: Mounting plugin UObjectPlugin
LogPluginManager: Mounting plugin VisualStudioCodeSourceCodeAccess
LogPluginManager: Mounting plugin VisualStudioSourceCodeAccess
LogPluginManager: Mounting plugin XCodeSourceCodeAccess
LogPluginManager: Mounting plugin AssetManagerEditor
LogPluginManager: Mounting plugin CryptoKeys
LogPluginManager: Mounting plugin DataValidation
LogPluginManager: Mounting plugin FacialAnimation
LogPluginManager: Mounting plugin GameplayTagsEditor
LogPluginManager: Mounting plugin MacGraphicsSwitching
LogPluginManager: Mounting plugin MeshEditor
LogPluginManager: Mounting plugin MobileLauncherProfileWizard
LogPluginManager: Mounting plugin PluginBrowser
LogPluginManager: Mounting plugin SpeedTreeImporter
LogPluginManager: Mounting plugin DatasmithContent
LogPluginManager: Mounting plugin VariantManagerContent
LogPluginManager: Mounting plugin AlembicImporter
LogPluginManager: Mounting plugin AppleImageUtils
LogPluginManager: Mounting plugin AppleVision
LogPluginManager: Mounting plugin BackChannel
LogPluginManager: Mounting plugin CharacterAI
LogPluginManager: Mounting plugin GeometryCache
LogPluginManager: Mounting plugin HTML5Networking
LogPluginManager: Mounting plugin ProxyLODPlugin
LogPluginManager: Mounting plugin MagicLeap
LogPluginManager: Mounting plugin MagicLeapMedia
LogPluginManager: Mounting plugin AndroidMedia
LogPluginManager: Mounting plugin AvfMedia
LogPluginManager: Mounting plugin ImgMedia
LogPluginManager: Mounting plugin LinearTimecode
LogPluginManager: Mounting plugin MediaCompositing
LogPluginManager: Mounting plugin MediaPlayerEditor
LogPluginManager: Mounting plugin WebMMedia
LogPluginManager: Mounting plugin WmfMedia
LogPluginManager: Mounting plugin TcpMessaging
LogPluginManager: Mounting plugin UdpMessaging
LogPluginManager: Mounting plugin ActorSequence
LogPluginManager: Mounting plugin LevelSequenceEditor
LogPluginManager: Mounting plugin MatineeToLevelSequence
LogPluginManager: Mounting plugin NetcodeUnitTest
LogPluginManager: Mounting plugin NUTUnrealEngine4
LogPluginManager: Mounting plugin OnlineSubsystemGooglePlay
LogPluginManager: Mounting plugin OnlineSubsystemIOS
LogPluginManager: Mounting plugin OnlineSubsystem
LogPluginManager: Mounting plugin OnlineSubsystemNull
LogPluginManager: Mounting plugin OnlineSubsystemUtils
LogPluginManager: Mounting plugin LauncherChunkInstaller
LogPluginManager: Mounting plugin AndroidDeviceProfileSelector
LogPluginManager: Mounting plugin AndroidMoviePlayer
LogPluginManager: Mounting plugin AndroidPermission
LogPluginManager: Mounting plugin AppleMoviePlayer
LogPluginManager: Mounting plugin ArchVisCharacter
LogPluginManager: Mounting plugin AudioCapture
LogPluginManager: Mounting plugin CableComponent
LogPluginManager: Mounting plugin CustomMeshComponent
LogPluginManager: Mounting plugin EditableMesh
LogPluginManager: Mounting plugin ExampleDeviceProfileSelector
LogPluginManager: Mounting plugin Firebase
LogPluginManager: Mounting plugin GoogleCloudMessaging
LogPluginManager: Mounting plugin IOSDeviceProfileSelector
LogPluginManager: Mounting plugin LinuxDeviceProfileSelector
LogPluginManager: Mounting plugin LocationServicesBPLibrary
LogPluginManager: Mounting plugin MobilePatchingUtils
LogPluginManager: Mounting plugin OculusVR
LogPluginManager: Mounting plugin PhysXVehicles
LogPluginManager: Mounting plugin ProceduralMeshComponent
LogPluginManager: Mounting plugin RuntimePhysXCooking
LogPluginManager: Mounting plugin SteamVR
LogPluginManager: Mounting plugin WebMMoviePlayer
LogPluginManager: Mounting plugin WindowsMoviePlayer
LogStreaming: Display: Took  0.093s to configure plugins.
LogInit: Using libcurl 7.55.1-DEV
LogInit:  - built for x86_64-pc-win32
LogInit:  - supports SSL with OpenSSL/1.0.2h
LogInit:  - supports HTTP deflate (compression) using libz 1.2.8
LogInit:  - other features:
LogInit:      CURL_VERSION_SSL
LogInit:      CURL_VERSION_LIBZ
LogInit:      CURL_VERSION_IPV6
LogInit:      CURL_VERSION_ASYNCHDNS
LogInit:      CURL_VERSION_LARGEFILE
LogInit:      CURL_VERSION_IDN
LogInit:  CurlRequestOptions (configurable via config and command line):
LogInit:  - bVerifyPeer = true  - Libcurl will verify peer certificate
LogInit:  - bUseHttpProxy = false  - Libcurl will NOT use HTTP proxy
LogInit:  - bDontReuseConnections = false  - Libcurl will reuse connections
LogInit:  - MaxHostConnections = 16  - Libcurl will limit the number of connections to a host
LogInit:  - LocalHostAddr = Default
LogInit:  - BufferSize = 65536
LogInit: WinSock: version 1.1 (2.2), MaxSocks=32767, MaxUdp=65467
LogInit: Build: ++UE4+Release-4.21-CL-4753647
LogInit: Engine Version: 4.21.2-4753647+++UE4+Release-4.21
LogInit: Compatible Engine Version: 4.21.0-4541578+++UE4+Release-4.21
LogInit: Net CL: 4541578
LogInit: OS: Windows 10 (), CPU: AMD Ryzen 9 3900X 12-Core Processor            , GPU: NVIDIA GeForce RTX 2070 SUPER
LogInit: Compiled (64-bit): Jan 19 2019 02:07:31
LogInit: Compiled with Visual C++: 19.13.26129.00
LogInit: Build Configuration: Development
LogInit: Branch Name: ++UE4+Release-4.21
LogInit: Command Line:  -skipcompile
LogInit: Base Directory: C:/Program Files/Epic Games/UE_4.21/Engine/Binaries/Win64/
LogInit: Installed Engine Build: 1
LogDevObjectVersion: Number of dev versions registered: 22
LogDevObjectVersion:   Dev-Blueprints (B0D832E4-1F89-4F0D-ACCF-7EB736FD4AA2): 10
LogDevObjectVersion:   Dev-Build (E1C64328-A22C-4D53-A36C-8E866417BD8C): 0
LogDevObjectVersion:   Dev-Core (375EC13C-06E4-48FB-B500-84F0262A717E): 2
LogDevObjectVersion:   Dev-Editor (E4B068ED-F494-42E9-A231-DA0B2E46BB41): 26
LogDevObjectVersion:   Dev-Framework (CFFC743F-43B0-4480-9391-14DF171D2073): 34
LogDevObjectVersion:   Dev-Mobile (B02B49B5-BB20-44E9-A304-32B752E40360): 2
LogDevObjectVersion:   Dev-Networking (A4E4105C-59A1-49B5-A7C5-40C4547EDFEE): 0
LogDevObjectVersion:   Dev-Online (39C831C9-5AE6-47DC-9A44-9C173E1C8E7C): 0
LogDevObjectVersion:   Dev-Physics (78F01B33-EBEA-4F98-B9B4-84EACCB95AA2): 0
LogDevObjectVersion:   Dev-Platform (6631380F-2D4D-43E0-8009-CF276956A95A): 0
LogDevObjectVersion:   Dev-Rendering (12F88B9F-8875-4AFC-A67C-D90C383ABD29): 27
LogDevObjectVersion:   Dev-Sequencer (7B5AE74C-D270-4C10-A958-57980B212A5A): 9
LogDevObjectVersion:   Dev-VR (D7296918-1DD6-4BDD-9DE2-64A83CC13884): 2
LogDevObjectVersion:   Dev-LoadTimes (C2A15278-BFE7-4AFE-6C17-90FF531DF755): 1
LogDevObjectVersion:   Private-Geometry (6EACA3D4-40EC-4CC1-B786-8BED09428FC5): 3
LogDevObjectVersion:   Dev-AnimPhys (29E575DD-E0A3-4627-9D10-D276232CDCEA): 17
LogDevObjectVersion:   Dev-Anim (AF43A65D-7FD3-4947-9873-3E8ED9C1BB05): 2
LogDevObjectVersion:   Dev-ReflectionCapture (6B266CEC-1EC7-4B8F-A30B-E4D90942FC07): 1
LogDevObjectVersion:   Dev-Automation (0DF73D61-A23F-47EA-B727-89E90C41499A): 1
LogDevObjectVersion:   FortniteMain (601D1886-AC64-4F84-AA16-D3DE0DEAC7D6): 17
LogDevObjectVersion:   Dev-Enterprise (9DFFBCD6-494F-0158-E221-12823C92A888): 4
LogDevObjectVersion:   Dev-Niagara (F2AED0AC-9AFE-416F-8664-AA7FFA26D6FC): 1
LogStreaming: Display: Took  0.003s to delete old logs.
LogInit: Presizing for max 8388607 objects, including 0 objects not considered by GC, pre-allocating 0 bytes for permanent pool.
LogInit: Object subsystem initialized
LogConfig: Setting CVar [[con.DebugEarlyDefault:1]]
LogConfig: Setting CVar [[r.setres:1280x720]]
[2020.11.08-21.44.51:660][  0]LogConfig: Setting CVar [[r.VSync:0]]
[2020.11.08-21.44.51:660][  0]LogConfig: Setting CVar [[r.RHICmdBypass:0]]
[2020.11.08-21.44.51:660][  0]LogConfig: Applying CVar settings from Section [/Script/Engine.RendererSettings] File [C:/Users/betha/Documents/GitHub/PhysicsSimulation/PhysicsSim_UE/Saved/Config/Windows/Engine.ini]
[2020.11.08-21.44.51:660][  0]LogConfig: Setting CVar [[r.GPUCrashDebugging:0]]
[2020.11.08-21.44.51:660][  0]LogConfig: Applying CVar settings from Section [/Script/Engine.RendererOverrideSettings] File [C:/Users/betha/Documents/GitHub/PhysicsSimulation/PhysicsSim_UE/Saved/Config/Windows/Engine.ini]
[2020.11.08-21.44.51:660][  0]LogConfig: Applying CVar settings from Section [/Script/Engine.StreamingSettings] File [C:/Users/betha/Documents/GitHub/PhysicsSimulation/PhysicsSim_UE/Saved/Config/Windows/Engine.ini]
[2020.11.08-21.44.51:660][  0]LogConfig: Setting CVar [[s.MinBulkDataSizeForAsyncLoading:131072]]
[2020.11.08-21.44.51:660][  0]LogConfig: Setting CVar [[s.AsyncLoadingThreadEnabled:0]]
[2020.11.08-21.44.51:660][  0]LogConfig: Setting CVar [[s.EventDrivenLoaderEnabled:1]]
[2020.11.08-21.44.51:660][  0]LogConfig: Setting CVar [[s.WarnIfTimeLimitExceeded:0]]
[2020.11.08-21.44.51:660][  0]LogConfig: Setting CVar [[s.TimeLimitExceededMultiplier:1.5]]
[2020.11.08-21.44.51:660][  0]LogConfig: Setting CVar [[s.TimeLimitExceededMinTime:0.005]]
[2020.11.08-21.44.51:660][  0]LogConfig: Setting CVar [[s.UseBackgroundLevelStreaming:1]]
[2020.11.08-21.44.51:660][  0]LogConfig: Setting CVar [[s.PriorityAsyncLoadingExtraTime:15.0]]
[2020.11.08-21.44.51:660][  0]LogConfig: Setting CVar [[s.LevelStreamingActorsUpdateTimeLimit:5.0]]
[2020.11.08-21.44.51:660][  0]LogConfig: Setting CVar [[s.PriorityLevelStreamingActorsUpdateExtraTime:5.0]]
[2020.11.08-21.44.51:660][  0]LogConfig: Setting CVar [[s.LevelStreamingComponentsRegistrationGranularity:10]]
[2020.11.08-21.44.51:661][  0]LogConfig: Setting CVar [[s.UnregisterComponentsTimeLimit:1.0]]
[2020.11.08-21.44.51:661][  0]LogConfig: Setting CVar [[s.LevelStreamingComponentsUnregistrationGranularity:5]]
[2020.11.08-21.44.51:661][  0]LogConfig: Applying CVar settings from Section [/Script/Engine.GarbageCollectionSettings] File [C:/Users/betha/Documents/GitHub/PhysicsSimulation/PhysicsSim_UE/Saved/Config/Windows/Engine.ini]
[2020.11.08-21.44.51:661][  0]LogConfig: Setting CVar [[gc.MaxObjectsNotConsideredByGC:1]]
[2020.11.08-21.44.51:661][  0]LogConfig: Setting CVar [[gc.SizeOfPermanentObjectPool:0]]
[2020.11.08-21.44.51:661][  0]LogConfig: Setting CVar [[gc.FlushStreamingOnGC:0]]
[2020.11.08-21.44.51:661][  0]LogConfig: Setting CVar [[gc.NumRetriesBeforeForcingGC:10]]
[2020.11.08-21.44.51:661][  0]LogConfig: Setting CVar [[gc.AllowParallelGC:1]]
[2020.11.08-21.44.51:661][  0]LogConfig: Setting CVar [[gc.TimeBetweenPurgingPendingKillObjects:61.1]]
[2020.11.08-21.44.51:661][  0]LogConfig: Setting CVar [[gc.MaxObjectsInEditor:8388607]]
[2020.11.08-21.44.51:661][  0]LogConfig: Setting CVar [[gc.IncrementalBeginDestroyEnabled:1]]
[2020.11.08-21.44.51:661][  0]LogConfig: Setting CVar [[gc.CreateGCClusters:1]]
[2020.11.08-21.44.51:661][  0]LogConfig: Setting CVar [[gc.MergeGCClusters:0]]
[2020.11.08-21.44.51:661][  0]LogConfig: Setting CVar [[gc.MinGCClusterSize:5]]
[2020.11.08-21.44.51:661][  0]LogConfig: Setting CVar [[gc.ActorClusteringEnabled:0]]
[2020.11.08-21.44.51:661][  0]LogConfig: Setting CVar [[gc.BlueprintClusteringEnabled:0]]
[2020.11.08-21.44.51:661][  0]LogConfig: Setting CVar [[gc.UseDisregardForGCOnDedicatedServers:0]]
[2020.11.08-21.44.51:661][  0]LogConfig: Applying CVar settings from Section [/Script/Engine.NetworkSettings] File [C:/Users/betha/Documents/GitHub/PhysicsSimulation/PhysicsSim_UE/Saved/Config/Windows/Engine.ini]
[2020.11.08-21.44.51:661][  0]LogConfig: Applying CVar settings from Section [/Script/UnrealEd.CookerSettings] File [C:/Users/betha/Documents/GitHub/PhysicsSimulation/PhysicsSim_UE/Saved/Config/Windows/Engine.ini]
[2020.11.08-21.44.51:667][  0]LogConfig: Applying CVar settings from Section [ViewDistanceQuality@3] File [C:/Users/betha/Documents/GitHub/PhysicsSimulation/PhysicsSim_UE/Saved/Config/Windows/Scalability.ini]
[2020.11.08-21.44.51:667][  0]LogConfig: Setting CVar [[r.SkeletalMeshLODBias:0]]
[2020.11.08-21.44.51:667][  0]LogConfig: Setting CVar [[r.ViewDistanceScale:1.0]]
[2020.11.08-21.44.51:667][  0]LogConfig: Applying CVar settings from Section [AntiAliasingQuality@3] File [C:/Users/betha/Documents/GitHub/PhysicsSimulation/PhysicsSim_UE/Saved/Config/Windows/Scalability.ini]
[2020.11.08-21.44.51:667][  0]LogConfig: Setting CVar [[r.PostProcessAAQuality:4]]
[2020.11.08-21.44.51:667][  0]LogConfig: Applying CVar settings from Section [ShadowQuality@3] File [C:/Users/betha/Documents/GitHub/PhysicsSimulation/PhysicsSim_UE/Saved/Config/Windows/Scalability.ini]
[2020.11.08-21.44.51:667][  0]LogConfig: Setting CVar [[r.LightFunctionQuality:1]]
[2020.11.08-21.44.51:667][  0]LogConfig: Setting CVar [[r.ShadowQuality:5]]
[2020.11.08-21.44.51:667][  0]LogConfig: Setting CVar [[r.Shadow.CSM.MaxCascades:10]]
[2020.11.08-21.44.51:668][  0]LogConfig: Setting CVar [[r.Shadow.MaxResolution:2048]]
[2020.11.08-21.44.51:668][  0]LogConfig: Setting CVar [[r.Shadow.MaxCSMResolution:2048]]
[2020.11.08-21.44.51:668][  0]LogConfig: Setting CVar [[r.Shadow.RadiusThreshold:0.01]]
[2020.11.08-21.44.51:668][  0]LogConfig: Setting CVar [[r.Shadow.DistanceScale:1.0]]
[2020.11.08-21.44.51:668][  0]LogConfig: Setting CVar [[r.Shadow.CSM.TransitionScale:1.0]]
[2020.11.08-21.44.51:668][  0]LogConfig: Setting CVar [[r.Shadow.PreShadowResolutionFactor:1.0]]
[2020.11.08-21.44.51:668][  0]LogConfig: Setting CVar [[r.DistanceFieldShadowing:1]]
[2020.11.08-21.44.51:668][  0]LogConfig: Setting CVar [[r.DistanceFieldAO:1]]
[2020.11.08-21.44.51:668][  0]LogConfig: Setting CVar [[r.AOQuality:2]]
[2020.11.08-21.44.51:668][  0]LogConfig: Setting CVar [[r.VolumetricFog:1]]
[2020.11.08-21.44.51:668][  0]LogConfig: Setting CVar [[r.VolumetricFog.GridPixelSize:8]]
[2020.11.08-21.44.51:668][  0]LogConfig: Setting CVar [[r.VolumetricFog.GridSizeZ:128]]
[2020.11.08-21.44.51:668][  0]LogConfig: Setting CVar [[r.VolumetricFog.HistoryMissSupersampleCount:4]]
[2020.11.08-21.44.51:668][  0]LogConfig: Setting CVar [[r.LightMaxDrawDistanceScale:1]]
[2020.11.08-21.44.51:668][  0]LogConfig: Setting CVar [[r.CapsuleShadows:1]]
[2020.11.08-21.44.51:668][  0]LogConfig: Applying CVar settings from Section [PostProcessQuality@3] File [C:/Users/betha/Documents/GitHub/PhysicsSimulation/PhysicsSim_UE/Saved/Config/Windows/Scalability.ini]
[2020.11.08-21.44.51:668][  0]LogConfig: Setting CVar [[r.MotionBlurQuality:4]]
[2020.11.08-21.44.51:668][  0]LogConfig: Setting CVar [[r.AmbientOcclusionMipLevelFactor:0.4]]
[2020.11.08-21.44.51:668][  0]LogConfig: Setting CVar [[r.AmbientOcclusionMaxQuality:100]]
[2020.11.08-21.44.51:669][  0]LogConfig: Setting CVar [[r.AmbientOcclusionLevels:-1]]
[2020.11.08-21.44.51:669][  0]LogConfig: Setting CVar [[r.AmbientOcclusionRadiusScale:1.0]]
[2020.11.08-21.44.51:669][  0]LogConfig: Setting CVar [[r.DepthOfFieldQuality:2]]
[2020.11.08-21.44.51:669][  0]LogConfig: Setting CVar [[r.RenderTargetPoolMin:400]]
[2020.11.08-21.44.51:669][  0]LogConfig: Setting CVar [[r.LensFlareQuality:2]]
[2020.11.08-21.44.51:669][  0]LogConfig: Setting CVar [[r.SceneColorFringeQuality:1]]
[2020.11.08-21.44.51:669][  0]LogConfig: Setting CVar [[r.EyeAdaptationQuality:2]]
[2020.11.08-21.44.51:669][  0]LogConfig: Setting CVar [[r.BloomQuality:5]]
[2020.11.08-21.44.51:669][  0]LogConfig: Setting CVar [[r.FastBlurThreshold:100]]
[2020.11.08-21.44.51:669][  0]LogConfig: Setting CVar [[r.Upscale.Quality:3]]
[2020.11.08-21.44.51:669][  0]LogConfig: Setting CVar [[r.Tonemapper.GrainQuantization:1]]
[2020.11.08-21.44.51:669][  0]LogConfig: Setting CVar [[r.LightShaftQuality:1]]
[2020.11.08-21.44.51:669][  0]LogConfig: Setting CVar [[r.Filter.SizeScale:1]]
[2020.11.08-21.44.51:669][  0]LogConfig: Setting CVar [[r.Tonemapper.Quality:5]]
[2020.11.08-21.44.51:669][  0]LogConfig: Setting CVar [[r.DOF.Gather.AccumulatorQuality:1        ; higher gathering accumulator quality]]
[2020.11.08-21.44.51:669][  0]LogConfig: Setting CVar [[r.DOF.Gather.PostfilterMethod:1          ; Median3x3 postfilering method]]
[2020.11.08-21.44.51:669][  0]LogConfig: Setting CVar [[r.DOF.Gather.EnableBokehSettings:0       ; no bokeh simulation when gathering]]
[2020.11.08-21.44.51:669][  0]LogConfig: Setting CVar [[r.DOF.Gather.RingCount:4                 ; medium number of samples when gathering]]
[2020.11.08-21.44.51:669][  0]LogConfig: Setting CVar [[r.DOF.Scatter.ForegroundCompositing:1    ; additive foreground scattering]]
[2020.11.08-21.44.51:669][  0]LogConfig: Setting CVar [[r.DOF.Scatter.BackgroundCompositing:2    ; additive background scattering]]
[2020.11.08-21.44.51:669][  0]LogConfig: Setting CVar [[r.DOF.Scatter.EnableBokehSettings:1      ; bokeh simulation when scattering]]
[2020.11.08-21.44.51:669][  0]LogConfig: Setting CVar [[r.DOF.Scatter.MaxSpriteRatio:0.1         ; only a maximum of 10% of scattered bokeh]]
[2020.11.08-21.44.51:670][  0]LogConfig: Setting CVar [[r.DOF.Recombine.Quality:1                ; cheap slight out of focus]]
[2020.11.08-21.44.51:670][  0]LogConfig: Setting CVar [[r.DOF.Recombine.EnableBokehSettings:0    ; no bokeh simulation on slight out of focus]]
[2020.11.08-21.44.51:670][  0]LogConfig: Setting CVar [[r.DOF.TemporalAAQuality:1                ; more stable temporal accumulation]]
[2020.11.08-21.44.51:670][  0]LogConfig: Setting CVar [[r.DOF.Kernel.MaxForegroundRadius:0.025]]
[2020.11.08-21.44.51:670][  0]LogConfig: Setting CVar [[r.DOF.Kernel.MaxBackgroundRadius:0.025]]
[2020.11.08-21.44.51:670][  0]LogConfig: Applying CVar settings from Section [TextureQuality@3] File [C:/Users/betha/Documents/GitHub/PhysicsSimulation/PhysicsSim_UE/Saved/Config/Windows/Scalability.ini]
[2020.11.08-21.44.51:670][  0]LogConfig: Setting CVar [[r.Streaming.MipBias:0]]
[2020.11.08-21.44.51:670][  0]LogConfig: Setting CVar [[r.Streaming.AmortizeCPUToGPUCopy:0]]
[2020.11.08-21.44.51:670][  0]LogConfig: Setting CVar [[r.Streaming.MaxNumTexturesToStreamPerFrame:0]]
[2020.11.08-21.44.51:670][  0]LogConfig: Setting CVar [[r.Streaming.Boost:1]]
[2020.11.08-21.44.51:670][  0]LogConfig: Setting CVar [[r.MaxAnisotropy:8]]
[2020.11.08-21.44.51:670][  0]LogConfig: Setting CVar [[r.Streaming.LimitPoolSizeToVRAM:0]]
[2020.11.08-21.44.51:670][  0]LogConfig: Setting CVar [[r.Streaming.PoolSize:1000]]
[2020.11.08-21.44.51:670][  0]LogConfig: Setting CVar [[r.Streaming.MaxEffectiveScreenSize:0]]
[2020.11.08-21.44.51:670][  0]LogConfig: Applying CVar settings from Section [EffectsQuality@3] File [C:/Users/betha/Documents/GitHub/PhysicsSimulation/PhysicsSim_UE/Saved/Config/Windows/Scalability.ini]
[2020.11.08-21.44.51:670][  0]LogConfig: Setting CVar [[r.TranslucencyLightingVolumeDim:64]]
[2020.11.08-21.44.51:670][  0]LogConfig: Setting CVar [[r.RefractionQuality:2]]
[2020.11.08-21.44.51:670][  0]LogConfig: Setting CVar [[r.SSR.Quality:3]]
[2020.11.08-21.44.51:671][  0]LogConfig: Setting CVar [[r.SceneColorFormat:4]]
[2020.11.08-21.44.51:671][  0]LogConfig: Setting CVar [[r.DetailMode:2]]
[2020.11.08-21.44.51:671][  0]LogConfig: Setting CVar [[r.TranslucencyVolumeBlur:1]]
[2020.11.08-21.44.51:671][  0]LogConfig: Setting CVar [[r.MaterialQualityLevel:1 ; High quality]]
[2020.11.08-21.44.51:671][  0]LogConfig: Setting CVar [[r.SSS.Scale:1]]
[2020.11.08-21.44.51:671][  0]LogConfig: Setting CVar [[r.SSS.SampleSet:2]]
[2020.11.08-21.44.51:671][  0]LogConfig: Setting CVar [[r.SSS.Quality:1]]
[2020.11.08-21.44.51:671][  0]LogConfig: Setting CVar [[r.SSS.HalfRes:1]]
[2020.11.08-21.44.51:671][  0]LogConfig: Setting CVar [[r.EmitterSpawnRateScale:1.0]]
[2020.11.08-21.44.51:671][  0]LogConfig: Setting CVar [[r.ParticleLightQuality:2]]
[2020.11.08-21.44.51:671][  0]LogConfig: Applying CVar settings from Section [FoliageQuality@3] File [C:/Users/betha/Documents/GitHub/PhysicsSimulation/PhysicsSim_UE/Saved/Config/Windows/Scalability.ini]
[2020.11.08-21.44.51:671][  0]LogConfig: Setting CVar [[foliage.DensityScale:1.0]]
[2020.11.08-21.44.51:671][  0]LogConfig: Setting CVar [[grass.DensityScale:1.0]]
[2020.11.08-21.44.51:671][  0]LogInit: Selected Device Profile: [Windows]
[2020.11.08-21.44.51:671][  0]LogInit: Applying CVar settings loaded from the selected device profile: [Windows]
[2020.11.08-21.44.51:679][  0]LogHAL: Display: Platform has ~ 32 GB [34295062528 / 34359738368 / 32], which maps to Largest [LargestMinGB=32, LargerMinGB=12, DefaultMinGB=8, SmallerMinGB=6, SmallestMinGB=0)
[2020.11.08-21.44.51:679][  0]LogConfig: Setting CVar [[r.Vulkan.UseRealUBs:1]]
[2020.11.08-21.44.51:679][  0]LogInit: Going up to parent DeviceProfile []
[2020.11.08-21.44.51:679][  0]LogConfig: Applying CVar settings from Section [ViewDistanceQuality@3] File [C:/Users/betha/Documents/GitHub/PhysicsSimulation/PhysicsSim_UE/Saved/Config/Windows/Scalability.ini]
[2020.11.08-21.44.51:679][  0]LogConfig: Setting CVar [[r.SkeletalMeshLODBias:0]]
[2020.11.08-21.44.51:679][  0]LogConfig: Setting CVar [[r.ViewDistanceScale:1.0]]
[2020.11.08-21.44.51:679][  0]LogConfig: Applying CVar settings from Section [AntiAliasingQuality@3] File [C:/Users/betha/Documents/GitHub/PhysicsSimulation/PhysicsSim_UE/Saved/Config/Windows/Scalability.ini]
[2020.11.08-21.44.51:679][  0]LogConfig: Setting CVar [[r.PostProcessAAQuality:4]]
[2020.11.08-21.44.51:679][  0]LogConfig: Applying CVar settings from Section [ShadowQuality@3] File [C:/Users/betha/Documents/GitHub/PhysicsSimulation/PhysicsSim_UE/Saved/Config/Windows/Scalability.ini]
[2020.11.08-21.44.51:679][  0]LogConfig: Setting CVar [[r.LightFunctionQuality:1]]
[2020.11.08-21.44.51:679][  0]LogConfig: Setting CVar [[r.ShadowQuality:5]]
[2020.11.08-21.44.51:679][  0]LogConfig: Setting CVar [[r.Shadow.CSM.MaxCascades:10]]
[2020.11.08-21.44.51:679][  0]LogConfig: Setting CVar [[r.Shadow.MaxResolution:2048]]
[2020.11.08-21.44.51:679][  0]LogConfig: Setting CVar [[r.Shadow.MaxCSMResolution:2048]]
[2020.11.08-21.44.51:679][  0]LogConfig: Setting CVar [[r.Shadow.RadiusThreshold:0.01]]
[2020.11.08-21.44.51:679][  0]LogConfig: Setting CVar [[r.Shadow.DistanceScale:1.0]]
[2020.11.08-21.44.51:679][  0]LogConfig: Setting CVar [[r.Shadow.CSM.TransitionScale:1.0]]
[2020.11.08-21.44.51:680][  0]LogConfig: Setting CVar [[r.Shadow.PreShadowResolutionFactor:1.0]]
[2020.11.08-21.44.51:680][  0]LogConfig: Setting CVar [[r.DistanceFieldShadowing:1]]
[2020.11.08-21.44.51:680][  0]LogConfig: Setting CVar [[r.DistanceFieldAO:1]]
[2020.11.08-21.44.51:680][  0]LogConfig: Setting CVar [[r.AOQuality:2]]
[2020.11.08-21.44.51:680][  0]LogConfig: Setting CVar [[r.VolumetricFog:1]]
[2020.11.08-21.44.51:680][  0]LogConfig: Setting CVar [[r.VolumetricFog.GridPixelSize:8]]
[2020.11.08-21.44.51:680][  0]LogConfig: Setting CVar [[r.VolumetricFog.GridSizeZ:128]]
[2020.11.08-21.44.51:680][  0]LogConfig: Setting CVar [[r.VolumetricFog.HistoryMissSupersampleCount:4]]
[2020.11.08-21.44.51:680][  0]LogConfig: Setting CVar [[r.LightMaxDrawDistanceScale:1]]
[2020.11.08-21.44.51:680][  0]LogConfig: Setting CVar [[r.CapsuleShadows:1]]
[2020.11.08-21.44.51:680][  0]LogConfig: Applying CVar settings from Section [PostProcessQuality@3] File [C:/Users/betha/Documents/GitHub/PhysicsSimulation/PhysicsSim_UE/Saved/Config/Windows/Scalability.ini]
[2020.11.08-21.44.51:680][  0]LogConfig: Setting CVar [[r.MotionBlurQuality:4]]
[2020.11.08-21.44.51:680][  0]LogConfig: Setting CVar [[r.AmbientOcclusionMipLevelFactor:0.4]]
[2020.11.08-21.44.51:680][  0]LogConfig: Setting CVar [[r.AmbientOcclusionMaxQuality:100]]
[2020.11.08-21.44.51:680][  0]LogConfig: Setting CVar [[r.AmbientOcclusionLevels:-1]]
[2020.11.08-21.44.51:680][  0]LogConfig: Setting CVar [[r.AmbientOcclusionRadiusScale:1.0]]
[2020.11.08-21.44.51:680][  0]LogConfig: Setting CVar [[r.DepthOfFieldQuality:2]]
[2020.11.08-21.44.51:681][  0]LogConfig: Setting CVar [[r.RenderTargetPoolMin:400]]
[2020.11.08-21.44.51:681][  0]LogConfig: Setting CVar [[r.LensFlareQuality:2]]
[2020.11.08-21.44.51:681][  0]LogConfig: Setting CVar [[r.SceneColorFringeQuality:1]]
[2020.11.08-21.44.51:681][  0]LogConfig: Setting CVar [[r.EyeAdaptationQuality:2]]
[2020.11.08-21.44.51:681][  0]LogConfig: Setting CVar [[r.BloomQuality:5]]
[2020.11.08-21.44.51:681][  0]LogConfig: Setting CVar [[r.FastBlurThreshold:100]]
[2020.11.08-21.44.51:681][  0]LogConfig: Setting CVar [[r.Upscale.Quality:3]]
[2020.11.08-21.44.51:681][  0]LogConfig: Setting CVar [[r.Tonemapper.GrainQuantization:1]]
[2020.11.08-21.44.51:681][  0]LogConfig: Setting CVar [[r.LightShaftQuality:1]]
[2020.11.08-21.44.51:681][  0]LogConfig: Setting CVar [[r.Filter.SizeScale:1]]
[2020.11.08-21.44.51:681][  0]LogConfig: Setting CVar [[r.Tonemapper.Quality:5]]
[2020.11.08-21.44.51:681][  0]LogConfig: Setting CVar [[r.DOF.Gather.AccumulatorQuality:1        ; higher gathering accumulator quality]]
[2020.11.08-21.44.51:681][  0]LogConfig: Setting CVar [[r.DOF.Gather.PostfilterMethod:1          ; Median3x3 postfilering method]]
[2020.11.08-21.44.51:681][  0]LogConfig: Setting CVar [[r.DOF.Gather.EnableBokehSettings:0       ; no bokeh simulation when gathering]]
[2020.11.08-21.44.51:681][  0]LogConfig: Setting CVar [[r.DOF.Gather.RingCount:4                 ; medium number of samples when gathering]]
[2020.11.08-21.44.51:681][  0]LogConfig: Setting CVar [[r.DOF.Scatter.ForegroundCompositing:1    ; additive foreground scattering]]
[2020.11.08-21.44.51:681][  0]LogConfig: Setting CVar [[r.DOF.Scatter.BackgroundCompositing:2    ; additive background scattering]]
[2020.11.08-21.44.51:681][  0]LogConfig: Setting CVar [[r.DOF.Scatter.EnableBokehSettings:1      ; bokeh simulation when scattering]]
[2020.11.08-21.44.51:681][  0]LogConfig: Setting CVar [[r.DOF.Scatter.MaxSpriteRatio:0.1         ; only a maximum of 10% of scattered bokeh]]
[2020.11.08-21.44.51:681][  0]LogConfig: Setting CVar [[r.DOF.Recombine.Quality:1                ; cheap slight out of focus]]
[2020.11.08-21.44.51:681][  0]LogConfig: Setting CVar [[r.DOF.Recombine.EnableBokehSettings:0    ; no bokeh simulation on slight out of focus]]
[2020.11.08-21.44.51:682][  0]LogConfig: Setting CVar [[r.DOF.TemporalAAQuality:1                ; more stable temporal accumulation]]
[2020.11.08-21.44.51:682][  0]LogConfig: Setting CVar [[r.DOF.Kernel.MaxForegroundRadius:0.025]]
[2020.11.08-21.44.51:682][  0]LogConfig: Setting CVar [[r.DOF.Kernel.MaxBackgroundRadius:0.025]]
[2020.11.08-21.44.51:682][  0]LogConfig: Applying CVar settings from Section [TextureQuality@3] File [C:/Users/betha/Documents/GitHub/PhysicsSimulation/PhysicsSim_UE/Saved/Config/Windows/Scalability.ini]
[2020.11.08-21.44.51:682][  0]LogConfig: Setting CVar [[r.Streaming.MipBias:0]]
[2020.11.08-21.44.51:682][  0]LogConfig: Setting CVar [[r.Streaming.AmortizeCPUToGPUCopy:0]]
[2020.11.08-21.44.51:682][  0]LogConfig: Setting CVar [[r.Streaming.MaxNumTexturesToStreamPerFrame:0]]
[2020.11.08-21.44.51:682][  0]LogConfig: Setting CVar [[r.Streaming.Boost:1]]
[2020.11.08-21.44.51:682][  0]LogConfig: Setting CVar [[r.MaxAnisotropy:8]]
[2020.11.08-21.44.51:682][  0]LogConfig: Setting CVar [[r.Streaming.LimitPoolSizeToVRAM:0]]
[2020.11.08-21.44.51:682][  0]LogConfig: Setting CVar [[r.Streaming.PoolSize:1000]]
[2020.11.08-21.44.51:682][  0]LogConfig: Setting CVar [[r.Streaming.MaxEffectiveScreenSize:0]]
[2020.11.08-21.44.51:682][  0]LogConfig: Applying CVar settings from Section [EffectsQuality@3] File [C:/Users/betha/Documents/GitHub/PhysicsSimulation/PhysicsSim_UE/Saved/Config/Windows/Scalability.ini]
[2020.11.08-21.44.51:682][  0]LogConfig: Setting CVar [[r.TranslucencyLightingVolumeDim:64]]
[2020.11.08-21.44.51:682][  0]LogConfig: Setting CVar [[r.RefractionQuality:2]]
[2020.11.08-21.44.51:682][  0]LogConfig: Setting CVar [[r.SSR.Quality:3]]
[2020.11.08-21.44.51:682][  0]LogConfig: Setting CVar [[r.SceneColorFormat:4]]
[2020.11.08-21.44.51:682][  0]LogConfig: Setting CVar [[r.DetailMode:2]]
[2020.11.08-21.44.51:682][  0]LogConfig: Setting CVar [[r.TranslucencyVolumeBlur:1]]
[2020.11.08-21.44.51:682][  0]LogConfig: Setting CVar [[r.MaterialQualityLevel:1 ; High quality]]
[2020.11.08-21.44.51:682][  0]LogConfig: Setting CVar [[r.SSS.Scale:1]]
[2020.11.08-21.44.51:682][  0]LogConfig: Setting CVar [[r.SSS.SampleSet:2]]
[2020.11.08-21.44.51:683][  0]LogConfig: Setting CVar [[r.SSS.Quality:1]]
[2020.11.08-21.44.51:683][  0]LogConfig: Setting CVar [[r.SSS.HalfRes:1]]
[2020.11.08-21.44.51:683][  0]LogConfig: Setting CVar [[r.EmitterSpawnRateScale:1.0]]
[2020.11.08-21.44.51:683][  0]LogConfig: Setting CVar [[r.ParticleLightQuality:2]]
[2020.11.08-21.44.51:683][  0]LogConfig: Applying CVar settings from Section [FoliageQuality@3] File [C:/Users/betha/Documents/GitHub/PhysicsSimulation/PhysicsSim_UE/Saved/Config/Windows/Scalability.ini]
[2020.11.08-21.44.51:683][  0]LogConfig: Setting CVar [[foliage.DensityScale:1.0]]
[2020.11.08-21.44.51:683][  0]LogConfig: Setting CVar [[grass.DensityScale:1.0]]
[2020.11.08-21.44.51:683][  0]LogConfig: Applying CVar settings from Section [Startup] File [../../../Engine/Config/ConsoleVariables.ini]
[2020.11.08-21.44.51:683][  0]LogConfig: Setting CVar [[net.UseAdaptiveNetUpdateFrequency:0]]
[2020.11.08-21.44.51:683][  0]LogConfig: Applying CVar settings from Section [ConsoleVariables] File [C:/Users/betha/Documents/GitHub/PhysicsSimulation/PhysicsSim_UE/Saved/Config/Windows/Engine.ini]
[2020.11.08-21.44.51:683][  0]LogInit: Computer: KITTYJELLYSBEAS
[2020.11.08-21.44.51:683][  0]LogInit: User: bethan
[2020.11.08-21.44.51:683][  0]LogInit: CPU Page size=4096, Cores=12
[2020.11.08-21.44.51:683][  0]LogInit: High frequency timer resolution =10.000000 MHz
[2020.11.08-21.44.51:684][  0]LogMemory: Memory total: Physical=31.9GB (32GB approx)
[2020.11.08-21.44.51:684][  0]LogMemory: Platform Memory Stats for Windows
[2020.11.08-21.44.51:684][  0]LogMemory: Process Physical Memory: 106.90 MB used, 106.91 MB peak
[2020.11.08-21.44.51:684][  0]LogMemory: Process Virtual Memory: 91.00 MB used, 91.00 MB peak
[2020.11.08-21.44.51:684][  0]LogMemory: Physical Memory: 8576.88 MB used,  24129.44 MB free, 32706.32 MB total
[2020.11.08-21.44.51:684][  0]LogMemory: Virtual Memory: 4703.02 MB used,  134213024.00 MB free, 134217728.00 MB total
[2020.11.08-21.44.51:755][  0]LogInit: Using OS detected language (en-GB).
[2020.11.08-21.44.51:755][  0]LogInit: Using OS detected locale (en-GB).
[2020.11.08-21.44.51:756][  0]LogTextLocalizationManager: No specific localization for 'en-GB' exists, so the 'en' localization will be used.
[2020.11.08-21.44.52:056][  0]LogStreaming: Display: Took  0.301s to InitEngineTextLocalization.
[2020.11.08-21.44.52:057][  0]LogInit: Setting process to per monitor DPI aware
[2020.11.08-21.44.52:094][  0]LogSlate: New Slate User Created.  User Index 0, Is Virtual User: 0
[2020.11.08-21.44.52:094][  0]LogSlate: Slate User Registered.  User Index 0, Is Virtual User: 0
[2020.11.08-21.44.52:264][  0]LogHMD: Failed to initialize OpenVR with code 110
[2020.11.08-21.44.52:265][  0]LogD3D11RHI: D3D11 adapters:
[2020.11.08-21.44.52:368][  0]LogD3D11RHI:    0. 'NVIDIA GeForce RTX 2070 SUPER' (Feature Level 11_0)
[2020.11.08-21.44.52:368][  0]LogD3D11RHI:       8011/0/16353 MB DedicatedVideo/DedicatedSystem/SharedSystem, Outputs:2, VendorId:0x10de
[2020.11.08-21.44.52:374][  0]LogD3D11RHI:    1. 'Microsoft Basic Render Driver' (Feature Level 11_0)
[2020.11.08-21.44.52:374][  0]LogD3D11RHI:       0/0/16353 MB DedicatedVideo/DedicatedSystem/SharedSystem, Outputs:0, VendorId:0x1414
[2020.11.08-21.44.52:374][  0]LogD3D11RHI: Chosen D3D11 Adapter: 0
[2020.11.08-21.44.52:382][  0]LogD3D11RHI: Creating new Direct3DDevice
[2020.11.08-21.44.52:382][  0]LogD3D11RHI:     GPU DeviceId: 0x1e84 (for the marketing name, search the web for "GPU Device Id")
[2020.11.08-21.44.52:382][  0]LogWindows: EnumDisplayDevices:
[2020.11.08-21.44.52:382][  0]LogWindows:    0. 'NVIDIA GeForce RTX 2070 SUPER' (P:0 D:1)
[2020.11.08-21.44.52:383][  0]LogWindows:    1. 'NVIDIA GeForce RTX 2070 SUPER' (P:1 D:1)
[2020.11.08-21.44.52:383][  0]LogWindows:    2. 'NVIDIA GeForce RTX 2070 SUPER' (P:0 D:0)
[2020.11.08-21.44.52:383][  0]LogWindows:    3. 'NVIDIA GeForce RTX 2070 SUPER' (P:0 D:0)
[2020.11.08-21.44.52:383][  0]LogWindows: DebugString: FoundDriverCount:4 
[2020.11.08-21.44.52:383][  0]LogD3D11RHI:     Adapter Name: NVIDIA GeForce RTX 2070 SUPER
[2020.11.08-21.44.52:383][  0]LogD3D11RHI:   Driver Version: 451.48 (internal:27.21.14.5148, unified:451.48)
[2020.11.08-21.44.52:383][  0]LogD3D11RHI:      Driver Date: 6-21-2020
[2020.11.08-21.44.52:383][  0]LogRHI: Texture pool is 5607 MB (70% of 8011 MB)
[2020.11.08-21.44.52:452][  0]LogD3D11RHI: Async texture creation enabled
[2020.11.08-21.44.52:462][  0]LogD3D11RHI: GPU Timing Frequency: 1000.000000 (Debug: 2 1)
[2020.11.08-21.44.52:679][  0]LogTemp: Display: Loaded TP AllDesktopTargetPlatform
[2020.11.08-21.44.52:691][  0]LogTemp: Display: Loaded TP MacClientTargetPlatform
[2020.11.08-21.44.52:704][  0]LogTemp: Display: Loaded TP MacNoEditorTargetPlatform
[2020.11.08-21.44.52:717][  0]LogTemp: Display: Loaded TP MacServerTargetPlatform
[2020.11.08-21.44.52:730][  0]LogTemp: Display: Loaded TP MacTargetPlatform
[2020.11.08-21.44.52:743][  0]LogTemp: Display: Loaded TP WindowsClientTargetPlatform
[2020.11.08-21.44.52:755][  0]LogTemp: Display: Loaded TP WindowsNoEditorTargetPlatform
[2020.11.08-21.44.52:767][  0]LogTemp: Display: Loaded TP WindowsServerTargetPlatform
[2020.11.08-21.44.52:774][  0]LogTemp: Display: Loaded TP WindowsTargetPlatform
[2020.11.08-21.44.52:841][  0]LogTemp: Display: Loaded TP AndroidTargetPlatform
[2020.11.08-21.44.52:842][  0]LogTemp: Display: Loaded TP AndroidTargetPlatform
[2020.11.08-21.44.52:842][  0]LogTemp: Display: Loaded TP AndroidTargetPlatform
[2020.11.08-21.44.52:842][  0]LogTemp: Display: Loaded TP AndroidTargetPlatform
[2020.11.08-21.44.52:842][  0]LogTemp: Display: Loaded TP AndroidTargetPlatform
[2020.11.08-21.44.52:842][  0]LogTemp: Display: Loaded TP AndroidTargetPlatform
[2020.11.08-21.44.52:842][  0]LogTemp: Display: Loaded TP AndroidTargetPlatform
[2020.11.08-21.44.52:842][  0]LogTemp: Display: Loaded TP AndroidTargetPlatform
[2020.11.08-21.44.52:842][  0]LogTemp: Display: Loaded TP AndroidTargetPlatform
[2020.11.08-21.44.52:842][  0]LogTemp: Display: Loaded TP AndroidTargetPlatform
[2020.11.08-21.44.52:842][  0]LogTemp: Display: Loaded TP AndroidTargetPlatform
[2020.11.08-21.44.52:842][  0]LogTemp: Display: Loaded TP AndroidTargetPlatform
[2020.11.08-21.44.52:842][  0]LogTemp: Display: Loaded TP AndroidTargetPlatform
[2020.11.08-21.44.52:842][  0]LogTemp: Display: Loaded TP AndroidTargetPlatform
[2020.11.08-21.44.52:842][  0]LogTemp: Display: Loaded TP AndroidTargetPlatform
[2020.11.08-21.44.52:842][  0]LogTemp: Display: Loaded TP AndroidTargetPlatform
[2020.11.08-21.44.52:842][  0]LogTemp: Display: Loaded TP AndroidTargetPlatform
[2020.11.08-21.44.52:842][  0]LogTemp: Display: Loaded TP AndroidTargetPlatform
[2020.11.08-21.44.52:845][  0]LogTemp: Display: Loaded TP HTML5TargetPlatform
[2020.11.08-21.44.52:905][  0]LogTemp: Display: Loaded TP IOSTargetPlatform
[2020.11.08-21.44.52:905][  0]LogTemp: Display: Loaded TP IOSTargetPlatform
[2020.11.08-21.44.52:926][  0]LogTemp: Display: Loaded TP TVOSTargetPlatform
[2020.11.08-21.44.52:926][  0]LogTemp: Display: Loaded TP TVOSTargetPlatform
[2020.11.08-21.44.52:938][  0]LogTemp: Display: Loaded TP LinuxClientTargetPlatform
[2020.11.08-21.44.52:950][  0]LogTemp: Display: Loaded TP LinuxNoEditorTargetPlatform
[2020.11.08-21.44.52:961][  0]LogTemp: Display: Loaded TP LinuxServerTargetPlatform
[2020.11.08-21.44.52:974][  0]LogTemp: Display: Loaded TP LinuxTargetPlatform
[2020.11.08-21.44.53:012][  0]LogTemp: Display: Loaded TP LuminTargetPlatform
[2020.11.08-21.44.53:012][  0]LogTemp: Display: Loaded TP LuminTargetPlatform
[2020.11.08-21.44.53:013][  0]LogTargetPlatformManager: Display: Building Assets For Windows
[2020.11.08-21.44.53:085][  0]LogShaderCompilers: Guid format shader working directory is -33 characters bigger than the processId version (../../../../../../Users/betha/Documents/GitHub/PhysicsSimulation/PhysicsSim_UE/Intermediate/Shaders/WorkingDirectory/15332/).
[2020.11.08-21.44.53:085][  0]LogShaderCompilers: Cleaned the shader compiler working directory 'C:/Users/betha/AppData/Local/Temp/UnrealShaderWorkingDir/2A27E9CE471A345B709450B7D78F0301/'.
[2020.11.08-21.44.53:087][  0]LogXGEController: Cleaning working directory: C:/Users/betha/AppData/Local/Temp/UnrealXGEWorkingDir/
[2020.11.08-21.44.53:087][  0]LogXGEController: Cannot use XGE Controller as Incredibuild is not installed on this machine.
[2020.11.08-21.44.53:087][  0]LogShaderCompilers: Cannot use XGE Shader Compiler as Incredibuild is not installed on this machine.
[2020.11.08-21.44.53:087][  0]LogShaderCompilers: Display: Using Local Shader Compiler.
[2020.11.08-21.44.53:508][  0]LogDerivedDataCache: Display: Max Cache Size: 512 MB
[2020.11.08-21.44.53:542][  0]LogDerivedDataCache: Loaded boot cache 0.03s 71MB C:/Users/betha/AppData/Local/UnrealEngine/4.21/DerivedDataCache/Boot.ddc.
[2020.11.08-21.44.53:542][  0]LogDerivedDataCache: Display: Loaded Boot cache: C:/Users/betha/AppData/Local/UnrealEngine/4.21/DerivedDataCache/Boot.ddc
[2020.11.08-21.44.53:542][  0]LogDerivedDataCache: FDerivedDataBackendGraph:  Pak pak cache file ../../../../../../Users/betha/Documents/GitHub/PhysicsSimulation/PhysicsSim_UE/DerivedDataCache/DDC.ddp not found, will not use a pak cache.
[2020.11.08-21.44.53:542][  0]LogDerivedDataCache: Unable to find inner node Pak for hierarchical cache Hierarchy.
[2020.11.08-21.44.53:542][  0]LogDerivedDataCache: FDerivedDataBackendGraph:  CompressedPak pak cache file ../../../../../../Users/betha/Documents/GitHub/PhysicsSimulation/PhysicsSim_UE/DerivedDataCache/Compressed.ddp not found, will not use a pak cache.
[2020.11.08-21.44.53:543][  0]LogDerivedDataCache: Unable to find inner node CompressedPak for hierarchical cache Hierarchy.
[2020.11.08-21.44.53:558][  0]LogDerivedDataCache: Display: Pak cache opened for reading ../../../Engine/DerivedDataCache/Compressed.ddp.
[2020.11.08-21.44.53:559][  0]LogDerivedDataCache: FDerivedDataBackendGraph:  EnterprisePak pak cache file ../../../Enterprise/DerivedDataCache/Compressed.ddp not found, will not use a pak cache.
[2020.11.08-21.44.53:559][  0]LogDerivedDataCache: Unable to find inner node EnterprisePak for hierarchical cache Hierarchy.
[2020.11.08-21.44.53:571][  0]LogDerivedDataCache: Using Local data cache path C:/Users/betha/AppData/Local/UnrealEngine/Common/DerivedDataCache: Writable
[2020.11.08-21.44.53:571][  0]LogDerivedDataCache: Shared data cache path not found in *engine.ini, will not use an Shared cache.
[2020.11.08-21.44.53:571][  0]LogDerivedDataCache: Unable to find inner node Shared for hierarchical cache Hierarchy.
[2020.11.08-21.44.53:590][  0]LogMaterial: Verifying Global Shaders for PCD3D_SM5
[2020.11.08-21.44.53:591][  0]LogSlate: Using FreeType 2.6.0
[2020.11.08-21.44.53:591][  0]LogSlate: SlateFontServices - WITH_FREETYPE: 1, WITH_HARFBUZZ: 1
[2020.11.08-21.44.53:667][  0]LogAssetRegistry: FAssetRegistry took 0.0327 seconds to start up
[2020.11.08-21.44.53:940][  0]LogInit: Selected Device Profile: [Windows]
[2020.11.08-21.44.54:064][  0]LogSimplygon: Simplygon DLL not present - disabling.
[2020.11.08-21.44.54:069][  0]LogMeshReduction: Using SimplygonSwarm for distributed automatic mesh merging
[2020.11.08-21.44.54:069][  0]LogMeshReduction: Using ProxyLODMeshReduction for automatic mesh merging
[2020.11.08-21.44.54:069][  0]LogMeshReduction: Using QuadricMeshReduction for automatic static mesh reduction
[2020.11.08-21.44.54:069][  0]LogMeshReduction: No automatic skeletal mesh reduction module available
[2020.11.08-21.44.54:079][  0]LogNetVersion: PhysicsSim_UE 1.0.0, NetCL: 4541578, EngineNetVer: 5, GameNetVer: 0 (Checksum: 1207201185)
[2020.11.08-21.44.54:447][  0]LogPackageLocalizationCache: Processed 11 localized package path(s) for 2 prioritized culture(s) in 0.050705 seconds
[2020.11.08-21.44.54:452][  0]LogUObjectArray: 39775 objects as part of root set at end of initial load.
[2020.11.08-21.44.54:452][  0]LogUObjectAllocator: 6914664 out of 0 bytes used by permanent object pool.
[2020.11.08-21.44.54:452][  0]LogUObjectArray: CloseDisregardForGC: 0/0 objects in disregard for GC pool
[2020.11.08-21.44.55:189][  0]LogTcpMessaging: Initializing TcpMessaging bridge
[2020.11.08-21.44.55:204][  0]LogUdpMessaging: Initializing bridge on interface 0.0.0.0:0 to multicast group 230.0.0.1:6666.
[2020.11.08-21.44.57:623][  0]SourceControl: Source control is disabled
[2020.11.08-21.44.57:623][  0]SourceControl: Source control is disabled
[2020.11.08-21.44.57:625][  0]SourceControl: Source control is disabled
[2020.11.08-21.44.57:627][  0]SourceControl: Source control is disabled
[2020.11.08-21.44.57:815][  0]LogAndroidPermission: UAndroidPermissionCallbackProxy::GetInstance
[2020.11.08-21.44.57:913][  0]LogOcInput: OculusInput pre-init called
[2020.11.08-21.44.58:042][  0]LogEngine: Initializing Engine...
[2020.11.08-21.44.58:043][  0]LogHMD: Failed to initialize OpenVR with code 110
[2020.11.08-21.44.58:044][  0]LogStats: UGameplayTagsManager::ConstructGameplayTagTree: ImportINI prefixes -  0.000 s
[2020.11.08-21.44.58:044][  0]LogStats: UGameplayTagsManager::ConstructGameplayTagTree: Construct from data asset -  0.000 s
[2020.11.08-21.44.58:044][  0]LogStats: UGameplayTagsManager::ConstructGameplayTagTree: ImportINI -  0.000 s
[2020.11.08-21.44.58:044][  0]LogStats: UGameplayTagsManager::ConstructGameplayTagTree: GameplayTagTreeChangedEvent.Broadcast -  0.000 s
[2020.11.08-21.44.58:208][  0]LogInit: Initializing FReadOnlyCVARCache
[2020.11.08-21.44.58:221][  0]LogAIModule: Creating AISystem for world Untitled
[2020.11.08-21.44.58:237][  0]LogInit: XAudio2 using 'Speakers (USB Audio Device)' : 2 channels at 48 kHz using 16 bits per sample (channel mask 0x3)
[2020.11.08-21.44.58:257][  0]LogInit: FAudioDevice initialized.
[2020.11.08-21.44.58:258][  0]LogNetVersion: Set ProjectVersion to 1.0.0.0. Version Checksum will be recalculated on next use.
[2020.11.08-21.44.58:783][  0]LogDerivedDataCache: Saved boot cache 0.53s 71MB C:/Users/betha/AppData/Local/UnrealEngine/4.21/DerivedDataCache/Boot.ddc.
[2020.11.08-21.44.58:783][  0]LogInit: Texture streaming: Enabled
[2020.11.08-21.44.58:802][  0]LogEngineSessionManager: EngineSessionManager initialized
[2020.11.08-21.44.58:809][  0]LogInit: Transaction tracking system initialized
[2020.11.08-21.44.58:831][  0]BlueprintLog: New page: Editor Load
[2020.11.08-21.44.58:909][  0]LocalizationService: Localization service is disabled
[2020.11.08-21.44.58:969][  0]LogConfig: Warning: Failed to saved backup for config[../../../../../../Users/betha/Documents/GitHub/PhysicsSimulation/PhysicsSim_UE/Intermediate/Config/CoalescedSourceConfigs/Engine.ini]
[2020.11.08-21.44.59:260][  0]LogFileCache: Scanning file cache for directory 'C:/Users/betha/Documents/GitHub/PhysicsSimulation/PhysicsSim_UE/Content/' took 0.01s
[2020.11.08-21.44.59:260][  0]LogCook: Display: Max memory allowance for cook 16384mb min free memory 0mb
[2020.11.08-21.44.59:260][  0]LogCook: Display: Mobile HDR setting 1
[2020.11.08-21.44.59:260][  0]LogGameplayTags: Display: UGameplayTagsManager::DoneAddingNativeTags. DelegateIsBound: 0
[2020.11.08-21.44.59:260][  0]LogStats: UGameplayTagsManager::ConstructGameplayTagTree: ImportINI prefixes -  0.000 s
[2020.11.08-21.44.59:260][  0]LogStats: UGameplayTagsManager::ConstructGameplayTagTree: Construct from data asset -  0.000 s
[2020.11.08-21.44.59:260][  0]LogStats: UGameplayTagsManager::ConstructGameplayTagTree: ImportINI -  0.000 s
[2020.11.08-21.44.59:260][  0]LogStats: UGameplayTagsManager::ConstructGameplayTagTree: GameplayTagTreeChangedEvent.Broadcast -  0.000 s
[2020.11.08-21.44.59:395][  0]SourceControl: Source control is disabled
[2020.11.08-21.44.59:395][  0]Cmd: MAP LOAD FILE="../../../../../../Users/betha/Documents/GitHub/PhysicsSimulation/PhysicsSim_UE/Content/StarterContent/Maps/Minimal_Default.umap" TEMPLATE=0 SHOWPROGRESS=1 FEATURELEVEL=3
[2020.11.08-21.44.59:395][  0]LightingResults: New page: Lighting Build
[2020.11.08-21.44.59:398][  0]MapCheck: New page: Map Check
[2020.11.08-21.44.59:398][  0]LightingResults: New page: Lighting Build
[2020.11.08-21.44.59:566][  0]LogAIModule: Creating AISystem for world Minimal_Default
[2020.11.08-21.44.59:569][  0]LogActorComponent: RegisterComponentWithWorld: (/Game/StarterContent/Maps/Minimal_Default.Minimal_Default:PersistentLevel.NewtonBall_1.N_Ball_Mesh) Trying to register component with IsPendingKill() == true. Aborting.
[2020.11.08-21.44.59:576][  0]LogEditorServer: Finished looking for orphan Actors (0.000 secs)
[2020.11.08-21.44.59:601][  0]Cmd: MAP CHECKDEP NOCLEARLOG
[2020.11.08-21.44.59:601][  0]MapCheck: Map check complete: 0 Error(s), 0 Warning(s), took 0.189ms to complete.
[2020.11.08-21.44.59:601][  0]LogFileHelpers: Loading map 'Minimal_Default' took 0.206
[2020.11.08-21.44.59:701][  0]LogSlate: Updating window title bar state: overlay mode, drag disabled, window buttons hidden, title bar hidden
[2020.11.08-21.44.59:707][  0]LogSlate: Updating window title bar state: overlay mode, drag disabled, window buttons hidden, title bar hidden
[2020.11.08-21.44.59:713][  0]LogSlate: Updating window title bar state: overlay mode, drag disabled, window buttons hidden, title bar hidden
[2020.11.08-21.44.59:718][  0]LogSlate: Updating window title bar state: overlay mode, drag disabled, window buttons hidden, title bar hidden
[2020.11.08-21.44.59:725][  0]LogCollectionManager: Loaded 0 collections in 0.001207 seconds
[2020.11.08-21.44.59:765][  0]LogFileCache: Scanning file cache for directory 'C:/Users/betha/Documents/GitHub/PhysicsSimulation/PhysicsSim_UE/Saved/Collections/' took 0.01s
[2020.11.08-21.44.59:765][  0]LogFileCache: Scanning file cache for directory 'C:/Users/betha/Documents/GitHub/PhysicsSimulation/PhysicsSim_UE/Content/Developers/bethan/Collections/' took 0.01s
[2020.11.08-21.44.59:765][  0]LogFileCache: Scanning file cache for directory 'C:/Users/betha/Documents/GitHub/PhysicsSimulation/PhysicsSim_UE/Content/Collections/' took 0.01s
[2020.11.08-21.44.59:765][  0]LogCollectionManager: Rebuilt the GUID cache for 0 collections in 0.000000 seconds
[2020.11.08-21.44.59:773][  0]LogContentBrowser: Native class hierarchy populated in 0.0078 seconds. Added 2654 classes and 622 folders.
[2020.11.08-21.44.59:778][  0]LogContentBrowser: Native class hierarchy updated for 'WidgetCarousel' in 0.0003 seconds. Added 0 classes and 0 folders.
[2020.11.08-21.44.59:779][  0]LogPakFile: Registered encryption key '00000000000000000000000000000000': 0 pak files mounted, 0 remain pending
[2020.11.08-21.44.59:780][  0]LogPakFile: Registered encryption key '00000000000000000000000000000000': 0 pak files mounted, 0 remain pending
[2020.11.08-21.44.59:780][  0]LogPakFile: Registered encryption key '00000000000000000000000000000000': 0 pak files mounted, 0 remain pending
[2020.11.08-21.44.59:781][  0]LogPakFile: Registered encryption key '00000000000000000000000000000000': 0 pak files mounted, 0 remain pending
[2020.11.08-21.44.59:781][  0]LogPakFile: Registered encryption key '00000000000000000000000000000000': 0 pak files mounted, 0 remain pending
[2020.11.08-21.44.59:782][  0]LogPakFile: Registered encryption key '00000000000000000000000000000000': 0 pak files mounted, 0 remain pending
[2020.11.08-21.44.59:782][  0]LogPakFile: Registered encryption key '00000000000000000000000000000000': 0 pak files mounted, 0 remain pending
[2020.11.08-21.44.59:782][  0]LogPakFile: Registered encryption key '00000000000000000000000000000000': 0 pak files mounted, 0 remain pending
[2020.11.08-21.44.59:783][  0]LogPakFile: Registered encryption key '00000000000000000000000000000000': 0 pak files mounted, 0 remain pending
[2020.11.08-21.44.59:783][  0]LogPakFile: Registered encryption key '00000000000000000000000000000000': 0 pak files mounted, 0 remain pending
[2020.11.08-21.44.59:784][  0]LogPakFile: Registered encryption key '00000000000000000000000000000000': 0 pak files mounted, 0 remain pending
[2020.11.08-21.44.59:784][  0]LogPakFile: Registered encryption key '00000000000000000000000000000000': 0 pak files mounted, 0 remain pending
[2020.11.08-21.44.59:785][  0]LogPakFile: Registered encryption key '00000000000000000000000000000000': 0 pak files mounted, 0 remain pending
[2020.11.08-21.44.59:785][  0]LogPakFile: Registered encryption key '00000000000000000000000000000000': 0 pak files mounted, 0 remain pending
[2020.11.08-21.44.59:786][  0]LogPakFile: Registered encryption key '00000000000000000000000000000000': 0 pak files mounted, 0 remain pending
[2020.11.08-21.44.59:786][  0]LogPakFile: Registered encryption key '00000000000000000000000000000000': 0 pak files mounted, 0 remain pending
[2020.11.08-21.44.59:786][  0]LogPakFile: Registered encryption key '00000000000000000000000000000000': 0 pak files mounted, 0 remain pending
[2020.11.08-21.44.59:787][  0]LogPakFile: Registered encryption key '00000000000000000000000000000000': 0 pak files mounted, 0 remain pending
[2020.11.08-21.44.59:787][  0]LogPakFile: Registered encryption key '00000000000000000000000000000000': 0 pak files mounted, 0 remain pending
[2020.11.08-21.44.59:788][  0]LogPakFile: Registered encryption key '00000000000000000000000000000000': 0 pak files mounted, 0 remain pending
[2020.11.08-21.44.59:788][  0]LogPakFile: Registered encryption key '00000000000000000000000000000000': 0 pak files mounted, 0 remain pending
[2020.11.08-21.44.59:789][  0]LogPakFile: Registered encryption key '00000000000000000000000000000000': 0 pak files mounted, 0 remain pending
[2020.11.08-21.44.59:789][  0]LogPakFile: Registered encryption key '00000000000000000000000000000000': 0 pak files mounted, 0 remain pending
[2020.11.08-21.44.59:789][  0]LogPakFile: Registered encryption key '00000000000000000000000000000000': 0 pak files mounted, 0 remain pending
[2020.11.08-21.44.59:790][  0]LogPakFile: Registered encryption key '00000000000000000000000000000000': 0 pak files mounted, 0 remain pending
[2020.11.08-21.44.59:790][  0]LogPakFile: Registered encryption key '00000000000000000000000000000000': 0 pak files mounted, 0 remain pending
[2020.11.08-21.44.59:831][  0]LogContentBrowser: Native class hierarchy updated for 'AddContentDialog' in 0.0003 seconds. Added 0 classes and 0 folders.
[2020.11.08-21.44.59:838][  0]LogContentBrowser: Native class hierarchy updated for 'SceneOutliner' in 0.0003 seconds. Added 1 classes and 2 folders.
[2020.11.08-21.44.59:853][  0]LogSlate: Took 0.000194 seconds to synchronously load lazily loaded font '../../../Engine/Content/Slate/Fonts/Roboto-Regular.ttf' (155K)
[2020.11.08-21.44.59:855][  0]LogSlate: Took 0.000136 seconds to synchronously load lazily loaded font '../../../Engine/Content/Slate/Fonts/Roboto-Bold.ttf' (160K)
[2020.11.08-21.44.59:859][  0]LogSlate: Took 0.000158 seconds to synchronously load lazily loaded font '../../../Engine/Content/Editor/Slate/Fonts/FontAwesome.ttf' (139K)
[2020.11.08-21.44.59:917][  0]LogRenderer: Reallocating scene render targets to support 1684x812 Format 10 NumSamples 1 (Frame:1).
[2020.11.08-21.45.00:184][  0]LogContentBrowser: Native class hierarchy updated for 'HierarchicalLODOutliner' in 0.0004 seconds. Added 0 classes and 0 folders.
[2020.11.08-21.45.00:184][  0]LogLoad: (Engine Initialization) Total time: 10.84 seconds
[2020.11.08-21.45.00:184][  0]LogLoad: (Engine Initialization) Total Blueprint compile time: 0.00 seconds
[2020.11.08-21.45.00:243][  0]LogContentStreaming: Texture pool size now 1000 MB
[2020.11.08-21.45.00:267][  1]LogAssetRegistry: Asset discovery search completed in 6.6227 seconds
[2020.11.08-21.45.00:268][  1]LogCollectionManager: Rebuilt the object cache for 0 collections in 0.000000 seconds (found 0 objects)
[2020.11.08-21.45.00:268][  1]LogCollectionManager: Fixed up redirectors for 0 collections in 0.000089 seconds (updated 0 objects)
[2020.11.08-21.45.02:765][298]LogSlate: FSceneViewport::OnFocusLost() reason 0
[2020.11.08-21.45.03:059][332]LogEditor: Attempting to add actor of class 'NewtonBall' to level at -280.00,-130.00,30.00
[2020.11.08-21.45.03:720][410]LogEditor: Attempting to add actor of class 'NewtonBall' to level at 80.00,-80.00,30.00
[2020.11.08-21.45.05:521][623]LogSlate: FSceneViewport::OnFocusLost() reason 2
[2020.11.08-21.45.08:998][ 36]LogSlate: FSceneViewport::OnFocusLost() reason 2
[2020.11.08-21.45.10:134][168]LogSlate: Took 0.000205 seconds to synchronously load lazily loaded font '../../../Engine/Content/Slate/Fonts/Roboto-Italic.ttf' (157K)
[2020.11.08-21.45.13:922][620]LogEditorViewport: Clicking on Actor (LMB): NewtonBall (NewtonBall2)
[2020.11.08-21.45.15:936][857]LogSlate: FSceneViewport::OnFocusLost() reason 0
[2020.11.08-21.45.16:032][867]Candidate modules for hot reload:
[2020.11.08-21.45.16:032][867]  PhysicsSim_UE
[2020.11.08-21.45.16:032][867]Launching UnrealBuildTool... [C:/Program Files/Epic Games/UE_4.21/Engine/Binaries/DotNET/UnrealBuildTool.exe  -ModuleWithSuffix=PhysicsSim_UE,2578 Win64 Development -TargetType=Editor -Project="../../../../../../Users/betha/Documents/GitHub/PhysicsSimulation/PhysicsSim_UE/PhysicsSim_UE.uproject" -canskiplink "C:/Users/betha/Documents/GitHub/PhysicsSimulation/PhysicsSim_UE/PhysicsSim_UE.uproject" ]
[2020.11.08-21.45.16:033][867]Warning: Starting HotReload took  0.0s.
[2020.11.08-21.45.20:283][377]CompilerResultsLog: New page: Compilation - 8 Nov 2020 21:45:20
[2020.11.08-21.45.20:283][377]CompilerResultsLog: Using 'git status' to determine working set for adaptive non-unity build (C:\Users\betha\Documents\GitHub\PhysicsSimulation).
[2020.11.08-21.45.20:283][377]CompilerResultsLog: Creating makefile for hot reloading PhysicsSim_UEEditor (no existing makefile)
[2020.11.08-21.45.20:283][377]CompilerResultsLog: Compiling game modules for hot reload
[2020.11.08-21.45.20:283][377]CompilerResultsLog: Using Visual Studio 2017 14.27.29110 toolchain (C:\Program Files (x86)\Microsoft Visual Studio\2019\Community\VC\Tools\MSVC\14.27.29110) and Windows 10.0.18362.0 SDK (C:\Program Files (x86)\Windows Kits\10).
[2020.11.08-21.45.20:283][377]CompilerResultsLog: Target is up to date
[2020.11.08-21.45.20:283][377]CompilerResultsLog: Total build time: 4.05 seconds (NoActionsToExecute executor: 0.00 seconds)
[2020.11.08-21.45.20:283][377]LogMainFrame: MainFrame: Module compiling took 4.254 seconds
[2020.11.08-21.45.20:317][377]LogContentBrowser: Native class hierarchy populated in 0.0075 seconds. Added 2655 classes and 624 folders.
[2020.11.08-21.45.20:317][377]Display: HotReload took  4.3s.
[2020.11.08-21.45.21:068][467]LogTemp: Repeating last play command: Selected Viewport
[2020.11.08-21.45.21:077][467]LogBlueprintUserMessages: Early PlayInEditor Detection: Level '/Game/StarterContent/Maps/Minimal_Default.Minimal_Default:PersistentLevel' has LevelScriptBlueprint '/Game/StarterContent/Maps/Minimal_Default.Minimal_Default:PersistentLevel.Minimal_Default' with GeneratedClass '/Game/StarterContent/Maps/Minimal_Default.Minimal_Default_C' with ClassGeneratedBy '/Game/StarterContent/Maps/Minimal_Default.Minimal_Default:PersistentLevel.Minimal_Default'
[2020.11.08-21.45.21:077][467]LogPlayLevel: PlayLevel: No blueprints needed recompiling
[2020.11.08-21.45.21:077][467]PIE: New page: PIE session: Minimal_Default (8 Nov 2020 21:45:21)
[2020.11.08-21.45.21:091][467]LogPlayLevel: Creating play world package: /Game/StarterContent/Maps/UEDPIE_0_Minimal_Default
[2020.11.08-21.45.21:094][467]LogPlayLevel: PIE: StaticDuplicateObject took: (0.002338s)
[2020.11.08-21.45.21:094][467]LogAIModule: Creating AISystem for world Minimal_Default
[2020.11.08-21.45.21:094][467]LogPlayLevel: PIE: World Init took: (0.000528s)
[2020.11.08-21.45.21:095][467]LogPlayLevel: PIE: Created PIE world by copying editor world from /Game/StarterContent/Maps/Minimal_Default.Minimal_Default to /Game/StarterContent/Maps/UEDPIE_0_Minimal_Default.Minimal_Default (0.003343s)
[2020.11.08-21.45.21:128][467]LogInit: XAudio2 using 'Speakers (USB Audio Device)' : 2 channels at 48 kHz using 16 bits per sample (channel mask 0x3)
[2020.11.08-21.45.21:136][467]LogInit: FAudioDevice initialized.
[2020.11.08-21.45.21:178][467]LogUObjectGlobals: Warning: Failed to find object 'Class /Script/PhysicsSim_UE.PhysicsSim_UEGameMode'
[2020.11.08-21.45.21:178][467]LogLoad: Game class is 'GameModeBase'
[2020.11.08-21.45.21:179][467]LogWorld: Bringing World /Game/StarterContent/Maps/UEDPIE_0_Minimal_Default.Minimal_Default up for play (max tick rate 0) at 2020.11.08-21.45.21
[2020.11.08-21.45.21:180][467]LogWorld: Bringing up level for play took: 0.000587
[2020.11.08-21.45.21:210][467]LogContentBrowser: Native class hierarchy updated for 'MovieSceneCapture' in 0.0003 seconds. Added 20 classes and 0 folders.
[2020.11.08-21.45.21:211][467]PIE: Play in editor start time for /Game/StarterContent/Maps/UEDPIE_0_Minimal_Default -0.244
[2020.11.08-21.45.21:211][467]LogBlueprintUserMessages: Late PlayInEditor Detection: Level '/Game/StarterContent/Maps/Minimal_Default.Minimal_Default:PersistentLevel' has LevelScriptBlueprint '/Game/StarterContent/Maps/Minimal_Default.Minimal_Default:PersistentLevel.Minimal_Default' with GeneratedClass '/Game/StarterContent/Maps/Minimal_Default.Minimal_Default_C' with ClassGeneratedBy '/Game/StarterContent/Maps/Minimal_Default.Minimal_Default:PersistentLevel.Minimal_Default'
[2020.11.08-21.45.22:448][614]LogBlueprintUserMessages: Early EndPlayMap Detection: Level '/Game/StarterContent/Maps/Minimal_Default.Minimal_Default:PersistentLevel' has LevelScriptBlueprint '/Game/StarterContent/Maps/Minimal_Default.Minimal_Default:PersistentLevel.Minimal_Default' with GeneratedClass '/Game/StarterContent/Maps/Minimal_Default.Minimal_Default_C' with ClassGeneratedBy '/Game/StarterContent/Maps/Minimal_Default.Minimal_Default:PersistentLevel.Minimal_Default'
[2020.11.08-21.45.22:448][614]LogSlate: Updating window title bar state: overlay mode, drag disabled, window buttons hidden, title bar hidden
[2020.11.08-21.45.22:481][614]LogPlayLevel: Display: Shutting down PIE online subsystems
[2020.11.08-21.45.22:481][614]LogBlueprintUserMessages: Late EndPlayMap Detection: Level '/Game/StarterContent/Maps/Minimal_Default.Minimal_Default:PersistentLevel' has LevelScriptBlueprint '/Game/StarterContent/Maps/Minimal_Default.Minimal_Default:PersistentLevel.Minimal_Default' with GeneratedClass '/Game/StarterContent/Maps/Minimal_Default.Minimal_Default_C' with ClassGeneratedBy '/Game/StarterContent/Maps/Minimal_Default.Minimal_Default:PersistentLevel.Minimal_Default'
[2020.11.08-21.45.22:508][614]LogSlate: Updating window title bar state: overlay mode, drag disabled, window buttons hidden, title bar hidden
[2020.11.08-21.45.22:552][619]LogPlayLevel: Display: Destroying online subsystem :Context_3
[2020.11.08-21.45.23:467][728]LogEditorViewport: Clicking on Actor (LMB): NewtonBall (NewtonBall2)
[2020.11.08-21.45.24:866][892]LogSlate: FSceneViewport::OnFocusLost() reason 0
[2020.11.08-21.45.48:971][770]Cmd: CAMERA ALIGN ACTIVEVIEWPORTONLY
[2020.11.08-21.45.51:787][108]LogEditorActor: Deleted Actor: NewtonBall
[2020.11.08-21.45.51:811][108]LogEditorActor: Deleted 1 Actors (0.025 secs)
[2020.11.08-21.45.54:145][388]LogTemp: Repeating last play command: Selected Viewport
[2020.11.08-21.45.54:151][388]LogBlueprintUserMessages: Early PlayInEditor Detection: Level '/Game/StarterContent/Maps/Minimal_Default.Minimal_Default:PersistentLevel' has LevelScriptBlueprint '/Game/StarterContent/Maps/Minimal_Default.Minimal_Default:PersistentLevel.Minimal_Default' with GeneratedClass '/Game/StarterContent/Maps/Minimal_Default.Minimal_Default_C' with ClassGeneratedBy '/Game/StarterContent/Maps/Minimal_Default.Minimal_Default:PersistentLevel.Minimal_Default'
[2020.11.08-21.45.54:152][388]LogPlayLevel: PlayLevel: No blueprints needed recompiling
[2020.11.08-21.45.54:152][388]PIE: New page: PIE session: Minimal_Default (8 Nov 2020 21:45:54)
[2020.11.08-21.45.54:152][388]LogPlayLevel: Creating play world package: /Game/StarterContent/Maps/UEDPIE_0_Minimal_Default
[2020.11.08-21.45.54:154][388]LogPlayLevel: PIE: StaticDuplicateObject took: (0.002101s)
[2020.11.08-21.45.54:155][388]LogAIModule: Creating AISystem for world Minimal_Default
[2020.11.08-21.45.54:155][388]LogPlayLevel: PIE: World Init took: (0.000509s)
[2020.11.08-21.45.54:155][388]LogPlayLevel: PIE: Created PIE world by copying editor world from /Game/StarterContent/Maps/Minimal_Default.Minimal_Default to /Game/StarterContent/Maps/UEDPIE_0_Minimal_Default.Minimal_Default (0.002888s)
[2020.11.08-21.45.54:189][388]LogInit: XAudio2 using 'Speakers (USB Audio Device)' : 2 channels at 48 kHz using 16 bits per sample (channel mask 0x3)
[2020.11.08-21.45.54:197][388]LogInit: FAudioDevice initialized.
[2020.11.08-21.45.54:231][388]LogLoad: Game class is 'GameModeBase'
[2020.11.08-21.45.54:232][388]LogWorld: Bringing World /Game/StarterContent/Maps/UEDPIE_0_Minimal_Default.Minimal_Default up for play (max tick rate 0) at 2020.11.08-21.45.54
[2020.11.08-21.45.54:232][388]LogWorld: Bringing up level for play took: 0.000526
[2020.11.08-21.45.54:246][388]PIE: Play in editor start time for /Game/StarterContent/Maps/UEDPIE_0_Minimal_Default 0.791
[2020.11.08-21.45.54:246][388]LogBlueprintUserMessages: Late PlayInEditor Detection: Level '/Game/StarterContent/Maps/Minimal_Default.Minimal_Default:PersistentLevel' has LevelScriptBlueprint '/Game/StarterContent/Maps/Minimal_Default.Minimal_Default:PersistentLevel.Minimal_Default' with GeneratedClass '/Game/StarterContent/Maps/Minimal_Default.Minimal_Default_C' with ClassGeneratedBy '/Game/StarterContent/Maps/Minimal_Default.Minimal_Default:PersistentLevel.Minimal_Default'
[2020.11.08-21.45.55:572][546]LogBlueprintUserMessages: Early EndPlayMap Detection: Level '/Game/StarterContent/Maps/Minimal_Default.Minimal_Default:PersistentLevel' has LevelScriptBlueprint '/Game/StarterContent/Maps/Minimal_Default.Minimal_Default:PersistentLevel.Minimal_Default' with GeneratedClass '/Game/StarterContent/Maps/Minimal_Default.Minimal_Default_C' with ClassGeneratedBy '/Game/StarterContent/Maps/Minimal_Default.Minimal_Default:PersistentLevel.Minimal_Default'
[2020.11.08-21.45.55:573][546]LogSlate: Updating window title bar state: overlay mode, drag disabled, window buttons hidden, title bar hidden
[2020.11.08-21.45.55:608][546]LogPlayLevel: Display: Shutting down PIE online subsystems
[2020.11.08-21.45.55:608][546]LogBlueprintUserMessages: Late EndPlayMap Detection: Level '/Game/StarterContent/Maps/Minimal_Default.Minimal_Default:PersistentLevel' has LevelScriptBlueprint '/Game/StarterContent/Maps/Minimal_Default.Minimal_Default:PersistentLevel.Minimal_Default' with GeneratedClass '/Game/StarterContent/Maps/Minimal_Default.Minimal_Default_C' with ClassGeneratedBy '/Game/StarterContent/Maps/Minimal_Default.Minimal_Default:PersistentLevel.Minimal_Default'
[2020.11.08-21.45.55:633][546]LogSlate: Updating window title bar state: overlay mode, drag disabled, window buttons hidden, title bar hidden
[2020.11.08-21.45.55:677][551]LogPlayLevel: Display: Destroying online subsystem :Context_4
[2020.11.08-21.45.56:648][667]LogEditorViewport: Clicking on Actor (LMB): NewtonBall (NewtonBall2)
[2020.11.08-21.46.00:664][145]LogSlate: FSceneViewport::OnFocusLost() reason 0
[2020.11.08-21.46.02:642][163]LogSlate: Window 'Save Content' being destroyed
[2020.11.08-21.46.02:673][163]LogSlate: Window 'PhysicsSim_UE - Unreal Editor' being destroyed
[2020.11.08-21.46.02:854][164]Cmd: QUIT_EDITOR
[2020.11.08-21.46.03:247][164]LogWindowsTextInputMethodSystem: Display: IME system now deactivated.
[2020.11.08-21.46.03:256][164]LogExit: Preparing to exit.
[2020.11.08-21.46.03:470][164]LogExit: Editor shut down
[2020.11.08-21.46.03:470][164]LogExit: Transaction tracking system shut down
[2020.11.08-21.46.03:636][164]LogExit: Object subsystem successfully closed.
[2020.11.08-21.46.03:674][164]LogShaderCompilers: Display: Shaders left to compile 0
[2020.11.08-21.46.03:676][164]LogD3D11RHI: Shutdown
[2020.11.08-21.46.03:676][164]LogD3D11RHI: CleanupD3DDevice
[2020.11.08-21.46.03:678][164]LogD3D11RHI: ~FD3D11DynamicRHI
[2020.11.08-21.46.03:697][164]LogModuleManager: Shutting down and abandoning module MovieSceneCapture (628)
[2020.11.08-21.46.03:698][164]LogModuleManager: Shutting down and abandoning module Voice (626)
[2020.11.08-21.46.03:698][164]LogModuleManager: Shutting down and abandoning module HierarchicalLODOutliner (624)
[2020.11.08-21.46.03:698][164]LogModuleManager: Shutting down and abandoning module SceneOutliner (622)
[2020.11.08-21.46.03:698][164]LogModuleManager: Shutting down and abandoning module AddContentDialog (620)
[2020.11.08-21.46.03:698][164]LogModuleManager: Shutting down and abandoning module WidgetCarousel (619)
[2020.11.08-21.46.03:698][164]LogModuleManager: Shutting down and abandoning module EditorWidgets (616)
[2020.11.08-21.46.03:698][164]LogModuleManager: Shutting down and abandoning module CollectionManager (614)
[2020.11.08-21.46.03:698][164]LogModuleManager: Shutting down and abandoning module StatsViewer (612)
[2020.11.08-21.46.03:699][164]LogModuleManager: Shutting down and abandoning module FoliageEdit (610)
[2020.11.08-21.46.03:699][164]LogModuleManager: Shutting down and abandoning module LandscapeEditor (608)
[2020.11.08-21.46.03:699][164]LogModuleManager: Shutting down and abandoning module MeshPaintMode (606)
[2020.11.08-21.46.03:699][164]LogModuleManager: Shutting down and abandoning module SceneDepthPickerMode (604)
[2020.11.08-21.46.03:699][164]LogModuleManager: Shutting down and abandoning module ActorPickerMode (602)
[2020.11.08-21.46.03:699][164]LogModuleManager: Shutting down and abandoning module GeometryMode (600)
[2020.11.08-21.46.03:699][164]LogModuleManager: Shutting down and abandoning module TextureAlignMode (598)
[2020.11.08-21.46.03:699][164]LogModuleManager: Shutting down and abandoning module BspMode (596)
[2020.11.08-21.46.03:699][164]LogModuleManager: Shutting down and abandoning module PIEPreviewDeviceProfileSelector (594)
[2020.11.08-21.46.03:699][164]LogModuleManager: Shutting down and abandoning module SequenceRecorderSections (592)
[2020.11.08-21.46.03:699][164]LogModuleManager: Shutting down and abandoning module AutomationWorker (590)
[2020.11.08-21.46.03:699][164]LogModuleManager: Shutting down and abandoning module AudioCaptureEditor (588)
[2020.11.08-21.46.03:699][164]LogModuleManager: Shutting down and abandoning module MatineeToLevelSequence (586)
[2020.11.08-21.46.03:699][164]LogModuleManager: Shutting down and abandoning module LevelSequenceEditor (584)
[2020.11.08-21.46.03:700][164]LogModuleManager: Shutting down and abandoning module PlacementMode (583)
[2020.11.08-21.46.03:700][164]LogModuleManager: Shutting down and abandoning module MaterialEditor (582)
[2020.11.08-21.46.03:700][164]LogModuleManager: Shutting down and abandoning module WmfMediaFactory (578)
[2020.11.08-21.46.03:700][164]LogModuleManager: Shutting down and abandoning module WmfMediaEditor (576)
[2020.11.08-21.46.03:700][164]LogModuleManager: Shutting down and abandoning module WebMMediaFactory (574)
[2020.11.08-21.46.03:700][164]LogModuleManager: Shutting down and abandoning module WebMMediaEditor (572)
[2020.11.08-21.46.03:700][164]LogModuleManager: Shutting down and abandoning module WebMMedia (570)
[2020.11.08-21.46.03:700][164]LogModuleManager: Shutting down and abandoning module MediaPlayerEditor (568)
[2020.11.08-21.46.03:700][164]LogModuleManager: Shutting down and abandoning module MediaCompositingEditor (566)
[2020.11.08-21.46.03:700][164]LogModuleManager: Shutting down and abandoning module SequenceRecorder (565)
[2020.11.08-21.46.03:700][164]LogModuleManager: Shutting down and abandoning module OpenExrWrapper (562)
[2020.11.08-21.46.03:700][164]LogModuleManager: Shutting down and abandoning module ImgMediaFactory (560)
[2020.11.08-21.46.03:700][164]LogModuleManager: Shutting down and abandoning module ImgMediaEditor (558)
[2020.11.08-21.46.03:700][164]LogModuleManager: Shutting down and abandoning module AvfMediaFactory (556)
[2020.11.08-21.46.03:700][164]LogModuleManager: Shutting down and abandoning module AvfMediaEditor (554)
[2020.11.08-21.46.03:701][164]LogModuleManager: Shutting down and abandoning module AndroidMediaFactory (552)
[2020.11.08-21.46.03:701][164]LogModuleManager: Shutting down and abandoning module AndroidMediaEditor (550)
[2020.11.08-21.46.03:701][164]LogModuleManager: Shutting down and abandoning module MagicLeapCameraPreviewFactory (548)
[2020.11.08-21.46.03:701][164]LogModuleManager: Shutting down and abandoning module MagicLeapMediaFactory (546)
[2020.11.08-21.46.03:701][164]LogModuleManager: Shutting down and abandoning module MagicLeapMediaEditor (544)
[2020.11.08-21.46.03:701][164]LogModuleManager: Shutting down and abandoning module CharacterAI (542)
[2020.11.08-21.46.03:701][164]LogModuleManager: Shutting down and abandoning module SmartSnapping (540)
[2020.11.08-21.46.03:701][164]LogModuleManager: Shutting down and abandoning module SessionServices (538)
[2020.11.08-21.46.03:701][164]LogModuleManager: Shutting down and abandoning module ViewportSnapping (536)
[2020.11.08-21.46.03:701][164]LogModuleManager: Shutting down and abandoning module ViewportInteraction (534)
[2020.11.08-21.46.03:701][164]LogModuleManager: Shutting down and abandoning module ClothPainter (532)
[2020.11.08-21.46.03:701][164]LogModuleManager: Shutting down and abandoning module SkeletalMeshEditor (531)
[2020.11.08-21.46.03:701][164]LogModuleManager: Shutting down and abandoning module LogVisualizer (528)
[2020.11.08-21.46.03:701][164]LogModuleManager: Shutting down and abandoning module IntroTutorials (526)
[2020.11.08-21.46.03:701][164]LogModuleManager: Shutting down and abandoning module GameProjectGeneration (525)
[2020.11.08-21.46.03:701][164]LogModuleManager: Shutting down and abandoning module LuminPlatformEditor (522)
[2020.11.08-21.46.03:702][164]LogModuleManager: Shutting down and abandoning module IOSPlatformEditor (520)
[2020.11.08-21.46.03:702][164]LogModuleManager: Shutting down and abandoning module HTML5PlatformEditor (518)
[2020.11.08-21.46.03:702][164]LogModuleManager: Shutting down and abandoning module AndroidPlatformEditor (516)
[2020.11.08-21.46.03:702][164]LogModuleManager: Shutting down and abandoning module AndroidDeviceDetection (515)
[2020.11.08-21.46.04:215][164]LogModuleManager: Shutting down and abandoning module WindowsPlatformEditor (512)
[2020.11.08-21.46.04:215][164]LogModuleManager: Shutting down and abandoning module LuminRuntimeSettings (510)
[2020.11.08-21.46.04:215][164]LogModuleManager: Shutting down and abandoning module IOSRuntimeSettings (508)
[2020.11.08-21.46.04:215][164]LogModuleManager: Shutting down and abandoning module AndroidRuntimeSettings (506)
[2020.11.08-21.46.04:215][164]LogModuleManager: Shutting down and abandoning module TimeManagementEditor (504)
[2020.11.08-21.46.04:215][164]LogModuleManager: Shutting down and abandoning module InputBindingEditor (502)
[2020.11.08-21.46.04:215][164]LogModuleManager: Shutting down and abandoning module MergeActors (500)
[2020.11.08-21.46.04:215][164]LogModuleManager: Shutting down and abandoning module LocalizationDashboard (498)
[2020.11.08-21.46.04:215][164]LogModuleManager: Shutting down and abandoning module LocalizationService (497)
[2020.11.08-21.46.04:215][164]LogModuleManager: Shutting down and abandoning module HardwareTargeting (494)
[2020.11.08-21.46.04:215][164]LogModuleManager: Shutting down and abandoning module DeviceProfileEditor (492)
[2020.11.08-21.46.04:215][164]LogModuleManager: Shutting down and abandoning module UndoHistory (490)
[2020.11.08-21.46.04:216][164]LogModuleManager: Shutting down and abandoning module XmlParser (488)
[2020.11.08-21.46.04:216][164]LogModuleManager: Shutting down and abandoning module Blutility (486)
[2020.11.08-21.46.04:216][164]LogModuleManager: Shutting down and abandoning module ProjectSettingsViewer (484)
[2020.11.08-21.46.04:216][164]LogModuleManager: Shutting down and abandoning module ProjectTargetPlatformEditor (483)
[2020.11.08-21.46.04:216][164]LogModuleManager: Shutting down and abandoning module EditorSettingsViewer (480)
[2020.11.08-21.46.04:216][164]LogModuleManager: Shutting down and abandoning module SettingsEditor (478)
[2020.11.08-21.46.04:216][164]LogModuleManager: Shutting down and abandoning module ProjectLauncher (476)
[2020.11.08-21.46.04:216][164]LogModuleManager: Shutting down and abandoning module SessionFrontend (474)
[2020.11.08-21.46.04:216][164]LogModuleManager: Shutting down and abandoning module ProfilerClient (472)
[2020.11.08-21.46.04:216][164]LogModuleManager: Shutting down and abandoning module DeviceManager (470)
[2020.11.08-21.46.04:216][164]LogModuleManager: Shutting down and abandoning module TargetDeviceServices (469)
[2020.11.08-21.46.04:268][164]LogModuleManager: Shutting down and abandoning module AutomationController (466)
[2020.11.08-21.46.04:268][164]LogModuleManager: Shutting down and abandoning module AutomationWindow (464)
[2020.11.08-21.46.04:268][164]LogModuleManager: Shutting down and abandoning module Layers (462)
[2020.11.08-21.46.04:268][164]LogModuleManager: Shutting down and abandoning module ComponentVisualizers (460)
[2020.11.08-21.46.04:268][164]LogModuleManager: Shutting down and abandoning module DetailCustomizations (458)
[2020.11.08-21.46.04:268][164]LogModuleManager: Shutting down and abandoning module PackagesDialog (456)
[2020.11.08-21.46.04:269][164]LogModuleManager: Shutting down and abandoning module Persona (454)
[2020.11.08-21.46.04:269][164]LogModuleManager: Shutting down and abandoning module AdvancedPreviewScene (453)
[2020.11.08-21.46.04:269][164]LogModuleManager: Shutting down and abandoning module AnimGraph (451)
[2020.11.08-21.46.04:269][164]LogModuleManager: Shutting down and abandoning module Kismet (448)
[2020.11.08-21.46.04:269][164]LogModuleManager: Shutting down and abandoning module GraphEditor (446)
[2020.11.08-21.46.04:269][164]LogModuleManager: Shutting down and abandoning module ClassViewer (444)
[2020.11.08-21.46.04:269][164]LogModuleManager: Shutting down and abandoning module Toolbox (442)
[2020.11.08-21.46.04:269][164]LogModuleManager: Shutting down and abandoning module DesktopPlatform (441)
[2020.11.08-21.46.04:269][164]LogModuleManager: Shutting down and abandoning module ModuleUI (438)
[2020.11.08-21.46.04:270][164]LogModuleManager: Shutting down and abandoning module MovieSceneTools (436)
[2020.11.08-21.46.04:270][164]LogModuleManager: Shutting down and abandoning module OutputLog (434)
[2020.11.08-21.46.04:270][164]LogModuleManager: Shutting down and abandoning module GammaUI (432)
[2020.11.08-21.46.04:270][164]LogModuleManager: Shutting down and abandoning module Documentation (430)
[2020.11.08-21.46.04:270][164]LogModuleManager: Shutting down and abandoning module MovieSceneTracks (428)
[2020.11.08-21.46.04:270][164]LogModuleManager: Shutting down and abandoning module MovieScene (426)
[2020.11.08-21.46.04:270][164]LogModuleManager: Shutting down and abandoning module StreamingPauseRendering (424)
[2020.11.08-21.46.04:270][164]LogModuleManager: Shutting down and abandoning module LauncherPlatform (422)
[2020.11.08-21.46.04:270][164]LogModuleManager: Shutting down and abandoning module AnalyticsET (420)
[2020.11.08-21.46.04:270][164]LogModuleManager: Shutting down and abandoning module PortalServices (418)
[2020.11.08-21.46.04:270][164]LogModuleManager: Shutting down and abandoning module PortalRpc (416)
[2020.11.08-21.46.04:270][164]LogModuleManager: Shutting down and abandoning module MessagingRpc (414)
[2020.11.08-21.46.04:270][164]LogModuleManager: Shutting down and abandoning module AIModule (412)
[2020.11.08-21.46.04:270][164]LogModuleManager: Shutting down and abandoning module GameplayDebugger (411)
[2020.11.08-21.46.04:270][164]LogModuleManager: Shutting down and abandoning module AITestSuite (409)
[2020.11.08-21.46.04:271][164]LogModuleManager: Shutting down and abandoning module NavigationSystem (407)
[2020.11.08-21.46.04:271][164]LogModuleManager: Shutting down and abandoning module ImageWriteQueue (404)
[2020.11.08-21.46.04:275][164]LogModuleManager: Shutting down and abandoning module ProfilerService (402)
[2020.11.08-21.46.04:376][164]LogModuleManager: Shutting down and abandoning module TaskGraph (400)
[2020.11.08-21.46.04:376][164]LogModuleManager: Shutting down and abandoning module SteamVRController (398)
[2020.11.08-21.46.04:376][164]LogModuleManager: Shutting down and abandoning module ProceduralMeshComponentEditor (396)
[2020.11.08-21.46.04:376][164]LogModuleManager: Shutting down and abandoning module ProceduralMeshComponent (394)
[2020.11.08-21.46.04:376][164]LogModuleManager: Shutting down and abandoning module OculusInput (392)
[2020.11.08-21.46.04:377][164]LogModuleManager: Shutting down and abandoning module MobilePatchingUtils (390)
[2020.11.08-21.46.04:377][164]LogModuleManager: Shutting down and abandoning module EditableMesh (388)
[2020.11.08-21.46.04:377][164]LogModuleManager: Shutting down and abandoning module CustomMeshComponent (386)
[2020.11.08-21.46.04:377][164]LogModuleManager: Shutting down and abandoning module CableComponent (384)
[2020.11.08-21.46.04:377][164]LogModuleManager: Shutting down and abandoning module AudioCapture (382)
[2020.11.08-21.46.04:377][164]LogModuleManager: Shutting down and abandoning module ArchVisCharacter (380)
[2020.11.08-21.46.04:377][164]LogModuleManager: Shutting down and abandoning module AndroidPermission (378)
[2020.11.08-21.46.04:377][164]LogModuleManager: Shutting down and abandoning module NUTUnrealEngine4 (376)
[2020.11.08-21.46.04:377][164]LogModuleManager: Shutting down and abandoning module NetcodeUnitTest (374)
[2020.11.08-21.46.04:377][164]LogModuleManager: Shutting down and abandoning module MediaCompositing (372)
[2020.11.08-21.46.04:377][164]LogModuleManager: Shutting down and abandoning module LinearTimecode (370)
[2020.11.08-21.46.04:377][164]LogModuleManager: Shutting down and abandoning module ImgMedia (368)
[2020.11.08-21.46.04:382][164]LogModuleManager: Shutting down and abandoning module HTML5Networking (366)
[2020.11.08-21.46.04:382][164]LogModuleManager: Shutting down and abandoning module GeometryCacheTracks (364)
[2020.11.08-21.46.04:382][164]LogModuleManager: Shutting down and abandoning module GeometryCacheSequencer (362)
[2020.11.08-21.46.04:382][164]LogModuleManager: Shutting down and abandoning module BackChannel (360)
[2020.11.08-21.46.04:382][164]LogModuleManager: Shutting down and abandoning module AppleVision (358)
[2020.11.08-21.46.04:382][164]LogModuleManager: Shutting down and abandoning module AppleImageUtilsBlueprintSupport (356)
[2020.11.08-21.46.04:382][164]LogModuleManager: Shutting down and abandoning module AppleImageUtils (354)
[2020.11.08-21.46.04:382][164]LogModuleManager: Shutting down and abandoning module AlembicImporter (352)
[2020.11.08-21.46.04:382][164]LogModuleManager: Shutting down and abandoning module AlembicLibrary (351)
[2020.11.08-21.46.04:382][164]LogModuleManager: Shutting down and abandoning module GeometryCache (350)
[2020.11.08-21.46.04:382][164]LogModuleManager: Shutting down and abandoning module GeometryCacheEd (349)
[2020.11.08-21.46.04:382][164]LogModuleManager: Shutting down and abandoning module VariantManagerContent (344)
[2020.11.08-21.46.04:382][164]LogModuleManager: Shutting down and abandoning module DatasmithContentEditor (342)
[2020.11.08-21.46.04:382][164]LogModuleManager: Shutting down and abandoning module SpeedTreeImporter (340)
[2020.11.08-21.46.04:383][164]LogModuleManager: Shutting down and abandoning module PluginBrowser (338)
[2020.11.08-21.46.04:383][164]LogModuleManager: Shutting down and abandoning module MobileLauncherProfileWizard (336)
[2020.11.08-21.46.04:383][164]LogModuleManager: Shutting down and abandoning module PolygonModeling (334)
[2020.11.08-21.46.04:383][164]LogModuleManager: Shutting down and abandoning module MeshEditor (332)
[2020.11.08-21.46.04:383][164]LogModuleManager: Shutting down and abandoning module CryptoKeysOpenSSL (330)
[2020.11.08-21.46.04:383][164]LogModuleManager: Shutting down and abandoning module CryptoKeys (328)
[2020.11.08-21.46.04:383][164]LogModuleManager: Shutting down and abandoning module VisualStudioSourceCodeAccess (326)
[2020.11.08-21.46.04:383][164]LogModuleManager: Shutting down and abandoning module VisualStudioCodeSourceCodeAccess (324)
[2020.11.08-21.46.04:383][164]LogModuleManager: Shutting down and abandoning module UObjectPlugin (322)
[2020.11.08-21.46.04:383][164]LogModuleManager: Shutting down and abandoning module SubversionSourceControl (320)
[2020.11.08-21.46.04:383][164]LogModuleManager: Shutting down and abandoning module PerforceSourceControl (318)
[2020.11.08-21.46.04:383][164]LogModuleManager: Shutting down and abandoning module GitSourceControl (316)
[2020.11.08-21.46.04:383][164]LogModuleManager: Shutting down and abandoning module SourceControl (315)
[2020.11.08-21.46.04:383][164]LogModuleManager: Shutting down and abandoning module CLionSourceCodeAccess (312)
[2020.11.08-21.46.04:383][164]LogModuleManager: Shutting down and abandoning module ActorLayerUtilitiesEditor (310)
[2020.11.08-21.46.04:383][164]LogModuleManager: Shutting down and abandoning module ActorLayerUtilities (308)
[2020.11.08-21.46.04:383][164]LogModuleManager: Shutting down and abandoning module LightPropagationVolumeEditor (306)
[2020.11.08-21.46.04:383][164]LogModuleManager: Shutting down and abandoning module PaperTiledImporter (304)
[2020.11.08-21.46.04:384][164]LogModuleManager: Shutting down and abandoning module PaperSpriteSheetImporter (302)
[2020.11.08-21.46.04:384][164]LogModuleManager: Shutting down and abandoning module Paper2DEditor (300)
[2020.11.08-21.46.04:384][164]LogModuleManager: Shutting down and abandoning module MeshPaint (299)
[2020.11.08-21.46.04:384][164]LogModuleManager: Shutting down and abandoning module PhysicsSim_UE (296)
[2020.11.08-21.46.04:384][164]LogModuleManager: Shutting down and abandoning module RuntimePhysXCooking (294)
[2020.11.08-21.46.04:384][164]LogModuleManager: Shutting down and abandoning module PhysXVehiclesEditor (292)
[2020.11.08-21.46.04:384][164]LogModuleManager: Shutting down and abandoning module PhysXVehicles (290)
[2020.11.08-21.46.04:384][164]LogModuleManager: Shutting down and abandoning module OculusEditor (288)
[2020.11.08-21.46.04:384][164]LogModuleManager: Shutting down and abandoning module LocationServicesBPLibrary (286)
[2020.11.08-21.46.04:384][164]LogModuleManager: Shutting down and abandoning module ActorSequence (284)
[2020.11.08-21.46.04:384][164]LogModuleManager: Shutting down and abandoning module UdpMessaging (282)
[2020.11.08-21.46.04:485][164]LogModuleManager: Shutting down and abandoning module TcpMessaging (280)
[2020.11.08-21.46.04:586][164]LogModuleManager: Shutting down and abandoning module MagicLeapAudio (278)
[2020.11.08-21.46.04:586][164]LogModuleManager: Shutting down and abandoning module GameplayTagsEditor (276)
[2020.11.08-21.46.04:586][164]LogModuleManager: Shutting down and abandoning module FacialAnimationEditor (274)
[2020.11.08-21.46.04:586][164]LogModuleManager: Shutting down and abandoning module FacialAnimation (272)
[2020.11.08-21.46.04:586][164]LogModuleManager: Shutting down and abandoning module DataValidation (270)
[2020.11.08-21.46.04:586][164]LogModuleManager: Shutting down and abandoning module AssetManagerEditor (268)
[2020.11.08-21.46.04:586][164]LogModuleManager: Shutting down and abandoning module LevelEditor (267)
[2020.11.08-21.46.04:586][164]LogModuleManager: Shutting down and abandoning module PixelInspectorModule (266)
[2020.11.08-21.46.04:587][164]LogModuleManager: Shutting down and abandoning module CommonMenuExtensions (264)
[2020.11.08-21.46.04:587][164]LogModuleManager: Shutting down and abandoning module MainFrame (262)
[2020.11.08-21.46.04:587][164]LogModuleManager: Shutting down and abandoning module HotReload (261)
[2020.11.08-21.46.04:587][164]LogModuleManager: Shutting down and abandoning module ContentBrowser (257)
[2020.11.08-21.46.04:588][164]LogModuleManager: Shutting down and abandoning module TreeMap (255)
[2020.11.08-21.46.04:588][164]LogModuleManager: Shutting down and abandoning module LightPropagationVolumeRuntime (252)
[2020.11.08-21.46.04:588][164]LogModuleManager: Shutting down and abandoning module AISupportModule (250)
[2020.11.08-21.46.04:588][164]LogModuleManager: Shutting down and abandoning module Paper2D (248)
[2020.11.08-21.46.04:588][164]LogModuleManager: Shutting down and abandoning module WindowsMoviePlayer (246)
[2020.11.08-21.46.04:588][164]LogModuleManager: Shutting down and abandoning module WebMMoviePlayer (244)
[2020.11.08-21.46.04:588][164]LogModuleManager: Shutting down and abandoning module WmfMedia (242)
[2020.11.08-21.46.04:591][164]LogModuleManager: Shutting down and abandoning module Media (241)
[2020.11.08-21.46.04:597][164]LogModuleManager: Shutting down and abandoning module PacketHandler (238)
[2020.11.08-21.46.04:597][164]LogModuleManager: Shutting down and abandoning module ClothingSystemEditor (236)
[2020.11.08-21.46.04:597][164]LogModuleManager: Shutting down and abandoning module ClothingSystemRuntime (234)
[2020.11.08-21.46.04:597][164]LogModuleManager: Shutting down and abandoning module MediaAssets (232)
[2020.11.08-21.46.04:597][164]LogModuleManager: Shutting down and abandoning module Overlay (230)
[2020.11.08-21.46.04:597][164]LogModuleManager: Shutting down and abandoning module OverlayEditor (229)
[2020.11.08-21.46.04:597][164]LogModuleManager: Shutting down and abandoning module VREditor (226)
[2020.11.08-21.46.04:597][164]LogModuleManager: Shutting down and abandoning module StringTableEditor (224)
[2020.11.08-21.46.04:597][164]LogModuleManager: Shutting down and abandoning module GameplayTasksEditor (222)
[2020.11.08-21.46.04:597][164]LogModuleManager: Shutting down and abandoning module BehaviorTreeEditor (220)
[2020.11.08-21.46.04:597][164]LogModuleManager: Shutting down and abandoning module FunctionalTesting (218)
[2020.11.08-21.46.04:597][164]LogModuleManager: Shutting down and abandoning module CollisionAnalyzer (216)
[2020.11.08-21.46.04:597][164]LogModuleManager: Shutting down and abandoning module WorkspaceMenuStructure (215)
[2020.11.08-21.46.04:597][164]LogModuleManager: Shutting down and abandoning module UMG (212)
[2020.11.08-21.46.04:597][164]LogModuleManager: Shutting down and abandoning module UMGEditor (211)
[2020.11.08-21.46.04:597][164]LogModuleManager: Shutting down and abandoning module Sequencer (210)
[2020.11.08-21.46.04:598][164]LogModuleManager: Shutting down and abandoning module MessageLog (207)
[2020.11.08-21.46.04:598][164]LogModuleManager: Shutting down and abandoning module SlateReflector (202)
[2020.11.08-21.46.04:598][164]LogModuleManager: Shutting down and abandoning module Slate (200)
[2020.11.08-21.46.04:598][164]LogModuleManager: Shutting down and abandoning module EditorStyle (198)
[2020.11.08-21.46.04:599][164]LogModuleManager: Shutting down and abandoning module MRMesh (196)
[2020.11.08-21.46.04:599][164]LogModuleManager: Shutting down and abandoning module SourceCodeAccess (194)
[2020.11.08-21.46.04:599][164]LogModuleManager: Shutting down and abandoning module HeadMountedDisplay (192)
[2020.11.08-21.46.04:599][164]LogModuleManager: Shutting down and abandoning module XAudio2 (190)
[2020.11.08-21.46.04:599][164]LogModuleManager: Shutting down and abandoning module Networking (188)
[2020.11.08-21.46.04:599][164]LogModuleManager: Shutting down and abandoning module Core (186)
[2020.11.08-21.46.04:599][164]LogModuleManager: Shutting down and abandoning module LevelSequence (184)
[2020.11.08-21.46.04:599][164]LogModuleManager: Shutting down and abandoning module KismetCompiler (182)
[2020.11.08-21.46.04:599][164]LogModuleManager: Shutting down and abandoning module MeshUtilities (180)
[2020.11.08-21.46.04:599][164]LogModuleManager: Shutting down and abandoning module MeshMergeUtilities (179)
[2020.11.08-21.46.04:599][164]LogModuleManager: Shutting down and abandoning module MeshReductionInterface (178)
[2020.11.08-21.46.04:599][164]LogModuleManager: Shutting down and abandoning module SimplygonSwarm (177)
[2020.11.08-21.46.04:599][164]LogModuleManager: Shutting down and abandoning module ProxyLODMeshReduction (175)
[2020.11.08-21.46.04:599][164]LogModuleManager: Shutting down and abandoning module SimplygonMeshReduction (173)
[2020.11.08-21.46.04:599][164]LogModuleManager: Shutting down and abandoning module QuadricMeshReduction (171)
[2020.11.08-21.46.04:599][164]LogModuleManager: Shutting down and abandoning module MaterialBaking (167)
[2020.11.08-21.46.04:600][164]LogModuleManager: Shutting down and abandoning module DirectoryWatcher (163)
[2020.11.08-21.46.04:600][164]LogModuleManager: Shutting down and abandoning module DerivedDataCache (160)
[2020.11.08-21.46.04:912][164]LogDerivedDataCache: Shutdown
[2020.11.08-21.46.04:912][164]LogModuleManager: Shutting down and abandoning module XGEController (158)
[2020.11.08-21.46.04:912][164]LogXGEController: Cleaning working directory: C:/Users/betha/AppData/Local/Temp/UnrealXGEWorkingDir/
[2020.11.08-21.46.04:912][164]LogModuleManager: Shutting down and abandoning module TargetPlatform (156)
[2020.11.08-21.46.04:912][164]LogModuleManager: Shutting down and abandoning module VulkanShaderFormat (155)
[2020.11.08-21.46.04:912][164]LogModuleManager: Shutting down and abandoning module ShaderFormatVectorVM (153)
[2020.11.08-21.46.04:912][164]LogModuleManager: Shutting down and abandoning module ShaderFormatOpenGL (151)
[2020.11.08-21.46.04:912][164]LogModuleManager: Shutting down and abandoning module ShaderFormatD3D (149)
[2020.11.08-21.46.04:912][164]LogModuleManager: Shutting down and abandoning module MetalShaderFormat (147)
[2020.11.08-21.46.04:913][164]LogModuleManager: Shutting down and abandoning module TextureFormatUncompressed (145)
[2020.11.08-21.46.04:913][164]LogModuleManager: Shutting down and abandoning module TextureFormatPVR (143)
[2020.11.08-21.46.04:913][164]LogModuleManager: Shutting down and abandoning module TextureFormatDXT (141)
[2020.11.08-21.46.04:913][164]LogModuleManager: Shutting down and abandoning module TextureFormatIntelISPCTexComp (139)
[2020.11.08-21.46.04:914][164]LogModuleManager: Shutting down and abandoning module TextureFormatASTC (137)
[2020.11.08-21.46.04:914][164]LogModuleManager: Shutting down and abandoning module ImageWrapper (136)
[2020.11.08-21.46.04:914][164]LogModuleManager: Shutting down and abandoning module TextureFormatAndroid (133)
[2020.11.08-21.46.04:914][164]LogModuleManager: Shutting down and abandoning module AudioFormatOpus (131)
[2020.11.08-21.46.04:914][164]LogModuleManager: Shutting down and abandoning module AudioFormatOgg (129)
[2020.11.08-21.46.04:914][164]LogModuleManager: Shutting down and abandoning module AudioFormatADPCM (127)
[2020.11.08-21.46.04:914][164]LogModuleManager: Shutting down and abandoning module LuminTargetPlatform (125)
[2020.11.08-21.46.04:915][164]LogModuleManager: Shutting down and abandoning module LinuxTargetPlatform (123)
[2020.11.08-21.46.04:915][164]LogModuleManager: Shutting down and abandoning module LinuxServerTargetPlatform (121)
[2020.11.08-21.46.04:915][164]LogModuleManager: Shutting down and abandoning module LinuxNoEditorTargetPlatform (119)
[2020.11.08-21.46.04:915][164]LogModuleManager: Shutting down and abandoning module LinuxClientTargetPlatform (117)
[2020.11.08-21.46.04:915][164]LogModuleManager: Shutting down and abandoning module TVOSTargetPlatform (115)
[2020.11.08-21.46.04:915][164]LogModuleManager: Shutting down and abandoning module Messaging (113)
[2020.11.08-21.46.04:915][164]LogModuleManager: Shutting down and abandoning module IOSTargetPlatform (111)
[2020.11.08-21.46.04:916][164]LogModuleManager: Shutting down and abandoning module HTML5TargetPlatform (109)
[2020.11.08-21.46.04:916][164]LogModuleManager: Shutting down and abandoning module AndroidTargetPlatform (107)
[2020.11.08-21.46.04:920][164]LogModuleManager: Shutting down and abandoning module WindowsTargetPlatform (105)
[2020.11.08-21.46.04:920][164]LogModuleManager: Shutting down and abandoning module WindowsServerTargetPlatform (103)
[2020.11.08-21.46.04:920][164]LogModuleManager: Shutting down and abandoning module WindowsNoEditorTargetPlatform (101)
[2020.11.08-21.46.04:920][164]LogModuleManager: Shutting down and abandoning module WindowsClientTargetPlatform (99)
[2020.11.08-21.46.04:920][164]LogModuleManager: Shutting down and abandoning module MacTargetPlatform (97)
[2020.11.08-21.46.04:920][164]LogModuleManager: Shutting down and abandoning module MacServerTargetPlatform (95)
[2020.11.08-21.46.04:920][164]LogModuleManager: Shutting down and abandoning module MacNoEditorTargetPlatform (93)
[2020.11.08-21.46.04:920][164]LogModuleManager: Shutting down and abandoning module MacClientTargetPlatform (91)
[2020.11.08-21.46.04:920][164]LogModuleManager: Shutting down and abandoning module AllDesktopTargetPlatform (89)
[2020.11.08-21.46.04:920][164]LogModuleManager: Shutting down and abandoning module InputCore (86)
[2020.11.08-21.46.04:920][164]LogModuleManager: Shutting down and abandoning module Settings (84)
[2020.11.08-21.46.04:920][164]LogModuleManager: Shutting down and abandoning module PhysXCooking (82)
[2020.11.08-21.46.04:920][164]LogModuleManager: Shutting down and abandoning module SteamVR (80)
[2020.11.08-21.46.04:920][164]LogHMD: Freeing OpenVRDLLHandle.
[2020.11.08-21.46.04:920][164]LogModuleManager: Shutting down and abandoning module OculusHMD (78)
[2020.11.08-21.46.04:920][164]LogModuleManager: Shutting down and abandoning module ExampleDeviceProfileSelector (76)
[2020.11.08-21.46.04:921][164]LogModuleManager: Shutting down and abandoning module LauncherChunkInstaller (74)
[2020.11.08-21.46.04:921][164]LogModuleManager: Shutting down and abandoning module OnlineBlueprintSupport (72)
[2020.11.08-21.46.04:921][164]LogModuleManager: Shutting down and abandoning module OnlineSubsystem (68)
[2020.11.08-21.46.04:922][164]LogModuleManager: Shutting down and abandoning module XMPP (63)
[2020.11.08-21.46.04:922][164]LogModuleManager: Shutting down and abandoning module WebSockets (62)
[2020.11.08-21.46.04:942][164]LogModuleManager: Shutting down and abandoning module HTTP (59)
[2020.11.08-21.46.04:942][164]LogHttp: Display: Http module shutting down, but needs to wait on 1 outstanding Http requests:
[2020.11.08-21.46.04:942][164]LogHttp: Display: 	verb=[POST] url=[https://datarouter.ol.epicgames.com/datarouter/api/v1/public/data?SessionID=%7BE128B8AE-4076-E3D3-C2FE-EDAE41D41B97%7D&AppID=UEEditor.Rocket.Release&AppVersion=4.21.2-4753647%2B%2B%2BUE4%2BRelease-4.21&UserID=cbbca4b844bda216846ba98f2022db18%7C716d772c32f34ad6953e36790a69ba47%7C55da4043-29c3-4eef-98f6-c882efd5239c&AppEnvironment=datacollector-binary&UploadType=eteventstream] status=Processing
[2020.11.08-21.46.04:966][164]LogModuleManager: Shutting down and abandoning module SSL (58)
[2020.11.08-21.46.04:967][164]LogModuleManager: Shutting down and abandoning module MagicLeapIdentity (54)
[2020.11.08-21.46.04:967][164]LogModuleManager: Shutting down and abandoning module MagicLeapHelperVulkan (52)
[2020.11.08-21.46.04:967][164]LogModuleManager: Shutting down and abandoning module MagicLeapHelperOpenGL (50)
[2020.11.08-21.46.04:967][164]LogModuleManager: Shutting down and abandoning module MagicLeapSecureStorage (48)
[2020.11.08-21.46.04:967][164]LogModuleManager: Shutting down and abandoning module MagicLeapHandTracking (46)
[2020.11.08-21.46.04:967][164]LogModuleManager: Shutting down and abandoning module MagicLeapEyeTracker (44)
[2020.11.08-21.46.04:967][164]LogModuleManager: Shutting down and abandoning module MagicLeapController (42)
[2020.11.08-21.46.04:967][164]LogSlate: Slate User Destroyed.  User Index 0, Is Virtual User: 0
[2020.11.08-21.46.04:967][164]LogModuleManager: Shutting down and abandoning module MagicLeap (40)
[2020.11.08-21.46.04:968][164]LogModuleManager: Shutting down and abandoning module DatasmithContent (38)
[2020.11.08-21.46.04:968][164]LogModuleManager: Shutting down and abandoning module AnimationModifiers (36)
[2020.11.08-21.46.04:968][164]LogModuleManager: Shutting down and abandoning module PropertyEditor (35)
[2020.11.08-21.46.04:968][164]LogModuleManager: Shutting down and abandoning module AudioEditor (32)
[2020.11.08-21.46.04:968][164]LogModuleManager: Shutting down and abandoning module TextureCompressor (30)
[2020.11.08-21.46.04:969][164]LogModuleManager: Shutting down and abandoning module ShaderCore (28)
[2020.11.08-21.46.04:969][164]LogModuleManager: Shutting down and abandoning module Landscape (26)
[2020.11.08-21.46.04:969][164]LogModuleManager: Shutting down and abandoning module SlateRHIRenderer (24)
[2020.11.08-21.46.04:969][164]LogModuleManager: Shutting down and abandoning module OpenGLDrv (22)
[2020.11.08-21.46.04:969][164]LogModuleManager: Shutting down and abandoning module D3D11RHI (20)
[2020.11.08-21.46.04:969][164]LogModuleManager: Shutting down and abandoning module AnimGraphRuntime (18)
[2020.11.08-21.46.04:969][164]LogModuleManager: Shutting down and abandoning module Renderer (16)
[2020.11.08-21.46.04:969][164]LogModuleManager: Shutting down and abandoning module Engine (14)
[2020.11.08-21.46.04:970][164]LogModuleManager: Shutting down and abandoning module CoreUObject (12)
[2020.11.08-21.46.04:970][164]LogModuleManager: Shutting down and abandoning module NetworkFile (10)
[2020.11.08-21.46.04:970][164]LogModuleManager: Shutting down and abandoning module CookedIterativeFile (8)
[2020.11.08-21.46.04:970][164]LogModuleManager: Shutting down and abandoning module StreamingFile (6)
[2020.11.08-21.46.04:970][164]LogModuleManager: Shutting down and abandoning module SandboxFile (4)
[2020.11.08-21.46.04:970][164]LogModuleManager: Shutting down and abandoning module PakFile (2)
[2020.11.08-21.46.05:001][164]LogExit: Exiting.
[2020.11.08-21.46.05:006][164]Log file closed, 11/08/20 21:46:05
