Log file open, 01/22/21 00:49:33
LogWindows: Failed to load 'aqProf.dll' (GetLastError=126)
LogWindows: File 'aqProf.dll' does not exist
LogWindows: Failed to load 'VtuneApi.dll' (GetLastError=126)
LogWindows: File 'VtuneApi.dll' does not exist
LogWindows: Failed to load 'VtuneApi32e.dll' (GetLastError=126)
LogWindows: File 'VtuneApi32e.dll' does not exist
LogConsoleResponse: Display: Failed to find resolution value strings in scalability ini. Falling back to default.
LogInit: Display: Running engine for game: PhysicsSim_UE
LogPakFile: Registered encryption key '00000000000000000000000000000000': 0 pak files mounted, 0 remain pending
LogPlatformFile: Not using cached read wrapper
LogTaskGraph: Started task graph with 5 named threads and 71 total threads with 3 sets of task threads.
LogStats: Stats thread started at 0.878343
LogD3D11RHI: Loaded GFSDK_Aftermath_Lib.x64.dll
LogICUInternationalization: ICU TimeZone Detection - Raw Offset: +0:00, Platform Override: ''
LogPluginManager: Mounting plugin Paper2D
LogPluginManager: Mounting plugin AISupport
LogPluginManager: Mounting plugin LightPropagationVolume
LogPluginManager: Mounting plugin ActorLayerUtilities
LogPluginManager: Mounting plugin CLionSourceCodeAccess
LogPluginManager: Mounting plugin CodeLiteSourceCodeAccess
LogPluginManager: Mounting plugin GitSourceControl
LogPluginManager: Mounting plugin KDevelopSourceCodeAccess
LogPluginManager: Mounting plugin NullSourceCodeAccess
LogPluginManager: Mounting plugin PerforceSourceControl
LogPluginManager: Mounting plugin SubversionSourceControl
LogPluginManager: Mounting plugin UObjectPlugin
LogPluginManager: Mounting plugin VisualStudioCodeSourceCodeAccess
LogPluginManager: Mounting plugin VisualStudioSourceCodeAccess
LogPluginManager: Mounting plugin XCodeSourceCodeAccess
LogPluginManager: Mounting plugin AssetManagerEditor
LogPluginManager: Mounting plugin CryptoKeys
LogPluginManager: Mounting plugin DataValidation
LogPluginManager: Mounting plugin FacialAnimation
LogPluginManager: Mounting plugin GameplayTagsEditor
LogPluginManager: Mounting plugin MacGraphicsSwitching
LogPluginManager: Mounting plugin MeshEditor
LogPluginManager: Mounting plugin MobileLauncherProfileWizard
LogPluginManager: Mounting plugin PluginBrowser
LogPluginManager: Mounting plugin SpeedTreeImporter
LogPluginManager: Mounting plugin DatasmithContent
LogPluginManager: Mounting plugin VariantManagerContent
LogPluginManager: Mounting plugin AlembicImporter
LogPluginManager: Mounting plugin AppleImageUtils
LogPluginManager: Mounting plugin AppleVision
LogPluginManager: Mounting plugin BackChannel
LogPluginManager: Mounting plugin CharacterAI
LogPluginManager: Mounting plugin GeometryCache
LogPluginManager: Mounting plugin HTML5Networking
LogPluginManager: Mounting plugin ProxyLODPlugin
LogPluginManager: Mounting plugin MagicLeap
LogPluginManager: Mounting plugin MagicLeapMedia
LogPluginManager: Mounting plugin AndroidMedia
LogPluginManager: Mounting plugin AvfMedia
LogPluginManager: Mounting plugin ImgMedia
LogPluginManager: Mounting plugin LinearTimecode
LogPluginManager: Mounting plugin MediaCompositing
LogPluginManager: Mounting plugin MediaPlayerEditor
LogPluginManager: Mounting plugin WebMMedia
LogPluginManager: Mounting plugin WmfMedia
LogPluginManager: Mounting plugin TcpMessaging
LogPluginManager: Mounting plugin UdpMessaging
LogPluginManager: Mounting plugin ActorSequence
LogPluginManager: Mounting plugin LevelSequenceEditor
LogPluginManager: Mounting plugin MatineeToLevelSequence
LogPluginManager: Mounting plugin NetcodeUnitTest
LogPluginManager: Mounting plugin NUTUnrealEngine4
LogPluginManager: Mounting plugin OnlineSubsystemGooglePlay
LogPluginManager: Mounting plugin OnlineSubsystemIOS
LogPluginManager: Mounting plugin OnlineSubsystem
LogPluginManager: Mounting plugin OnlineSubsystemNull
LogPluginManager: Mounting plugin OnlineSubsystemUtils
LogPluginManager: Mounting plugin LauncherChunkInstaller
LogPluginManager: Mounting plugin AndroidDeviceProfileSelector
LogPluginManager: Mounting plugin AndroidMoviePlayer
LogPluginManager: Mounting plugin AndroidPermission
LogPluginManager: Mounting plugin AppleMoviePlayer
LogPluginManager: Mounting plugin ArchVisCharacter
LogPluginManager: Mounting plugin AudioCapture
LogPluginManager: Mounting plugin CableComponent
LogPluginManager: Mounting plugin CustomMeshComponent
LogPluginManager: Mounting plugin EditableMesh
LogPluginManager: Mounting plugin ExampleDeviceProfileSelector
LogPluginManager: Mounting plugin Firebase
LogPluginManager: Mounting plugin GoogleCloudMessaging
LogPluginManager: Mounting plugin IOSDeviceProfileSelector
LogPluginManager: Mounting plugin LinuxDeviceProfileSelector
LogPluginManager: Mounting plugin LocationServicesBPLibrary
LogPluginManager: Mounting plugin MobilePatchingUtils
LogPluginManager: Mounting plugin OculusVR
LogPluginManager: Mounting plugin PhysXVehicles
LogPluginManager: Mounting plugin ProceduralMeshComponent
LogPluginManager: Mounting plugin RuntimePhysXCooking
LogPluginManager: Mounting plugin SteamVR
LogPluginManager: Mounting plugin WebMMoviePlayer
LogPluginManager: Mounting plugin WindowsMoviePlayer
LogStreaming: Display: Took  0.096s to configure plugins.
LogInit: Using libcurl 7.55.1-DEV
LogInit:  - built for x86_64-pc-win32
LogInit:  - supports SSL with OpenSSL/1.0.2h
LogInit:  - supports HTTP deflate (compression) using libz 1.2.8
LogInit:  - other features:
LogInit:      CURL_VERSION_SSL
LogInit:      CURL_VERSION_LIBZ
LogInit:      CURL_VERSION_IPV6
LogInit:      CURL_VERSION_ASYNCHDNS
LogInit:      CURL_VERSION_LARGEFILE
LogInit:      CURL_VERSION_IDN
LogInit:  CurlRequestOptions (configurable via config and command line):
LogInit:  - bVerifyPeer = true  - Libcurl will verify peer certificate
LogInit:  - bUseHttpProxy = false  - Libcurl will NOT use HTTP proxy
LogInit:  - bDontReuseConnections = false  - Libcurl will reuse connections
LogInit:  - MaxHostConnections = 16  - Libcurl will limit the number of connections to a host
LogInit:  - LocalHostAddr = Default
LogInit:  - BufferSize = 65536
LogInit: WinSock: version 1.1 (2.2), MaxSocks=32767, MaxUdp=65467
LogInit: Build: ++UE4+Release-4.21-CL-4753647
LogInit: Engine Version: 4.21.2-4753647+++UE4+Release-4.21
LogInit: Compatible Engine Version: 4.21.0-4541578+++UE4+Release-4.21
LogInit: Net CL: 4541578
LogInit: OS: Windows 10 (), CPU: AMD Ryzen 9 3900X 12-Core Processor            , GPU: NVIDIA GeForce RTX 2070 SUPER
LogInit: Compiled (64-bit): Jan 19 2019 02:07:31
LogInit: Compiled with Visual C++: 19.13.26129.00
LogInit: Build Configuration: Development
LogInit: Branch Name: ++UE4+Release-4.21
LogInit: Command Line:  -skipcompile
LogInit: Base Directory: C:/Program Files/Epic Games/UE_4.21/Engine/Binaries/Win64/
LogInit: Installed Engine Build: 1
LogDevObjectVersion: Number of dev versions registered: 22
LogDevObjectVersion:   Dev-Blueprints (B0D832E4-1F89-4F0D-ACCF-7EB736FD4AA2): 10
LogDevObjectVersion:   Dev-Build (E1C64328-A22C-4D53-A36C-8E866417BD8C): 0
LogDevObjectVersion:   Dev-Core (375EC13C-06E4-48FB-B500-84F0262A717E): 2
LogDevObjectVersion:   Dev-Editor (E4B068ED-F494-42E9-A231-DA0B2E46BB41): 26
LogDevObjectVersion:   Dev-Framework (CFFC743F-43B0-4480-9391-14DF171D2073): 34
LogDevObjectVersion:   Dev-Mobile (B02B49B5-BB20-44E9-A304-32B752E40360): 2
LogDevObjectVersion:   Dev-Networking (A4E4105C-59A1-49B5-A7C5-40C4547EDFEE): 0
LogDevObjectVersion:   Dev-Online (39C831C9-5AE6-47DC-9A44-9C173E1C8E7C): 0
LogDevObjectVersion:   Dev-Physics (78F01B33-EBEA-4F98-B9B4-84EACCB95AA2): 0
LogDevObjectVersion:   Dev-Platform (6631380F-2D4D-43E0-8009-CF276956A95A): 0
LogDevObjectVersion:   Dev-Rendering (12F88B9F-8875-4AFC-A67C-D90C383ABD29): 27
LogDevObjectVersion:   Dev-Sequencer (7B5AE74C-D270-4C10-A958-57980B212A5A): 9
LogDevObjectVersion:   Dev-VR (D7296918-1DD6-4BDD-9DE2-64A83CC13884): 2
LogDevObjectVersion:   Dev-LoadTimes (C2A15278-BFE7-4AFE-6C17-90FF531DF755): 1
LogDevObjectVersion:   Private-Geometry (6EACA3D4-40EC-4CC1-B786-8BED09428FC5): 3
LogDevObjectVersion:   Dev-AnimPhys (29E575DD-E0A3-4627-9D10-D276232CDCEA): 17
LogDevObjectVersion:   Dev-Anim (AF43A65D-7FD3-4947-9873-3E8ED9C1BB05): 2
LogDevObjectVersion:   Dev-ReflectionCapture (6B266CEC-1EC7-4B8F-A30B-E4D90942FC07): 1
LogDevObjectVersion:   Dev-Automation (0DF73D61-A23F-47EA-B727-89E90C41499A): 1
LogDevObjectVersion:   FortniteMain (601D1886-AC64-4F84-AA16-D3DE0DEAC7D6): 17
LogDevObjectVersion:   Dev-Enterprise (9DFFBCD6-494F-0158-E221-12823C92A888): 4
LogDevObjectVersion:   Dev-Niagara (F2AED0AC-9AFE-416F-8664-AA7FFA26D6FC): 1
LogStreaming: Display: Took  0.003s to delete old logs.
LogInit: Presizing for max 8388607 objects, including 0 objects not considered by GC, pre-allocating 0 bytes for permanent pool.
LogInit: Object subsystem initialized
LogConfig: Setting CVar [[con.DebugEarlyDefault:1]]
LogConfig: Setting CVar [[r.setres:1280x720]]
[2021.01.22-00.49.34:083][  0]LogConfig: Setting CVar [[r.VSync:0]]
[2021.01.22-00.49.34:083][  0]LogConfig: Setting CVar [[r.RHICmdBypass:0]]
[2021.01.22-00.49.34:083][  0]LogConfig: Applying CVar settings from Section [/Script/Engine.RendererSettings] File [C:/Users/betha/Documents/GitHub/PhysicsSimulation/PhysicsSim_UE/Saved/Config/Windows/Engine.ini]
[2021.01.22-00.49.34:083][  0]LogConfig: Setting CVar [[r.GPUCrashDebugging:0]]
[2021.01.22-00.49.34:083][  0]LogConfig: Applying CVar settings from Section [/Script/Engine.RendererOverrideSettings] File [C:/Users/betha/Documents/GitHub/PhysicsSimulation/PhysicsSim_UE/Saved/Config/Windows/Engine.ini]
[2021.01.22-00.49.34:083][  0]LogConfig: Applying CVar settings from Section [/Script/Engine.StreamingSettings] File [C:/Users/betha/Documents/GitHub/PhysicsSimulation/PhysicsSim_UE/Saved/Config/Windows/Engine.ini]
[2021.01.22-00.49.34:084][  0]LogConfig: Setting CVar [[s.MinBulkDataSizeForAsyncLoading:131072]]
[2021.01.22-00.49.34:084][  0]LogConfig: Setting CVar [[s.AsyncLoadingThreadEnabled:0]]
[2021.01.22-00.49.34:084][  0]LogConfig: Setting CVar [[s.EventDrivenLoaderEnabled:1]]
[2021.01.22-00.49.34:084][  0]LogConfig: Setting CVar [[s.WarnIfTimeLimitExceeded:0]]
[2021.01.22-00.49.34:084][  0]LogConfig: Setting CVar [[s.TimeLimitExceededMultiplier:1.5]]
[2021.01.22-00.49.34:084][  0]LogConfig: Setting CVar [[s.TimeLimitExceededMinTime:0.005]]
[2021.01.22-00.49.34:084][  0]LogConfig: Setting CVar [[s.UseBackgroundLevelStreaming:1]]
[2021.01.22-00.49.34:084][  0]LogConfig: Setting CVar [[s.PriorityAsyncLoadingExtraTime:15.0]]
[2021.01.22-00.49.34:084][  0]LogConfig: Setting CVar [[s.LevelStreamingActorsUpdateTimeLimit:5.0]]
[2021.01.22-00.49.34:084][  0]LogConfig: Setting CVar [[s.PriorityLevelStreamingActorsUpdateExtraTime:5.0]]
[2021.01.22-00.49.34:084][  0]LogConfig: Setting CVar [[s.LevelStreamingComponentsRegistrationGranularity:10]]
[2021.01.22-00.49.34:084][  0]LogConfig: Setting CVar [[s.UnregisterComponentsTimeLimit:1.0]]
[2021.01.22-00.49.34:084][  0]LogConfig: Setting CVar [[s.LevelStreamingComponentsUnregistrationGranularity:5]]
[2021.01.22-00.49.34:084][  0]LogConfig: Applying CVar settings from Section [/Script/Engine.GarbageCollectionSettings] File [C:/Users/betha/Documents/GitHub/PhysicsSimulation/PhysicsSim_UE/Saved/Config/Windows/Engine.ini]
[2021.01.22-00.49.34:084][  0]LogConfig: Setting CVar [[gc.MaxObjectsNotConsideredByGC:1]]
[2021.01.22-00.49.34:084][  0]LogConfig: Setting CVar [[gc.SizeOfPermanentObjectPool:0]]
[2021.01.22-00.49.34:084][  0]LogConfig: Setting CVar [[gc.FlushStreamingOnGC:0]]
[2021.01.22-00.49.34:084][  0]LogConfig: Setting CVar [[gc.NumRetriesBeforeForcingGC:10]]
[2021.01.22-00.49.34:084][  0]LogConfig: Setting CVar [[gc.AllowParallelGC:1]]
[2021.01.22-00.49.34:085][  0]LogConfig: Setting CVar [[gc.TimeBetweenPurgingPendingKillObjects:61.1]]
[2021.01.22-00.49.34:085][  0]LogConfig: Setting CVar [[gc.MaxObjectsInEditor:8388607]]
[2021.01.22-00.49.34:085][  0]LogConfig: Setting CVar [[gc.IncrementalBeginDestroyEnabled:1]]
[2021.01.22-00.49.34:085][  0]LogConfig: Setting CVar [[gc.CreateGCClusters:1]]
[2021.01.22-00.49.34:085][  0]LogConfig: Setting CVar [[gc.MergeGCClusters:0]]
[2021.01.22-00.49.34:085][  0]LogConfig: Setting CVar [[gc.MinGCClusterSize:5]]
[2021.01.22-00.49.34:085][  0]LogConfig: Setting CVar [[gc.ActorClusteringEnabled:0]]
[2021.01.22-00.49.34:085][  0]LogConfig: Setting CVar [[gc.BlueprintClusteringEnabled:0]]
[2021.01.22-00.49.34:085][  0]LogConfig: Setting CVar [[gc.UseDisregardForGCOnDedicatedServers:0]]
[2021.01.22-00.49.34:085][  0]LogConfig: Applying CVar settings from Section [/Script/Engine.NetworkSettings] File [C:/Users/betha/Documents/GitHub/PhysicsSimulation/PhysicsSim_UE/Saved/Config/Windows/Engine.ini]
[2021.01.22-00.49.34:085][  0]LogConfig: Applying CVar settings from Section [/Script/UnrealEd.CookerSettings] File [C:/Users/betha/Documents/GitHub/PhysicsSimulation/PhysicsSim_UE/Saved/Config/Windows/Engine.ini]
[2021.01.22-00.49.34:093][  0]LogConfig: Applying CVar settings from Section [ViewDistanceQuality@3] File [C:/Users/betha/Documents/GitHub/PhysicsSimulation/PhysicsSim_UE/Saved/Config/Windows/Scalability.ini]
[2021.01.22-00.49.34:093][  0]LogConfig: Setting CVar [[r.SkeletalMeshLODBias:0]]
[2021.01.22-00.49.34:093][  0]LogConfig: Setting CVar [[r.ViewDistanceScale:1.0]]
[2021.01.22-00.49.34:093][  0]LogConfig: Applying CVar settings from Section [AntiAliasingQuality@3] File [C:/Users/betha/Documents/GitHub/PhysicsSimulation/PhysicsSim_UE/Saved/Config/Windows/Scalability.ini]
[2021.01.22-00.49.34:093][  0]LogConfig: Setting CVar [[r.PostProcessAAQuality:4]]
[2021.01.22-00.49.34:093][  0]LogConfig: Applying CVar settings from Section [ShadowQuality@3] File [C:/Users/betha/Documents/GitHub/PhysicsSimulation/PhysicsSim_UE/Saved/Config/Windows/Scalability.ini]
[2021.01.22-00.49.34:093][  0]LogConfig: Setting CVar [[r.LightFunctionQuality:1]]
[2021.01.22-00.49.34:093][  0]LogConfig: Setting CVar [[r.ShadowQuality:5]]
[2021.01.22-00.49.34:093][  0]LogConfig: Setting CVar [[r.Shadow.CSM.MaxCascades:10]]
[2021.01.22-00.49.34:093][  0]LogConfig: Setting CVar [[r.Shadow.MaxResolution:2048]]
[2021.01.22-00.49.34:093][  0]LogConfig: Setting CVar [[r.Shadow.MaxCSMResolution:2048]]
[2021.01.22-00.49.34:094][  0]LogConfig: Setting CVar [[r.Shadow.RadiusThreshold:0.01]]
[2021.01.22-00.49.34:094][  0]LogConfig: Setting CVar [[r.Shadow.DistanceScale:1.0]]
[2021.01.22-00.49.34:094][  0]LogConfig: Setting CVar [[r.Shadow.CSM.TransitionScale:1.0]]
[2021.01.22-00.49.34:094][  0]LogConfig: Setting CVar [[r.Shadow.PreShadowResolutionFactor:1.0]]
[2021.01.22-00.49.34:094][  0]LogConfig: Setting CVar [[r.DistanceFieldShadowing:1]]
[2021.01.22-00.49.34:094][  0]LogConfig: Setting CVar [[r.DistanceFieldAO:1]]
[2021.01.22-00.49.34:094][  0]LogConfig: Setting CVar [[r.AOQuality:2]]
[2021.01.22-00.49.34:094][  0]LogConfig: Setting CVar [[r.VolumetricFog:1]]
[2021.01.22-00.49.34:094][  0]LogConfig: Setting CVar [[r.VolumetricFog.GridPixelSize:8]]
[2021.01.22-00.49.34:094][  0]LogConfig: Setting CVar [[r.VolumetricFog.GridSizeZ:128]]
[2021.01.22-00.49.34:094][  0]LogConfig: Setting CVar [[r.VolumetricFog.HistoryMissSupersampleCount:4]]
[2021.01.22-00.49.34:094][  0]LogConfig: Setting CVar [[r.LightMaxDrawDistanceScale:1]]
[2021.01.22-00.49.34:094][  0]LogConfig: Setting CVar [[r.CapsuleShadows:1]]
[2021.01.22-00.49.34:094][  0]LogConfig: Applying CVar settings from Section [PostProcessQuality@3] File [C:/Users/betha/Documents/GitHub/PhysicsSimulation/PhysicsSim_UE/Saved/Config/Windows/Scalability.ini]
[2021.01.22-00.49.34:094][  0]LogConfig: Setting CVar [[r.MotionBlurQuality:4]]
[2021.01.22-00.49.34:094][  0]LogConfig: Setting CVar [[r.AmbientOcclusionMipLevelFactor:0.4]]
[2021.01.22-00.49.34:094][  0]LogConfig: Setting CVar [[r.AmbientOcclusionMaxQuality:100]]
[2021.01.22-00.49.34:094][  0]LogConfig: Setting CVar [[r.AmbientOcclusionLevels:-1]]
[2021.01.22-00.49.34:094][  0]LogConfig: Setting CVar [[r.AmbientOcclusionRadiusScale:1.0]]
[2021.01.22-00.49.34:094][  0]LogConfig: Setting CVar [[r.DepthOfFieldQuality:2]]
[2021.01.22-00.49.34:094][  0]LogConfig: Setting CVar [[r.RenderTargetPoolMin:400]]
[2021.01.22-00.49.34:095][  0]LogConfig: Setting CVar [[r.LensFlareQuality:2]]
[2021.01.22-00.49.34:095][  0]LogConfig: Setting CVar [[r.SceneColorFringeQuality:1]]
[2021.01.22-00.49.34:095][  0]LogConfig: Setting CVar [[r.EyeAdaptationQuality:2]]
[2021.01.22-00.49.34:095][  0]LogConfig: Setting CVar [[r.BloomQuality:5]]
[2021.01.22-00.49.34:095][  0]LogConfig: Setting CVar [[r.FastBlurThreshold:100]]
[2021.01.22-00.49.34:095][  0]LogConfig: Setting CVar [[r.Upscale.Quality:3]]
[2021.01.22-00.49.34:095][  0]LogConfig: Setting CVar [[r.Tonemapper.GrainQuantization:1]]
[2021.01.22-00.49.34:095][  0]LogConfig: Setting CVar [[r.LightShaftQuality:1]]
[2021.01.22-00.49.34:095][  0]LogConfig: Setting CVar [[r.Filter.SizeScale:1]]
[2021.01.22-00.49.34:095][  0]LogConfig: Setting CVar [[r.Tonemapper.Quality:5]]
[2021.01.22-00.49.34:095][  0]LogConfig: Setting CVar [[r.DOF.Gather.AccumulatorQuality:1        ; higher gathering accumulator quality]]
[2021.01.22-00.49.34:095][  0]LogConfig: Setting CVar [[r.DOF.Gather.PostfilterMethod:1          ; Median3x3 postfilering method]]
[2021.01.22-00.49.34:095][  0]LogConfig: Setting CVar [[r.DOF.Gather.EnableBokehSettings:0       ; no bokeh simulation when gathering]]
[2021.01.22-00.49.34:095][  0]LogConfig: Setting CVar [[r.DOF.Gather.RingCount:4                 ; medium number of samples when gathering]]
[2021.01.22-00.49.34:095][  0]LogConfig: Setting CVar [[r.DOF.Scatter.ForegroundCompositing:1    ; additive foreground scattering]]
[2021.01.22-00.49.34:095][  0]LogConfig: Setting CVar [[r.DOF.Scatter.BackgroundCompositing:2    ; additive background scattering]]
[2021.01.22-00.49.34:095][  0]LogConfig: Setting CVar [[r.DOF.Scatter.EnableBokehSettings:1      ; bokeh simulation when scattering]]
[2021.01.22-00.49.34:095][  0]LogConfig: Setting CVar [[r.DOF.Scatter.MaxSpriteRatio:0.1         ; only a maximum of 10% of scattered bokeh]]
[2021.01.22-00.49.34:095][  0]LogConfig: Setting CVar [[r.DOF.Recombine.Quality:1                ; cheap slight out of focus]]
[2021.01.22-00.49.34:095][  0]LogConfig: Setting CVar [[r.DOF.Recombine.EnableBokehSettings:0    ; no bokeh simulation on slight out of focus]]
[2021.01.22-00.49.34:095][  0]LogConfig: Setting CVar [[r.DOF.TemporalAAQuality:1                ; more stable temporal accumulation]]
[2021.01.22-00.49.34:095][  0]LogConfig: Setting CVar [[r.DOF.Kernel.MaxForegroundRadius:0.025]]
[2021.01.22-00.49.34:095][  0]LogConfig: Setting CVar [[r.DOF.Kernel.MaxBackgroundRadius:0.025]]
[2021.01.22-00.49.34:095][  0]LogConfig: Applying CVar settings from Section [TextureQuality@3] File [C:/Users/betha/Documents/GitHub/PhysicsSimulation/PhysicsSim_UE/Saved/Config/Windows/Scalability.ini]
[2021.01.22-00.49.34:096][  0]LogConfig: Setting CVar [[r.Streaming.MipBias:0]]
[2021.01.22-00.49.34:096][  0]LogConfig: Setting CVar [[r.Streaming.AmortizeCPUToGPUCopy:0]]
[2021.01.22-00.49.34:096][  0]LogConfig: Setting CVar [[r.Streaming.MaxNumTexturesToStreamPerFrame:0]]
[2021.01.22-00.49.34:096][  0]LogConfig: Setting CVar [[r.Streaming.Boost:1]]
[2021.01.22-00.49.34:096][  0]LogConfig: Setting CVar [[r.MaxAnisotropy:8]]
[2021.01.22-00.49.34:096][  0]LogConfig: Setting CVar [[r.Streaming.LimitPoolSizeToVRAM:0]]
[2021.01.22-00.49.34:096][  0]LogConfig: Setting CVar [[r.Streaming.PoolSize:1000]]
[2021.01.22-00.49.34:096][  0]LogConfig: Setting CVar [[r.Streaming.MaxEffectiveScreenSize:0]]
[2021.01.22-00.49.34:096][  0]LogConfig: Applying CVar settings from Section [EffectsQuality@3] File [C:/Users/betha/Documents/GitHub/PhysicsSimulation/PhysicsSim_UE/Saved/Config/Windows/Scalability.ini]
[2021.01.22-00.49.34:096][  0]LogConfig: Setting CVar [[r.TranslucencyLightingVolumeDim:64]]
[2021.01.22-00.49.34:096][  0]LogConfig: Setting CVar [[r.RefractionQuality:2]]
[2021.01.22-00.49.34:096][  0]LogConfig: Setting CVar [[r.SSR.Quality:3]]
[2021.01.22-00.49.34:096][  0]LogConfig: Setting CVar [[r.SceneColorFormat:4]]
[2021.01.22-00.49.34:096][  0]LogConfig: Setting CVar [[r.DetailMode:2]]
[2021.01.22-00.49.34:096][  0]LogConfig: Setting CVar [[r.TranslucencyVolumeBlur:1]]
[2021.01.22-00.49.34:096][  0]LogConfig: Setting CVar [[r.MaterialQualityLevel:1 ; High quality]]
[2021.01.22-00.49.34:096][  0]LogConfig: Setting CVar [[r.SSS.Scale:1]]
[2021.01.22-00.49.34:096][  0]LogConfig: Setting CVar [[r.SSS.SampleSet:2]]
[2021.01.22-00.49.34:096][  0]LogConfig: Setting CVar [[r.SSS.Quality:1]]
[2021.01.22-00.49.34:096][  0]LogConfig: Setting CVar [[r.SSS.HalfRes:1]]
[2021.01.22-00.49.34:097][  0]LogConfig: Setting CVar [[r.EmitterSpawnRateScale:1.0]]
[2021.01.22-00.49.34:097][  0]LogConfig: Setting CVar [[r.ParticleLightQuality:2]]
[2021.01.22-00.49.34:097][  0]LogConfig: Applying CVar settings from Section [FoliageQuality@3] File [C:/Users/betha/Documents/GitHub/PhysicsSimulation/PhysicsSim_UE/Saved/Config/Windows/Scalability.ini]
[2021.01.22-00.49.34:097][  0]LogConfig: Setting CVar [[foliage.DensityScale:1.0]]
[2021.01.22-00.49.34:097][  0]LogConfig: Setting CVar [[grass.DensityScale:1.0]]
[2021.01.22-00.49.34:097][  0]LogInit: Selected Device Profile: [Windows]
[2021.01.22-00.49.34:097][  0]LogInit: Applying CVar settings loaded from the selected device profile: [Windows]
[2021.01.22-00.49.34:104][  0]LogHAL: Display: Platform has ~ 32 GB [34295054336 / 34359738368 / 32], which maps to Largest [LargestMinGB=32, LargerMinGB=12, DefaultMinGB=8, SmallerMinGB=6, SmallestMinGB=0)
[2021.01.22-00.49.34:104][  0]LogConfig: Setting CVar [[r.Vulkan.UseRealUBs:1]]
[2021.01.22-00.49.34:104][  0]LogInit: Going up to parent DeviceProfile []
[2021.01.22-00.49.34:105][  0]LogConfig: Applying CVar settings from Section [ViewDistanceQuality@3] File [C:/Users/betha/Documents/GitHub/PhysicsSimulation/PhysicsSim_UE/Saved/Config/Windows/Scalability.ini]
[2021.01.22-00.49.34:105][  0]LogConfig: Setting CVar [[r.SkeletalMeshLODBias:0]]
[2021.01.22-00.49.34:105][  0]LogConfig: Setting CVar [[r.ViewDistanceScale:1.0]]
[2021.01.22-00.49.34:105][  0]LogConfig: Applying CVar settings from Section [AntiAliasingQuality@3] File [C:/Users/betha/Documents/GitHub/PhysicsSimulation/PhysicsSim_UE/Saved/Config/Windows/Scalability.ini]
[2021.01.22-00.49.34:105][  0]LogConfig: Setting CVar [[r.PostProcessAAQuality:4]]
[2021.01.22-00.49.34:105][  0]LogConfig: Applying CVar settings from Section [ShadowQuality@3] File [C:/Users/betha/Documents/GitHub/PhysicsSimulation/PhysicsSim_UE/Saved/Config/Windows/Scalability.ini]
[2021.01.22-00.49.34:105][  0]LogConfig: Setting CVar [[r.LightFunctionQuality:1]]
[2021.01.22-00.49.34:105][  0]LogConfig: Setting CVar [[r.ShadowQuality:5]]
[2021.01.22-00.49.34:105][  0]LogConfig: Setting CVar [[r.Shadow.CSM.MaxCascades:10]]
[2021.01.22-00.49.34:105][  0]LogConfig: Setting CVar [[r.Shadow.MaxResolution:2048]]
[2021.01.22-00.49.34:105][  0]LogConfig: Setting CVar [[r.Shadow.MaxCSMResolution:2048]]
[2021.01.22-00.49.34:105][  0]LogConfig: Setting CVar [[r.Shadow.RadiusThreshold:0.01]]
[2021.01.22-00.49.34:105][  0]LogConfig: Setting CVar [[r.Shadow.DistanceScale:1.0]]
[2021.01.22-00.49.34:105][  0]LogConfig: Setting CVar [[r.Shadow.CSM.TransitionScale:1.0]]
[2021.01.22-00.49.34:105][  0]LogConfig: Setting CVar [[r.Shadow.PreShadowResolutionFactor:1.0]]
[2021.01.22-00.49.34:105][  0]LogConfig: Setting CVar [[r.DistanceFieldShadowing:1]]
[2021.01.22-00.49.34:105][  0]LogConfig: Setting CVar [[r.DistanceFieldAO:1]]
[2021.01.22-00.49.34:106][  0]LogConfig: Setting CVar [[r.AOQuality:2]]
[2021.01.22-00.49.34:106][  0]LogConfig: Setting CVar [[r.VolumetricFog:1]]
[2021.01.22-00.49.34:106][  0]LogConfig: Setting CVar [[r.VolumetricFog.GridPixelSize:8]]
[2021.01.22-00.49.34:106][  0]LogConfig: Setting CVar [[r.VolumetricFog.GridSizeZ:128]]
[2021.01.22-00.49.34:106][  0]LogConfig: Setting CVar [[r.VolumetricFog.HistoryMissSupersampleCount:4]]
[2021.01.22-00.49.34:106][  0]LogConfig: Setting CVar [[r.LightMaxDrawDistanceScale:1]]
[2021.01.22-00.49.34:106][  0]LogConfig: Setting CVar [[r.CapsuleShadows:1]]
[2021.01.22-00.49.34:106][  0]LogConfig: Applying CVar settings from Section [PostProcessQuality@3] File [C:/Users/betha/Documents/GitHub/PhysicsSimulation/PhysicsSim_UE/Saved/Config/Windows/Scalability.ini]
[2021.01.22-00.49.34:106][  0]LogConfig: Setting CVar [[r.MotionBlurQuality:4]]
[2021.01.22-00.49.34:106][  0]LogConfig: Setting CVar [[r.AmbientOcclusionMipLevelFactor:0.4]]
[2021.01.22-00.49.34:106][  0]LogConfig: Setting CVar [[r.AmbientOcclusionMaxQuality:100]]
[2021.01.22-00.49.34:106][  0]LogConfig: Setting CVar [[r.AmbientOcclusionLevels:-1]]
[2021.01.22-00.49.34:106][  0]LogConfig: Setting CVar [[r.AmbientOcclusionRadiusScale:1.0]]
[2021.01.22-00.49.34:106][  0]LogConfig: Setting CVar [[r.DepthOfFieldQuality:2]]
[2021.01.22-00.49.34:106][  0]LogConfig: Setting CVar [[r.RenderTargetPoolMin:400]]
[2021.01.22-00.49.34:106][  0]LogConfig: Setting CVar [[r.LensFlareQuality:2]]
[2021.01.22-00.49.34:106][  0]LogConfig: Setting CVar [[r.SceneColorFringeQuality:1]]
[2021.01.22-00.49.34:106][  0]LogConfig: Setting CVar [[r.EyeAdaptationQuality:2]]
[2021.01.22-00.49.34:106][  0]LogConfig: Setting CVar [[r.BloomQuality:5]]
[2021.01.22-00.49.34:106][  0]LogConfig: Setting CVar [[r.FastBlurThreshold:100]]
[2021.01.22-00.49.34:106][  0]LogConfig: Setting CVar [[r.Upscale.Quality:3]]
[2021.01.22-00.49.34:107][  0]LogConfig: Setting CVar [[r.Tonemapper.GrainQuantization:1]]
[2021.01.22-00.49.34:107][  0]LogConfig: Setting CVar [[r.LightShaftQuality:1]]
[2021.01.22-00.49.34:107][  0]LogConfig: Setting CVar [[r.Filter.SizeScale:1]]
[2021.01.22-00.49.34:107][  0]LogConfig: Setting CVar [[r.Tonemapper.Quality:5]]
[2021.01.22-00.49.34:107][  0]LogConfig: Setting CVar [[r.DOF.Gather.AccumulatorQuality:1        ; higher gathering accumulator quality]]
[2021.01.22-00.49.34:107][  0]LogConfig: Setting CVar [[r.DOF.Gather.PostfilterMethod:1          ; Median3x3 postfilering method]]
[2021.01.22-00.49.34:107][  0]LogConfig: Setting CVar [[r.DOF.Gather.EnableBokehSettings:0       ; no bokeh simulation when gathering]]
[2021.01.22-00.49.34:107][  0]LogConfig: Setting CVar [[r.DOF.Gather.RingCount:4                 ; medium number of samples when gathering]]
[2021.01.22-00.49.34:107][  0]LogConfig: Setting CVar [[r.DOF.Scatter.ForegroundCompositing:1    ; additive foreground scattering]]
[2021.01.22-00.49.34:107][  0]LogConfig: Setting CVar [[r.DOF.Scatter.BackgroundCompositing:2    ; additive background scattering]]
[2021.01.22-00.49.34:107][  0]LogConfig: Setting CVar [[r.DOF.Scatter.EnableBokehSettings:1      ; bokeh simulation when scattering]]
[2021.01.22-00.49.34:107][  0]LogConfig: Setting CVar [[r.DOF.Scatter.MaxSpriteRatio:0.1         ; only a maximum of 10% of scattered bokeh]]
[2021.01.22-00.49.34:107][  0]LogConfig: Setting CVar [[r.DOF.Recombine.Quality:1                ; cheap slight out of focus]]
[2021.01.22-00.49.34:107][  0]LogConfig: Setting CVar [[r.DOF.Recombine.EnableBokehSettings:0    ; no bokeh simulation on slight out of focus]]
[2021.01.22-00.49.34:107][  0]LogConfig: Setting CVar [[r.DOF.TemporalAAQuality:1                ; more stable temporal accumulation]]
[2021.01.22-00.49.34:107][  0]LogConfig: Setting CVar [[r.DOF.Kernel.MaxForegroundRadius:0.025]]
[2021.01.22-00.49.34:107][  0]LogConfig: Setting CVar [[r.DOF.Kernel.MaxBackgroundRadius:0.025]]
[2021.01.22-00.49.34:107][  0]LogConfig: Applying CVar settings from Section [TextureQuality@3] File [C:/Users/betha/Documents/GitHub/PhysicsSimulation/PhysicsSim_UE/Saved/Config/Windows/Scalability.ini]
[2021.01.22-00.49.34:107][  0]LogConfig: Setting CVar [[r.Streaming.MipBias:0]]
[2021.01.22-00.49.34:107][  0]LogConfig: Setting CVar [[r.Streaming.AmortizeCPUToGPUCopy:0]]
[2021.01.22-00.49.34:107][  0]LogConfig: Setting CVar [[r.Streaming.MaxNumTexturesToStreamPerFrame:0]]
[2021.01.22-00.49.34:107][  0]LogConfig: Setting CVar [[r.Streaming.Boost:1]]
[2021.01.22-00.49.34:107][  0]LogConfig: Setting CVar [[r.MaxAnisotropy:8]]
[2021.01.22-00.49.34:108][  0]LogConfig: Setting CVar [[r.Streaming.LimitPoolSizeToVRAM:0]]
[2021.01.22-00.49.34:108][  0]LogConfig: Setting CVar [[r.Streaming.PoolSize:1000]]
[2021.01.22-00.49.34:108][  0]LogConfig: Setting CVar [[r.Streaming.MaxEffectiveScreenSize:0]]
[2021.01.22-00.49.34:108][  0]LogConfig: Applying CVar settings from Section [EffectsQuality@3] File [C:/Users/betha/Documents/GitHub/PhysicsSimulation/PhysicsSim_UE/Saved/Config/Windows/Scalability.ini]
[2021.01.22-00.49.34:108][  0]LogConfig: Setting CVar [[r.TranslucencyLightingVolumeDim:64]]
[2021.01.22-00.49.34:108][  0]LogConfig: Setting CVar [[r.RefractionQuality:2]]
[2021.01.22-00.49.34:108][  0]LogConfig: Setting CVar [[r.SSR.Quality:3]]
[2021.01.22-00.49.34:108][  0]LogConfig: Setting CVar [[r.SceneColorFormat:4]]
[2021.01.22-00.49.34:108][  0]LogConfig: Setting CVar [[r.DetailMode:2]]
[2021.01.22-00.49.34:108][  0]LogConfig: Setting CVar [[r.TranslucencyVolumeBlur:1]]
[2021.01.22-00.49.34:108][  0]LogConfig: Setting CVar [[r.MaterialQualityLevel:1 ; High quality]]
[2021.01.22-00.49.34:108][  0]LogConfig: Setting CVar [[r.SSS.Scale:1]]
[2021.01.22-00.49.34:108][  0]LogConfig: Setting CVar [[r.SSS.SampleSet:2]]
[2021.01.22-00.49.34:108][  0]LogConfig: Setting CVar [[r.SSS.Quality:1]]
[2021.01.22-00.49.34:108][  0]LogConfig: Setting CVar [[r.SSS.HalfRes:1]]
[2021.01.22-00.49.34:108][  0]LogConfig: Setting CVar [[r.EmitterSpawnRateScale:1.0]]
[2021.01.22-00.49.34:108][  0]LogConfig: Setting CVar [[r.ParticleLightQuality:2]]
[2021.01.22-00.49.34:108][  0]LogConfig: Applying CVar settings from Section [FoliageQuality@3] File [C:/Users/betha/Documents/GitHub/PhysicsSimulation/PhysicsSim_UE/Saved/Config/Windows/Scalability.ini]
[2021.01.22-00.49.34:108][  0]LogConfig: Setting CVar [[foliage.DensityScale:1.0]]
[2021.01.22-00.49.34:108][  0]LogConfig: Setting CVar [[grass.DensityScale:1.0]]
[2021.01.22-00.49.34:108][  0]LogConfig: Applying CVar settings from Section [Startup] File [../../../Engine/Config/ConsoleVariables.ini]
[2021.01.22-00.49.34:109][  0]LogConfig: Setting CVar [[net.UseAdaptiveNetUpdateFrequency:0]]
[2021.01.22-00.49.34:109][  0]LogConfig: Applying CVar settings from Section [ConsoleVariables] File [C:/Users/betha/Documents/GitHub/PhysicsSimulation/PhysicsSim_UE/Saved/Config/Windows/Engine.ini]
[2021.01.22-00.49.34:109][  0]LogInit: Computer: THEBEAST
[2021.01.22-00.49.34:109][  0]LogInit: User: bethan
[2021.01.22-00.49.34:109][  0]LogInit: CPU Page size=4096, Cores=12
[2021.01.22-00.49.34:109][  0]LogInit: High frequency timer resolution =10.000000 MHz
[2021.01.22-00.49.34:109][  0]LogMemory: Memory total: Physical=31.9GB (32GB approx)
[2021.01.22-00.49.34:109][  0]LogMemory: Platform Memory Stats for Windows
[2021.01.22-00.49.34:109][  0]LogMemory: Process Physical Memory: 107.24 MB used, 107.24 MB peak
[2021.01.22-00.49.34:110][  0]LogMemory: Process Virtual Memory: 91.42 MB used, 91.42 MB peak
[2021.01.22-00.49.34:110][  0]LogMemory: Physical Memory: 12679.27 MB used,  20027.05 MB free, 32706.31 MB total
[2021.01.22-00.49.34:110][  0]LogMemory: Virtual Memory: 4703.05 MB used,  134213024.00 MB free, 134217728.00 MB total
[2021.01.22-00.49.34:277][  0]LogInit: Using OS detected language (en-GB).
[2021.01.22-00.49.34:277][  0]LogInit: Using OS detected locale (en-GB).
[2021.01.22-00.49.34:278][  0]LogTextLocalizationManager: No specific localization for 'en-GB' exists, so the 'en' localization will be used.
[2021.01.22-00.49.34:591][  0]LogStreaming: Display: Took  0.314s to InitEngineTextLocalization.
[2021.01.22-00.49.34:592][  0]LogInit: Setting process to per monitor DPI aware
[2021.01.22-00.49.34:629][  0]LogSlate: New Slate User Created.  User Index 0, Is Virtual User: 0
[2021.01.22-00.49.34:629][  0]LogSlate: Slate User Registered.  User Index 0, Is Virtual User: 0
[2021.01.22-00.49.34:804][  0]LogHMD: Failed to initialize OpenVR with code 110
[2021.01.22-00.49.34:804][  0]LogD3D11RHI: D3D11 adapters:
[2021.01.22-00.49.34:940][  0]LogD3D11RHI:    0. 'NVIDIA GeForce RTX 2070 SUPER' (Feature Level 11_0)
[2021.01.22-00.49.34:941][  0]LogD3D11RHI:       8011/0/16353 MB DedicatedVideo/DedicatedSystem/SharedSystem, Outputs:2, VendorId:0x10de
[2021.01.22-00.49.34:946][  0]LogD3D11RHI:    1. 'Microsoft Basic Render Driver' (Feature Level 11_0)
[2021.01.22-00.49.34:946][  0]LogD3D11RHI:       0/0/16353 MB DedicatedVideo/DedicatedSystem/SharedSystem, Outputs:0, VendorId:0x1414
[2021.01.22-00.49.34:946][  0]LogD3D11RHI: Chosen D3D11 Adapter: 0
[2021.01.22-00.49.34:953][  0]LogD3D11RHI: Creating new Direct3DDevice
[2021.01.22-00.49.34:954][  0]LogD3D11RHI:     GPU DeviceId: 0x1e84 (for the marketing name, search the web for "GPU Device Id")
[2021.01.22-00.49.34:954][  0]LogWindows: EnumDisplayDevices:
[2021.01.22-00.49.34:954][  0]LogWindows:    0. 'NVIDIA GeForce RTX 2070 SUPER' (P:0 D:1)
[2021.01.22-00.49.34:954][  0]LogWindows:    1. 'NVIDIA GeForce RTX 2070 SUPER' (P:1 D:1)
[2021.01.22-00.49.34:954][  0]LogWindows:    2. 'NVIDIA GeForce RTX 2070 SUPER' (P:0 D:0)
[2021.01.22-00.49.34:955][  0]LogWindows:    3. 'NVIDIA GeForce RTX 2070 SUPER' (P:0 D:0)
[2021.01.22-00.49.34:955][  0]LogWindows: DebugString: FoundDriverCount:4 
[2021.01.22-00.49.34:955][  0]LogD3D11RHI:     Adapter Name: NVIDIA GeForce RTX 2070 SUPER
[2021.01.22-00.49.34:955][  0]LogD3D11RHI:   Driver Version: 460.89 (internal:27.21.14.6089, unified:460.89)
[2021.01.22-00.49.34:955][  0]LogD3D11RHI:      Driver Date: 12-11-2020
[2021.01.22-00.49.34:955][  0]LogRHI: Texture pool is 5607 MB (70% of 8011 MB)
[2021.01.22-00.49.35:040][  0]LogD3D11RHI: Async texture creation enabled
[2021.01.22-00.49.35:050][  0]LogD3D11RHI: GPU Timing Frequency: 1000.000000 (Debug: 2 1)
[2021.01.22-00.49.35:282][  0]LogTemp: Display: Loaded TP AllDesktopTargetPlatform
[2021.01.22-00.49.35:295][  0]LogTemp: Display: Loaded TP MacClientTargetPlatform
[2021.01.22-00.49.35:309][  0]LogTemp: Display: Loaded TP MacNoEditorTargetPlatform
[2021.01.22-00.49.35:322][  0]LogTemp: Display: Loaded TP MacServerTargetPlatform
[2021.01.22-00.49.35:336][  0]LogTemp: Display: Loaded TP MacTargetPlatform
[2021.01.22-00.49.35:349][  0]LogTemp: Display: Loaded TP WindowsClientTargetPlatform
[2021.01.22-00.49.35:363][  0]LogTemp: Display: Loaded TP WindowsNoEditorTargetPlatform
[2021.01.22-00.49.35:376][  0]LogTemp: Display: Loaded TP WindowsServerTargetPlatform
[2021.01.22-00.49.35:384][  0]LogTemp: Display: Loaded TP WindowsTargetPlatform
[2021.01.22-00.49.35:450][  0]LogTemp: Display: Loaded TP AndroidTargetPlatform
[2021.01.22-00.49.35:450][  0]LogTemp: Display: Loaded TP AndroidTargetPlatform
[2021.01.22-00.49.35:450][  0]LogTemp: Display: Loaded TP AndroidTargetPlatform
[2021.01.22-00.49.35:451][  0]LogTemp: Display: Loaded TP AndroidTargetPlatform
[2021.01.22-00.49.35:451][  0]LogTemp: Display: Loaded TP AndroidTargetPlatform
[2021.01.22-00.49.35:451][  0]LogTemp: Display: Loaded TP AndroidTargetPlatform
[2021.01.22-00.49.35:451][  0]LogTemp: Display: Loaded TP AndroidTargetPlatform
[2021.01.22-00.49.35:451][  0]LogTemp: Display: Loaded TP AndroidTargetPlatform
[2021.01.22-00.49.35:451][  0]LogTemp: Display: Loaded TP AndroidTargetPlatform
[2021.01.22-00.49.35:451][  0]LogTemp: Display: Loaded TP AndroidTargetPlatform
[2021.01.22-00.49.35:451][  0]LogTemp: Display: Loaded TP AndroidTargetPlatform
[2021.01.22-00.49.35:451][  0]LogTemp: Display: Loaded TP AndroidTargetPlatform
[2021.01.22-00.49.35:451][  0]LogTemp: Display: Loaded TP AndroidTargetPlatform
[2021.01.22-00.49.35:451][  0]LogTemp: Display: Loaded TP AndroidTargetPlatform
[2021.01.22-00.49.35:451][  0]LogTemp: Display: Loaded TP AndroidTargetPlatform
[2021.01.22-00.49.35:451][  0]LogTemp: Display: Loaded TP AndroidTargetPlatform
[2021.01.22-00.49.35:451][  0]LogTemp: Display: Loaded TP AndroidTargetPlatform
[2021.01.22-00.49.35:451][  0]LogTemp: Display: Loaded TP AndroidTargetPlatform
[2021.01.22-00.49.35:455][  0]LogTemp: Display: Loaded TP HTML5TargetPlatform
[2021.01.22-00.49.35:519][  0]LogTemp: Display: Loaded TP IOSTargetPlatform
[2021.01.22-00.49.35:519][  0]LogTemp: Display: Loaded TP IOSTargetPlatform
[2021.01.22-00.49.35:541][  0]LogTemp: Display: Loaded TP TVOSTargetPlatform
[2021.01.22-00.49.35:541][  0]LogTemp: Display: Loaded TP TVOSTargetPlatform
[2021.01.22-00.49.35:554][  0]LogTemp: Display: Loaded TP LinuxClientTargetPlatform
[2021.01.22-00.49.35:567][  0]LogTemp: Display: Loaded TP LinuxNoEditorTargetPlatform
[2021.01.22-00.49.35:581][  0]LogTemp: Display: Loaded TP LinuxServerTargetPlatform
[2021.01.22-00.49.35:595][  0]LogTemp: Display: Loaded TP LinuxTargetPlatform
[2021.01.22-00.49.35:636][  0]LogTemp: Display: Loaded TP LuminTargetPlatform
[2021.01.22-00.49.35:636][  0]LogTemp: Display: Loaded TP LuminTargetPlatform
[2021.01.22-00.49.35:636][  0]LogTargetPlatformManager: Display: Building Assets For Windows
[2021.01.22-00.49.35:738][  0]LogShaderCompilers: Guid format shader working directory is -33 characters bigger than the processId version (../../../../../../Users/betha/Documents/GitHub/PhysicsSimulation/PhysicsSim_UE/Intermediate/Shaders/WorkingDirectory/11576/).
[2021.01.22-00.49.35:738][  0]LogShaderCompilers: Cleaned the shader compiler working directory 'C:/Users/betha/AppData/Local/Temp/UnrealShaderWorkingDir/1D97ED4645E8D1E8A0840C9A550F366F/'.
[2021.01.22-00.49.35:740][  0]LogXGEController: Cleaning working directory: C:/Users/betha/AppData/Local/Temp/UnrealXGEWorkingDir/
[2021.01.22-00.49.35:740][  0]LogXGEController: Cannot use XGE Controller as Incredibuild is not installed on this machine.
[2021.01.22-00.49.35:740][  0]LogShaderCompilers: Cannot use XGE Shader Compiler as Incredibuild is not installed on this machine.
[2021.01.22-00.49.35:741][  0]LogShaderCompilers: Display: Using Local Shader Compiler.
[2021.01.22-00.49.36:163][  0]LogDerivedDataCache: Display: Max Cache Size: 512 MB
[2021.01.22-00.49.36:197][  0]LogDerivedDataCache: Loaded boot cache 0.03s 71MB C:/Users/betha/AppData/Local/UnrealEngine/4.21/DerivedDataCache/Boot.ddc.
[2021.01.22-00.49.36:197][  0]LogDerivedDataCache: Display: Loaded Boot cache: C:/Users/betha/AppData/Local/UnrealEngine/4.21/DerivedDataCache/Boot.ddc
[2021.01.22-00.49.36:197][  0]LogDerivedDataCache: FDerivedDataBackendGraph:  Pak pak cache file ../../../../../../Users/betha/Documents/GitHub/PhysicsSimulation/PhysicsSim_UE/DerivedDataCache/DDC.ddp not found, will not use a pak cache.
[2021.01.22-00.49.36:197][  0]LogDerivedDataCache: Unable to find inner node Pak for hierarchical cache Hierarchy.
[2021.01.22-00.49.36:197][  0]LogDerivedDataCache: FDerivedDataBackendGraph:  CompressedPak pak cache file ../../../../../../Users/betha/Documents/GitHub/PhysicsSimulation/PhysicsSim_UE/DerivedDataCache/Compressed.ddp not found, will not use a pak cache.
[2021.01.22-00.49.36:197][  0]LogDerivedDataCache: Unable to find inner node CompressedPak for hierarchical cache Hierarchy.
[2021.01.22-00.49.36:213][  0]LogDerivedDataCache: Display: Pak cache opened for reading ../../../Engine/DerivedDataCache/Compressed.ddp.
[2021.01.22-00.49.36:213][  0]LogDerivedDataCache: FDerivedDataBackendGraph:  EnterprisePak pak cache file ../../../Enterprise/DerivedDataCache/Compressed.ddp not found, will not use a pak cache.
[2021.01.22-00.49.36:213][  0]LogDerivedDataCache: Unable to find inner node EnterprisePak for hierarchical cache Hierarchy.
[2021.01.22-00.49.36:226][  0]LogDerivedDataCache: Using Local data cache path C:/Users/betha/AppData/Local/UnrealEngine/Common/DerivedDataCache: Writable
[2021.01.22-00.49.36:226][  0]LogDerivedDataCache: Shared data cache path not found in *engine.ini, will not use an Shared cache.
[2021.01.22-00.49.36:226][  0]LogDerivedDataCache: Unable to find inner node Shared for hierarchical cache Hierarchy.
[2021.01.22-00.49.36:244][  0]LogMaterial: Verifying Global Shaders for PCD3D_SM5
[2021.01.22-00.49.36:245][  0]LogSlate: Using FreeType 2.6.0
[2021.01.22-00.49.36:246][  0]LogSlate: SlateFontServices - WITH_FREETYPE: 1, WITH_HARFBUZZ: 1
[2021.01.22-00.49.36:321][  0]LogAssetRegistry: FAssetRegistry took 0.0327 seconds to start up
[2021.01.22-00.49.36:606][  0]LogInit: Selected Device Profile: [Windows]
[2021.01.22-00.49.36:682][  0]LogSimplygon: Simplygon DLL not present - disabling.
[2021.01.22-00.49.36:689][  0]LogMeshReduction: Using SimplygonSwarm for distributed automatic mesh merging
[2021.01.22-00.49.36:689][  0]LogMeshReduction: Using ProxyLODMeshReduction for automatic mesh merging
[2021.01.22-00.49.36:689][  0]LogMeshReduction: Using QuadricMeshReduction for automatic static mesh reduction
[2021.01.22-00.49.36:689][  0]LogMeshReduction: No automatic skeletal mesh reduction module available
[2021.01.22-00.49.36:757][  0]LogNetVersion: PhysicsSim_UE 1.0.0, NetCL: 4541578, EngineNetVer: 5, GameNetVer: 0 (Checksum: 1207201185)
[2021.01.22-00.49.37:124][  0]LogPackageLocalizationCache: Processed 11 localized package path(s) for 2 prioritized culture(s) in 0.053701 seconds
[2021.01.22-00.49.37:129][  0]LogUObjectArray: 39775 objects as part of root set at end of initial load.
[2021.01.22-00.49.37:129][  0]LogUObjectAllocator: 6914664 out of 0 bytes used by permanent object pool.
[2021.01.22-00.49.37:129][  0]LogUObjectArray: CloseDisregardForGC: 0/0 objects in disregard for GC pool
[2021.01.22-00.49.37:921][  0]LogTcpMessaging: Initializing TcpMessaging bridge
[2021.01.22-00.49.37:939][  0]LogUdpMessaging: Initializing bridge on interface 0.0.0.0:0 to multicast group 230.0.0.1:6666.
[2021.01.22-00.49.38:775][  0]SourceControl: Source control is disabled
[2021.01.22-00.49.38:775][  0]SourceControl: Source control is disabled
[2021.01.22-00.49.38:779][  0]SourceControl: Source control is disabled
[2021.01.22-00.49.38:783][  0]SourceControl: Source control is disabled
[2021.01.22-00.49.39:045][  0]LogAndroidPermission: UAndroidPermissionCallbackProxy::GetInstance
[2021.01.22-00.49.39:169][  0]LogOcInput: OculusInput pre-init called
[2021.01.22-00.49.39:308][  0]LogEngine: Initializing Engine...
[2021.01.22-00.49.39:309][  0]LogHMD: Failed to initialize OpenVR with code 110
[2021.01.22-00.49.39:310][  0]LogStats: UGameplayTagsManager::ConstructGameplayTagTree: ImportINI prefixes -  0.000 s
[2021.01.22-00.49.39:310][  0]LogStats: UGameplayTagsManager::ConstructGameplayTagTree: Construct from data asset -  0.000 s
[2021.01.22-00.49.39:311][  0]LogStats: UGameplayTagsManager::ConstructGameplayTagTree: ImportINI -  0.000 s
[2021.01.22-00.49.39:311][  0]LogStats: UGameplayTagsManager::ConstructGameplayTagTree: GameplayTagTreeChangedEvent.Broadcast -  0.000 s
[2021.01.22-00.49.39:477][  0]LogInit: Initializing FReadOnlyCVARCache
[2021.01.22-00.49.39:490][  0]LogAIModule: Creating AISystem for world Untitled
[2021.01.22-00.49.39:508][  0]LogInit: XAudio2 using 'Speakers (USB Audio Device)' : 2 channels at 48 kHz using 16 bits per sample (channel mask 0x3)
[2021.01.22-00.49.39:531][  0]LogInit: FAudioDevice initialized.
[2021.01.22-00.49.39:532][  0]LogNetVersion: Set ProjectVersion to 1.0.0.0. Version Checksum will be recalculated on next use.
[2021.01.22-00.49.40:336][  0]LogDerivedDataCache: Saved boot cache 0.80s 71MB C:/Users/betha/AppData/Local/UnrealEngine/4.21/DerivedDataCache/Boot.ddc.
[2021.01.22-00.49.40:336][  0]LogInit: Texture streaming: Enabled
[2021.01.22-00.49.40:365][  0]LogEngineSessionManager: EngineSessionManager initialized
[2021.01.22-00.49.40:365][  0]LogEngineSessionManager: EngineSessionManager sent abnormal shutdown report. Type=Debugger, SessionId={BF3D450D-4B7B-7150-FA52-30962AA94E2B}
[2021.01.22-00.49.40:373][  0]LogInit: Transaction tracking system initialized
[2021.01.22-00.49.40:402][  0]BlueprintLog: New page: Editor Load
[2021.01.22-00.49.40:507][  0]LocalizationService: Localization service is disabled
[2021.01.22-00.49.40:878][  0]LogFileCache: Scanning file cache for directory 'C:/Users/betha/Documents/GitHub/PhysicsSimulation/PhysicsSim_UE/Content/' took 0.01s
[2021.01.22-00.49.40:878][  0]LogCook: Display: Max memory allowance for cook 16384mb min free memory 0mb
[2021.01.22-00.49.40:879][  0]LogCook: Display: Mobile HDR setting 1
[2021.01.22-00.49.40:879][  0]LogGameplayTags: Display: UGameplayTagsManager::DoneAddingNativeTags. DelegateIsBound: 0
[2021.01.22-00.49.40:879][  0]LogStats: UGameplayTagsManager::ConstructGameplayTagTree: ImportINI prefixes -  0.000 s
[2021.01.22-00.49.40:879][  0]LogStats: UGameplayTagsManager::ConstructGameplayTagTree: Construct from data asset -  0.000 s
[2021.01.22-00.49.40:879][  0]LogStats: UGameplayTagsManager::ConstructGameplayTagTree: ImportINI -  0.000 s
[2021.01.22-00.49.40:879][  0]LogStats: UGameplayTagsManager::ConstructGameplayTagTree: GameplayTagTreeChangedEvent.Broadcast -  0.000 s
[2021.01.22-00.49.41:046][  0]SourceControl: Source control is disabled
[2021.01.22-00.49.41:046][  0]Cmd: MAP LOAD FILE="../../../../../../Users/betha/Documents/GitHub/PhysicsSimulation/PhysicsSim_UE/Content/StarterContent/Maps/Minimal_Default.umap" TEMPLATE=0 SHOWPROGRESS=1 FEATURELEVEL=3
[2021.01.22-00.49.41:047][  0]LightingResults: New page: Lighting Build
[2021.01.22-00.49.41:049][  0]MapCheck: New page: Map Check
[2021.01.22-00.49.41:049][  0]LightingResults: New page: Lighting Build
[2021.01.22-00.49.41:216][  0]LogAIModule: Creating AISystem for world Minimal_Default
[2021.01.22-00.49.41:225][  0]LogEditorServer: Finished looking for orphan Actors (0.000 secs)
[2021.01.22-00.49.41:250][  0]Cmd: MAP CHECKDEP NOCLEARLOG
[2021.01.22-00.49.41:250][  0]MapCheck: Map check complete: 0 Error(s), 0 Warning(s), took 0.2ms to complete.
[2021.01.22-00.49.41:250][  0]LogFileHelpers: Loading map 'Minimal_Default' took 0.204
[2021.01.22-00.49.41:350][  0]LogSlate: Updating window title bar state: overlay mode, drag disabled, window buttons hidden, title bar hidden
[2021.01.22-00.49.41:356][  0]LogSlate: Updating window title bar state: overlay mode, drag disabled, window buttons hidden, title bar hidden
[2021.01.22-00.49.41:362][  0]LogSlate: Updating window title bar state: overlay mode, drag disabled, window buttons hidden, title bar hidden
[2021.01.22-00.49.41:367][  0]LogSlate: Updating window title bar state: overlay mode, drag disabled, window buttons hidden, title bar hidden
[2021.01.22-00.49.41:375][  0]LogCollectionManager: Loaded 0 collections in 0.001290 seconds
[2021.01.22-00.49.41:414][  0]LogFileCache: Scanning file cache for directory 'C:/Users/betha/Documents/GitHub/PhysicsSimulation/PhysicsSim_UE/Saved/Collections/' took 0.01s
[2021.01.22-00.49.41:414][  0]LogFileCache: Scanning file cache for directory 'C:/Users/betha/Documents/GitHub/PhysicsSimulation/PhysicsSim_UE/Content/Developers/bethan/Collections/' took 0.01s
[2021.01.22-00.49.41:414][  0]LogFileCache: Scanning file cache for directory 'C:/Users/betha/Documents/GitHub/PhysicsSimulation/PhysicsSim_UE/Content/Collections/' took 0.01s
[2021.01.22-00.49.41:415][  0]LogCollectionManager: Rebuilt the GUID cache for 0 collections in 0.000000 seconds
[2021.01.22-00.49.41:423][  0]LogContentBrowser: Native class hierarchy populated in 0.0079 seconds. Added 2656 classes and 622 folders.
[2021.01.22-00.49.41:427][  0]LogContentBrowser: Native class hierarchy updated for 'WidgetCarousel' in 0.0003 seconds. Added 0 classes and 0 folders.
[2021.01.22-00.49.41:429][  0]LogPakFile: Registered encryption key '00000000000000000000000000000000': 0 pak files mounted, 0 remain pending
[2021.01.22-00.49.41:429][  0]LogPakFile: Registered encryption key '00000000000000000000000000000000': 0 pak files mounted, 0 remain pending
[2021.01.22-00.49.41:430][  0]LogPakFile: Registered encryption key '00000000000000000000000000000000': 0 pak files mounted, 0 remain pending
[2021.01.22-00.49.41:430][  0]LogPakFile: Registered encryption key '00000000000000000000000000000000': 0 pak files mounted, 0 remain pending
[2021.01.22-00.49.41:431][  0]LogPakFile: Registered encryption key '00000000000000000000000000000000': 0 pak files mounted, 0 remain pending
[2021.01.22-00.49.41:431][  0]LogPakFile: Registered encryption key '00000000000000000000000000000000': 0 pak files mounted, 0 remain pending
[2021.01.22-00.49.41:431][  0]LogPakFile: Registered encryption key '00000000000000000000000000000000': 0 pak files mounted, 0 remain pending
[2021.01.22-00.49.41:432][  0]LogPakFile: Registered encryption key '00000000000000000000000000000000': 0 pak files mounted, 0 remain pending
[2021.01.22-00.49.41:432][  0]LogPakFile: Registered encryption key '00000000000000000000000000000000': 0 pak files mounted, 0 remain pending
[2021.01.22-00.49.41:433][  0]LogPakFile: Registered encryption key '00000000000000000000000000000000': 0 pak files mounted, 0 remain pending
[2021.01.22-00.49.41:433][  0]LogPakFile: Registered encryption key '00000000000000000000000000000000': 0 pak files mounted, 0 remain pending
[2021.01.22-00.49.41:434][  0]LogPakFile: Registered encryption key '00000000000000000000000000000000': 0 pak files mounted, 0 remain pending
[2021.01.22-00.49.41:434][  0]LogPakFile: Registered encryption key '00000000000000000000000000000000': 0 pak files mounted, 0 remain pending
[2021.01.22-00.49.41:435][  0]LogPakFile: Registered encryption key '00000000000000000000000000000000': 0 pak files mounted, 0 remain pending
[2021.01.22-00.49.41:435][  0]LogPakFile: Registered encryption key '00000000000000000000000000000000': 0 pak files mounted, 0 remain pending
[2021.01.22-00.49.41:435][  0]LogPakFile: Registered encryption key '00000000000000000000000000000000': 0 pak files mounted, 0 remain pending
[2021.01.22-00.49.41:436][  0]LogPakFile: Registered encryption key '00000000000000000000000000000000': 0 pak files mounted, 0 remain pending
[2021.01.22-00.49.41:436][  0]LogPakFile: Registered encryption key '00000000000000000000000000000000': 0 pak files mounted, 0 remain pending
[2021.01.22-00.49.41:437][  0]LogPakFile: Registered encryption key '00000000000000000000000000000000': 0 pak files mounted, 0 remain pending
[2021.01.22-00.49.41:437][  0]LogPakFile: Registered encryption key '00000000000000000000000000000000': 0 pak files mounted, 0 remain pending
[2021.01.22-00.49.41:438][  0]LogPakFile: Registered encryption key '00000000000000000000000000000000': 0 pak files mounted, 0 remain pending
[2021.01.22-00.49.41:438][  0]LogPakFile: Registered encryption key '00000000000000000000000000000000': 0 pak files mounted, 0 remain pending
[2021.01.22-00.49.41:439][  0]LogPakFile: Registered encryption key '00000000000000000000000000000000': 0 pak files mounted, 0 remain pending
[2021.01.22-00.49.41:439][  0]LogPakFile: Registered encryption key '00000000000000000000000000000000': 0 pak files mounted, 0 remain pending
[2021.01.22-00.49.41:440][  0]LogPakFile: Registered encryption key '00000000000000000000000000000000': 0 pak files mounted, 0 remain pending
[2021.01.22-00.49.41:440][  0]LogPakFile: Registered encryption key '00000000000000000000000000000000': 0 pak files mounted, 0 remain pending
[2021.01.22-00.49.41:467][  0]LogContentBrowser: Native class hierarchy updated for 'AddContentDialog' in 0.0003 seconds. Added 0 classes and 0 folders.
[2021.01.22-00.49.41:475][  0]LogContentBrowser: Native class hierarchy updated for 'SceneOutliner' in 0.0004 seconds. Added 1 classes and 2 folders.
[2021.01.22-00.49.41:489][  0]LogSlate: Took 0.000177 seconds to synchronously load lazily loaded font '../../../Engine/Content/Slate/Fonts/Roboto-Regular.ttf' (155K)
[2021.01.22-00.49.41:491][  0]LogSlate: Took 0.000124 seconds to synchronously load lazily loaded font '../../../Engine/Content/Slate/Fonts/Roboto-Bold.ttf' (160K)
[2021.01.22-00.49.41:495][  0]LogSlate: Took 0.000130 seconds to synchronously load lazily loaded font '../../../Engine/Content/Editor/Slate/Fonts/FontAwesome.ttf' (139K)
[2021.01.22-00.49.41:553][  0]LogRenderer: Reallocating scene render targets to support 1684x812 Format 10 NumSamples 1 (Frame:1).
[2021.01.22-00.49.41:668][  0]LogContentBrowser: Native class hierarchy updated for 'HierarchicalLODOutliner' in 0.0004 seconds. Added 0 classes and 0 folders.
[2021.01.22-00.49.41:668][  0]LogLoad: (Engine Initialization) Total time: 10.05 seconds
[2021.01.22-00.49.41:669][  0]LogLoad: (Engine Initialization) Total Blueprint compile time: 0.00 seconds
[2021.01.22-00.49.41:682][  0]LogCollectionManager: Rebuilt the object cache for 0 collections in 0.000000 seconds (found 0 objects)
[2021.01.22-00.49.41:739][  0]LogContentStreaming: Texture pool size now 1000 MB
[2021.01.22-00.49.41:840][  1]LogAssetRegistry: Asset discovery search completed in 5.5414 seconds
[2021.01.22-00.49.41:841][  1]LogCollectionManager: Fixed up redirectors for 0 collections in 0.000003 seconds (updated 0 objects)
[2021.01.22-00.49.43:076][147]LogSlate: FSceneViewport::OnFocusLost() reason 0
[2021.01.22-00.49.43:160][157]LogTemp: Repeating last play command: Selected Viewport
[2021.01.22-00.49.43:166][157]LogBlueprintUserMessages: Early PlayInEditor Detection: Level '/Game/StarterContent/Maps/Minimal_Default.Minimal_Default:PersistentLevel' has LevelScriptBlueprint '/Game/StarterContent/Maps/Minimal_Default.Minimal_Default:PersistentLevel.Minimal_Default' with GeneratedClass '/Game/StarterContent/Maps/Minimal_Default.Minimal_Default_C' with ClassGeneratedBy '/Game/StarterContent/Maps/Minimal_Default.Minimal_Default:PersistentLevel.Minimal_Default'
[2021.01.22-00.49.43:167][157]LogPlayLevel: PlayLevel: No blueprints needed recompiling
[2021.01.22-00.49.43:167][157]PIE: New page: PIE session: Minimal_Default (22 Jan 2021 00:49:43)
[2021.01.22-00.49.43:180][157]LogPlayLevel: Creating play world package: /Game/StarterContent/Maps/UEDPIE_0_Minimal_Default
[2021.01.22-00.49.43:183][157]LogPlayLevel: PIE: StaticDuplicateObject took: (0.002363s)
[2021.01.22-00.49.43:183][157]LogAIModule: Creating AISystem for world Minimal_Default
[2021.01.22-00.49.43:183][157]LogPlayLevel: PIE: World Init took: (0.000606s)
[2021.01.22-00.49.43:184][157]LogPlayLevel: PIE: Created PIE world by copying editor world from /Game/StarterContent/Maps/Minimal_Default.Minimal_Default to /Game/StarterContent/Maps/UEDPIE_0_Minimal_Default.Minimal_Default (0.003471s)
[2021.01.22-00.49.43:222][157]LogInit: XAudio2 using 'Speakers (USB Audio Device)' : 2 channels at 48 kHz using 16 bits per sample (channel mask 0x3)
[2021.01.22-00.49.43:231][157]LogInit: FAudioDevice initialized.
[2021.01.22-00.49.43:275][157]LogUObjectGlobals: Warning: Failed to find object 'Class /Script/PhysicsSim_UE.PhysicsSim_UEGameMode'
[2021.01.22-00.49.43:275][157]LogLoad: Game class is 'GameModeBase'
[2021.01.22-00.49.43:276][157]LogWorld: Bringing World /Game/StarterContent/Maps/UEDPIE_0_Minimal_Default.Minimal_Default up for play (max tick rate 0) at 2021.01.22-00.49.43
[2021.01.22-00.49.43:277][157]LogWorld: Bringing up level for play took: 0.000670
[2021.01.22-00.49.43:293][157]LogContentBrowser: Native class hierarchy updated for 'MovieSceneCapture' in 0.0004 seconds. Added 20 classes and 0 folders.
[2021.01.22-00.49.43:293][157]PIE: Play in editor start time for /Game/StarterContent/Maps/UEDPIE_0_Minimal_Default -0.097
[2021.01.22-00.49.43:294][157]LogBlueprintUserMessages: Late PlayInEditor Detection: Level '/Game/StarterContent/Maps/Minimal_Default.Minimal_Default:PersistentLevel' has LevelScriptBlueprint '/Game/StarterContent/Maps/Minimal_Default.Minimal_Default:PersistentLevel.Minimal_Default' with GeneratedClass '/Game/StarterContent/Maps/Minimal_Default.Minimal_Default_C' with ClassGeneratedBy '/Game/StarterContent/Maps/Minimal_Default.Minimal_Default:PersistentLevel.Minimal_Default'
[2021.01.22-00.49.50:725][ 47]LogBlueprintUserMessages: Early EndPlayMap Detection: Level '/Game/StarterContent/Maps/Minimal_Default.Minimal_Default:PersistentLevel' has LevelScriptBlueprint '/Game/StarterContent/Maps/Minimal_Default.Minimal_Default:PersistentLevel.Minimal_Default' with GeneratedClass '/Game/StarterContent/Maps/Minimal_Default.Minimal_Default_C' with ClassGeneratedBy '/Game/StarterContent/Maps/Minimal_Default.Minimal_Default:PersistentLevel.Minimal_Default'
[2021.01.22-00.49.50:725][ 47]LogSlate: Updating window title bar state: overlay mode, drag disabled, window buttons hidden, title bar hidden
[2021.01.22-00.49.50:760][ 47]LogPlayLevel: Display: Shutting down PIE online subsystems
[2021.01.22-00.49.50:760][ 47]LogBlueprintUserMessages: Late EndPlayMap Detection: Level '/Game/StarterContent/Maps/Minimal_Default.Minimal_Default:PersistentLevel' has LevelScriptBlueprint '/Game/StarterContent/Maps/Minimal_Default.Minimal_Default:PersistentLevel.Minimal_Default' with GeneratedClass '/Game/StarterContent/Maps/Minimal_Default.Minimal_Default_C' with ClassGeneratedBy '/Game/StarterContent/Maps/Minimal_Default.Minimal_Default:PersistentLevel.Minimal_Default'
[2021.01.22-00.49.50:786][ 47]LogSlate: Updating window title bar state: overlay mode, drag disabled, window buttons hidden, title bar hidden
[2021.01.22-00.49.50:832][ 52]LogPlayLevel: Display: Destroying online subsystem :Context_1
[2021.01.22-00.49.52:739][281]LogTemp: Repeating last play command: Selected Viewport
[2021.01.22-00.49.52:746][281]LogBlueprintUserMessages: Early PlayInEditor Detection: Level '/Game/StarterContent/Maps/Minimal_Default.Minimal_Default:PersistentLevel' has LevelScriptBlueprint '/Game/StarterContent/Maps/Minimal_Default.Minimal_Default:PersistentLevel.Minimal_Default' with GeneratedClass '/Game/StarterContent/Maps/Minimal_Default.Minimal_Default_C' with ClassGeneratedBy '/Game/StarterContent/Maps/Minimal_Default.Minimal_Default:PersistentLevel.Minimal_Default'
[2021.01.22-00.49.52:746][281]LogPlayLevel: PlayLevel: No blueprints needed recompiling
[2021.01.22-00.49.52:746][281]PIE: New page: PIE session: Minimal_Default (22 Jan 2021 00:49:52)
[2021.01.22-00.49.52:746][281]LogPlayLevel: Creating play world package: /Game/StarterContent/Maps/UEDPIE_0_Minimal_Default
[2021.01.22-00.49.52:749][281]LogPlayLevel: PIE: StaticDuplicateObject took: (0.002141s)
[2021.01.22-00.49.52:749][281]LogAIModule: Creating AISystem for world Minimal_Default
[2021.01.22-00.49.52:749][281]LogPlayLevel: PIE: World Init took: (0.000560s)
[2021.01.22-00.49.52:749][281]LogPlayLevel: PIE: Created PIE world by copying editor world from /Game/StarterContent/Maps/Minimal_Default.Minimal_Default to /Game/StarterContent/Maps/UEDPIE_0_Minimal_Default.Minimal_Default (0.002992s)
[2021.01.22-00.49.52:785][281]LogInit: XAudio2 using 'Speakers (USB Audio Device)' : 2 channels at 48 kHz using 16 bits per sample (channel mask 0x3)
[2021.01.22-00.49.52:793][281]LogInit: FAudioDevice initialized.
[2021.01.22-00.49.52:828][281]LogLoad: Game class is 'GameModeBase'
[2021.01.22-00.49.52:828][281]LogWorld: Bringing World /Game/StarterContent/Maps/UEDPIE_0_Minimal_Default.Minimal_Default up for play (max tick rate 0) at 2021.01.22-00.49.52
[2021.01.22-00.49.52:829][281]LogWorld: Bringing up level for play took: 0.000575
[2021.01.22-00.49.52:842][281]PIE: Play in editor start time for /Game/StarterContent/Maps/UEDPIE_0_Minimal_Default -0.549
[2021.01.22-00.49.52:842][281]LogBlueprintUserMessages: Late PlayInEditor Detection: Level '/Game/StarterContent/Maps/Minimal_Default.Minimal_Default:PersistentLevel' has LevelScriptBlueprint '/Game/StarterContent/Maps/Minimal_Default.Minimal_Default:PersistentLevel.Minimal_Default' with GeneratedClass '/Game/StarterContent/Maps/Minimal_Default.Minimal_Default_C' with ClassGeneratedBy '/Game/StarterContent/Maps/Minimal_Default.Minimal_Default:PersistentLevel.Minimal_Default'
[2021.01.22-00.49.56:912][768]LogBlueprintUserMessages: Early EndPlayMap Detection: Level '/Game/StarterContent/Maps/Minimal_Default.Minimal_Default:PersistentLevel' has LevelScriptBlueprint '/Game/StarterContent/Maps/Minimal_Default.Minimal_Default:PersistentLevel.Minimal_Default' with GeneratedClass '/Game/StarterContent/Maps/Minimal_Default.Minimal_Default_C' with ClassGeneratedBy '/Game/StarterContent/Maps/Minimal_Default.Minimal_Default:PersistentLevel.Minimal_Default'
[2021.01.22-00.49.56:912][768]LogSlate: Updating window title bar state: overlay mode, drag disabled, window buttons hidden, title bar hidden
[2021.01.22-00.49.56:944][768]LogPlayLevel: Display: Shutting down PIE online subsystems
[2021.01.22-00.49.56:944][768]LogBlueprintUserMessages: Late EndPlayMap Detection: Level '/Game/StarterContent/Maps/Minimal_Default.Minimal_Default:PersistentLevel' has LevelScriptBlueprint '/Game/StarterContent/Maps/Minimal_Default.Minimal_Default:PersistentLevel.Minimal_Default' with GeneratedClass '/Game/StarterContent/Maps/Minimal_Default.Minimal_Default_C' with ClassGeneratedBy '/Game/StarterContent/Maps/Minimal_Default.Minimal_Default:PersistentLevel.Minimal_Default'
[2021.01.22-00.49.56:970][768]LogSlate: Updating window title bar state: overlay mode, drag disabled, window buttons hidden, title bar hidden
[2021.01.22-00.49.57:014][773]LogPlayLevel: Display: Destroying online subsystem :Context_2
[2021.01.22-00.49.57:597][843]LogTemp: Repeating last play command: Selected Viewport
[2021.01.22-00.49.57:604][843]LogBlueprintUserMessages: Early PlayInEditor Detection: Level '/Game/StarterContent/Maps/Minimal_Default.Minimal_Default:PersistentLevel' has LevelScriptBlueprint '/Game/StarterContent/Maps/Minimal_Default.Minimal_Default:PersistentLevel.Minimal_Default' with GeneratedClass '/Game/StarterContent/Maps/Minimal_Default.Minimal_Default_C' with ClassGeneratedBy '/Game/StarterContent/Maps/Minimal_Default.Minimal_Default:PersistentLevel.Minimal_Default'
[2021.01.22-00.49.57:604][843]LogPlayLevel: PlayLevel: No blueprints needed recompiling
[2021.01.22-00.49.57:604][843]PIE: New page: PIE session: Minimal_Default (22 Jan 2021 00:49:57)
[2021.01.22-00.49.57:604][843]LogPlayLevel: Creating play world package: /Game/StarterContent/Maps/UEDPIE_0_Minimal_Default
[2021.01.22-00.49.57:607][843]LogPlayLevel: PIE: StaticDuplicateObject took: (0.002134s)
[2021.01.22-00.49.57:607][843]LogAIModule: Creating AISystem for world Minimal_Default
[2021.01.22-00.49.57:607][843]LogPlayLevel: PIE: World Init took: (0.000544s)
[2021.01.22-00.49.57:607][843]LogPlayLevel: PIE: Created PIE world by copying editor world from /Game/StarterContent/Maps/Minimal_Default.Minimal_Default to /Game/StarterContent/Maps/UEDPIE_0_Minimal_Default.Minimal_Default (0.002937s)
[2021.01.22-00.49.57:642][843]LogInit: XAudio2 using 'Speakers (USB Audio Device)' : 2 channels at 48 kHz using 16 bits per sample (channel mask 0x3)
[2021.01.22-00.49.57:650][843]LogInit: FAudioDevice initialized.
[2021.01.22-00.49.57:682][843]LogLoad: Game class is 'GameModeBase'
[2021.01.22-00.49.57:683][843]LogWorld: Bringing World /Game/StarterContent/Maps/UEDPIE_0_Minimal_Default.Minimal_Default up for play (max tick rate 0) at 2021.01.22-00.49.57
[2021.01.22-00.49.57:683][843]LogWorld: Bringing up level for play took: 0.000597
[2021.01.22-00.49.57:696][843]PIE: Play in editor start time for /Game/StarterContent/Maps/UEDPIE_0_Minimal_Default 0.306
[2021.01.22-00.49.57:697][843]LogBlueprintUserMessages: Late PlayInEditor Detection: Level '/Game/StarterContent/Maps/Minimal_Default.Minimal_Default:PersistentLevel' has LevelScriptBlueprint '/Game/StarterContent/Maps/Minimal_Default.Minimal_Default:PersistentLevel.Minimal_Default' with GeneratedClass '/Game/StarterContent/Maps/Minimal_Default.Minimal_Default_C' with ClassGeneratedBy '/Game/StarterContent/Maps/Minimal_Default.Minimal_Default:PersistentLevel.Minimal_Default'
[2021.01.22-00.50.37:967][515]LogSlate: FSceneViewport::OnFocusLost() reason 0
[2021.01.22-00.50.38:034][523]LogBlueprintUserMessages: Early EndPlayMap Detection: Level '/Game/StarterContent/Maps/Minimal_Default.Minimal_Default:PersistentLevel' has LevelScriptBlueprint '/Game/StarterContent/Maps/Minimal_Default.Minimal_Default:PersistentLevel.Minimal_Default' with GeneratedClass '/Game/StarterContent/Maps/Minimal_Default.Minimal_Default_C' with ClassGeneratedBy '/Game/StarterContent/Maps/Minimal_Default.Minimal_Default:PersistentLevel.Minimal_Default'
[2021.01.22-00.50.38:034][523]LogSlate: Updating window title bar state: overlay mode, drag disabled, window buttons hidden, title bar hidden
[2021.01.22-00.50.38:066][523]LogPlayLevel: Display: Shutting down PIE online subsystems
[2021.01.22-00.50.38:067][523]LogBlueprintUserMessages: Late EndPlayMap Detection: Level '/Game/StarterContent/Maps/Minimal_Default.Minimal_Default:PersistentLevel' has LevelScriptBlueprint '/Game/StarterContent/Maps/Minimal_Default.Minimal_Default:PersistentLevel.Minimal_Default' with GeneratedClass '/Game/StarterContent/Maps/Minimal_Default.Minimal_Default_C' with ClassGeneratedBy '/Game/StarterContent/Maps/Minimal_Default.Minimal_Default:PersistentLevel.Minimal_Default'
[2021.01.22-00.50.38:092][523]LogSlate: Updating window title bar state: overlay mode, drag disabled, window buttons hidden, title bar hidden
[2021.01.22-00.50.38:136][528]LogPlayLevel: Display: Destroying online subsystem :Context_3
[2021.01.22-00.50.38:570][580]LogTemp: Repeating last play command: Selected Viewport
[2021.01.22-00.50.38:576][580]LogBlueprintUserMessages: Early PlayInEditor Detection: Level '/Game/StarterContent/Maps/Minimal_Default.Minimal_Default:PersistentLevel' has LevelScriptBlueprint '/Game/StarterContent/Maps/Minimal_Default.Minimal_Default:PersistentLevel.Minimal_Default' with GeneratedClass '/Game/StarterContent/Maps/Minimal_Default.Minimal_Default_C' with ClassGeneratedBy '/Game/StarterContent/Maps/Minimal_Default.Minimal_Default:PersistentLevel.Minimal_Default'
[2021.01.22-00.50.38:576][580]LogPlayLevel: PlayLevel: No blueprints needed recompiling
[2021.01.22-00.50.38:577][580]PIE: New page: PIE session: Minimal_Default (22 Jan 2021 00:50:38)
[2021.01.22-00.50.38:577][580]LogPlayLevel: Creating play world package: /Game/StarterContent/Maps/UEDPIE_0_Minimal_Default
[2021.01.22-00.50.38:579][580]LogPlayLevel: PIE: StaticDuplicateObject took: (0.002122s)
[2021.01.22-00.50.38:579][580]LogAIModule: Creating AISystem for world Minimal_Default
[2021.01.22-00.50.38:580][580]LogPlayLevel: PIE: World Init took: (0.000595s)
[2021.01.22-00.50.38:580][580]LogPlayLevel: PIE: Created PIE world by copying editor world from /Game/StarterContent/Maps/Minimal_Default.Minimal_Default to /Game/StarterContent/Maps/UEDPIE_0_Minimal_Default.Minimal_Default (0.002989s)
[2021.01.22-00.50.38:615][580]LogInit: XAudio2 using 'Speakers (USB Audio Device)' : 2 channels at 48 kHz using 16 bits per sample (channel mask 0x3)
[2021.01.22-00.50.38:623][580]LogInit: FAudioDevice initialized.
[2021.01.22-00.50.38:652][580]LogLoad: Game class is 'GameModeBase'
[2021.01.22-00.50.38:653][580]LogWorld: Bringing World /Game/StarterContent/Maps/UEDPIE_0_Minimal_Default.Minimal_Default up for play (max tick rate 0) at 2021.01.22-00.50.38
[2021.01.22-00.50.38:653][580]LogWorld: Bringing up level for play took: 0.000567
[2021.01.22-00.50.38:666][580]PIE: Play in editor start time for /Game/StarterContent/Maps/UEDPIE_0_Minimal_Default -0.725
[2021.01.22-00.50.38:666][580]LogBlueprintUserMessages: Late PlayInEditor Detection: Level '/Game/StarterContent/Maps/Minimal_Default.Minimal_Default:PersistentLevel' has LevelScriptBlueprint '/Game/StarterContent/Maps/Minimal_Default.Minimal_Default:PersistentLevel.Minimal_Default' with GeneratedClass '/Game/StarterContent/Maps/Minimal_Default.Minimal_Default_C' with ClassGeneratedBy '/Game/StarterContent/Maps/Minimal_Default.Minimal_Default:PersistentLevel.Minimal_Default'
[2021.01.22-00.50.50:460][952]LogEditorViewport: Clicking on Actor (LMB): StaticSphere (StaticSphere1)
[2021.01.22-00.50.59:291][947]LogEditorViewport: Clicking on Actor (LMB): MovingSphere (MovingSphere1)
[2021.01.22-00.51.02:417][280]LogSlate: FSceneViewport::OnFocusLost() reason 0
[2021.01.22-00.51.04:996][568]LogEditorViewport: Clicking on Actor (LMB): StaticSphere (StaticSphere1)
[2021.01.22-00.51.05:918][666]LogSlate: FSceneViewport::OnFocusLost() reason 0
[2021.01.22-00.51.11:076][230]LogEditorViewport: Clicking on Actor (LMB): MovingSphere (MovingSphere1)
[2021.01.22-00.51.14:238][534]LogEditorViewport: Clicking on Actor (LMB): BP_Sky_Sphere_C (BP_Sky_Sphere)
[2021.01.22-00.51.17:523][853]Cmd: TRANSACTION UNDO
[2021.01.22-00.51.17:523][853]LogEditorTransaction: Undo Clicking on Actors
[2021.01.22-00.51.17:550][853]LogSlate: Took 0.000255 seconds to synchronously load lazily loaded font '../../../Engine/Content/Slate/Fonts/Roboto-Light.ttf' (167K)
[2021.01.22-00.51.18:354][919]LogEditorViewport: Clicking on Actor (CTRL LMB): DefaultPawn (DefaultPawn)
[2021.01.22-00.51.21:479][218]Cmd: TRANSACTION UNDO
[2021.01.22-00.51.21:479][218]LogEditorTransaction: Undo Clicking on Actors
[2021.01.22-00.51.23:050][362]Cmd: TRANSACTION UNDO
[2021.01.22-00.51.23:050][362]LogEditorTransaction: Undo Clicking on Actors
[2021.01.22-00.51.23:918][466]Cmd: TRANSACTION UNDO
[2021.01.22-00.51.23:918][466]LogEditorTransaction: Undo Clicking on Actors
[2021.01.22-00.51.24:311][513]Cmd: TRANSACTION UNDO
[2021.01.22-00.51.24:311][513]LogEditorTransaction: Undo Clicking on Actors
[2021.01.22-00.51.24:546][541]Cmd: TRANSACTION UNDO
[2021.01.22-00.51.24:546][541]LogEditorTransaction: Undo Clicking on Actors
[2021.01.22-00.51.28:948][  5]LogSlate: FSceneViewport::OnFocusLost() reason 0
[2021.01.22-00.51.30:949][245]LogBlueprintUserMessages: Early EndPlayMap Detection: Level '/Game/StarterContent/Maps/Minimal_Default.Minimal_Default:PersistentLevel' has LevelScriptBlueprint '/Game/StarterContent/Maps/Minimal_Default.Minimal_Default:PersistentLevel.Minimal_Default' with GeneratedClass '/Game/StarterContent/Maps/Minimal_Default.Minimal_Default_C' with ClassGeneratedBy '/Game/StarterContent/Maps/Minimal_Default.Minimal_Default:PersistentLevel.Minimal_Default'
[2021.01.22-00.51.30:950][245]LogSlate: Updating window title bar state: overlay mode, drag disabled, window buttons hidden, title bar hidden
[2021.01.22-00.51.30:984][245]LogPlayLevel: Display: Shutting down PIE online subsystems
[2021.01.22-00.51.30:984][245]LogBlueprintUserMessages: Late EndPlayMap Detection: Level '/Game/StarterContent/Maps/Minimal_Default.Minimal_Default:PersistentLevel' has LevelScriptBlueprint '/Game/StarterContent/Maps/Minimal_Default.Minimal_Default:PersistentLevel.Minimal_Default' with GeneratedClass '/Game/StarterContent/Maps/Minimal_Default.Minimal_Default_C' with ClassGeneratedBy '/Game/StarterContent/Maps/Minimal_Default.Minimal_Default:PersistentLevel.Minimal_Default'
[2021.01.22-00.51.31:008][245]LogSlate: Updating window title bar state: overlay mode, drag disabled, window buttons hidden, title bar hidden
[2021.01.22-00.51.31:053][250]LogPlayLevel: Display: Destroying online subsystem :Context_4
[2021.01.22-00.51.35:833][823]LogTemp: Repeating last play command: Selected Viewport
[2021.01.22-00.51.35:839][823]LogBlueprintUserMessages: Early PlayInEditor Detection: Level '/Game/StarterContent/Maps/Minimal_Default.Minimal_Default:PersistentLevel' has LevelScriptBlueprint '/Game/StarterContent/Maps/Minimal_Default.Minimal_Default:PersistentLevel.Minimal_Default' with GeneratedClass '/Game/StarterContent/Maps/Minimal_Default.Minimal_Default_C' with ClassGeneratedBy '/Game/StarterContent/Maps/Minimal_Default.Minimal_Default:PersistentLevel.Minimal_Default'
[2021.01.22-00.51.35:839][823]LogPlayLevel: PlayLevel: No blueprints needed recompiling
[2021.01.22-00.51.35:840][823]PIE: New page: PIE session: Minimal_Default (22 Jan 2021 00:51:35)
[2021.01.22-00.51.35:840][823]LogPlayLevel: Creating play world package: /Game/StarterContent/Maps/UEDPIE_0_Minimal_Default
[2021.01.22-00.51.35:842][823]LogPlayLevel: PIE: StaticDuplicateObject took: (0.002288s)
[2021.01.22-00.51.35:843][823]LogAIModule: Creating AISystem for world Minimal_Default
[2021.01.22-00.51.35:843][823]LogPlayLevel: PIE: World Init took: (0.000585s)
[2021.01.22-00.51.35:843][823]LogPlayLevel: PIE: Created PIE world by copying editor world from /Game/StarterContent/Maps/Minimal_Default.Minimal_Default to /Game/StarterContent/Maps/UEDPIE_0_Minimal_Default.Minimal_Default (0.003143s)
[2021.01.22-00.51.35:879][823]LogInit: XAudio2 using 'Speakers (USB Audio Device)' : 2 channels at 48 kHz using 16 bits per sample (channel mask 0x3)
[2021.01.22-00.51.35:887][823]LogInit: FAudioDevice initialized.
[2021.01.22-00.51.35:921][823]LogLoad: Game class is 'GameModeBase'
[2021.01.22-00.51.35:921][823]LogWorld: Bringing World /Game/StarterContent/Maps/UEDPIE_0_Minimal_Default.Minimal_Default up for play (max tick rate 0) at 2021.01.22-00.51.35
[2021.01.22-00.51.35:922][823]LogWorld: Bringing up level for play took: 0.000571
[2021.01.22-00.51.35:934][823]PIE: Play in editor start time for /Game/StarterContent/Maps/UEDPIE_0_Minimal_Default 0.544
[2021.01.22-00.51.35:935][823]LogBlueprintUserMessages: Late PlayInEditor Detection: Level '/Game/StarterContent/Maps/Minimal_Default.Minimal_Default:PersistentLevel' has LevelScriptBlueprint '/Game/StarterContent/Maps/Minimal_Default.Minimal_Default:PersistentLevel.Minimal_Default' with GeneratedClass '/Game/StarterContent/Maps/Minimal_Default.Minimal_Default_C' with ClassGeneratedBy '/Game/StarterContent/Maps/Minimal_Default.Minimal_Default:PersistentLevel.Minimal_Default'
[2021.01.22-00.51.38:079][ 79]LogBlueprintUserMessages: Early EndPlayMap Detection: Level '/Game/StarterContent/Maps/Minimal_Default.Minimal_Default:PersistentLevel' has LevelScriptBlueprint '/Game/StarterContent/Maps/Minimal_Default.Minimal_Default:PersistentLevel.Minimal_Default' with GeneratedClass '/Game/StarterContent/Maps/Minimal_Default.Minimal_Default_C' with ClassGeneratedBy '/Game/StarterContent/Maps/Minimal_Default.Minimal_Default:PersistentLevel.Minimal_Default'
[2021.01.22-00.51.38:080][ 79]LogSlate: Updating window title bar state: overlay mode, drag disabled, window buttons hidden, title bar hidden
[2021.01.22-00.51.38:114][ 79]LogPlayLevel: Display: Shutting down PIE online subsystems
[2021.01.22-00.51.38:114][ 79]LogBlueprintUserMessages: Late EndPlayMap Detection: Level '/Game/StarterContent/Maps/Minimal_Default.Minimal_Default:PersistentLevel' has LevelScriptBlueprint '/Game/StarterContent/Maps/Minimal_Default.Minimal_Default:PersistentLevel.Minimal_Default' with GeneratedClass '/Game/StarterContent/Maps/Minimal_Default.Minimal_Default_C' with ClassGeneratedBy '/Game/StarterContent/Maps/Minimal_Default.Minimal_Default:PersistentLevel.Minimal_Default'
[2021.01.22-00.51.38:139][ 79]LogSlate: Updating window title bar state: overlay mode, drag disabled, window buttons hidden, title bar hidden
[2021.01.22-00.51.38:184][ 84]LogPlayLevel: Display: Destroying online subsystem :Context_5
[2021.01.22-00.51.38:634][138]LogTemp: Repeating last play command: Selected Viewport
[2021.01.22-00.51.38:640][138]LogBlueprintUserMessages: Early PlayInEditor Detection: Level '/Game/StarterContent/Maps/Minimal_Default.Minimal_Default:PersistentLevel' has LevelScriptBlueprint '/Game/StarterContent/Maps/Minimal_Default.Minimal_Default:PersistentLevel.Minimal_Default' with GeneratedClass '/Game/StarterContent/Maps/Minimal_Default.Minimal_Default_C' with ClassGeneratedBy '/Game/StarterContent/Maps/Minimal_Default.Minimal_Default:PersistentLevel.Minimal_Default'
[2021.01.22-00.51.38:641][138]LogPlayLevel: PlayLevel: No blueprints needed recompiling
[2021.01.22-00.51.38:641][138]PIE: New page: PIE session: Minimal_Default (22 Jan 2021 00:51:38)
[2021.01.22-00.51.38:641][138]LogPlayLevel: Creating play world package: /Game/StarterContent/Maps/UEDPIE_0_Minimal_Default
[2021.01.22-00.51.38:643][138]LogPlayLevel: PIE: StaticDuplicateObject took: (0.002162s)
[2021.01.22-00.51.38:644][138]LogAIModule: Creating AISystem for world Minimal_Default
[2021.01.22-00.51.38:644][138]LogPlayLevel: PIE: World Init took: (0.000592s)
[2021.01.22-00.51.38:644][138]LogPlayLevel: PIE: Created PIE world by copying editor world from /Game/StarterContent/Maps/Minimal_Default.Minimal_Default to /Game/StarterContent/Maps/UEDPIE_0_Minimal_Default.Minimal_Default (0.003029s)
[2021.01.22-00.51.38:679][138]LogInit: XAudio2 using 'Speakers (USB Audio Device)' : 2 channels at 48 kHz using 16 bits per sample (channel mask 0x3)
[2021.01.22-00.51.38:687][138]LogInit: FAudioDevice initialized.
[2021.01.22-00.51.38:721][138]LogLoad: Game class is 'GameModeBase'
[2021.01.22-00.51.38:722][138]LogWorld: Bringing World /Game/StarterContent/Maps/UEDPIE_0_Minimal_Default.Minimal_Default up for play (max tick rate 0) at 2021.01.22-00.51.38
[2021.01.22-00.51.38:722][138]LogWorld: Bringing up level for play took: 0.000558
[2021.01.22-00.51.38:735][138]PIE: Play in editor start time for /Game/StarterContent/Maps/UEDPIE_0_Minimal_Default -0.656
[2021.01.22-00.51.38:735][138]LogBlueprintUserMessages: Late PlayInEditor Detection: Level '/Game/StarterContent/Maps/Minimal_Default.Minimal_Default:PersistentLevel' has LevelScriptBlueprint '/Game/StarterContent/Maps/Minimal_Default.Minimal_Default:PersistentLevel.Minimal_Default' with GeneratedClass '/Game/StarterContent/Maps/Minimal_Default.Minimal_Default_C' with ClassGeneratedBy '/Game/StarterContent/Maps/Minimal_Default.Minimal_Default:PersistentLevel.Minimal_Default'
[2021.01.22-00.51.41:363][452]LogBlueprintUserMessages: Early EndPlayMap Detection: Level '/Game/StarterContent/Maps/Minimal_Default.Minimal_Default:PersistentLevel' has LevelScriptBlueprint '/Game/StarterContent/Maps/Minimal_Default.Minimal_Default:PersistentLevel.Minimal_Default' with GeneratedClass '/Game/StarterContent/Maps/Minimal_Default.Minimal_Default_C' with ClassGeneratedBy '/Game/StarterContent/Maps/Minimal_Default.Minimal_Default:PersistentLevel.Minimal_Default'
[2021.01.22-00.51.41:364][452]LogSlate: Updating window title bar state: overlay mode, drag disabled, window buttons hidden, title bar hidden
[2021.01.22-00.51.41:398][452]LogPlayLevel: Display: Shutting down PIE online subsystems
[2021.01.22-00.51.41:398][452]LogBlueprintUserMessages: Late EndPlayMap Detection: Level '/Game/StarterContent/Maps/Minimal_Default.Minimal_Default:PersistentLevel' has LevelScriptBlueprint '/Game/StarterContent/Maps/Minimal_Default.Minimal_Default:PersistentLevel.Minimal_Default' with GeneratedClass '/Game/StarterContent/Maps/Minimal_Default.Minimal_Default_C' with ClassGeneratedBy '/Game/StarterContent/Maps/Minimal_Default.Minimal_Default:PersistentLevel.Minimal_Default'
[2021.01.22-00.51.41:423][452]LogSlate: Updating window title bar state: overlay mode, drag disabled, window buttons hidden, title bar hidden
[2021.01.22-00.51.41:468][457]LogPlayLevel: Display: Destroying online subsystem :Context_6
[2021.01.22-00.51.41:960][516]LogTemp: Repeating last play command: Selected Viewport
[2021.01.22-00.51.41:966][516]LogBlueprintUserMessages: Early PlayInEditor Detection: Level '/Game/StarterContent/Maps/Minimal_Default.Minimal_Default:PersistentLevel' has LevelScriptBlueprint '/Game/StarterContent/Maps/Minimal_Default.Minimal_Default:PersistentLevel.Minimal_Default' with GeneratedClass '/Game/StarterContent/Maps/Minimal_Default.Minimal_Default_C' with ClassGeneratedBy '/Game/StarterContent/Maps/Minimal_Default.Minimal_Default:PersistentLevel.Minimal_Default'
[2021.01.22-00.51.41:966][516]LogPlayLevel: PlayLevel: No blueprints needed recompiling
[2021.01.22-00.51.41:966][516]PIE: New page: PIE session: Minimal_Default (22 Jan 2021 00:51:41)
[2021.01.22-00.51.41:966][516]LogPlayLevel: Creating play world package: /Game/StarterContent/Maps/UEDPIE_0_Minimal_Default
[2021.01.22-00.51.41:969][516]LogPlayLevel: PIE: StaticDuplicateObject took: (0.002205s)
[2021.01.22-00.51.41:969][516]LogAIModule: Creating AISystem for world Minimal_Default
[2021.01.22-00.51.41:969][516]LogPlayLevel: PIE: World Init took: (0.000599s)
[2021.01.22-00.51.41:969][516]LogPlayLevel: PIE: Created PIE world by copying editor world from /Game/StarterContent/Maps/Minimal_Default.Minimal_Default to /Game/StarterContent/Maps/UEDPIE_0_Minimal_Default.Minimal_Default (0.003078s)
[2021.01.22-00.51.42:004][516]LogInit: XAudio2 using 'Speakers (USB Audio Device)' : 2 channels at 48 kHz using 16 bits per sample (channel mask 0x3)
[2021.01.22-00.51.42:011][516]LogInit: FAudioDevice initialized.
[2021.01.22-00.51.42:044][516]LogLoad: Game class is 'GameModeBase'
[2021.01.22-00.51.42:044][516]LogWorld: Bringing World /Game/StarterContent/Maps/UEDPIE_0_Minimal_Default.Minimal_Default up for play (max tick rate 0) at 2021.01.22-00.51.42
[2021.01.22-00.51.42:044][516]LogWorld: Bringing up level for play took: 0.000560
[2021.01.22-00.51.42:057][516]PIE: Play in editor start time for /Game/StarterContent/Maps/UEDPIE_0_Minimal_Default 0.667
[2021.01.22-00.51.42:058][516]LogBlueprintUserMessages: Late PlayInEditor Detection: Level '/Game/StarterContent/Maps/Minimal_Default.Minimal_Default:PersistentLevel' has LevelScriptBlueprint '/Game/StarterContent/Maps/Minimal_Default.Minimal_Default:PersistentLevel.Minimal_Default' with GeneratedClass '/Game/StarterContent/Maps/Minimal_Default.Minimal_Default_C' with ClassGeneratedBy '/Game/StarterContent/Maps/Minimal_Default.Minimal_Default:PersistentLevel.Minimal_Default'
[2021.01.22-00.51.49:086][293]LogSlate: FSceneViewport::OnFocusLost() reason 0
[2021.01.22-00.51.58:707][392]LogEditorViewport: Clicking on Actor (LMB): StaticSphere (StaticSphere1)
[2021.01.22-00.52.10:469][665]LogEditorViewport: Clicking on Actor (LMB): MovingSphere (MovingSphere1)
[2021.01.22-00.52.13:746][ 41]LogEditorViewport: Clicking on Actor (LMB): StaticSphere (StaticSphere1)
[2021.01.22-00.52.26:114][370]LogSlate: FSceneViewport::OnFocusLost() reason 0
[2021.01.22-00.52.26:172][377]Cmd: MODE GRID=0
[2021.01.22-00.53.05:584][731]LogSlate: FSceneViewport::OnFocusLost() reason 0
[2021.01.22-00.53.11:306][378]LogEditorViewport: Clicking on Actor (LMB): MovingSphere (MovingSphere1)
[2021.01.22-00.53.38:000][555]LogEditorViewport: Clicking on Actor (LMB): StaticSphere (StaticSphere1)
[2021.01.22-00.53.43:592][181]LogEditorViewport: Clicking on Actor (LMB): MovingSphere (MovingSphere1)
[2021.01.22-00.54.19:718][435]LogSlate: FSceneViewport::OnFocusLost() reason 0
[2021.01.22-00.54.38:981][578]LogEditorViewport: Clicking on Actor (LMB): StaticSphere (StaticSphere1)
[2021.01.22-00.54.40:324][697]LogEditorViewport: Clicking on Actor (LMB): MovingSphere (MovingSphere1)
[2021.01.22-00.54.41:251][796]LogSlate: FSceneViewport::OnFocusLost() reason 0
[2021.01.22-00.54.56:662][565]LogBlueprintUserMessages: Early EndPlayMap Detection: Level '/Game/StarterContent/Maps/Minimal_Default.Minimal_Default:PersistentLevel' has LevelScriptBlueprint '/Game/StarterContent/Maps/Minimal_Default.Minimal_Default:PersistentLevel.Minimal_Default' with GeneratedClass '/Game/StarterContent/Maps/Minimal_Default.Minimal_Default_C' with ClassGeneratedBy '/Game/StarterContent/Maps/Minimal_Default.Minimal_Default:PersistentLevel.Minimal_Default'
[2021.01.22-00.54.56:663][565]LogSlate: Updating window title bar state: overlay mode, drag disabled, window buttons hidden, title bar hidden
[2021.01.22-00.54.56:695][565]LogPlayLevel: Display: Shutting down PIE online subsystems
[2021.01.22-00.54.56:695][565]LogBlueprintUserMessages: Late EndPlayMap Detection: Level '/Game/StarterContent/Maps/Minimal_Default.Minimal_Default:PersistentLevel' has LevelScriptBlueprint '/Game/StarterContent/Maps/Minimal_Default.Minimal_Default:PersistentLevel.Minimal_Default' with GeneratedClass '/Game/StarterContent/Maps/Minimal_Default.Minimal_Default_C' with ClassGeneratedBy '/Game/StarterContent/Maps/Minimal_Default.Minimal_Default:PersistentLevel.Minimal_Default'
[2021.01.22-00.54.56:722][565]LogSlate: Updating window title bar state: overlay mode, drag disabled, window buttons hidden, title bar hidden
[2021.01.22-00.54.56:768][570]LogPlayLevel: Display: Destroying online subsystem :Context_7
