Log file open, 11/08/20 15:31:03
LogWindows: Failed to load 'aqProf.dll' (GetLastError=126)
LogWindows: File 'aqProf.dll' does not exist
LogWindows: Failed to load 'VtuneApi.dll' (GetLastError=126)
LogWindows: File 'VtuneApi.dll' does not exist
LogWindows: Failed to load 'VtuneApi32e.dll' (GetLastError=126)
LogWindows: File 'VtuneApi32e.dll' does not exist
LogConsoleResponse: Display: Failed to find resolution value strings in scalability ini. Falling back to default.
LogInit: Display: Running engine for game: PhysicsSim_UE
LogPakFile: Registered encryption key '00000000000000000000000000000000': 0 pak files mounted, 0 remain pending
LogPlatformFile: Not using cached read wrapper
LogTaskGraph: Started task graph with 5 named threads and 71 total threads with 3 sets of task threads.
LogStats: Stats thread started at 0.898032
LogD3D11RHI: Loaded GFSDK_Aftermath_Lib.x64.dll
LogICUInternationalization: ICU TimeZone Detection - Raw Offset: +0:00, Platform Override: ''
LogPluginManager: Mounting plugin Paper2D
LogPluginManager: Mounting plugin AISupport
LogPluginManager: Mounting plugin LightPropagationVolume
LogPluginManager: Mounting plugin ActorLayerUtilities
LogPluginManager: Mounting plugin CLionSourceCodeAccess
LogPluginManager: Mounting plugin CodeLiteSourceCodeAccess
LogPluginManager: Mounting plugin GitSourceControl
LogPluginManager: Mounting plugin KDevelopSourceCodeAccess
LogPluginManager: Mounting plugin NullSourceCodeAccess
LogPluginManager: Mounting plugin PerforceSourceControl
LogPluginManager: Mounting plugin SubversionSourceControl
LogPluginManager: Mounting plugin UObjectPlugin
LogPluginManager: Mounting plugin VisualStudioCodeSourceCodeAccess
LogPluginManager: Mounting plugin VisualStudioSourceCodeAccess
LogPluginManager: Mounting plugin XCodeSourceCodeAccess
LogPluginManager: Mounting plugin AssetManagerEditor
LogPluginManager: Mounting plugin CryptoKeys
LogPluginManager: Mounting plugin DataValidation
LogPluginManager: Mounting plugin FacialAnimation
LogPluginManager: Mounting plugin GameplayTagsEditor
LogPluginManager: Mounting plugin MacGraphicsSwitching
LogPluginManager: Mounting plugin MeshEditor
LogPluginManager: Mounting plugin MobileLauncherProfileWizard
LogPluginManager: Mounting plugin PluginBrowser
LogPluginManager: Mounting plugin SpeedTreeImporter
LogPluginManager: Mounting plugin DatasmithContent
LogPluginManager: Mounting plugin VariantManagerContent
LogPluginManager: Mounting plugin AlembicImporter
LogPluginManager: Mounting plugin AppleImageUtils
LogPluginManager: Mounting plugin AppleVision
LogPluginManager: Mounting plugin BackChannel
LogPluginManager: Mounting plugin CharacterAI
LogPluginManager: Mounting plugin GeometryCache
LogPluginManager: Mounting plugin HTML5Networking
LogPluginManager: Mounting plugin ProxyLODPlugin
LogPluginManager: Mounting plugin MagicLeap
LogPluginManager: Mounting plugin MagicLeapMedia
LogPluginManager: Mounting plugin AndroidMedia
LogPluginManager: Mounting plugin AvfMedia
LogPluginManager: Mounting plugin ImgMedia
LogPluginManager: Mounting plugin LinearTimecode
LogPluginManager: Mounting plugin MediaCompositing
LogPluginManager: Mounting plugin MediaPlayerEditor
LogPluginManager: Mounting plugin WebMMedia
LogPluginManager: Mounting plugin WmfMedia
LogPluginManager: Mounting plugin TcpMessaging
LogPluginManager: Mounting plugin UdpMessaging
LogPluginManager: Mounting plugin ActorSequence
LogPluginManager: Mounting plugin LevelSequenceEditor
LogPluginManager: Mounting plugin MatineeToLevelSequence
LogPluginManager: Mounting plugin NetcodeUnitTest
LogPluginManager: Mounting plugin NUTUnrealEngine4
LogPluginManager: Mounting plugin OnlineSubsystemGooglePlay
LogPluginManager: Mounting plugin OnlineSubsystemIOS
LogPluginManager: Mounting plugin OnlineSubsystem
LogPluginManager: Mounting plugin OnlineSubsystemNull
LogPluginManager: Mounting plugin OnlineSubsystemUtils
LogPluginManager: Mounting plugin LauncherChunkInstaller
LogPluginManager: Mounting plugin AndroidDeviceProfileSelector
LogPluginManager: Mounting plugin AndroidMoviePlayer
LogPluginManager: Mounting plugin AndroidPermission
LogPluginManager: Mounting plugin AppleMoviePlayer
LogPluginManager: Mounting plugin ArchVisCharacter
LogPluginManager: Mounting plugin AudioCapture
LogPluginManager: Mounting plugin CableComponent
LogPluginManager: Mounting plugin CustomMeshComponent
LogPluginManager: Mounting plugin EditableMesh
LogPluginManager: Mounting plugin ExampleDeviceProfileSelector
LogPluginManager: Mounting plugin Firebase
LogPluginManager: Mounting plugin GoogleCloudMessaging
LogPluginManager: Mounting plugin IOSDeviceProfileSelector
LogPluginManager: Mounting plugin LinuxDeviceProfileSelector
LogPluginManager: Mounting plugin LocationServicesBPLibrary
LogPluginManager: Mounting plugin MobilePatchingUtils
LogPluginManager: Mounting plugin OculusVR
LogPluginManager: Mounting plugin PhysXVehicles
LogPluginManager: Mounting plugin ProceduralMeshComponent
LogPluginManager: Mounting plugin RuntimePhysXCooking
LogPluginManager: Mounting plugin SteamVR
LogPluginManager: Mounting plugin WebMMoviePlayer
LogPluginManager: Mounting plugin WindowsMoviePlayer
LogStreaming: Display: Took  0.093s to configure plugins.
LogInit: Using libcurl 7.55.1-DEV
LogInit:  - built for x86_64-pc-win32
LogInit:  - supports SSL with OpenSSL/1.0.2h
LogInit:  - supports HTTP deflate (compression) using libz 1.2.8
LogInit:  - other features:
LogInit:      CURL_VERSION_SSL
LogInit:      CURL_VERSION_LIBZ
LogInit:      CURL_VERSION_IPV6
LogInit:      CURL_VERSION_ASYNCHDNS
LogInit:      CURL_VERSION_LARGEFILE
LogInit:      CURL_VERSION_IDN
LogInit:  CurlRequestOptions (configurable via config and command line):
LogInit:  - bVerifyPeer = true  - Libcurl will verify peer certificate
LogInit:  - bUseHttpProxy = false  - Libcurl will NOT use HTTP proxy
LogInit:  - bDontReuseConnections = false  - Libcurl will reuse connections
LogInit:  - MaxHostConnections = 16  - Libcurl will limit the number of connections to a host
LogInit:  - LocalHostAddr = Default
LogInit:  - BufferSize = 65536
LogInit: WinSock: version 1.1 (2.2), MaxSocks=32767, MaxUdp=65467
LogInit: Build: ++UE4+Release-4.21-CL-4753647
LogInit: Engine Version: 4.21.2-4753647+++UE4+Release-4.21
LogInit: Compatible Engine Version: 4.21.0-4541578+++UE4+Release-4.21
LogInit: Net CL: 4541578
LogInit: OS: Windows 10 (), CPU: AMD Ryzen 9 3900X 12-Core Processor            , GPU: NVIDIA GeForce RTX 2070 SUPER
LogInit: Compiled (64-bit): Jan 19 2019 02:07:31
LogInit: Compiled with Visual C++: 19.13.26129.00
LogInit: Build Configuration: Development
LogInit: Branch Name: ++UE4+Release-4.21
LogInit: Command Line:  -skipcompile
LogInit: Base Directory: C:/Program Files/Epic Games/UE_4.21/Engine/Binaries/Win64/
LogInit: Installed Engine Build: 1
LogDevObjectVersion: Number of dev versions registered: 22
LogDevObjectVersion:   Dev-Blueprints (B0D832E4-1F89-4F0D-ACCF-7EB736FD4AA2): 10
LogDevObjectVersion:   Dev-Build (E1C64328-A22C-4D53-A36C-8E866417BD8C): 0
LogDevObjectVersion:   Dev-Core (375EC13C-06E4-48FB-B500-84F0262A717E): 2
LogDevObjectVersion:   Dev-Editor (E4B068ED-F494-42E9-A231-DA0B2E46BB41): 26
LogDevObjectVersion:   Dev-Framework (CFFC743F-43B0-4480-9391-14DF171D2073): 34
LogDevObjectVersion:   Dev-Mobile (B02B49B5-BB20-44E9-A304-32B752E40360): 2
LogDevObjectVersion:   Dev-Networking (A4E4105C-59A1-49B5-A7C5-40C4547EDFEE): 0
LogDevObjectVersion:   Dev-Online (39C831C9-5AE6-47DC-9A44-9C173E1C8E7C): 0
LogDevObjectVersion:   Dev-Physics (78F01B33-EBEA-4F98-B9B4-84EACCB95AA2): 0
LogDevObjectVersion:   Dev-Platform (6631380F-2D4D-43E0-8009-CF276956A95A): 0
LogDevObjectVersion:   Dev-Rendering (12F88B9F-8875-4AFC-A67C-D90C383ABD29): 27
LogDevObjectVersion:   Dev-Sequencer (7B5AE74C-D270-4C10-A958-57980B212A5A): 9
LogDevObjectVersion:   Dev-VR (D7296918-1DD6-4BDD-9DE2-64A83CC13884): 2
LogDevObjectVersion:   Dev-LoadTimes (C2A15278-BFE7-4AFE-6C17-90FF531DF755): 1
LogDevObjectVersion:   Private-Geometry (6EACA3D4-40EC-4CC1-B786-8BED09428FC5): 3
LogDevObjectVersion:   Dev-AnimPhys (29E575DD-E0A3-4627-9D10-D276232CDCEA): 17
LogDevObjectVersion:   Dev-Anim (AF43A65D-7FD3-4947-9873-3E8ED9C1BB05): 2
LogDevObjectVersion:   Dev-ReflectionCapture (6B266CEC-1EC7-4B8F-A30B-E4D90942FC07): 1
LogDevObjectVersion:   Dev-Automation (0DF73D61-A23F-47EA-B727-89E90C41499A): 1
LogDevObjectVersion:   FortniteMain (601D1886-AC64-4F84-AA16-D3DE0DEAC7D6): 17
LogDevObjectVersion:   Dev-Enterprise (9DFFBCD6-494F-0158-E221-12823C92A888): 4
LogDevObjectVersion:   Dev-Niagara (F2AED0AC-9AFE-416F-8664-AA7FFA26D6FC): 1
LogStreaming: Display: Took  0.000s to delete old logs.
LogInit: Presizing for max 8388607 objects, including 0 objects not considered by GC, pre-allocating 0 bytes for permanent pool.
LogInit: Object subsystem initialized
LogConfig: Setting CVar [[con.DebugEarlyDefault:1]]
LogConfig: Setting CVar [[r.setres:1280x720]]
[2020.11.08-15.31.03:482][  0]LogConfig: Setting CVar [[r.VSync:0]]
[2020.11.08-15.31.03:482][  0]LogConfig: Setting CVar [[r.RHICmdBypass:0]]
[2020.11.08-15.31.03:482][  0]LogConfig: Applying CVar settings from Section [/Script/Engine.RendererSettings] File [C:/Users/betha/Documents/GitHub/PhysicsSimulation/PhysicsSim_UE/Saved/Config/Windows/Engine.ini]
[2020.11.08-15.31.03:482][  0]LogConfig: Setting CVar [[r.GPUCrashDebugging:0]]
[2020.11.08-15.31.03:482][  0]LogConfig: Applying CVar settings from Section [/Script/Engine.RendererOverrideSettings] File [C:/Users/betha/Documents/GitHub/PhysicsSimulation/PhysicsSim_UE/Saved/Config/Windows/Engine.ini]
[2020.11.08-15.31.03:482][  0]LogConfig: Applying CVar settings from Section [/Script/Engine.StreamingSettings] File [C:/Users/betha/Documents/GitHub/PhysicsSimulation/PhysicsSim_UE/Saved/Config/Windows/Engine.ini]
[2020.11.08-15.31.03:482][  0]LogConfig: Setting CVar [[s.MinBulkDataSizeForAsyncLoading:131072]]
[2020.11.08-15.31.03:482][  0]LogConfig: Setting CVar [[s.AsyncLoadingThreadEnabled:0]]
[2020.11.08-15.31.03:482][  0]LogConfig: Setting CVar [[s.EventDrivenLoaderEnabled:1]]
[2020.11.08-15.31.03:482][  0]LogConfig: Setting CVar [[s.WarnIfTimeLimitExceeded:0]]
[2020.11.08-15.31.03:483][  0]LogConfig: Setting CVar [[s.TimeLimitExceededMultiplier:1.5]]
[2020.11.08-15.31.03:483][  0]LogConfig: Setting CVar [[s.TimeLimitExceededMinTime:0.005]]
[2020.11.08-15.31.03:483][  0]LogConfig: Setting CVar [[s.UseBackgroundLevelStreaming:1]]
[2020.11.08-15.31.03:483][  0]LogConfig: Setting CVar [[s.PriorityAsyncLoadingExtraTime:15.0]]
[2020.11.08-15.31.03:483][  0]LogConfig: Setting CVar [[s.LevelStreamingActorsUpdateTimeLimit:5.0]]
[2020.11.08-15.31.03:483][  0]LogConfig: Setting CVar [[s.PriorityLevelStreamingActorsUpdateExtraTime:5.0]]
[2020.11.08-15.31.03:483][  0]LogConfig: Setting CVar [[s.LevelStreamingComponentsRegistrationGranularity:10]]
[2020.11.08-15.31.03:483][  0]LogConfig: Setting CVar [[s.UnregisterComponentsTimeLimit:1.0]]
[2020.11.08-15.31.03:483][  0]LogConfig: Setting CVar [[s.LevelStreamingComponentsUnregistrationGranularity:5]]
[2020.11.08-15.31.03:483][  0]LogConfig: Applying CVar settings from Section [/Script/Engine.GarbageCollectionSettings] File [C:/Users/betha/Documents/GitHub/PhysicsSimulation/PhysicsSim_UE/Saved/Config/Windows/Engine.ini]
[2020.11.08-15.31.03:483][  0]LogConfig: Setting CVar [[gc.MaxObjectsNotConsideredByGC:1]]
[2020.11.08-15.31.03:483][  0]LogConfig: Setting CVar [[gc.SizeOfPermanentObjectPool:0]]
[2020.11.08-15.31.03:483][  0]LogConfig: Setting CVar [[gc.FlushStreamingOnGC:0]]
[2020.11.08-15.31.03:483][  0]LogConfig: Setting CVar [[gc.NumRetriesBeforeForcingGC:10]]
[2020.11.08-15.31.03:483][  0]LogConfig: Setting CVar [[gc.AllowParallelGC:1]]
[2020.11.08-15.31.03:483][  0]LogConfig: Setting CVar [[gc.TimeBetweenPurgingPendingKillObjects:61.1]]
[2020.11.08-15.31.03:483][  0]LogConfig: Setting CVar [[gc.MaxObjectsInEditor:8388607]]
[2020.11.08-15.31.03:483][  0]LogConfig: Setting CVar [[gc.IncrementalBeginDestroyEnabled:1]]
[2020.11.08-15.31.03:484][  0]LogConfig: Setting CVar [[gc.CreateGCClusters:1]]
[2020.11.08-15.31.03:484][  0]LogConfig: Setting CVar [[gc.MergeGCClusters:0]]
[2020.11.08-15.31.03:484][  0]LogConfig: Setting CVar [[gc.MinGCClusterSize:5]]
[2020.11.08-15.31.03:484][  0]LogConfig: Setting CVar [[gc.ActorClusteringEnabled:0]]
[2020.11.08-15.31.03:484][  0]LogConfig: Setting CVar [[gc.BlueprintClusteringEnabled:0]]
[2020.11.08-15.31.03:484][  0]LogConfig: Setting CVar [[gc.UseDisregardForGCOnDedicatedServers:0]]
[2020.11.08-15.31.03:484][  0]LogConfig: Applying CVar settings from Section [/Script/Engine.NetworkSettings] File [C:/Users/betha/Documents/GitHub/PhysicsSimulation/PhysicsSim_UE/Saved/Config/Windows/Engine.ini]
[2020.11.08-15.31.03:484][  0]LogConfig: Applying CVar settings from Section [/Script/UnrealEd.CookerSettings] File [C:/Users/betha/Documents/GitHub/PhysicsSimulation/PhysicsSim_UE/Saved/Config/Windows/Engine.ini]
[2020.11.08-15.31.03:489][  0]LogConfig: Applying CVar settings from Section [ViewDistanceQuality@3] File [C:/Users/betha/Documents/GitHub/PhysicsSimulation/PhysicsSim_UE/Saved/Config/Windows/Scalability.ini]
[2020.11.08-15.31.03:489][  0]LogConfig: Setting CVar [[r.SkeletalMeshLODBias:0]]
[2020.11.08-15.31.03:489][  0]LogConfig: Setting CVar [[r.ViewDistanceScale:1.0]]
[2020.11.08-15.31.03:489][  0]LogConfig: Applying CVar settings from Section [AntiAliasingQuality@3] File [C:/Users/betha/Documents/GitHub/PhysicsSimulation/PhysicsSim_UE/Saved/Config/Windows/Scalability.ini]
[2020.11.08-15.31.03:490][  0]LogConfig: Setting CVar [[r.PostProcessAAQuality:4]]
[2020.11.08-15.31.03:490][  0]LogConfig: Applying CVar settings from Section [ShadowQuality@3] File [C:/Users/betha/Documents/GitHub/PhysicsSimulation/PhysicsSim_UE/Saved/Config/Windows/Scalability.ini]
[2020.11.08-15.31.03:490][  0]LogConfig: Setting CVar [[r.LightFunctionQuality:1]]
[2020.11.08-15.31.03:490][  0]LogConfig: Setting CVar [[r.ShadowQuality:5]]
[2020.11.08-15.31.03:490][  0]LogConfig: Setting CVar [[r.Shadow.CSM.MaxCascades:10]]
[2020.11.08-15.31.03:490][  0]LogConfig: Setting CVar [[r.Shadow.MaxResolution:2048]]
[2020.11.08-15.31.03:490][  0]LogConfig: Setting CVar [[r.Shadow.MaxCSMResolution:2048]]
[2020.11.08-15.31.03:490][  0]LogConfig: Setting CVar [[r.Shadow.RadiusThreshold:0.01]]
[2020.11.08-15.31.03:490][  0]LogConfig: Setting CVar [[r.Shadow.DistanceScale:1.0]]
[2020.11.08-15.31.03:490][  0]LogConfig: Setting CVar [[r.Shadow.CSM.TransitionScale:1.0]]
[2020.11.08-15.31.03:490][  0]LogConfig: Setting CVar [[r.Shadow.PreShadowResolutionFactor:1.0]]
[2020.11.08-15.31.03:490][  0]LogConfig: Setting CVar [[r.DistanceFieldShadowing:1]]
[2020.11.08-15.31.03:490][  0]LogConfig: Setting CVar [[r.DistanceFieldAO:1]]
[2020.11.08-15.31.03:490][  0]LogConfig: Setting CVar [[r.AOQuality:2]]
[2020.11.08-15.31.03:490][  0]LogConfig: Setting CVar [[r.VolumetricFog:1]]
[2020.11.08-15.31.03:490][  0]LogConfig: Setting CVar [[r.VolumetricFog.GridPixelSize:8]]
[2020.11.08-15.31.03:490][  0]LogConfig: Setting CVar [[r.VolumetricFog.GridSizeZ:128]]
[2020.11.08-15.31.03:490][  0]LogConfig: Setting CVar [[r.VolumetricFog.HistoryMissSupersampleCount:4]]
[2020.11.08-15.31.03:491][  0]LogConfig: Setting CVar [[r.LightMaxDrawDistanceScale:1]]
[2020.11.08-15.31.03:491][  0]LogConfig: Setting CVar [[r.CapsuleShadows:1]]
[2020.11.08-15.31.03:491][  0]LogConfig: Applying CVar settings from Section [PostProcessQuality@3] File [C:/Users/betha/Documents/GitHub/PhysicsSimulation/PhysicsSim_UE/Saved/Config/Windows/Scalability.ini]
[2020.11.08-15.31.03:491][  0]LogConfig: Setting CVar [[r.MotionBlurQuality:4]]
[2020.11.08-15.31.03:491][  0]LogConfig: Setting CVar [[r.AmbientOcclusionMipLevelFactor:0.4]]
[2020.11.08-15.31.03:491][  0]LogConfig: Setting CVar [[r.AmbientOcclusionMaxQuality:100]]
[2020.11.08-15.31.03:491][  0]LogConfig: Setting CVar [[r.AmbientOcclusionLevels:-1]]
[2020.11.08-15.31.03:491][  0]LogConfig: Setting CVar [[r.AmbientOcclusionRadiusScale:1.0]]
[2020.11.08-15.31.03:491][  0]LogConfig: Setting CVar [[r.DepthOfFieldQuality:2]]
[2020.11.08-15.31.03:491][  0]LogConfig: Setting CVar [[r.RenderTargetPoolMin:400]]
[2020.11.08-15.31.03:491][  0]LogConfig: Setting CVar [[r.LensFlareQuality:2]]
[2020.11.08-15.31.03:491][  0]LogConfig: Setting CVar [[r.SceneColorFringeQuality:1]]
[2020.11.08-15.31.03:491][  0]LogConfig: Setting CVar [[r.EyeAdaptationQuality:2]]
[2020.11.08-15.31.03:491][  0]LogConfig: Setting CVar [[r.BloomQuality:5]]
[2020.11.08-15.31.03:491][  0]LogConfig: Setting CVar [[r.FastBlurThreshold:100]]
[2020.11.08-15.31.03:491][  0]LogConfig: Setting CVar [[r.Upscale.Quality:3]]
[2020.11.08-15.31.03:491][  0]LogConfig: Setting CVar [[r.Tonemapper.GrainQuantization:1]]
[2020.11.08-15.31.03:491][  0]LogConfig: Setting CVar [[r.LightShaftQuality:1]]
[2020.11.08-15.31.03:492][  0]LogConfig: Setting CVar [[r.Filter.SizeScale:1]]
[2020.11.08-15.31.03:492][  0]LogConfig: Setting CVar [[r.Tonemapper.Quality:5]]
[2020.11.08-15.31.03:492][  0]LogConfig: Setting CVar [[r.DOF.Gather.AccumulatorQuality:1        ; higher gathering accumulator quality]]
[2020.11.08-15.31.03:492][  0]LogConfig: Setting CVar [[r.DOF.Gather.PostfilterMethod:1          ; Median3x3 postfilering method]]
[2020.11.08-15.31.03:492][  0]LogConfig: Setting CVar [[r.DOF.Gather.EnableBokehSettings:0       ; no bokeh simulation when gathering]]
[2020.11.08-15.31.03:492][  0]LogConfig: Setting CVar [[r.DOF.Gather.RingCount:4                 ; medium number of samples when gathering]]
[2020.11.08-15.31.03:492][  0]LogConfig: Setting CVar [[r.DOF.Scatter.ForegroundCompositing:1    ; additive foreground scattering]]
[2020.11.08-15.31.03:492][  0]LogConfig: Setting CVar [[r.DOF.Scatter.BackgroundCompositing:2    ; additive background scattering]]
[2020.11.08-15.31.03:492][  0]LogConfig: Setting CVar [[r.DOF.Scatter.EnableBokehSettings:1      ; bokeh simulation when scattering]]
[2020.11.08-15.31.03:492][  0]LogConfig: Setting CVar [[r.DOF.Scatter.MaxSpriteRatio:0.1         ; only a maximum of 10% of scattered bokeh]]
[2020.11.08-15.31.03:492][  0]LogConfig: Setting CVar [[r.DOF.Recombine.Quality:1                ; cheap slight out of focus]]
[2020.11.08-15.31.03:492][  0]LogConfig: Setting CVar [[r.DOF.Recombine.EnableBokehSettings:0    ; no bokeh simulation on slight out of focus]]
[2020.11.08-15.31.03:492][  0]LogConfig: Setting CVar [[r.DOF.TemporalAAQuality:1                ; more stable temporal accumulation]]
[2020.11.08-15.31.03:492][  0]LogConfig: Setting CVar [[r.DOF.Kernel.MaxForegroundRadius:0.025]]
[2020.11.08-15.31.03:492][  0]LogConfig: Setting CVar [[r.DOF.Kernel.MaxBackgroundRadius:0.025]]
[2020.11.08-15.31.03:492][  0]LogConfig: Applying CVar settings from Section [TextureQuality@3] File [C:/Users/betha/Documents/GitHub/PhysicsSimulation/PhysicsSim_UE/Saved/Config/Windows/Scalability.ini]
[2020.11.08-15.31.03:492][  0]LogConfig: Setting CVar [[r.Streaming.MipBias:0]]
[2020.11.08-15.31.03:492][  0]LogConfig: Setting CVar [[r.Streaming.AmortizeCPUToGPUCopy:0]]
[2020.11.08-15.31.03:492][  0]LogConfig: Setting CVar [[r.Streaming.MaxNumTexturesToStreamPerFrame:0]]
[2020.11.08-15.31.03:492][  0]LogConfig: Setting CVar [[r.Streaming.Boost:1]]
[2020.11.08-15.31.03:493][  0]LogConfig: Setting CVar [[r.MaxAnisotropy:8]]
[2020.11.08-15.31.03:493][  0]LogConfig: Setting CVar [[r.Streaming.LimitPoolSizeToVRAM:0]]
[2020.11.08-15.31.03:493][  0]LogConfig: Setting CVar [[r.Streaming.PoolSize:1000]]
[2020.11.08-15.31.03:493][  0]LogConfig: Setting CVar [[r.Streaming.MaxEffectiveScreenSize:0]]
[2020.11.08-15.31.03:493][  0]LogConfig: Applying CVar settings from Section [EffectsQuality@3] File [C:/Users/betha/Documents/GitHub/PhysicsSimulation/PhysicsSim_UE/Saved/Config/Windows/Scalability.ini]
[2020.11.08-15.31.03:493][  0]LogConfig: Setting CVar [[r.TranslucencyLightingVolumeDim:64]]
[2020.11.08-15.31.03:493][  0]LogConfig: Setting CVar [[r.RefractionQuality:2]]
[2020.11.08-15.31.03:493][  0]LogConfig: Setting CVar [[r.SSR.Quality:3]]
[2020.11.08-15.31.03:493][  0]LogConfig: Setting CVar [[r.SceneColorFormat:4]]
[2020.11.08-15.31.03:493][  0]LogConfig: Setting CVar [[r.DetailMode:2]]
[2020.11.08-15.31.03:493][  0]LogConfig: Setting CVar [[r.TranslucencyVolumeBlur:1]]
[2020.11.08-15.31.03:493][  0]LogConfig: Setting CVar [[r.MaterialQualityLevel:1 ; High quality]]
[2020.11.08-15.31.03:493][  0]LogConfig: Setting CVar [[r.SSS.Scale:1]]
[2020.11.08-15.31.03:493][  0]LogConfig: Setting CVar [[r.SSS.SampleSet:2]]
[2020.11.08-15.31.03:493][  0]LogConfig: Setting CVar [[r.SSS.Quality:1]]
[2020.11.08-15.31.03:493][  0]LogConfig: Setting CVar [[r.SSS.HalfRes:1]]
[2020.11.08-15.31.03:493][  0]LogConfig: Setting CVar [[r.EmitterSpawnRateScale:1.0]]
[2020.11.08-15.31.03:493][  0]LogConfig: Setting CVar [[r.ParticleLightQuality:2]]
[2020.11.08-15.31.03:493][  0]LogConfig: Applying CVar settings from Section [FoliageQuality@3] File [C:/Users/betha/Documents/GitHub/PhysicsSimulation/PhysicsSim_UE/Saved/Config/Windows/Scalability.ini]
[2020.11.08-15.31.03:493][  0]LogConfig: Setting CVar [[foliage.DensityScale:1.0]]
[2020.11.08-15.31.03:493][  0]LogConfig: Setting CVar [[grass.DensityScale:1.0]]
[2020.11.08-15.31.03:494][  0]LogInit: Selected Device Profile: [Windows]
[2020.11.08-15.31.03:494][  0]LogInit: Applying CVar settings loaded from the selected device profile: [Windows]
[2020.11.08-15.31.03:501][  0]LogHAL: Display: Platform has ~ 32 GB [34295062528 / 34359738368 / 32], which maps to Largest [LargestMinGB=32, LargerMinGB=12, DefaultMinGB=8, SmallerMinGB=6, SmallestMinGB=0)
[2020.11.08-15.31.03:501][  0]LogConfig: Setting CVar [[r.Vulkan.UseRealUBs:1]]
[2020.11.08-15.31.03:501][  0]LogInit: Going up to parent DeviceProfile []
[2020.11.08-15.31.03:501][  0]LogConfig: Applying CVar settings from Section [ViewDistanceQuality@3] File [C:/Users/betha/Documents/GitHub/PhysicsSimulation/PhysicsSim_UE/Saved/Config/Windows/Scalability.ini]
[2020.11.08-15.31.03:501][  0]LogConfig: Setting CVar [[r.SkeletalMeshLODBias:0]]
[2020.11.08-15.31.03:501][  0]LogConfig: Setting CVar [[r.ViewDistanceScale:1.0]]
[2020.11.08-15.31.03:501][  0]LogConfig: Applying CVar settings from Section [AntiAliasingQuality@3] File [C:/Users/betha/Documents/GitHub/PhysicsSimulation/PhysicsSim_UE/Saved/Config/Windows/Scalability.ini]
[2020.11.08-15.31.03:502][  0]LogConfig: Setting CVar [[r.PostProcessAAQuality:4]]
[2020.11.08-15.31.03:502][  0]LogConfig: Applying CVar settings from Section [ShadowQuality@3] File [C:/Users/betha/Documents/GitHub/PhysicsSimulation/PhysicsSim_UE/Saved/Config/Windows/Scalability.ini]
[2020.11.08-15.31.03:502][  0]LogConfig: Setting CVar [[r.LightFunctionQuality:1]]
[2020.11.08-15.31.03:502][  0]LogConfig: Setting CVar [[r.ShadowQuality:5]]
[2020.11.08-15.31.03:502][  0]LogConfig: Setting CVar [[r.Shadow.CSM.MaxCascades:10]]
[2020.11.08-15.31.03:502][  0]LogConfig: Setting CVar [[r.Shadow.MaxResolution:2048]]
[2020.11.08-15.31.03:502][  0]LogConfig: Setting CVar [[r.Shadow.MaxCSMResolution:2048]]
[2020.11.08-15.31.03:502][  0]LogConfig: Setting CVar [[r.Shadow.RadiusThreshold:0.01]]
[2020.11.08-15.31.03:502][  0]LogConfig: Setting CVar [[r.Shadow.DistanceScale:1.0]]
[2020.11.08-15.31.03:502][  0]LogConfig: Setting CVar [[r.Shadow.CSM.TransitionScale:1.0]]
[2020.11.08-15.31.03:502][  0]LogConfig: Setting CVar [[r.Shadow.PreShadowResolutionFactor:1.0]]
[2020.11.08-15.31.03:502][  0]LogConfig: Setting CVar [[r.DistanceFieldShadowing:1]]
[2020.11.08-15.31.03:502][  0]LogConfig: Setting CVar [[r.DistanceFieldAO:1]]
[2020.11.08-15.31.03:502][  0]LogConfig: Setting CVar [[r.AOQuality:2]]
[2020.11.08-15.31.03:502][  0]LogConfig: Setting CVar [[r.VolumetricFog:1]]
[2020.11.08-15.31.03:502][  0]LogConfig: Setting CVar [[r.VolumetricFog.GridPixelSize:8]]
[2020.11.08-15.31.03:502][  0]LogConfig: Setting CVar [[r.VolumetricFog.GridSizeZ:128]]
[2020.11.08-15.31.03:502][  0]LogConfig: Setting CVar [[r.VolumetricFog.HistoryMissSupersampleCount:4]]
[2020.11.08-15.31.03:502][  0]LogConfig: Setting CVar [[r.LightMaxDrawDistanceScale:1]]
[2020.11.08-15.31.03:502][  0]LogConfig: Setting CVar [[r.CapsuleShadows:1]]
[2020.11.08-15.31.03:502][  0]LogConfig: Applying CVar settings from Section [PostProcessQuality@3] File [C:/Users/betha/Documents/GitHub/PhysicsSimulation/PhysicsSim_UE/Saved/Config/Windows/Scalability.ini]
[2020.11.08-15.31.03:503][  0]LogConfig: Setting CVar [[r.MotionBlurQuality:4]]
[2020.11.08-15.31.03:503][  0]LogConfig: Setting CVar [[r.AmbientOcclusionMipLevelFactor:0.4]]
[2020.11.08-15.31.03:503][  0]LogConfig: Setting CVar [[r.AmbientOcclusionMaxQuality:100]]
[2020.11.08-15.31.03:503][  0]LogConfig: Setting CVar [[r.AmbientOcclusionLevels:-1]]
[2020.11.08-15.31.03:503][  0]LogConfig: Setting CVar [[r.AmbientOcclusionRadiusScale:1.0]]
[2020.11.08-15.31.03:503][  0]LogConfig: Setting CVar [[r.DepthOfFieldQuality:2]]
[2020.11.08-15.31.03:503][  0]LogConfig: Setting CVar [[r.RenderTargetPoolMin:400]]
[2020.11.08-15.31.03:503][  0]LogConfig: Setting CVar [[r.LensFlareQuality:2]]
[2020.11.08-15.31.03:503][  0]LogConfig: Setting CVar [[r.SceneColorFringeQuality:1]]
[2020.11.08-15.31.03:503][  0]LogConfig: Setting CVar [[r.EyeAdaptationQuality:2]]
[2020.11.08-15.31.03:503][  0]LogConfig: Setting CVar [[r.BloomQuality:5]]
[2020.11.08-15.31.03:503][  0]LogConfig: Setting CVar [[r.FastBlurThreshold:100]]
[2020.11.08-15.31.03:503][  0]LogConfig: Setting CVar [[r.Upscale.Quality:3]]
[2020.11.08-15.31.03:503][  0]LogConfig: Setting CVar [[r.Tonemapper.GrainQuantization:1]]
[2020.11.08-15.31.03:503][  0]LogConfig: Setting CVar [[r.LightShaftQuality:1]]
[2020.11.08-15.31.03:503][  0]LogConfig: Setting CVar [[r.Filter.SizeScale:1]]
[2020.11.08-15.31.03:503][  0]LogConfig: Setting CVar [[r.Tonemapper.Quality:5]]
[2020.11.08-15.31.03:503][  0]LogConfig: Setting CVar [[r.DOF.Gather.AccumulatorQuality:1        ; higher gathering accumulator quality]]
[2020.11.08-15.31.03:503][  0]LogConfig: Setting CVar [[r.DOF.Gather.PostfilterMethod:1          ; Median3x3 postfilering method]]
[2020.11.08-15.31.03:504][  0]LogConfig: Setting CVar [[r.DOF.Gather.EnableBokehSettings:0       ; no bokeh simulation when gathering]]
[2020.11.08-15.31.03:504][  0]LogConfig: Setting CVar [[r.DOF.Gather.RingCount:4                 ; medium number of samples when gathering]]
[2020.11.08-15.31.03:504][  0]LogConfig: Setting CVar [[r.DOF.Scatter.ForegroundCompositing:1    ; additive foreground scattering]]
[2020.11.08-15.31.03:504][  0]LogConfig: Setting CVar [[r.DOF.Scatter.BackgroundCompositing:2    ; additive background scattering]]
[2020.11.08-15.31.03:504][  0]LogConfig: Setting CVar [[r.DOF.Scatter.EnableBokehSettings:1      ; bokeh simulation when scattering]]
[2020.11.08-15.31.03:504][  0]LogConfig: Setting CVar [[r.DOF.Scatter.MaxSpriteRatio:0.1         ; only a maximum of 10% of scattered bokeh]]
[2020.11.08-15.31.03:504][  0]LogConfig: Setting CVar [[r.DOF.Recombine.Quality:1                ; cheap slight out of focus]]
[2020.11.08-15.31.03:504][  0]LogConfig: Setting CVar [[r.DOF.Recombine.EnableBokehSettings:0    ; no bokeh simulation on slight out of focus]]
[2020.11.08-15.31.03:504][  0]LogConfig: Setting CVar [[r.DOF.TemporalAAQuality:1                ; more stable temporal accumulation]]
[2020.11.08-15.31.03:504][  0]LogConfig: Setting CVar [[r.DOF.Kernel.MaxForegroundRadius:0.025]]
[2020.11.08-15.31.03:504][  0]LogConfig: Setting CVar [[r.DOF.Kernel.MaxBackgroundRadius:0.025]]
[2020.11.08-15.31.03:504][  0]LogConfig: Applying CVar settings from Section [TextureQuality@3] File [C:/Users/betha/Documents/GitHub/PhysicsSimulation/PhysicsSim_UE/Saved/Config/Windows/Scalability.ini]
[2020.11.08-15.31.03:504][  0]LogConfig: Setting CVar [[r.Streaming.MipBias:0]]
[2020.11.08-15.31.03:504][  0]LogConfig: Setting CVar [[r.Streaming.AmortizeCPUToGPUCopy:0]]
[2020.11.08-15.31.03:504][  0]LogConfig: Setting CVar [[r.Streaming.MaxNumTexturesToStreamPerFrame:0]]
[2020.11.08-15.31.03:504][  0]LogConfig: Setting CVar [[r.Streaming.Boost:1]]
[2020.11.08-15.31.03:504][  0]LogConfig: Setting CVar [[r.MaxAnisotropy:8]]
[2020.11.08-15.31.03:504][  0]LogConfig: Setting CVar [[r.Streaming.LimitPoolSizeToVRAM:0]]
[2020.11.08-15.31.03:504][  0]LogConfig: Setting CVar [[r.Streaming.PoolSize:1000]]
[2020.11.08-15.31.03:504][  0]LogConfig: Setting CVar [[r.Streaming.MaxEffectiveScreenSize:0]]
[2020.11.08-15.31.03:504][  0]LogConfig: Applying CVar settings from Section [EffectsQuality@3] File [C:/Users/betha/Documents/GitHub/PhysicsSimulation/PhysicsSim_UE/Saved/Config/Windows/Scalability.ini]
[2020.11.08-15.31.03:504][  0]LogConfig: Setting CVar [[r.TranslucencyLightingVolumeDim:64]]
[2020.11.08-15.31.03:505][  0]LogConfig: Setting CVar [[r.RefractionQuality:2]]
[2020.11.08-15.31.03:505][  0]LogConfig: Setting CVar [[r.SSR.Quality:3]]
[2020.11.08-15.31.03:505][  0]LogConfig: Setting CVar [[r.SceneColorFormat:4]]
[2020.11.08-15.31.03:505][  0]LogConfig: Setting CVar [[r.DetailMode:2]]
[2020.11.08-15.31.03:505][  0]LogConfig: Setting CVar [[r.TranslucencyVolumeBlur:1]]
[2020.11.08-15.31.03:505][  0]LogConfig: Setting CVar [[r.MaterialQualityLevel:1 ; High quality]]
[2020.11.08-15.31.03:505][  0]LogConfig: Setting CVar [[r.SSS.Scale:1]]
[2020.11.08-15.31.03:505][  0]LogConfig: Setting CVar [[r.SSS.SampleSet:2]]
[2020.11.08-15.31.03:505][  0]LogConfig: Setting CVar [[r.SSS.Quality:1]]
[2020.11.08-15.31.03:505][  0]LogConfig: Setting CVar [[r.SSS.HalfRes:1]]
[2020.11.08-15.31.03:505][  0]LogConfig: Setting CVar [[r.EmitterSpawnRateScale:1.0]]
[2020.11.08-15.31.03:505][  0]LogConfig: Setting CVar [[r.ParticleLightQuality:2]]
[2020.11.08-15.31.03:505][  0]LogConfig: Applying CVar settings from Section [FoliageQuality@3] File [C:/Users/betha/Documents/GitHub/PhysicsSimulation/PhysicsSim_UE/Saved/Config/Windows/Scalability.ini]
[2020.11.08-15.31.03:505][  0]LogConfig: Setting CVar [[foliage.DensityScale:1.0]]
[2020.11.08-15.31.03:505][  0]LogConfig: Setting CVar [[grass.DensityScale:1.0]]
[2020.11.08-15.31.03:505][  0]LogConfig: Applying CVar settings from Section [Startup] File [../../../Engine/Config/ConsoleVariables.ini]
[2020.11.08-15.31.03:506][  0]LogConfig: Setting CVar [[net.UseAdaptiveNetUpdateFrequency:0]]
[2020.11.08-15.31.03:506][  0]LogConfig: Applying CVar settings from Section [ConsoleVariables] File [C:/Users/betha/Documents/GitHub/PhysicsSimulation/PhysicsSim_UE/Saved/Config/Windows/Engine.ini]
[2020.11.08-15.31.03:506][  0]LogInit: Computer: KITTYJELLYSBEAS
[2020.11.08-15.31.03:506][  0]LogInit: User: bethan
[2020.11.08-15.31.03:506][  0]LogInit: CPU Page size=4096, Cores=12
[2020.11.08-15.31.03:506][  0]LogInit: High frequency timer resolution =10.000000 MHz
[2020.11.08-15.31.03:506][  0]LogMemory: Memory total: Physical=31.9GB (32GB approx)
[2020.11.08-15.31.03:506][  0]LogMemory: Platform Memory Stats for Windows
[2020.11.08-15.31.03:506][  0]LogMemory: Process Physical Memory: 105.85 MB used, 105.86 MB peak
[2020.11.08-15.31.03:506][  0]LogMemory: Process Virtual Memory: 93.18 MB used, 93.18 MB peak
[2020.11.08-15.31.03:506][  0]LogMemory: Physical Memory: 8229.27 MB used,  24477.05 MB free, 32706.32 MB total
[2020.11.08-15.31.03:506][  0]LogMemory: Virtual Memory: 4705.02 MB used,  134213024.00 MB free, 134217728.00 MB total
[2020.11.08-15.31.03:624][  0]LogInit: Using OS detected language (en-GB).
[2020.11.08-15.31.03:624][  0]LogInit: Using OS detected locale (en-GB).
[2020.11.08-15.31.03:625][  0]LogTextLocalizationManager: No specific localization for 'en-GB' exists, so the 'en' localization will be used.
[2020.11.08-15.31.03:926][  0]LogStreaming: Display: Took  0.302s to InitEngineTextLocalization.
[2020.11.08-15.31.03:926][  0]LogInit: Setting process to per monitor DPI aware
[2020.11.08-15.31.03:960][  0]LogSlate: New Slate User Created.  User Index 0, Is Virtual User: 0
[2020.11.08-15.31.03:960][  0]LogSlate: Slate User Registered.  User Index 0, Is Virtual User: 0
[2020.11.08-15.31.04:130][  0]LogHMD: Failed to initialize OpenVR with code 110
[2020.11.08-15.31.04:131][  0]LogD3D11RHI: D3D11 adapters:
[2020.11.08-15.31.04:250][  0]LogD3D11RHI:    0. 'NVIDIA GeForce RTX 2070 SUPER' (Feature Level 11_0)
[2020.11.08-15.31.04:250][  0]LogD3D11RHI:       8011/0/16353 MB DedicatedVideo/DedicatedSystem/SharedSystem, Outputs:2, VendorId:0x10de
[2020.11.08-15.31.04:272][  0]LogD3D11RHI:    1. 'Microsoft Basic Render Driver' (Feature Level 11_0)
[2020.11.08-15.31.04:272][  0]LogD3D11RHI:       0/0/16353 MB DedicatedVideo/DedicatedSystem/SharedSystem, Outputs:0, VendorId:0x1414
[2020.11.08-15.31.04:273][  0]LogD3D11RHI: Chosen D3D11 Adapter: 0
[2020.11.08-15.31.04:281][  0]LogD3D11RHI: Creating new Direct3DDevice
[2020.11.08-15.31.04:281][  0]LogD3D11RHI:     GPU DeviceId: 0x1e84 (for the marketing name, search the web for "GPU Device Id")
[2020.11.08-15.31.04:281][  0]LogWindows: EnumDisplayDevices:
[2020.11.08-15.31.04:281][  0]LogWindows:    0. 'NVIDIA GeForce RTX 2070 SUPER' (P:0 D:1)
[2020.11.08-15.31.04:282][  0]LogWindows:    1. 'NVIDIA GeForce RTX 2070 SUPER' (P:1 D:1)
[2020.11.08-15.31.04:282][  0]LogWindows:    2. 'NVIDIA GeForce RTX 2070 SUPER' (P:0 D:0)
[2020.11.08-15.31.04:282][  0]LogWindows:    3. 'NVIDIA GeForce RTX 2070 SUPER' (P:0 D:0)
[2020.11.08-15.31.04:282][  0]LogWindows: DebugString: FoundDriverCount:4 
[2020.11.08-15.31.04:282][  0]LogD3D11RHI:     Adapter Name: NVIDIA GeForce RTX 2070 SUPER
[2020.11.08-15.31.04:283][  0]LogD3D11RHI:   Driver Version: 451.48 (internal:27.21.14.5148, unified:451.48)
[2020.11.08-15.31.04:283][  0]LogD3D11RHI:      Driver Date: 6-21-2020
[2020.11.08-15.31.04:283][  0]LogRHI: Texture pool is 5607 MB (70% of 8011 MB)
[2020.11.08-15.31.04:361][  0]LogD3D11RHI: Async texture creation enabled
[2020.11.08-15.31.04:372][  0]LogD3D11RHI: GPU Timing Frequency: 1000.000000 (Debug: 2 1)
[2020.11.08-15.31.04:589][  0]LogTemp: Display: Loaded TP AllDesktopTargetPlatform
[2020.11.08-15.31.04:601][  0]LogTemp: Display: Loaded TP MacClientTargetPlatform
[2020.11.08-15.31.04:613][  0]LogTemp: Display: Loaded TP MacNoEditorTargetPlatform
[2020.11.08-15.31.04:626][  0]LogTemp: Display: Loaded TP MacServerTargetPlatform
[2020.11.08-15.31.04:638][  0]LogTemp: Display: Loaded TP MacTargetPlatform
[2020.11.08-15.31.04:650][  0]LogTemp: Display: Loaded TP WindowsClientTargetPlatform
[2020.11.08-15.31.04:662][  0]LogTemp: Display: Loaded TP WindowsNoEditorTargetPlatform
[2020.11.08-15.31.04:674][  0]LogTemp: Display: Loaded TP WindowsServerTargetPlatform
[2020.11.08-15.31.04:681][  0]LogTemp: Display: Loaded TP WindowsTargetPlatform
[2020.11.08-15.31.04:747][  0]LogTemp: Display: Loaded TP AndroidTargetPlatform
[2020.11.08-15.31.04:747][  0]LogTemp: Display: Loaded TP AndroidTargetPlatform
[2020.11.08-15.31.04:747][  0]LogTemp: Display: Loaded TP AndroidTargetPlatform
[2020.11.08-15.31.04:747][  0]LogTemp: Display: Loaded TP AndroidTargetPlatform
[2020.11.08-15.31.04:747][  0]LogTemp: Display: Loaded TP AndroidTargetPlatform
[2020.11.08-15.31.04:747][  0]LogTemp: Display: Loaded TP AndroidTargetPlatform
[2020.11.08-15.31.04:747][  0]LogTemp: Display: Loaded TP AndroidTargetPlatform
[2020.11.08-15.31.04:747][  0]LogTemp: Display: Loaded TP AndroidTargetPlatform
[2020.11.08-15.31.04:747][  0]LogTemp: Display: Loaded TP AndroidTargetPlatform
[2020.11.08-15.31.04:747][  0]LogTemp: Display: Loaded TP AndroidTargetPlatform
[2020.11.08-15.31.04:747][  0]LogTemp: Display: Loaded TP AndroidTargetPlatform
[2020.11.08-15.31.04:748][  0]LogTemp: Display: Loaded TP AndroidTargetPlatform
[2020.11.08-15.31.04:748][  0]LogTemp: Display: Loaded TP AndroidTargetPlatform
[2020.11.08-15.31.04:748][  0]LogTemp: Display: Loaded TP AndroidTargetPlatform
[2020.11.08-15.31.04:748][  0]LogTemp: Display: Loaded TP AndroidTargetPlatform
[2020.11.08-15.31.04:748][  0]LogTemp: Display: Loaded TP AndroidTargetPlatform
[2020.11.08-15.31.04:748][  0]LogTemp: Display: Loaded TP AndroidTargetPlatform
[2020.11.08-15.31.04:748][  0]LogTemp: Display: Loaded TP AndroidTargetPlatform
[2020.11.08-15.31.04:751][  0]LogTemp: Display: Loaded TP HTML5TargetPlatform
[2020.11.08-15.31.04:811][  0]LogTemp: Display: Loaded TP IOSTargetPlatform
[2020.11.08-15.31.04:811][  0]LogTemp: Display: Loaded TP IOSTargetPlatform
[2020.11.08-15.31.04:832][  0]LogTemp: Display: Loaded TP TVOSTargetPlatform
[2020.11.08-15.31.04:832][  0]LogTemp: Display: Loaded TP TVOSTargetPlatform
[2020.11.08-15.31.04:844][  0]LogTemp: Display: Loaded TP LinuxClientTargetPlatform
[2020.11.08-15.31.04:855][  0]LogTemp: Display: Loaded TP LinuxNoEditorTargetPlatform
[2020.11.08-15.31.04:866][  0]LogTemp: Display: Loaded TP LinuxServerTargetPlatform
[2020.11.08-15.31.04:878][  0]LogTemp: Display: Loaded TP LinuxTargetPlatform
[2020.11.08-15.31.04:916][  0]LogTemp: Display: Loaded TP LuminTargetPlatform
[2020.11.08-15.31.04:916][  0]LogTemp: Display: Loaded TP LuminTargetPlatform
[2020.11.08-15.31.04:916][  0]LogTargetPlatformManager: Display: Building Assets For Windows
[2020.11.08-15.31.04:988][  0]LogShaderCompilers: Guid format shader working directory is -33 characters bigger than the processId version (../../../../../../Users/betha/Documents/GitHub/PhysicsSimulation/PhysicsSim_UE/Intermediate/Shaders/WorkingDirectory/24520/).
[2020.11.08-15.31.04:988][  0]LogShaderCompilers: Cleaned the shader compiler working directory 'C:/Users/betha/AppData/Local/Temp/UnrealShaderWorkingDir/7BFAC52944AEDFF2BEEDB093B6141FA2/'.
[2020.11.08-15.31.04:990][  0]LogXGEController: Cannot use XGE Controller as Incredibuild is not installed on this machine.
[2020.11.08-15.31.04:990][  0]LogShaderCompilers: Cannot use XGE Shader Compiler as Incredibuild is not installed on this machine.
[2020.11.08-15.31.04:990][  0]LogShaderCompilers: Display: Using Local Shader Compiler.
[2020.11.08-15.31.05:409][  0]LogDerivedDataCache: Display: Max Cache Size: 512 MB
[2020.11.08-15.31.05:443][  0]LogDerivedDataCache: Loaded boot cache 0.03s 73MB C:/Users/betha/AppData/Local/UnrealEngine/4.21/DerivedDataCache/Boot.ddc.
[2020.11.08-15.31.05:443][  0]LogDerivedDataCache: Display: Loaded Boot cache: C:/Users/betha/AppData/Local/UnrealEngine/4.21/DerivedDataCache/Boot.ddc
[2020.11.08-15.31.05:443][  0]LogDerivedDataCache: FDerivedDataBackendGraph:  Pak pak cache file ../../../../../../Users/betha/Documents/GitHub/PhysicsSimulation/PhysicsSim_UE/DerivedDataCache/DDC.ddp not found, will not use a pak cache.
[2020.11.08-15.31.05:443][  0]LogDerivedDataCache: Unable to find inner node Pak for hierarchical cache Hierarchy.
[2020.11.08-15.31.05:443][  0]LogDerivedDataCache: FDerivedDataBackendGraph:  CompressedPak pak cache file ../../../../../../Users/betha/Documents/GitHub/PhysicsSimulation/PhysicsSim_UE/DerivedDataCache/Compressed.ddp not found, will not use a pak cache.
[2020.11.08-15.31.05:443][  0]LogDerivedDataCache: Unable to find inner node CompressedPak for hierarchical cache Hierarchy.
[2020.11.08-15.31.05:459][  0]LogDerivedDataCache: Display: Pak cache opened for reading ../../../Engine/DerivedDataCache/Compressed.ddp.
[2020.11.08-15.31.05:459][  0]LogDerivedDataCache: FDerivedDataBackendGraph:  EnterprisePak pak cache file ../../../Enterprise/DerivedDataCache/Compressed.ddp not found, will not use a pak cache.
[2020.11.08-15.31.05:459][  0]LogDerivedDataCache: Unable to find inner node EnterprisePak for hierarchical cache Hierarchy.
[2020.11.08-15.31.05:472][  0]LogDerivedDataCache: Using Local data cache path C:/Users/betha/AppData/Local/UnrealEngine/Common/DerivedDataCache: Writable
[2020.11.08-15.31.05:472][  0]LogDerivedDataCache: Shared data cache path not found in *engine.ini, will not use an Shared cache.
[2020.11.08-15.31.05:472][  0]LogDerivedDataCache: Unable to find inner node Shared for hierarchical cache Hierarchy.
[2020.11.08-15.31.05:491][  0]LogMaterial: Verifying Global Shaders for PCD3D_SM5
[2020.11.08-15.31.05:493][  0]LogSlate: Using FreeType 2.6.0
[2020.11.08-15.31.05:493][  0]LogSlate: SlateFontServices - WITH_FREETYPE: 1, WITH_HARFBUZZ: 1
[2020.11.08-15.31.05:570][  0]LogAssetRegistry: FAssetRegistry took 0.0327 seconds to start up
[2020.11.08-15.31.05:837][  0]LogInit: Selected Device Profile: [Windows]
[2020.11.08-15.31.05:959][  0]LogSimplygon: Simplygon DLL not present - disabling.
[2020.11.08-15.31.05:963][  0]LogMeshReduction: Using SimplygonSwarm for distributed automatic mesh merging
[2020.11.08-15.31.05:963][  0]LogMeshReduction: Using ProxyLODMeshReduction for automatic mesh merging
[2020.11.08-15.31.05:964][  0]LogMeshReduction: Using QuadricMeshReduction for automatic static mesh reduction
[2020.11.08-15.31.05:964][  0]LogMeshReduction: No automatic skeletal mesh reduction module available
[2020.11.08-15.31.05:974][  0]LogNetVersion: PhysicsSim_UE 1.0.0, NetCL: 4541578, EngineNetVer: 5, GameNetVer: 0 (Checksum: 1207201185)
[2020.11.08-15.31.06:326][  0]LogPackageLocalizationCache: Processed 11 localized package path(s) for 2 prioritized culture(s) in 0.050650 seconds
[2020.11.08-15.31.06:331][  0]LogUObjectArray: 39775 objects as part of root set at end of initial load.
[2020.11.08-15.31.06:331][  0]LogUObjectAllocator: 6914656 out of 0 bytes used by permanent object pool.
[2020.11.08-15.31.06:331][  0]LogUObjectArray: CloseDisregardForGC: 0/0 objects in disregard for GC pool
[2020.11.08-15.31.07:060][  0]LogTcpMessaging: Initializing TcpMessaging bridge
[2020.11.08-15.31.07:075][  0]LogUdpMessaging: Initializing bridge on interface 0.0.0.0:0 to multicast group 230.0.0.1:6666.
[2020.11.08-15.31.07:647][  0]SourceControl: Source control is disabled
[2020.11.08-15.31.07:647][  0]SourceControl: Source control is disabled
[2020.11.08-15.31.07:650][  0]SourceControl: Source control is disabled
[2020.11.08-15.31.07:652][  0]SourceControl: Source control is disabled
[2020.11.08-15.31.07:864][  0]LogAndroidPermission: UAndroidPermissionCallbackProxy::GetInstance
[2020.11.08-15.31.07:981][  0]LogOcInput: OculusInput pre-init called
[2020.11.08-15.31.08:116][  0]LogEngine: Initializing Engine...
[2020.11.08-15.31.08:117][  0]LogHMD: Failed to initialize OpenVR with code 110
[2020.11.08-15.31.08:118][  0]LogStats: UGameplayTagsManager::ConstructGameplayTagTree: ImportINI prefixes -  0.000 s
[2020.11.08-15.31.08:118][  0]LogStats: UGameplayTagsManager::ConstructGameplayTagTree: Construct from data asset -  0.000 s
[2020.11.08-15.31.08:118][  0]LogStats: UGameplayTagsManager::ConstructGameplayTagTree: ImportINI -  0.000 s
[2020.11.08-15.31.08:118][  0]LogStats: UGameplayTagsManager::ConstructGameplayTagTree: GameplayTagTreeChangedEvent.Broadcast -  0.000 s
[2020.11.08-15.31.08:284][  0]LogInit: Initializing FReadOnlyCVARCache
[2020.11.08-15.31.08:296][  0]LogAIModule: Creating AISystem for world Untitled
[2020.11.08-15.31.08:312][  0]LogInit: XAudio2 using 'Speakers (Realtek(R) Audio)' : 2 channels at 48 kHz using 32 bits per sample (channel mask 0x3)
[2020.11.08-15.31.08:327][  0]LogInit: FAudioDevice initialized.
[2020.11.08-15.31.08:327][  0]LogNetVersion: Set ProjectVersion to 1.0.0.0. Version Checksum will be recalculated on next use.
[2020.11.08-15.31.08:420][  0]LogDerivedDataCache: Saved boot cache 0.09s 71MB C:/Users/betha/AppData/Local/UnrealEngine/4.21/DerivedDataCache/Boot.ddc.
[2020.11.08-15.31.08:421][  0]LogInit: Texture streaming: Enabled
[2020.11.08-15.31.08:440][  0]LogEngineSessionManager: EngineSessionManager initialized
[2020.11.08-15.31.08:447][  0]LogInit: Transaction tracking system initialized
[2020.11.08-15.31.08:471][  0]BlueprintLog: New page: Editor Load
[2020.11.08-15.31.08:551][  0]LocalizationService: Localization service is disabled
[2020.11.08-15.31.08:895][  0]LogFileCache: Scanning file cache for directory 'C:/Users/betha/Documents/GitHub/PhysicsSimulation/PhysicsSim_UE/Content/' took 0.01s
[2020.11.08-15.31.08:895][  0]LogCook: Display: Max memory allowance for cook 16384mb min free memory 0mb
[2020.11.08-15.31.08:895][  0]LogCook: Display: Mobile HDR setting 1
[2020.11.08-15.31.08:895][  0]LogGameplayTags: Display: UGameplayTagsManager::DoneAddingNativeTags. DelegateIsBound: 0
[2020.11.08-15.31.08:895][  0]LogStats: UGameplayTagsManager::ConstructGameplayTagTree: ImportINI prefixes -  0.000 s
[2020.11.08-15.31.08:895][  0]LogStats: UGameplayTagsManager::ConstructGameplayTagTree: Construct from data asset -  0.000 s
[2020.11.08-15.31.08:896][  0]LogStats: UGameplayTagsManager::ConstructGameplayTagTree: ImportINI -  0.000 s
[2020.11.08-15.31.08:896][  0]LogStats: UGameplayTagsManager::ConstructGameplayTagTree: GameplayTagTreeChangedEvent.Broadcast -  0.000 s
[2020.11.08-15.31.09:034][  0]SourceControl: Source control is disabled
[2020.11.08-15.31.09:120][  0]LogSlate: Took 0.000195 seconds to synchronously load lazily loaded font '../../../Engine/Content/Slate/Fonts/Roboto-Regular.ttf' (155K)
[2020.11.08-15.31.20:498][  0]LogSlate: Window 'Restore Packages' being destroyed
[2020.11.08-15.31.20:499][  0]LogWindowsTextInputMethodSystem: Display: IME system now deactivated.
[2020.11.08-15.31.20:501][  0]LogWindowsTextInputMethodSystem: Display: IME system now deactivated.
[2020.11.08-15.31.20:507][  0]Cmd: MAP LOAD FILE="../../../../../../Users/betha/Documents/GitHub/PhysicsSimulation/PhysicsSim_UE/Content/StarterContent/Maps/Minimal_Default.umap" TEMPLATE=0 SHOWPROGRESS=1 FEATURELEVEL=3
[2020.11.08-15.31.20:507][  0]LightingResults: New page: Lighting Build
[2020.11.08-15.31.20:515][  0]MapCheck: New page: Map Check
[2020.11.08-15.31.20:515][  0]LightingResults: New page: Lighting Build
[2020.11.08-15.31.20:752][  0]LogAIModule: Creating AISystem for world Minimal_Default
[2020.11.08-15.31.20:759][  0]LogEditorServer: Finished looking for orphan Actors (0.000 secs)
[2020.11.08-15.31.20:786][  0]Cmd: MAP CHECKDEP NOCLEARLOG
[2020.11.08-15.31.20:786][  0]MapCheck: Map check complete: 0 Error(s), 0 Warning(s), took 0.206ms to complete.
[2020.11.08-15.31.20:786][  0]LogFileHelpers: Loading map 'Minimal_Default' took 0.280
[2020.11.08-15.31.20:846][  0]LogSlate: Updating window title bar state: overlay mode, drag disabled, window buttons hidden, title bar hidden
[2020.11.08-15.31.20:852][  0]LogSlate: Updating window title bar state: overlay mode, drag disabled, window buttons hidden, title bar hidden
[2020.11.08-15.31.20:858][  0]LogSlate: Updating window title bar state: overlay mode, drag disabled, window buttons hidden, title bar hidden
[2020.11.08-15.31.20:863][  0]LogSlate: Updating window title bar state: overlay mode, drag disabled, window buttons hidden, title bar hidden
[2020.11.08-15.31.20:870][  0]LogCollectionManager: Loaded 0 collections in 0.001229 seconds
[2020.11.08-15.31.20:910][  0]LogFileCache: Scanning file cache for directory 'C:/Users/betha/Documents/GitHub/PhysicsSimulation/PhysicsSim_UE/Saved/Collections/' took 0.01s
[2020.11.08-15.31.20:910][  0]LogFileCache: Scanning file cache for directory 'C:/Users/betha/Documents/GitHub/PhysicsSimulation/PhysicsSim_UE/Content/Developers/bethan/Collections/' took 0.01s
[2020.11.08-15.31.20:910][  0]LogFileCache: Scanning file cache for directory 'C:/Users/betha/Documents/GitHub/PhysicsSimulation/PhysicsSim_UE/Content/Collections/' took 0.01s
[2020.11.08-15.31.20:910][  0]LogCollectionManager: Rebuilt the GUID cache for 0 collections in 0.000000 seconds
[2020.11.08-15.31.20:918][  0]LogContentBrowser: Native class hierarchy populated in 0.0079 seconds. Added 2654 classes and 622 folders.
[2020.11.08-15.31.20:923][  0]LogContentBrowser: Native class hierarchy updated for 'WidgetCarousel' in 0.0003 seconds. Added 0 classes and 0 folders.
[2020.11.08-15.31.20:924][  0]LogPakFile: Registered encryption key '00000000000000000000000000000000': 0 pak files mounted, 0 remain pending
[2020.11.08-15.31.20:925][  0]LogPakFile: Registered encryption key '00000000000000000000000000000000': 0 pak files mounted, 0 remain pending
[2020.11.08-15.31.20:925][  0]LogPakFile: Registered encryption key '00000000000000000000000000000000': 0 pak files mounted, 0 remain pending
[2020.11.08-15.31.20:926][  0]LogPakFile: Registered encryption key '00000000000000000000000000000000': 0 pak files mounted, 0 remain pending
[2020.11.08-15.31.20:926][  0]LogPakFile: Registered encryption key '00000000000000000000000000000000': 0 pak files mounted, 0 remain pending
[2020.11.08-15.31.20:927][  0]LogPakFile: Registered encryption key '00000000000000000000000000000000': 0 pak files mounted, 0 remain pending
[2020.11.08-15.31.20:927][  0]LogPakFile: Registered encryption key '00000000000000000000000000000000': 0 pak files mounted, 0 remain pending
[2020.11.08-15.31.20:928][  0]LogPakFile: Registered encryption key '00000000000000000000000000000000': 0 pak files mounted, 0 remain pending
[2020.11.08-15.31.20:928][  0]LogPakFile: Registered encryption key '00000000000000000000000000000000': 0 pak files mounted, 0 remain pending
[2020.11.08-15.31.20:929][  0]LogPakFile: Registered encryption key '00000000000000000000000000000000': 0 pak files mounted, 0 remain pending
[2020.11.08-15.31.20:929][  0]LogPakFile: Registered encryption key '00000000000000000000000000000000': 0 pak files mounted, 0 remain pending
[2020.11.08-15.31.20:930][  0]LogPakFile: Registered encryption key '00000000000000000000000000000000': 0 pak files mounted, 0 remain pending
[2020.11.08-15.31.20:930][  0]LogPakFile: Registered encryption key '00000000000000000000000000000000': 0 pak files mounted, 0 remain pending
[2020.11.08-15.31.20:931][  0]LogPakFile: Registered encryption key '00000000000000000000000000000000': 0 pak files mounted, 0 remain pending
[2020.11.08-15.31.20:931][  0]LogPakFile: Registered encryption key '00000000000000000000000000000000': 0 pak files mounted, 0 remain pending
[2020.11.08-15.31.20:932][  0]LogPakFile: Registered encryption key '00000000000000000000000000000000': 0 pak files mounted, 0 remain pending
[2020.11.08-15.31.20:932][  0]LogPakFile: Registered encryption key '00000000000000000000000000000000': 0 pak files mounted, 0 remain pending
[2020.11.08-15.31.20:932][  0]LogPakFile: Registered encryption key '00000000000000000000000000000000': 0 pak files mounted, 0 remain pending
[2020.11.08-15.31.20:933][  0]LogPakFile: Registered encryption key '00000000000000000000000000000000': 0 pak files mounted, 0 remain pending
[2020.11.08-15.31.20:933][  0]LogPakFile: Registered encryption key '00000000000000000000000000000000': 0 pak files mounted, 0 remain pending
[2020.11.08-15.31.20:934][  0]LogPakFile: Registered encryption key '00000000000000000000000000000000': 0 pak files mounted, 0 remain pending
[2020.11.08-15.31.20:934][  0]LogPakFile: Registered encryption key '00000000000000000000000000000000': 0 pak files mounted, 0 remain pending
[2020.11.08-15.31.20:935][  0]LogPakFile: Registered encryption key '00000000000000000000000000000000': 0 pak files mounted, 0 remain pending
[2020.11.08-15.31.20:935][  0]LogPakFile: Registered encryption key '00000000000000000000000000000000': 0 pak files mounted, 0 remain pending
[2020.11.08-15.31.20:936][  0]LogPakFile: Registered encryption key '00000000000000000000000000000000': 0 pak files mounted, 0 remain pending
[2020.11.08-15.31.20:936][  0]LogPakFile: Registered encryption key '00000000000000000000000000000000': 0 pak files mounted, 0 remain pending
[2020.11.08-15.31.20:966][  0]LogContentBrowser: Native class hierarchy updated for 'AddContentDialog' in 0.0003 seconds. Added 0 classes and 0 folders.
[2020.11.08-15.31.20:972][  0]LogContentBrowser: Native class hierarchy updated for 'SceneOutliner' in 0.0004 seconds. Added 1 classes and 2 folders.
[2020.11.08-15.31.20:984][  0]LogSlate: Took 0.000171 seconds to synchronously load lazily loaded font '../../../Engine/Content/Slate/Fonts/Roboto-Bold.ttf' (160K)
[2020.11.08-15.31.20:988][  0]LogSlate: Took 0.000145 seconds to synchronously load lazily loaded font '../../../Engine/Content/Editor/Slate/Fonts/FontAwesome.ttf' (139K)
[2020.11.08-15.31.21:027][  0]LogRenderer: Reallocating scene render targets to support 1684x812 Format 10 NumSamples 1 (Frame:1).
[2020.11.08-15.31.21:104][  0]LogContentBrowser: Native class hierarchy updated for 'HierarchicalLODOutliner' in 0.0003 seconds. Added 0 classes and 0 folders.
[2020.11.08-15.31.21:105][  0]LogLoad: (Engine Initialization) Total time: 19.97 seconds
[2020.11.08-15.31.21:105][  0]LogLoad: (Engine Initialization) Total Blueprint compile time: 0.00 seconds
[2020.11.08-15.31.21:166][  0]LogContentStreaming: Texture pool size now 1000 MB
[2020.11.08-15.31.21:208][  1]LogAssetRegistry: Asset discovery search completed in 15.6612 seconds
[2020.11.08-15.31.21:210][  1]LogCollectionManager: Rebuilt the object cache for 0 collections in 0.000000 seconds (found 0 objects)
[2020.11.08-15.31.21:210][  1]LogCollectionManager: Fixed up redirectors for 0 collections in 0.000092 seconds (updated 0 objects)
[2020.11.08-15.31.24:907][443]LogEditorViewport: Clicking on Actor (LMB): StaticMeshActor (Chair)
[2020.11.08-15.31.26:239][595]Cmd: DELETE
[2020.11.08-15.31.26:239][595]Cmd: ACTOR DELETE
[2020.11.08-15.31.26:242][595]LogEditorActor: Deleted Actor: StaticMeshActor
[2020.11.08-15.31.26:284][595]LogEditorActor: Deleted 1 Actors (0.045 secs)
[2020.11.08-15.31.26:829][660]LogEditorViewport: Clicking on Actor (LMB): StaticMeshActor (Table)
[2020.11.08-15.31.27:125][690]Cmd: DELETE
[2020.11.08-15.31.27:126][690]Cmd: ACTOR DELETE
[2020.11.08-15.31.27:127][690]LogEditorActor: Deleted Actor: StaticMeshActor
[2020.11.08-15.31.27:151][690]LogEditorActor: Deleted 1 Actors (0.025 secs)
[2020.11.08-15.31.27:921][782]LogEditorViewport: Clicking on Actor (LMB): BP_Sky_Sphere_C (BP_Sky_Sphere)
[2020.11.08-15.31.28:037][792]Cmd: DELETE
[2020.11.08-15.31.28:037][792]Cmd: ACTOR DELETE
[2020.11.08-15.31.28:039][792]LogEditorActor: Deleted Actor: BP_Sky_Sphere_C
[2020.11.08-15.31.28:063][792]LogEditorActor: Deleted 1 Actors (0.026 secs)
[2020.11.08-15.31.29:825][  3]Cmd: TRANSACTION UNDO
[2020.11.08-15.31.29:825][  3]LogEditorTransaction: Undo Delete Actors
[2020.11.08-15.31.29:835][  3]LogSlate: Took 0.000214 seconds to synchronously load lazily loaded font '../../../Engine/Content/Slate/Fonts/Roboto-Light.ttf' (167K)
[2020.11.08-15.31.30:844][120]LogEditorViewport: Clicking on Actor (LMB): StaticMeshActor (Statue)
[2020.11.08-15.31.31:931][244]Cmd: DELETE
[2020.11.08-15.31.31:931][244]Cmd: ACTOR DELETE
[2020.11.08-15.31.31:932][244]LogEditorActor: Deleted Actor: StaticMeshActor
[2020.11.08-15.31.31:957][244]LogEditorActor: Deleted 1 Actors (0.026 secs)
[2020.11.08-15.31.32:902][357]LogEditorViewport: Clicking on Actor (LMB): StaticMeshActor (Chair)
[2020.11.08-15.31.33:078][373]Cmd: DELETE
[2020.11.08-15.31.33:078][373]Cmd: ACTOR DELETE
[2020.11.08-15.31.33:080][373]LogEditorActor: Deleted Actor: StaticMeshActor
[2020.11.08-15.31.33:104][373]LogEditorActor: Deleted 1 Actors (0.026 secs)
[2020.11.08-15.31.34:037][483]LogEditorViewport: Clicking on Actor (LMB): StaticMeshActor (Floor)
[2020.11.08-15.31.34:748][563]Cmd: DELETE
[2020.11.08-15.31.34:748][563]Cmd: ACTOR DELETE
[2020.11.08-15.31.34:750][563]LogEditorActor: Deleted Actor: StaticMeshActor
[2020.11.08-15.31.34:774][563]LogEditorActor: Deleted 1 Actors (0.025 secs)
[2020.11.08-15.31.36:698][793]LogEditorViewport: Clicking on Actor (LMB): AmbientSound (Starter_Background_Cue)
[2020.11.08-15.31.36:860][807]Cmd: DELETE
[2020.11.08-15.31.36:861][807]Cmd: ACTOR DELETE
[2020.11.08-15.31.36:862][807]LogEditorActor: Deleted Actor: AmbientSound
[2020.11.08-15.31.36:886][807]LogEditorActor: Deleted 1 Actors (0.025 secs)
[2020.11.08-15.31.37:551][887]LogEditorViewport: Clicking on Actor (LMB): SphereReflectionCapture (SphereReflectionCapture)
[2020.11.08-15.31.37:685][899]Cmd: DELETE
[2020.11.08-15.31.37:686][899]Cmd: ACTOR DELETE
[2020.11.08-15.31.37:687][899]LogEditorActor: Deleted Actor: SphereReflectionCapture
[2020.11.08-15.31.37:712][899]LogEditorActor: Deleted 1 Actors (0.026 secs)
[2020.11.08-15.31.38:474][990]LogEditorViewport: Clicking on Actor (LMB): SphereReflectionCapture (SphereReflectionCapture10)
[2020.11.08-15.31.38:607][  2]Cmd: DELETE
[2020.11.08-15.31.38:607][  2]Cmd: ACTOR DELETE
[2020.11.08-15.31.38:609][  2]LogEditorActor: Deleted Actor: SphereReflectionCapture
[2020.11.08-15.31.38:632][  2]LogEditorActor: Deleted 1 Actors (0.025 secs)
[2020.11.08-15.31.40:497][226]LogEditorViewport: Clicking on Actor (LMB): PlayerStart (Player Start)
[2020.11.08-15.31.40:625][238]Cmd: DELETE
[2020.11.08-15.31.40:625][238]Cmd: ACTOR DELETE
[2020.11.08-15.31.40:626][238]LogEditorActor: Deleted Actor: PlayerStart
[2020.11.08-15.31.40:650][238]LogEditorActor: Deleted 1 Actors (0.025 secs)
[2020.11.08-15.31.41:973][397]LogEditorViewport: Clicking on Actor (LMB): BP_Sky_Sphere_C (BP_Sky_Sphere)
[2020.11.08-15.31.42:604][469]LogEditorViewport: Clicking on Actor (LMB): AtmosphericFog (Atmospheric Fog)
[2020.11.08-15.31.43:669][593]Cmd: DELETE
[2020.11.08-15.31.43:669][593]Cmd: ACTOR DELETE
[2020.11.08-15.31.43:671][593]LogEditorActor: Deleted Actor: AtmosphericFog
[2020.11.08-15.31.43:695][593]LogEditorActor: Deleted 1 Actors (0.026 secs)
[2020.11.08-15.31.47:870][ 92]LogEditorViewport: Clicking on Actor (LMB): StaticMeshActor (Floor)
[2020.11.08-15.31.58:839][399]LogSlate: FSceneViewport::OnFocusLost() reason 0
[2020.11.08-15.31.59:035][408]LogSavePackage: Moving '../../../../../../Users/betha/Documents/GitHub/PhysicsSimulation/PhysicsSim_UE/Saved/Minimal_Default4718BE0E4B0BA502B61DEDA58DCCCBF5.tmp' to '../../../../../../Users/betha/Documents/GitHub/PhysicsSimulation/PhysicsSim_UE/Content/StarterContent/Maps/Minimal_Default.umap'
[2020.11.08-15.31.59:078][408]LogSavePackage: Moving '../../../../../../Users/betha/Documents/GitHub/PhysicsSimulation/PhysicsSim_UE/Saved/Minimal_Default_BuiltDataC9ED4AED4D5438BB767EF883B29CA7CC.tmp' to '../../../../../../Users/betha/Documents/GitHub/PhysicsSimulation/PhysicsSim_UE/Content/StarterContent/Maps/Minimal_Default_BuiltData.uasset'
[2020.11.08-15.31.59:078][408]LogFileManager: Warning: DeleteFile was unable to delete '../../../../../../Users/betha/Documents/GitHub/PhysicsSimulation/PhysicsSim_UE/Content/StarterContent/Maps/Minimal_Default_BuiltData.uasset', retrying in .5s...
[2020.11.08-15.31.59:579][408]LogFileManager: Error: Error deleting file '../../../../../../Users/betha/Documents/GitHub/PhysicsSimulation/PhysicsSim_UE/Content/StarterContent/Maps/Minimal_Default_BuiltData.uasset'.
[2020.11.08-15.31.59:579][408]LogSavePackage: Error: Error saving '../../../../../../Users/betha/Documents/GitHub/PhysicsSimulation/PhysicsSim_UE/Content/StarterContent/Maps/Minimal_Default_BuiltData.uasset'
[2020.11.08-15.32.09:440][408]LogSlate: Window 'Message' being destroyed
[2020.11.08-15.32.09:443][408]EditorErrors: New page: Save Output
[2020.11.08-15.32.09:443][408]EditorErrors: Warning: Error saving '../../../../../../Users/betha/Documents/GitHub/PhysicsSimulation/PhysicsSim_UE/Content/StarterContent/Maps/Minimal_Default_BuiltData.uasset'
[2020.11.08-15.32.11:119][572]LogSlate: Window 'Message Log' being destroyed
[2020.11.08-15.32.11:122][572]LogSlate: Window 'Message Log' being destroyed
[2020.11.08-15.32.16:279][191]LogEditorViewport: Clicking on Actor (LMB): BP_Sky_Sphere_C (BP_Sky_Sphere)
[2020.11.08-15.32.18:091][404]LogSlate: FSceneViewport::OnFocusLost() reason 2
[2020.11.08-15.32.20:492][691]LogSlate: FSceneViewport::OnFocusLost() reason 0
[2020.11.08-15.32.22:405][914]LogEditor: Attempting to add actor of class 'NewtonBall' to level at 410.00,540.00,-40.00
[2020.11.08-15.32.22:406][914]LogActor: Warning: NewtonBall /Game/StarterContent/Maps/Minimal_Default.Minimal_Default:PersistentLevel.NewtonBall_0 has natively added scene component(s), but none of them were set as the actor's RootComponent - picking one arbitrarily
[2020.11.08-15.32.23:210][  8]LogEditor: Attempting to add actor of class 'NewtonBall' to level at 310.00,260.00,30.00
[2020.11.08-15.32.23:210][  8]LogActor: Warning: NewtonBall /Game/StarterContent/Maps/Minimal_Default.Minimal_Default:PersistentLevel.NewtonBall_1 has natively added scene component(s), but none of them were set as the actor's RootComponent - picking one arbitrarily
[2020.11.08-15.32.24:909][209]LogSlate: Took 0.001019 seconds to synchronously load lazily loaded font '../../../Engine/Content/Slate/Fonts/Roboto-Italic.ttf' (157K)
[2020.11.08-15.32.26:791][434]LogSlate: FSceneViewport::OnFocusLost() reason 0
[2020.11.08-15.32.58:768][241]LogSlate: FSceneViewport::OnFocusLost() reason 0
[2020.11.08-15.32.59:000][256]LogSavePackage: Moving '../../../../../../Users/betha/Documents/GitHub/PhysicsSimulation/PhysicsSim_UE/Saved/Minimal_Default931925A0405B2BDC7FD70494621E5D07.tmp' to '../../../../../../Users/betha/Documents/GitHub/PhysicsSimulation/PhysicsSim_UE/Content/StarterContent/Maps/Minimal_Default.umap'
[2020.11.08-15.32.59:031][256]LogSavePackage: Moving '../../../../../../Users/betha/Documents/GitHub/PhysicsSimulation/PhysicsSim_UE/Saved/Minimal_Default_BuiltData20FFF8694F3F63BEBA60F6BD8139E02C.tmp' to '../../../../../../Users/betha/Documents/GitHub/PhysicsSimulation/PhysicsSim_UE/Content/StarterContent/Maps/Minimal_Default_BuiltData.uasset'
[2020.11.08-15.32.59:031][256]LogFileManager: Warning: DeleteFile was unable to delete '../../../../../../Users/betha/Documents/GitHub/PhysicsSimulation/PhysicsSim_UE/Content/StarterContent/Maps/Minimal_Default_BuiltData.uasset', retrying in .5s...
[2020.11.08-15.32.59:532][256]LogFileManager: Error: Error deleting file '../../../../../../Users/betha/Documents/GitHub/PhysicsSimulation/PhysicsSim_UE/Content/StarterContent/Maps/Minimal_Default_BuiltData.uasset'.
[2020.11.08-15.32.59:532][256]LogSavePackage: Error: Error saving '../../../../../../Users/betha/Documents/GitHub/PhysicsSimulation/PhysicsSim_UE/Content/StarterContent/Maps/Minimal_Default_BuiltData.uasset'
[2020.11.08-15.33.01:899][256]LogSlate: Window 'Message' being destroyed
[2020.11.08-15.33.01:903][256]EditorErrors: New page: Save Output
[2020.11.08-15.33.01:903][256]EditorErrors: Warning: Error saving '../../../../../../Users/betha/Documents/GitHub/PhysicsSimulation/PhysicsSim_UE/Content/StarterContent/Maps/Minimal_Default_BuiltData.uasset'
[2020.11.08-15.33.03:394][417]LogSlate: Window 'Message Log' being destroyed
[2020.11.08-15.33.03:398][417]LogSlate: Window 'Message Log' being destroyed
[2020.11.08-15.33.04:609][561]Candidate modules for hot reload:
[2020.11.08-15.33.04:609][561]  PhysicsSim_UE
[2020.11.08-15.33.04:609][561]Launching UnrealBuildTool... [C:/Program Files/Epic Games/UE_4.21/Engine/Binaries/DotNET/UnrealBuildTool.exe  -ModuleWithSuffix=PhysicsSim_UE,3429 Win64 Development -TargetType=Editor -Project="../../../../../../Users/betha/Documents/GitHub/PhysicsSimulation/PhysicsSim_UE/PhysicsSim_UE.uproject" -canskiplink "C:/Users/betha/Documents/GitHub/PhysicsSimulation/PhysicsSim_UE/PhysicsSim_UE.uproject" ]
[2020.11.08-15.33.04:611][561]Warning: Starting HotReload took  0.0s.
[2020.11.08-15.33.09:509][148]CompilerResultsLog: New page: Compilation - 8 Nov 2020 15:33:09
[2020.11.08-15.33.09:510][148]CompilerResultsLog: Using 'git status' to determine working set for adaptive non-unity build (C:\Users\betha\Documents\GitHub\PhysicsSimulation).
[2020.11.08-15.33.09:510][148]CompilerResultsLog: Creating makefile for hot reloading PhysicsSim_UEEditor (modules to compile have changed)
[2020.11.08-15.33.09:510][148]CompilerResultsLog: Compiling game modules for hot reload
[2020.11.08-15.33.09:510][148]CompilerResultsLog: Using Visual Studio 2017 14.27.29110 toolchain (C:\Program Files (x86)\Microsoft Visual Studio\2019\Community\VC\Tools\MSVC\14.27.29110) and Windows 10.0.18362.0 SDK (C:\Program Files (x86)\Windows Kits\10).
[2020.11.08-15.33.09:510][148]CompilerResultsLog: Target is up to date
[2020.11.08-15.33.09:510][148]CompilerResultsLog: Total build time: 4.71 seconds (NoActionsToExecute executor: 0.00 seconds)
[2020.11.08-15.33.09:510][148]LogMainFrame: MainFrame: Module compiling took 4.904 seconds
[2020.11.08-15.33.09:544][148]LogContentBrowser: Native class hierarchy populated in 0.0075 seconds. Added 2655 classes and 624 folders.
[2020.11.08-15.33.09:544][148]Display: HotReload took  4.9s.
[2020.11.08-15.34.38:766][731]LogTemp: Repeating last play command: Selected Viewport
[2020.11.08-15.34.38:773][731]LogBlueprintUserMessages: Early PlayInEditor Detection: Level '/Game/StarterContent/Maps/Minimal_Default.Minimal_Default:PersistentLevel' has LevelScriptBlueprint '/Game/StarterContent/Maps/Minimal_Default.Minimal_Default:PersistentLevel.Minimal_Default' with GeneratedClass '/Game/StarterContent/Maps/Minimal_Default.Minimal_Default_C' with ClassGeneratedBy '/Game/StarterContent/Maps/Minimal_Default.Minimal_Default:PersistentLevel.Minimal_Default'
[2020.11.08-15.34.38:774][731]LogPlayLevel: PlayLevel: No blueprints needed recompiling
[2020.11.08-15.34.38:774][731]PIE: New page: PIE session: Minimal_Default (8 Nov 2020 15:34:38)
[2020.11.08-15.34.38:788][731]LogPlayLevel: Creating play world package: /Game/StarterContent/Maps/UEDPIE_0_Minimal_Default
[2020.11.08-15.34.38:790][731]LogPlayLevel: PIE: StaticDuplicateObject took: (0.001875s)
[2020.11.08-15.34.38:790][731]LogAIModule: Creating AISystem for world Minimal_Default
[2020.11.08-15.34.38:791][731]LogPlayLevel: PIE: World Init took: (0.000554s)
[2020.11.08-15.34.38:791][731]LogPlayLevel: PIE: Created PIE world by copying editor world from /Game/StarterContent/Maps/Minimal_Default.Minimal_Default to /Game/StarterContent/Maps/UEDPIE_0_Minimal_Default.Minimal_Default (0.002936s)
[2020.11.08-15.34.38:826][731]LogInit: XAudio2 using 'Speakers (Realtek(R) Audio)' : 2 channels at 48 kHz using 32 bits per sample (channel mask 0x3)
[2020.11.08-15.34.38:831][731]LogInit: FAudioDevice initialized.
[2020.11.08-15.34.38:875][731]LogUObjectGlobals: Warning: Failed to find object 'Class /Script/PhysicsSim_UE.PhysicsSim_UEGameMode'
[2020.11.08-15.34.38:875][731]LogLoad: Game class is 'GameModeBase'
[2020.11.08-15.34.38:876][731]LogWorld: Bringing World /Game/StarterContent/Maps/UEDPIE_0_Minimal_Default.Minimal_Default up for play (max tick rate 0) at 2020.11.08-15.34.38
[2020.11.08-15.34.38:876][731]LogWorld: Bringing up level for play took: 0.000679
[2020.11.08-15.34.38:908][731]LogContentBrowser: Native class hierarchy updated for 'MovieSceneCapture' in 0.0004 seconds. Added 20 classes and 0 folders.
[2020.11.08-15.34.38:909][731]PIE: Play in editor start time for /Game/StarterContent/Maps/UEDPIE_0_Minimal_Default -0.546
[2020.11.08-15.34.38:909][731]LogBlueprintUserMessages: Late PlayInEditor Detection: Level '/Game/StarterContent/Maps/Minimal_Default.Minimal_Default:PersistentLevel' has LevelScriptBlueprint '/Game/StarterContent/Maps/Minimal_Default.Minimal_Default:PersistentLevel.Minimal_Default' with GeneratedClass '/Game/StarterContent/Maps/Minimal_Default.Minimal_Default_C' with ClassGeneratedBy '/Game/StarterContent/Maps/Minimal_Default.Minimal_Default:PersistentLevel.Minimal_Default'
[2020.11.08-15.34.44:273][373]LogBlueprintUserMessages: Early EndPlayMap Detection: Level '/Game/StarterContent/Maps/Minimal_Default.Minimal_Default:PersistentLevel' has LevelScriptBlueprint '/Game/StarterContent/Maps/Minimal_Default.Minimal_Default:PersistentLevel.Minimal_Default' with GeneratedClass '/Game/StarterContent/Maps/Minimal_Default.Minimal_Default_C' with ClassGeneratedBy '/Game/StarterContent/Maps/Minimal_Default.Minimal_Default:PersistentLevel.Minimal_Default'
[2020.11.08-15.34.44:274][373]LogSlate: Updating window title bar state: overlay mode, drag disabled, window buttons hidden, title bar hidden
[2020.11.08-15.34.44:309][373]LogPlayLevel: Display: Shutting down PIE online subsystems
[2020.11.08-15.34.44:309][373]LogBlueprintUserMessages: Late EndPlayMap Detection: Level '/Game/StarterContent/Maps/Minimal_Default.Minimal_Default:PersistentLevel' has LevelScriptBlueprint '/Game/StarterContent/Maps/Minimal_Default.Minimal_Default:PersistentLevel.Minimal_Default' with GeneratedClass '/Game/StarterContent/Maps/Minimal_Default.Minimal_Default_C' with ClassGeneratedBy '/Game/StarterContent/Maps/Minimal_Default.Minimal_Default:PersistentLevel.Minimal_Default'
[2020.11.08-15.34.44:334][373]LogSlate: Updating window title bar state: overlay mode, drag disabled, window buttons hidden, title bar hidden
[2020.11.08-15.34.44:378][378]LogPlayLevel: Display: Destroying online subsystem :Context_3
