Log file open, 01/15/21 16:37:17
LogWindows: Failed to load 'aqProf.dll' (GetLastError=126)
LogWindows: File 'aqProf.dll' does not exist
LogWindows: Failed to load 'VtuneApi.dll' (GetLastError=126)
LogWindows: File 'VtuneApi.dll' does not exist
LogWindows: Failed to load 'VtuneApi32e.dll' (GetLastError=126)
LogWindows: File 'VtuneApi32e.dll' does not exist
LogConsoleResponse: Display: Failed to find resolution value strings in scalability ini. Falling back to default.
LogInit: Display: Running engine for game: PhysicsSim_UE
LogPakFile: Registered encryption key '00000000000000000000000000000000': 0 pak files mounted, 0 remain pending
LogPlatformFile: Not using cached read wrapper
LogTaskGraph: Started task graph with 5 named threads and 71 total threads with 3 sets of task threads.
LogStats: Stats thread started at 0.875465
LogD3D11RHI: Loaded GFSDK_Aftermath_Lib.x64.dll
LogICUInternationalization: ICU TimeZone Detection - Raw Offset: +0:00, Platform Override: ''
LogPluginManager: Mounting plugin Paper2D
LogPluginManager: Mounting plugin AISupport
LogPluginManager: Mounting plugin LightPropagationVolume
LogPluginManager: Mounting plugin ActorLayerUtilities
LogPluginManager: Mounting plugin CLionSourceCodeAccess
LogPluginManager: Mounting plugin CodeLiteSourceCodeAccess
LogPluginManager: Mounting plugin GitSourceControl
LogPluginManager: Mounting plugin KDevelopSourceCodeAccess
LogPluginManager: Mounting plugin NullSourceCodeAccess
LogPluginManager: Mounting plugin PerforceSourceControl
LogPluginManager: Mounting plugin SubversionSourceControl
LogPluginManager: Mounting plugin UObjectPlugin
LogPluginManager: Mounting plugin VisualStudioCodeSourceCodeAccess
LogPluginManager: Mounting plugin VisualStudioSourceCodeAccess
LogPluginManager: Mounting plugin XCodeSourceCodeAccess
LogPluginManager: Mounting plugin AssetManagerEditor
LogPluginManager: Mounting plugin CryptoKeys
LogPluginManager: Mounting plugin DataValidation
LogPluginManager: Mounting plugin FacialAnimation
LogPluginManager: Mounting plugin GameplayTagsEditor
LogPluginManager: Mounting plugin MacGraphicsSwitching
LogPluginManager: Mounting plugin MeshEditor
LogPluginManager: Mounting plugin MobileLauncherProfileWizard
LogPluginManager: Mounting plugin PluginBrowser
LogPluginManager: Mounting plugin SpeedTreeImporter
LogPluginManager: Mounting plugin DatasmithContent
LogPluginManager: Mounting plugin VariantManagerContent
LogPluginManager: Mounting plugin AlembicImporter
LogPluginManager: Mounting plugin AppleImageUtils
LogPluginManager: Mounting plugin AppleVision
LogPluginManager: Mounting plugin BackChannel
LogPluginManager: Mounting plugin CharacterAI
LogPluginManager: Mounting plugin GeometryCache
LogPluginManager: Mounting plugin HTML5Networking
LogPluginManager: Mounting plugin ProxyLODPlugin
LogPluginManager: Mounting plugin MagicLeap
LogPluginManager: Mounting plugin MagicLeapMedia
LogPluginManager: Mounting plugin AndroidMedia
LogPluginManager: Mounting plugin AvfMedia
LogPluginManager: Mounting plugin ImgMedia
LogPluginManager: Mounting plugin LinearTimecode
LogPluginManager: Mounting plugin MediaCompositing
LogPluginManager: Mounting plugin MediaPlayerEditor
LogPluginManager: Mounting plugin WebMMedia
LogPluginManager: Mounting plugin WmfMedia
LogPluginManager: Mounting plugin TcpMessaging
LogPluginManager: Mounting plugin UdpMessaging
LogPluginManager: Mounting plugin ActorSequence
LogPluginManager: Mounting plugin LevelSequenceEditor
LogPluginManager: Mounting plugin MatineeToLevelSequence
LogPluginManager: Mounting plugin NetcodeUnitTest
LogPluginManager: Mounting plugin NUTUnrealEngine4
LogPluginManager: Mounting plugin OnlineSubsystemGooglePlay
LogPluginManager: Mounting plugin OnlineSubsystemIOS
LogPluginManager: Mounting plugin OnlineSubsystem
LogPluginManager: Mounting plugin OnlineSubsystemNull
LogPluginManager: Mounting plugin OnlineSubsystemUtils
LogPluginManager: Mounting plugin LauncherChunkInstaller
LogPluginManager: Mounting plugin AndroidDeviceProfileSelector
LogPluginManager: Mounting plugin AndroidMoviePlayer
LogPluginManager: Mounting plugin AndroidPermission
LogPluginManager: Mounting plugin AppleMoviePlayer
LogPluginManager: Mounting plugin ArchVisCharacter
LogPluginManager: Mounting plugin AudioCapture
LogPluginManager: Mounting plugin CableComponent
LogPluginManager: Mounting plugin CustomMeshComponent
LogPluginManager: Mounting plugin EditableMesh
LogPluginManager: Mounting plugin ExampleDeviceProfileSelector
LogPluginManager: Mounting plugin Firebase
LogPluginManager: Mounting plugin GoogleCloudMessaging
LogPluginManager: Mounting plugin IOSDeviceProfileSelector
LogPluginManager: Mounting plugin LinuxDeviceProfileSelector
LogPluginManager: Mounting plugin LocationServicesBPLibrary
LogPluginManager: Mounting plugin MobilePatchingUtils
LogPluginManager: Mounting plugin OculusVR
LogPluginManager: Mounting plugin PhysXVehicles
LogPluginManager: Mounting plugin ProceduralMeshComponent
LogPluginManager: Mounting plugin RuntimePhysXCooking
LogPluginManager: Mounting plugin SteamVR
LogPluginManager: Mounting plugin WebMMoviePlayer
LogPluginManager: Mounting plugin WindowsMoviePlayer
LogStreaming: Display: Took  0.100s to configure plugins.
LogInit: Using libcurl 7.55.1-DEV
LogInit:  - built for x86_64-pc-win32
LogInit:  - supports SSL with OpenSSL/1.0.2h
LogInit:  - supports HTTP deflate (compression) using libz 1.2.8
LogInit:  - other features:
LogInit:      CURL_VERSION_SSL
LogInit:      CURL_VERSION_LIBZ
LogInit:      CURL_VERSION_IPV6
LogInit:      CURL_VERSION_ASYNCHDNS
LogInit:      CURL_VERSION_LARGEFILE
LogInit:      CURL_VERSION_IDN
LogInit:  CurlRequestOptions (configurable via config and command line):
LogInit:  - bVerifyPeer = true  - Libcurl will verify peer certificate
LogInit:  - bUseHttpProxy = false  - Libcurl will NOT use HTTP proxy
LogInit:  - bDontReuseConnections = false  - Libcurl will reuse connections
LogInit:  - MaxHostConnections = 16  - Libcurl will limit the number of connections to a host
LogInit:  - LocalHostAddr = Default
LogInit:  - BufferSize = 65536
LogInit: WinSock: version 1.1 (2.2), MaxSocks=32767, MaxUdp=65467
LogInit: Build: ++UE4+Release-4.21-CL-4753647
LogInit: Engine Version: 4.21.2-4753647+++UE4+Release-4.21
LogInit: Compatible Engine Version: 4.21.0-4541578+++UE4+Release-4.21
LogInit: Net CL: 4541578
LogInit: OS: Windows 10 (), CPU: AMD Ryzen 9 3900X 12-Core Processor            , GPU: NVIDIA GeForce RTX 2070 SUPER
LogInit: Compiled (64-bit): Jan 19 2019 02:07:31
LogInit: Compiled with Visual C++: 19.13.26129.00
LogInit: Build Configuration: Development
LogInit: Branch Name: ++UE4+Release-4.21
LogInit: Command Line:  -skipcompile
LogInit: Base Directory: C:/Program Files/Epic Games/UE_4.21/Engine/Binaries/Win64/
LogInit: Installed Engine Build: 1
LogDevObjectVersion: Number of dev versions registered: 22
LogDevObjectVersion:   Dev-Blueprints (B0D832E4-1F89-4F0D-ACCF-7EB736FD4AA2): 10
LogDevObjectVersion:   Dev-Build (E1C64328-A22C-4D53-A36C-8E866417BD8C): 0
LogDevObjectVersion:   Dev-Core (375EC13C-06E4-48FB-B500-84F0262A717E): 2
LogDevObjectVersion:   Dev-Editor (E4B068ED-F494-42E9-A231-DA0B2E46BB41): 26
LogDevObjectVersion:   Dev-Framework (CFFC743F-43B0-4480-9391-14DF171D2073): 34
LogDevObjectVersion:   Dev-Mobile (B02B49B5-BB20-44E9-A304-32B752E40360): 2
LogDevObjectVersion:   Dev-Networking (A4E4105C-59A1-49B5-A7C5-40C4547EDFEE): 0
LogDevObjectVersion:   Dev-Online (39C831C9-5AE6-47DC-9A44-9C173E1C8E7C): 0
LogDevObjectVersion:   Dev-Physics (78F01B33-EBEA-4F98-B9B4-84EACCB95AA2): 0
LogDevObjectVersion:   Dev-Platform (6631380F-2D4D-43E0-8009-CF276956A95A): 0
LogDevObjectVersion:   Dev-Rendering (12F88B9F-8875-4AFC-A67C-D90C383ABD29): 27
LogDevObjectVersion:   Dev-Sequencer (7B5AE74C-D270-4C10-A958-57980B212A5A): 9
LogDevObjectVersion:   Dev-VR (D7296918-1DD6-4BDD-9DE2-64A83CC13884): 2
LogDevObjectVersion:   Dev-LoadTimes (C2A15278-BFE7-4AFE-6C17-90FF531DF755): 1
LogDevObjectVersion:   Private-Geometry (6EACA3D4-40EC-4CC1-B786-8BED09428FC5): 3
LogDevObjectVersion:   Dev-AnimPhys (29E575DD-E0A3-4627-9D10-D276232CDCEA): 17
LogDevObjectVersion:   Dev-Anim (AF43A65D-7FD3-4947-9873-3E8ED9C1BB05): 2
LogDevObjectVersion:   Dev-ReflectionCapture (6B266CEC-1EC7-4B8F-A30B-E4D90942FC07): 1
LogDevObjectVersion:   Dev-Automation (0DF73D61-A23F-47EA-B727-89E90C41499A): 1
LogDevObjectVersion:   FortniteMain (601D1886-AC64-4F84-AA16-D3DE0DEAC7D6): 17
LogDevObjectVersion:   Dev-Enterprise (9DFFBCD6-494F-0158-E221-12823C92A888): 4
LogDevObjectVersion:   Dev-Niagara (F2AED0AC-9AFE-416F-8664-AA7FFA26D6FC): 1
LogStreaming: Display: Took  0.001s to delete old logs.
LogInit: Presizing for max 8388607 objects, including 0 objects not considered by GC, pre-allocating 0 bytes for permanent pool.
LogInit: Object subsystem initialized
LogConfig: Setting CVar [[con.DebugEarlyDefault:1]]
LogConfig: Setting CVar [[r.setres:1280x720]]
[2021.01.15-16.37.17:336][  0]LogConfig: Setting CVar [[r.VSync:0]]
[2021.01.15-16.37.17:336][  0]LogConfig: Setting CVar [[r.RHICmdBypass:0]]
[2021.01.15-16.37.17:336][  0]LogConfig: Applying CVar settings from Section [/Script/Engine.RendererSettings] File [C:/Users/betha/Documents/GitHub/PhysicsSimulation/PhysicsSim_UE/Saved/Config/Windows/Engine.ini]
[2021.01.15-16.37.17:336][  0]LogConfig: Setting CVar [[r.GPUCrashDebugging:0]]
[2021.01.15-16.37.17:336][  0]LogConfig: Applying CVar settings from Section [/Script/Engine.RendererOverrideSettings] File [C:/Users/betha/Documents/GitHub/PhysicsSimulation/PhysicsSim_UE/Saved/Config/Windows/Engine.ini]
[2021.01.15-16.37.17:336][  0]LogConfig: Applying CVar settings from Section [/Script/Engine.StreamingSettings] File [C:/Users/betha/Documents/GitHub/PhysicsSimulation/PhysicsSim_UE/Saved/Config/Windows/Engine.ini]
[2021.01.15-16.37.17:336][  0]LogConfig: Setting CVar [[s.MinBulkDataSizeForAsyncLoading:131072]]
[2021.01.15-16.37.17:336][  0]LogConfig: Setting CVar [[s.AsyncLoadingThreadEnabled:0]]
[2021.01.15-16.37.17:336][  0]LogConfig: Setting CVar [[s.EventDrivenLoaderEnabled:1]]
[2021.01.15-16.37.17:336][  0]LogConfig: Setting CVar [[s.WarnIfTimeLimitExceeded:0]]
[2021.01.15-16.37.17:336][  0]LogConfig: Setting CVar [[s.TimeLimitExceededMultiplier:1.5]]
[2021.01.15-16.37.17:336][  0]LogConfig: Setting CVar [[s.TimeLimitExceededMinTime:0.005]]
[2021.01.15-16.37.17:336][  0]LogConfig: Setting CVar [[s.UseBackgroundLevelStreaming:1]]
[2021.01.15-16.37.17:336][  0]LogConfig: Setting CVar [[s.PriorityAsyncLoadingExtraTime:15.0]]
[2021.01.15-16.37.17:336][  0]LogConfig: Setting CVar [[s.LevelStreamingActorsUpdateTimeLimit:5.0]]
[2021.01.15-16.37.17:336][  0]LogConfig: Setting CVar [[s.PriorityLevelStreamingActorsUpdateExtraTime:5.0]]
[2021.01.15-16.37.17:336][  0]LogConfig: Setting CVar [[s.LevelStreamingComponentsRegistrationGranularity:10]]
[2021.01.15-16.37.17:336][  0]LogConfig: Setting CVar [[s.UnregisterComponentsTimeLimit:1.0]]
[2021.01.15-16.37.17:336][  0]LogConfig: Setting CVar [[s.LevelStreamingComponentsUnregistrationGranularity:5]]
[2021.01.15-16.37.17:336][  0]LogConfig: Applying CVar settings from Section [/Script/Engine.GarbageCollectionSettings] File [C:/Users/betha/Documents/GitHub/PhysicsSimulation/PhysicsSim_UE/Saved/Config/Windows/Engine.ini]
[2021.01.15-16.37.17:337][  0]LogConfig: Setting CVar [[gc.MaxObjectsNotConsideredByGC:1]]
[2021.01.15-16.37.17:337][  0]LogConfig: Setting CVar [[gc.SizeOfPermanentObjectPool:0]]
[2021.01.15-16.37.17:337][  0]LogConfig: Setting CVar [[gc.FlushStreamingOnGC:0]]
[2021.01.15-16.37.17:337][  0]LogConfig: Setting CVar [[gc.NumRetriesBeforeForcingGC:10]]
[2021.01.15-16.37.17:337][  0]LogConfig: Setting CVar [[gc.AllowParallelGC:1]]
[2021.01.15-16.37.17:337][  0]LogConfig: Setting CVar [[gc.TimeBetweenPurgingPendingKillObjects:61.1]]
[2021.01.15-16.37.17:337][  0]LogConfig: Setting CVar [[gc.MaxObjectsInEditor:8388607]]
[2021.01.15-16.37.17:337][  0]LogConfig: Setting CVar [[gc.IncrementalBeginDestroyEnabled:1]]
[2021.01.15-16.37.17:337][  0]LogConfig: Setting CVar [[gc.CreateGCClusters:1]]
[2021.01.15-16.37.17:337][  0]LogConfig: Setting CVar [[gc.MergeGCClusters:0]]
[2021.01.15-16.37.17:337][  0]LogConfig: Setting CVar [[gc.MinGCClusterSize:5]]
[2021.01.15-16.37.17:337][  0]LogConfig: Setting CVar [[gc.ActorClusteringEnabled:0]]
[2021.01.15-16.37.17:337][  0]LogConfig: Setting CVar [[gc.BlueprintClusteringEnabled:0]]
[2021.01.15-16.37.17:337][  0]LogConfig: Setting CVar [[gc.UseDisregardForGCOnDedicatedServers:0]]
[2021.01.15-16.37.17:337][  0]LogConfig: Applying CVar settings from Section [/Script/Engine.NetworkSettings] File [C:/Users/betha/Documents/GitHub/PhysicsSimulation/PhysicsSim_UE/Saved/Config/Windows/Engine.ini]
[2021.01.15-16.37.17:337][  0]LogConfig: Applying CVar settings from Section [/Script/UnrealEd.CookerSettings] File [C:/Users/betha/Documents/GitHub/PhysicsSimulation/PhysicsSim_UE/Saved/Config/Windows/Engine.ini]
[2021.01.15-16.37.17:343][  0]LogConfig: Applying CVar settings from Section [ViewDistanceQuality@3] File [C:/Users/betha/Documents/GitHub/PhysicsSimulation/PhysicsSim_UE/Saved/Config/Windows/Scalability.ini]
[2021.01.15-16.37.17:343][  0]LogConfig: Setting CVar [[r.SkeletalMeshLODBias:0]]
[2021.01.15-16.37.17:343][  0]LogConfig: Setting CVar [[r.ViewDistanceScale:1.0]]
[2021.01.15-16.37.17:343][  0]LogConfig: Applying CVar settings from Section [AntiAliasingQuality@3] File [C:/Users/betha/Documents/GitHub/PhysicsSimulation/PhysicsSim_UE/Saved/Config/Windows/Scalability.ini]
[2021.01.15-16.37.17:343][  0]LogConfig: Setting CVar [[r.PostProcessAAQuality:4]]
[2021.01.15-16.37.17:343][  0]LogConfig: Applying CVar settings from Section [ShadowQuality@3] File [C:/Users/betha/Documents/GitHub/PhysicsSimulation/PhysicsSim_UE/Saved/Config/Windows/Scalability.ini]
[2021.01.15-16.37.17:343][  0]LogConfig: Setting CVar [[r.LightFunctionQuality:1]]
[2021.01.15-16.37.17:343][  0]LogConfig: Setting CVar [[r.ShadowQuality:5]]
[2021.01.15-16.37.17:344][  0]LogConfig: Setting CVar [[r.Shadow.CSM.MaxCascades:10]]
[2021.01.15-16.37.17:344][  0]LogConfig: Setting CVar [[r.Shadow.MaxResolution:2048]]
[2021.01.15-16.37.17:344][  0]LogConfig: Setting CVar [[r.Shadow.MaxCSMResolution:2048]]
[2021.01.15-16.37.17:344][  0]LogConfig: Setting CVar [[r.Shadow.RadiusThreshold:0.01]]
[2021.01.15-16.37.17:344][  0]LogConfig: Setting CVar [[r.Shadow.DistanceScale:1.0]]
[2021.01.15-16.37.17:344][  0]LogConfig: Setting CVar [[r.Shadow.CSM.TransitionScale:1.0]]
[2021.01.15-16.37.17:344][  0]LogConfig: Setting CVar [[r.Shadow.PreShadowResolutionFactor:1.0]]
[2021.01.15-16.37.17:344][  0]LogConfig: Setting CVar [[r.DistanceFieldShadowing:1]]
[2021.01.15-16.37.17:344][  0]LogConfig: Setting CVar [[r.DistanceFieldAO:1]]
[2021.01.15-16.37.17:344][  0]LogConfig: Setting CVar [[r.AOQuality:2]]
[2021.01.15-16.37.17:344][  0]LogConfig: Setting CVar [[r.VolumetricFog:1]]
[2021.01.15-16.37.17:344][  0]LogConfig: Setting CVar [[r.VolumetricFog.GridPixelSize:8]]
[2021.01.15-16.37.17:344][  0]LogConfig: Setting CVar [[r.VolumetricFog.GridSizeZ:128]]
[2021.01.15-16.37.17:344][  0]LogConfig: Setting CVar [[r.VolumetricFog.HistoryMissSupersampleCount:4]]
[2021.01.15-16.37.17:344][  0]LogConfig: Setting CVar [[r.LightMaxDrawDistanceScale:1]]
[2021.01.15-16.37.17:344][  0]LogConfig: Setting CVar [[r.CapsuleShadows:1]]
[2021.01.15-16.37.17:344][  0]LogConfig: Applying CVar settings from Section [PostProcessQuality@3] File [C:/Users/betha/Documents/GitHub/PhysicsSimulation/PhysicsSim_UE/Saved/Config/Windows/Scalability.ini]
[2021.01.15-16.37.17:344][  0]LogConfig: Setting CVar [[r.MotionBlurQuality:4]]
[2021.01.15-16.37.17:344][  0]LogConfig: Setting CVar [[r.AmbientOcclusionMipLevelFactor:0.4]]
[2021.01.15-16.37.17:345][  0]LogConfig: Setting CVar [[r.AmbientOcclusionMaxQuality:100]]
[2021.01.15-16.37.17:345][  0]LogConfig: Setting CVar [[r.AmbientOcclusionLevels:-1]]
[2021.01.15-16.37.17:345][  0]LogConfig: Setting CVar [[r.AmbientOcclusionRadiusScale:1.0]]
[2021.01.15-16.37.17:345][  0]LogConfig: Setting CVar [[r.DepthOfFieldQuality:2]]
[2021.01.15-16.37.17:345][  0]LogConfig: Setting CVar [[r.RenderTargetPoolMin:400]]
[2021.01.15-16.37.17:345][  0]LogConfig: Setting CVar [[r.LensFlareQuality:2]]
[2021.01.15-16.37.17:345][  0]LogConfig: Setting CVar [[r.SceneColorFringeQuality:1]]
[2021.01.15-16.37.17:345][  0]LogConfig: Setting CVar [[r.EyeAdaptationQuality:2]]
[2021.01.15-16.37.17:345][  0]LogConfig: Setting CVar [[r.BloomQuality:5]]
[2021.01.15-16.37.17:345][  0]LogConfig: Setting CVar [[r.FastBlurThreshold:100]]
[2021.01.15-16.37.17:345][  0]LogConfig: Setting CVar [[r.Upscale.Quality:3]]
[2021.01.15-16.37.17:345][  0]LogConfig: Setting CVar [[r.Tonemapper.GrainQuantization:1]]
[2021.01.15-16.37.17:345][  0]LogConfig: Setting CVar [[r.LightShaftQuality:1]]
[2021.01.15-16.37.17:345][  0]LogConfig: Setting CVar [[r.Filter.SizeScale:1]]
[2021.01.15-16.37.17:345][  0]LogConfig: Setting CVar [[r.Tonemapper.Quality:5]]
[2021.01.15-16.37.17:345][  0]LogConfig: Setting CVar [[r.DOF.Gather.AccumulatorQuality:1        ; higher gathering accumulator quality]]
[2021.01.15-16.37.17:345][  0]LogConfig: Setting CVar [[r.DOF.Gather.PostfilterMethod:1          ; Median3x3 postfilering method]]
[2021.01.15-16.37.17:345][  0]LogConfig: Setting CVar [[r.DOF.Gather.EnableBokehSettings:0       ; no bokeh simulation when gathering]]
[2021.01.15-16.37.17:345][  0]LogConfig: Setting CVar [[r.DOF.Gather.RingCount:4                 ; medium number of samples when gathering]]
[2021.01.15-16.37.17:345][  0]LogConfig: Setting CVar [[r.DOF.Scatter.ForegroundCompositing:1    ; additive foreground scattering]]
[2021.01.15-16.37.17:345][  0]LogConfig: Setting CVar [[r.DOF.Scatter.BackgroundCompositing:2    ; additive background scattering]]
[2021.01.15-16.37.17:345][  0]LogConfig: Setting CVar [[r.DOF.Scatter.EnableBokehSettings:1      ; bokeh simulation when scattering]]
[2021.01.15-16.37.17:345][  0]LogConfig: Setting CVar [[r.DOF.Scatter.MaxSpriteRatio:0.1         ; only a maximum of 10% of scattered bokeh]]
[2021.01.15-16.37.17:346][  0]LogConfig: Setting CVar [[r.DOF.Recombine.Quality:1                ; cheap slight out of focus]]
[2021.01.15-16.37.17:346][  0]LogConfig: Setting CVar [[r.DOF.Recombine.EnableBokehSettings:0    ; no bokeh simulation on slight out of focus]]
[2021.01.15-16.37.17:346][  0]LogConfig: Setting CVar [[r.DOF.TemporalAAQuality:1                ; more stable temporal accumulation]]
[2021.01.15-16.37.17:346][  0]LogConfig: Setting CVar [[r.DOF.Kernel.MaxForegroundRadius:0.025]]
[2021.01.15-16.37.17:346][  0]LogConfig: Setting CVar [[r.DOF.Kernel.MaxBackgroundRadius:0.025]]
[2021.01.15-16.37.17:346][  0]LogConfig: Applying CVar settings from Section [TextureQuality@3] File [C:/Users/betha/Documents/GitHub/PhysicsSimulation/PhysicsSim_UE/Saved/Config/Windows/Scalability.ini]
[2021.01.15-16.37.17:346][  0]LogConfig: Setting CVar [[r.Streaming.MipBias:0]]
[2021.01.15-16.37.17:346][  0]LogConfig: Setting CVar [[r.Streaming.AmortizeCPUToGPUCopy:0]]
[2021.01.15-16.37.17:346][  0]LogConfig: Setting CVar [[r.Streaming.MaxNumTexturesToStreamPerFrame:0]]
[2021.01.15-16.37.17:346][  0]LogConfig: Setting CVar [[r.Streaming.Boost:1]]
[2021.01.15-16.37.17:346][  0]LogConfig: Setting CVar [[r.MaxAnisotropy:8]]
[2021.01.15-16.37.17:346][  0]LogConfig: Setting CVar [[r.Streaming.LimitPoolSizeToVRAM:0]]
[2021.01.15-16.37.17:346][  0]LogConfig: Setting CVar [[r.Streaming.PoolSize:1000]]
[2021.01.15-16.37.17:346][  0]LogConfig: Setting CVar [[r.Streaming.MaxEffectiveScreenSize:0]]
[2021.01.15-16.37.17:346][  0]LogConfig: Applying CVar settings from Section [EffectsQuality@3] File [C:/Users/betha/Documents/GitHub/PhysicsSimulation/PhysicsSim_UE/Saved/Config/Windows/Scalability.ini]
[2021.01.15-16.37.17:346][  0]LogConfig: Setting CVar [[r.TranslucencyLightingVolumeDim:64]]
[2021.01.15-16.37.17:346][  0]LogConfig: Setting CVar [[r.RefractionQuality:2]]
[2021.01.15-16.37.17:346][  0]LogConfig: Setting CVar [[r.SSR.Quality:3]]
[2021.01.15-16.37.17:346][  0]LogConfig: Setting CVar [[r.SceneColorFormat:4]]
[2021.01.15-16.37.17:347][  0]LogConfig: Setting CVar [[r.DetailMode:2]]
[2021.01.15-16.37.17:347][  0]LogConfig: Setting CVar [[r.TranslucencyVolumeBlur:1]]
[2021.01.15-16.37.17:347][  0]LogConfig: Setting CVar [[r.MaterialQualityLevel:1 ; High quality]]
[2021.01.15-16.37.17:347][  0]LogConfig: Setting CVar [[r.SSS.Scale:1]]
[2021.01.15-16.37.17:347][  0]LogConfig: Setting CVar [[r.SSS.SampleSet:2]]
[2021.01.15-16.37.17:347][  0]LogConfig: Setting CVar [[r.SSS.Quality:1]]
[2021.01.15-16.37.17:347][  0]LogConfig: Setting CVar [[r.SSS.HalfRes:1]]
[2021.01.15-16.37.17:347][  0]LogConfig: Setting CVar [[r.EmitterSpawnRateScale:1.0]]
[2021.01.15-16.37.17:347][  0]LogConfig: Setting CVar [[r.ParticleLightQuality:2]]
[2021.01.15-16.37.17:347][  0]LogConfig: Applying CVar settings from Section [FoliageQuality@3] File [C:/Users/betha/Documents/GitHub/PhysicsSimulation/PhysicsSim_UE/Saved/Config/Windows/Scalability.ini]
[2021.01.15-16.37.17:347][  0]LogConfig: Setting CVar [[foliage.DensityScale:1.0]]
[2021.01.15-16.37.17:347][  0]LogConfig: Setting CVar [[grass.DensityScale:1.0]]
[2021.01.15-16.37.17:347][  0]LogInit: Selected Device Profile: [Windows]
[2021.01.15-16.37.17:347][  0]LogInit: Applying CVar settings loaded from the selected device profile: [Windows]
[2021.01.15-16.37.17:355][  0]LogHAL: Display: Platform has ~ 32 GB [34295062528 / 34359738368 / 32], which maps to Largest [LargestMinGB=32, LargerMinGB=12, DefaultMinGB=8, SmallerMinGB=6, SmallestMinGB=0)
[2021.01.15-16.37.17:355][  0]LogConfig: Setting CVar [[r.Vulkan.UseRealUBs:1]]
[2021.01.15-16.37.17:355][  0]LogInit: Going up to parent DeviceProfile []
[2021.01.15-16.37.17:355][  0]LogConfig: Applying CVar settings from Section [ViewDistanceQuality@3] File [C:/Users/betha/Documents/GitHub/PhysicsSimulation/PhysicsSim_UE/Saved/Config/Windows/Scalability.ini]
[2021.01.15-16.37.17:355][  0]LogConfig: Setting CVar [[r.SkeletalMeshLODBias:0]]
[2021.01.15-16.37.17:355][  0]LogConfig: Setting CVar [[r.ViewDistanceScale:1.0]]
[2021.01.15-16.37.17:355][  0]LogConfig: Applying CVar settings from Section [AntiAliasingQuality@3] File [C:/Users/betha/Documents/GitHub/PhysicsSimulation/PhysicsSim_UE/Saved/Config/Windows/Scalability.ini]
[2021.01.15-16.37.17:355][  0]LogConfig: Setting CVar [[r.PostProcessAAQuality:4]]
[2021.01.15-16.37.17:355][  0]LogConfig: Applying CVar settings from Section [ShadowQuality@3] File [C:/Users/betha/Documents/GitHub/PhysicsSimulation/PhysicsSim_UE/Saved/Config/Windows/Scalability.ini]
[2021.01.15-16.37.17:355][  0]LogConfig: Setting CVar [[r.LightFunctionQuality:1]]
[2021.01.15-16.37.17:355][  0]LogConfig: Setting CVar [[r.ShadowQuality:5]]
[2021.01.15-16.37.17:355][  0]LogConfig: Setting CVar [[r.Shadow.CSM.MaxCascades:10]]
[2021.01.15-16.37.17:355][  0]LogConfig: Setting CVar [[r.Shadow.MaxResolution:2048]]
[2021.01.15-16.37.17:355][  0]LogConfig: Setting CVar [[r.Shadow.MaxCSMResolution:2048]]
[2021.01.15-16.37.17:356][  0]LogConfig: Setting CVar [[r.Shadow.RadiusThreshold:0.01]]
[2021.01.15-16.37.17:356][  0]LogConfig: Setting CVar [[r.Shadow.DistanceScale:1.0]]
[2021.01.15-16.37.17:356][  0]LogConfig: Setting CVar [[r.Shadow.CSM.TransitionScale:1.0]]
[2021.01.15-16.37.17:356][  0]LogConfig: Setting CVar [[r.Shadow.PreShadowResolutionFactor:1.0]]
[2021.01.15-16.37.17:356][  0]LogConfig: Setting CVar [[r.DistanceFieldShadowing:1]]
[2021.01.15-16.37.17:356][  0]LogConfig: Setting CVar [[r.DistanceFieldAO:1]]
[2021.01.15-16.37.17:356][  0]LogConfig: Setting CVar [[r.AOQuality:2]]
[2021.01.15-16.37.17:356][  0]LogConfig: Setting CVar [[r.VolumetricFog:1]]
[2021.01.15-16.37.17:356][  0]LogConfig: Setting CVar [[r.VolumetricFog.GridPixelSize:8]]
[2021.01.15-16.37.17:356][  0]LogConfig: Setting CVar [[r.VolumetricFog.GridSizeZ:128]]
[2021.01.15-16.37.17:356][  0]LogConfig: Setting CVar [[r.VolumetricFog.HistoryMissSupersampleCount:4]]
[2021.01.15-16.37.17:356][  0]LogConfig: Setting CVar [[r.LightMaxDrawDistanceScale:1]]
[2021.01.15-16.37.17:356][  0]LogConfig: Setting CVar [[r.CapsuleShadows:1]]
[2021.01.15-16.37.17:356][  0]LogConfig: Applying CVar settings from Section [PostProcessQuality@3] File [C:/Users/betha/Documents/GitHub/PhysicsSimulation/PhysicsSim_UE/Saved/Config/Windows/Scalability.ini]
[2021.01.15-16.37.17:356][  0]LogConfig: Setting CVar [[r.MotionBlurQuality:4]]
[2021.01.15-16.37.17:356][  0]LogConfig: Setting CVar [[r.AmbientOcclusionMipLevelFactor:0.4]]
[2021.01.15-16.37.17:356][  0]LogConfig: Setting CVar [[r.AmbientOcclusionMaxQuality:100]]
[2021.01.15-16.37.17:356][  0]LogConfig: Setting CVar [[r.AmbientOcclusionLevels:-1]]
[2021.01.15-16.37.17:356][  0]LogConfig: Setting CVar [[r.AmbientOcclusionRadiusScale:1.0]]
[2021.01.15-16.37.17:356][  0]LogConfig: Setting CVar [[r.DepthOfFieldQuality:2]]
[2021.01.15-16.37.17:356][  0]LogConfig: Setting CVar [[r.RenderTargetPoolMin:400]]
[2021.01.15-16.37.17:356][  0]LogConfig: Setting CVar [[r.LensFlareQuality:2]]
[2021.01.15-16.37.17:357][  0]LogConfig: Setting CVar [[r.SceneColorFringeQuality:1]]
[2021.01.15-16.37.17:357][  0]LogConfig: Setting CVar [[r.EyeAdaptationQuality:2]]
[2021.01.15-16.37.17:357][  0]LogConfig: Setting CVar [[r.BloomQuality:5]]
[2021.01.15-16.37.17:357][  0]LogConfig: Setting CVar [[r.FastBlurThreshold:100]]
[2021.01.15-16.37.17:357][  0]LogConfig: Setting CVar [[r.Upscale.Quality:3]]
[2021.01.15-16.37.17:357][  0]LogConfig: Setting CVar [[r.Tonemapper.GrainQuantization:1]]
[2021.01.15-16.37.17:357][  0]LogConfig: Setting CVar [[r.LightShaftQuality:1]]
[2021.01.15-16.37.17:357][  0]LogConfig: Setting CVar [[r.Filter.SizeScale:1]]
[2021.01.15-16.37.17:357][  0]LogConfig: Setting CVar [[r.Tonemapper.Quality:5]]
[2021.01.15-16.37.17:357][  0]LogConfig: Setting CVar [[r.DOF.Gather.AccumulatorQuality:1        ; higher gathering accumulator quality]]
[2021.01.15-16.37.17:357][  0]LogConfig: Setting CVar [[r.DOF.Gather.PostfilterMethod:1          ; Median3x3 postfilering method]]
[2021.01.15-16.37.17:357][  0]LogConfig: Setting CVar [[r.DOF.Gather.EnableBokehSettings:0       ; no bokeh simulation when gathering]]
[2021.01.15-16.37.17:357][  0]LogConfig: Setting CVar [[r.DOF.Gather.RingCount:4                 ; medium number of samples when gathering]]
[2021.01.15-16.37.17:357][  0]LogConfig: Setting CVar [[r.DOF.Scatter.ForegroundCompositing:1    ; additive foreground scattering]]
[2021.01.15-16.37.17:357][  0]LogConfig: Setting CVar [[r.DOF.Scatter.BackgroundCompositing:2    ; additive background scattering]]
[2021.01.15-16.37.17:357][  0]LogConfig: Setting CVar [[r.DOF.Scatter.EnableBokehSettings:1      ; bokeh simulation when scattering]]
[2021.01.15-16.37.17:357][  0]LogConfig: Setting CVar [[r.DOF.Scatter.MaxSpriteRatio:0.1         ; only a maximum of 10% of scattered bokeh]]
[2021.01.15-16.37.17:357][  0]LogConfig: Setting CVar [[r.DOF.Recombine.Quality:1                ; cheap slight out of focus]]
[2021.01.15-16.37.17:357][  0]LogConfig: Setting CVar [[r.DOF.Recombine.EnableBokehSettings:0    ; no bokeh simulation on slight out of focus]]
[2021.01.15-16.37.17:357][  0]LogConfig: Setting CVar [[r.DOF.TemporalAAQuality:1                ; more stable temporal accumulation]]
[2021.01.15-16.37.17:358][  0]LogConfig: Setting CVar [[r.DOF.Kernel.MaxForegroundRadius:0.025]]
[2021.01.15-16.37.17:358][  0]LogConfig: Setting CVar [[r.DOF.Kernel.MaxBackgroundRadius:0.025]]
[2021.01.15-16.37.17:358][  0]LogConfig: Applying CVar settings from Section [TextureQuality@3] File [C:/Users/betha/Documents/GitHub/PhysicsSimulation/PhysicsSim_UE/Saved/Config/Windows/Scalability.ini]
[2021.01.15-16.37.17:358][  0]LogConfig: Setting CVar [[r.Streaming.MipBias:0]]
[2021.01.15-16.37.17:358][  0]LogConfig: Setting CVar [[r.Streaming.AmortizeCPUToGPUCopy:0]]
[2021.01.15-16.37.17:358][  0]LogConfig: Setting CVar [[r.Streaming.MaxNumTexturesToStreamPerFrame:0]]
[2021.01.15-16.37.17:358][  0]LogConfig: Setting CVar [[r.Streaming.Boost:1]]
[2021.01.15-16.37.17:358][  0]LogConfig: Setting CVar [[r.MaxAnisotropy:8]]
[2021.01.15-16.37.17:358][  0]LogConfig: Setting CVar [[r.Streaming.LimitPoolSizeToVRAM:0]]
[2021.01.15-16.37.17:358][  0]LogConfig: Setting CVar [[r.Streaming.PoolSize:1000]]
[2021.01.15-16.37.17:358][  0]LogConfig: Setting CVar [[r.Streaming.MaxEffectiveScreenSize:0]]
[2021.01.15-16.37.17:358][  0]LogConfig: Applying CVar settings from Section [EffectsQuality@3] File [C:/Users/betha/Documents/GitHub/PhysicsSimulation/PhysicsSim_UE/Saved/Config/Windows/Scalability.ini]
[2021.01.15-16.37.17:358][  0]LogConfig: Setting CVar [[r.TranslucencyLightingVolumeDim:64]]
[2021.01.15-16.37.17:358][  0]LogConfig: Setting CVar [[r.RefractionQuality:2]]
[2021.01.15-16.37.17:358][  0]LogConfig: Setting CVar [[r.SSR.Quality:3]]
[2021.01.15-16.37.17:358][  0]LogConfig: Setting CVar [[r.SceneColorFormat:4]]
[2021.01.15-16.37.17:358][  0]LogConfig: Setting CVar [[r.DetailMode:2]]
[2021.01.15-16.37.17:358][  0]LogConfig: Setting CVar [[r.TranslucencyVolumeBlur:1]]
[2021.01.15-16.37.17:358][  0]LogConfig: Setting CVar [[r.MaterialQualityLevel:1 ; High quality]]
[2021.01.15-16.37.17:358][  0]LogConfig: Setting CVar [[r.SSS.Scale:1]]
[2021.01.15-16.37.17:358][  0]LogConfig: Setting CVar [[r.SSS.SampleSet:2]]
[2021.01.15-16.37.17:359][  0]LogConfig: Setting CVar [[r.SSS.Quality:1]]
[2021.01.15-16.37.17:359][  0]LogConfig: Setting CVar [[r.SSS.HalfRes:1]]
[2021.01.15-16.37.17:359][  0]LogConfig: Setting CVar [[r.EmitterSpawnRateScale:1.0]]
[2021.01.15-16.37.17:359][  0]LogConfig: Setting CVar [[r.ParticleLightQuality:2]]
[2021.01.15-16.37.17:359][  0]LogConfig: Applying CVar settings from Section [FoliageQuality@3] File [C:/Users/betha/Documents/GitHub/PhysicsSimulation/PhysicsSim_UE/Saved/Config/Windows/Scalability.ini]
[2021.01.15-16.37.17:359][  0]LogConfig: Setting CVar [[foliage.DensityScale:1.0]]
[2021.01.15-16.37.17:359][  0]LogConfig: Setting CVar [[grass.DensityScale:1.0]]
[2021.01.15-16.37.17:359][  0]LogConfig: Applying CVar settings from Section [Startup] File [../../../Engine/Config/ConsoleVariables.ini]
[2021.01.15-16.37.17:359][  0]LogConfig: Setting CVar [[net.UseAdaptiveNetUpdateFrequency:0]]
[2021.01.15-16.37.17:359][  0]LogConfig: Applying CVar settings from Section [ConsoleVariables] File [C:/Users/betha/Documents/GitHub/PhysicsSimulation/PhysicsSim_UE/Saved/Config/Windows/Engine.ini]
[2021.01.15-16.37.17:359][  0]LogInit: Computer: THEBEAST
[2021.01.15-16.37.17:359][  0]LogInit: User: bethan
[2021.01.15-16.37.17:359][  0]LogInit: CPU Page size=4096, Cores=12
[2021.01.15-16.37.17:359][  0]LogInit: High frequency timer resolution =10.000000 MHz
[2021.01.15-16.37.17:360][  0]LogMemory: Memory total: Physical=31.9GB (32GB approx)
[2021.01.15-16.37.17:360][  0]LogMemory: Platform Memory Stats for Windows
[2021.01.15-16.37.17:360][  0]LogMemory: Process Physical Memory: 107.26 MB used, 107.26 MB peak
[2021.01.15-16.37.17:360][  0]LogMemory: Process Virtual Memory: 91.44 MB used, 91.44 MB peak
[2021.01.15-16.37.17:360][  0]LogMemory: Physical Memory: 8455.92 MB used,  24250.40 MB free, 32706.32 MB total
[2021.01.15-16.37.17:360][  0]LogMemory: Virtual Memory: 4703.05 MB used,  134213024.00 MB free, 134217728.00 MB total
[2021.01.15-16.37.17:517][  0]LogInit: Using OS detected language (en-GB).
[2021.01.15-16.37.17:517][  0]LogInit: Using OS detected locale (en-GB).
[2021.01.15-16.37.17:518][  0]LogTextLocalizationManager: No specific localization for 'en-GB' exists, so the 'en' localization will be used.
[2021.01.15-16.37.17:823][  0]LogStreaming: Display: Took  0.306s to InitEngineTextLocalization.
[2021.01.15-16.37.17:824][  0]LogInit: Setting process to per monitor DPI aware
[2021.01.15-16.37.17:865][  0]LogSlate: New Slate User Created.  User Index 0, Is Virtual User: 0
[2021.01.15-16.37.17:865][  0]LogSlate: Slate User Registered.  User Index 0, Is Virtual User: 0
[2021.01.15-16.37.18:042][  0]LogHMD: Failed to initialize OpenVR with code 110
[2021.01.15-16.37.18:042][  0]LogD3D11RHI: D3D11 adapters:
[2021.01.15-16.37.18:168][  0]LogD3D11RHI:    0. 'NVIDIA GeForce RTX 2070 SUPER' (Feature Level 11_0)
[2021.01.15-16.37.18:168][  0]LogD3D11RHI:       8011/0/16353 MB DedicatedVideo/DedicatedSystem/SharedSystem, Outputs:2, VendorId:0x10de
[2021.01.15-16.37.18:172][  0]LogD3D11RHI:    1. 'Microsoft Basic Render Driver' (Feature Level 11_0)
[2021.01.15-16.37.18:172][  0]LogD3D11RHI:       0/0/16353 MB DedicatedVideo/DedicatedSystem/SharedSystem, Outputs:0, VendorId:0x1414
[2021.01.15-16.37.18:172][  0]LogD3D11RHI: Chosen D3D11 Adapter: 0
[2021.01.15-16.37.18:179][  0]LogD3D11RHI: Creating new Direct3DDevice
[2021.01.15-16.37.18:180][  0]LogD3D11RHI:     GPU DeviceId: 0x1e84 (for the marketing name, search the web for "GPU Device Id")
[2021.01.15-16.37.18:180][  0]LogWindows: EnumDisplayDevices:
[2021.01.15-16.37.18:180][  0]LogWindows:    0. 'NVIDIA GeForce RTX 2070 SUPER' (P:0 D:1)
[2021.01.15-16.37.18:180][  0]LogWindows:    1. 'NVIDIA GeForce RTX 2070 SUPER' (P:1 D:1)
[2021.01.15-16.37.18:180][  0]LogWindows:    2. 'NVIDIA GeForce RTX 2070 SUPER' (P:0 D:0)
[2021.01.15-16.37.18:181][  0]LogWindows:    3. 'NVIDIA GeForce RTX 2070 SUPER' (P:0 D:0)
[2021.01.15-16.37.18:181][  0]LogWindows: DebugString: FoundDriverCount:4 
[2021.01.15-16.37.18:181][  0]LogD3D11RHI:     Adapter Name: NVIDIA GeForce RTX 2070 SUPER
[2021.01.15-16.37.18:181][  0]LogD3D11RHI:   Driver Version: 460.89 (internal:27.21.14.6089, unified:460.89)
[2021.01.15-16.37.18:181][  0]LogD3D11RHI:      Driver Date: 12-11-2020
[2021.01.15-16.37.18:181][  0]LogRHI: Texture pool is 5607 MB (70% of 8011 MB)
[2021.01.15-16.37.18:261][  0]LogD3D11RHI: Async texture creation enabled
[2021.01.15-16.37.18:276][  0]LogD3D11RHI: GPU Timing Frequency: 1000.000000 (Debug: 2 1)
[2021.01.15-16.37.18:496][  0]LogTemp: Display: Loaded TP AllDesktopTargetPlatform
[2021.01.15-16.37.18:510][  0]LogTemp: Display: Loaded TP MacClientTargetPlatform
[2021.01.15-16.37.18:524][  0]LogTemp: Display: Loaded TP MacNoEditorTargetPlatform
[2021.01.15-16.37.18:538][  0]LogTemp: Display: Loaded TP MacServerTargetPlatform
[2021.01.15-16.37.18:552][  0]LogTemp: Display: Loaded TP MacTargetPlatform
[2021.01.15-16.37.18:566][  0]LogTemp: Display: Loaded TP WindowsClientTargetPlatform
[2021.01.15-16.37.18:579][  0]LogTemp: Display: Loaded TP WindowsNoEditorTargetPlatform
[2021.01.15-16.37.18:592][  0]LogTemp: Display: Loaded TP WindowsServerTargetPlatform
[2021.01.15-16.37.18:599][  0]LogTemp: Display: Loaded TP WindowsTargetPlatform
[2021.01.15-16.37.18:666][  0]LogTemp: Display: Loaded TP AndroidTargetPlatform
[2021.01.15-16.37.18:666][  0]LogTemp: Display: Loaded TP AndroidTargetPlatform
[2021.01.15-16.37.18:666][  0]LogTemp: Display: Loaded TP AndroidTargetPlatform
[2021.01.15-16.37.18:666][  0]LogTemp: Display: Loaded TP AndroidTargetPlatform
[2021.01.15-16.37.18:666][  0]LogTemp: Display: Loaded TP AndroidTargetPlatform
[2021.01.15-16.37.18:666][  0]LogTemp: Display: Loaded TP AndroidTargetPlatform
[2021.01.15-16.37.18:666][  0]LogTemp: Display: Loaded TP AndroidTargetPlatform
[2021.01.15-16.37.18:666][  0]LogTemp: Display: Loaded TP AndroidTargetPlatform
[2021.01.15-16.37.18:666][  0]LogTemp: Display: Loaded TP AndroidTargetPlatform
[2021.01.15-16.37.18:666][  0]LogTemp: Display: Loaded TP AndroidTargetPlatform
[2021.01.15-16.37.18:666][  0]LogTemp: Display: Loaded TP AndroidTargetPlatform
[2021.01.15-16.37.18:666][  0]LogTemp: Display: Loaded TP AndroidTargetPlatform
[2021.01.15-16.37.18:666][  0]LogTemp: Display: Loaded TP AndroidTargetPlatform
[2021.01.15-16.37.18:666][  0]LogTemp: Display: Loaded TP AndroidTargetPlatform
[2021.01.15-16.37.18:667][  0]LogTemp: Display: Loaded TP AndroidTargetPlatform
[2021.01.15-16.37.18:667][  0]LogTemp: Display: Loaded TP AndroidTargetPlatform
[2021.01.15-16.37.18:667][  0]LogTemp: Display: Loaded TP AndroidTargetPlatform
[2021.01.15-16.37.18:667][  0]LogTemp: Display: Loaded TP AndroidTargetPlatform
[2021.01.15-16.37.18:670][  0]LogTemp: Display: Loaded TP HTML5TargetPlatform
[2021.01.15-16.37.18:734][  0]LogTemp: Display: Loaded TP IOSTargetPlatform
[2021.01.15-16.37.18:735][  0]LogTemp: Display: Loaded TP IOSTargetPlatform
[2021.01.15-16.37.18:758][  0]LogTemp: Display: Loaded TP TVOSTargetPlatform
[2021.01.15-16.37.18:758][  0]LogTemp: Display: Loaded TP TVOSTargetPlatform
[2021.01.15-16.37.18:771][  0]LogTemp: Display: Loaded TP LinuxClientTargetPlatform
[2021.01.15-16.37.18:784][  0]LogTemp: Display: Loaded TP LinuxNoEditorTargetPlatform
[2021.01.15-16.37.18:796][  0]LogTemp: Display: Loaded TP LinuxServerTargetPlatform
[2021.01.15-16.37.18:809][  0]LogTemp: Display: Loaded TP LinuxTargetPlatform
[2021.01.15-16.37.18:848][  0]LogTemp: Display: Loaded TP LuminTargetPlatform
[2021.01.15-16.37.18:849][  0]LogTemp: Display: Loaded TP LuminTargetPlatform
[2021.01.15-16.37.18:849][  0]LogTargetPlatformManager: Display: Building Assets For Windows
[2021.01.15-16.37.18:949][  0]LogShaderCompilers: Guid format shader working directory is -33 characters bigger than the processId version (../../../../../../Users/betha/Documents/GitHub/PhysicsSimulation/PhysicsSim_UE/Intermediate/Shaders/WorkingDirectory/23436/).
[2021.01.15-16.37.18:949][  0]LogShaderCompilers: Cleaned the shader compiler working directory 'C:/Users/betha/AppData/Local/Temp/UnrealShaderWorkingDir/C0650C594CC1242A77508D9576DB0606/'.
[2021.01.15-16.37.18:951][  0]LogXGEController: Cleaning working directory: C:/Users/betha/AppData/Local/Temp/UnrealXGEWorkingDir/
[2021.01.15-16.37.18:952][  0]LogXGEController: Cannot use XGE Controller as Incredibuild is not installed on this machine.
[2021.01.15-16.37.18:952][  0]LogShaderCompilers: Cannot use XGE Shader Compiler as Incredibuild is not installed on this machine.
[2021.01.15-16.37.18:952][  0]LogShaderCompilers: Display: Using Local Shader Compiler.
[2021.01.15-16.37.19:375][  0]LogDerivedDataCache: Display: Max Cache Size: 512 MB
[2021.01.15-16.37.19:408][  0]LogDerivedDataCache: Loaded boot cache 0.03s 71MB C:/Users/betha/AppData/Local/UnrealEngine/4.21/DerivedDataCache/Boot.ddc.
[2021.01.15-16.37.19:408][  0]LogDerivedDataCache: Display: Loaded Boot cache: C:/Users/betha/AppData/Local/UnrealEngine/4.21/DerivedDataCache/Boot.ddc
[2021.01.15-16.37.19:408][  0]LogDerivedDataCache: FDerivedDataBackendGraph:  Pak pak cache file ../../../../../../Users/betha/Documents/GitHub/PhysicsSimulation/PhysicsSim_UE/DerivedDataCache/DDC.ddp not found, will not use a pak cache.
[2021.01.15-16.37.19:408][  0]LogDerivedDataCache: Unable to find inner node Pak for hierarchical cache Hierarchy.
[2021.01.15-16.37.19:409][  0]LogDerivedDataCache: FDerivedDataBackendGraph:  CompressedPak pak cache file ../../../../../../Users/betha/Documents/GitHub/PhysicsSimulation/PhysicsSim_UE/DerivedDataCache/Compressed.ddp not found, will not use a pak cache.
[2021.01.15-16.37.19:409][  0]LogDerivedDataCache: Unable to find inner node CompressedPak for hierarchical cache Hierarchy.
[2021.01.15-16.37.19:424][  0]LogDerivedDataCache: Display: Pak cache opened for reading ../../../Engine/DerivedDataCache/Compressed.ddp.
[2021.01.15-16.37.19:424][  0]LogDerivedDataCache: FDerivedDataBackendGraph:  EnterprisePak pak cache file ../../../Enterprise/DerivedDataCache/Compressed.ddp not found, will not use a pak cache.
[2021.01.15-16.37.19:424][  0]LogDerivedDataCache: Unable to find inner node EnterprisePak for hierarchical cache Hierarchy.
[2021.01.15-16.37.19:437][  0]LogDerivedDataCache: Using Local data cache path C:/Users/betha/AppData/Local/UnrealEngine/Common/DerivedDataCache: Writable
[2021.01.15-16.37.19:437][  0]LogDerivedDataCache: Shared data cache path not found in *engine.ini, will not use an Shared cache.
[2021.01.15-16.37.19:437][  0]LogDerivedDataCache: Unable to find inner node Shared for hierarchical cache Hierarchy.
[2021.01.15-16.37.19:455][  0]LogMaterial: Verifying Global Shaders for PCD3D_SM5
[2021.01.15-16.37.19:456][  0]LogSlate: Using FreeType 2.6.0
[2021.01.15-16.37.19:457][  0]LogSlate: SlateFontServices - WITH_FREETYPE: 1, WITH_HARFBUZZ: 1
[2021.01.15-16.37.19:533][  0]LogAssetRegistry: FAssetRegistry took 0.0328 seconds to start up
[2021.01.15-16.37.19:804][  0]LogInit: Selected Device Profile: [Windows]
[2021.01.15-16.37.19:936][  0]LogSimplygon: Simplygon DLL not present - disabling.
[2021.01.15-16.37.19:944][  0]LogMeshReduction: Using SimplygonSwarm for distributed automatic mesh merging
[2021.01.15-16.37.19:944][  0]LogMeshReduction: Using ProxyLODMeshReduction for automatic mesh merging
[2021.01.15-16.37.19:944][  0]LogMeshReduction: Using QuadricMeshReduction for automatic static mesh reduction
[2021.01.15-16.37.19:944][  0]LogMeshReduction: No automatic skeletal mesh reduction module available
[2021.01.15-16.37.19:954][  0]LogNetVersion: PhysicsSim_UE 1.0.0, NetCL: 4541578, EngineNetVer: 5, GameNetVer: 0 (Checksum: 1207201185)
[2021.01.15-16.37.20:313][  0]LogPackageLocalizationCache: Processed 11 localized package path(s) for 2 prioritized culture(s) in 0.051218 seconds
[2021.01.15-16.37.20:317][  0]LogUObjectArray: 39775 objects as part of root set at end of initial load.
[2021.01.15-16.37.20:317][  0]LogUObjectAllocator: 6914664 out of 0 bytes used by permanent object pool.
[2021.01.15-16.37.20:317][  0]LogUObjectArray: CloseDisregardForGC: 0/0 objects in disregard for GC pool
[2021.01.15-16.37.21:105][  0]LogTcpMessaging: Initializing TcpMessaging bridge
[2021.01.15-16.37.21:121][  0]LogUdpMessaging: Initializing bridge on interface 0.0.0.0:0 to multicast group 230.0.0.1:6666.
[2021.01.15-16.37.23:490][  0]SourceControl: Source control is disabled
[2021.01.15-16.37.23:490][  0]SourceControl: Source control is disabled
[2021.01.15-16.37.23:493][  0]SourceControl: Source control is disabled
[2021.01.15-16.37.23:496][  0]SourceControl: Source control is disabled
[2021.01.15-16.37.23:728][  0]LogAndroidPermission: UAndroidPermissionCallbackProxy::GetInstance
[2021.01.15-16.37.23:829][  0]LogOcInput: OculusInput pre-init called
[2021.01.15-16.37.23:964][  0]LogEngine: Initializing Engine...
[2021.01.15-16.37.23:965][  0]LogHMD: Failed to initialize OpenVR with code 110
[2021.01.15-16.37.23:966][  0]LogStats: UGameplayTagsManager::ConstructGameplayTagTree: ImportINI prefixes -  0.000 s
[2021.01.15-16.37.23:966][  0]LogStats: UGameplayTagsManager::ConstructGameplayTagTree: Construct from data asset -  0.000 s
[2021.01.15-16.37.23:966][  0]LogStats: UGameplayTagsManager::ConstructGameplayTagTree: ImportINI -  0.000 s
[2021.01.15-16.37.23:966][  0]LogStats: UGameplayTagsManager::ConstructGameplayTagTree: GameplayTagTreeChangedEvent.Broadcast -  0.000 s
[2021.01.15-16.37.24:121][  0]LogInit: Initializing FReadOnlyCVARCache
[2021.01.15-16.37.24:135][  0]LogAIModule: Creating AISystem for world Untitled
[2021.01.15-16.37.24:153][  0]LogInit: XAudio2 using 'Speakers (USB Audio Device)' : 2 channels at 48 kHz using 16 bits per sample (channel mask 0x3)
[2021.01.15-16.37.24:171][  0]LogInit: FAudioDevice initialized.
[2021.01.15-16.37.24:172][  0]LogNetVersion: Set ProjectVersion to 1.0.0.0. Version Checksum will be recalculated on next use.
[2021.01.15-16.37.24:248][  0]LogDerivedDataCache: Saved boot cache 0.08s 71MB C:/Users/betha/AppData/Local/UnrealEngine/4.21/DerivedDataCache/Boot.ddc.
[2021.01.15-16.37.24:248][  0]LogInit: Texture streaming: Enabled
[2021.01.15-16.37.24:271][  0]LogEngineSessionManager: EngineSessionManager initialized
[2021.01.15-16.37.24:279][  0]LogInit: Transaction tracking system initialized
[2021.01.15-16.37.24:306][  0]BlueprintLog: New page: Editor Load
[2021.01.15-16.37.24:399][  0]LocalizationService: Localization service is disabled
[2021.01.15-16.37.24:756][  0]LogFileCache: Scanning file cache for directory 'C:/Users/betha/Documents/GitHub/PhysicsSimulation/PhysicsSim_UE/Content/' took 0.01s
[2021.01.15-16.37.24:756][  0]LogCook: Display: Max memory allowance for cook 16384mb min free memory 0mb
[2021.01.15-16.37.24:756][  0]LogCook: Display: Mobile HDR setting 1
[2021.01.15-16.37.24:756][  0]LogGameplayTags: Display: UGameplayTagsManager::DoneAddingNativeTags. DelegateIsBound: 0
[2021.01.15-16.37.24:756][  0]LogStats: UGameplayTagsManager::ConstructGameplayTagTree: ImportINI prefixes -  0.000 s
[2021.01.15-16.37.24:756][  0]LogStats: UGameplayTagsManager::ConstructGameplayTagTree: Construct from data asset -  0.000 s
[2021.01.15-16.37.24:756][  0]LogStats: UGameplayTagsManager::ConstructGameplayTagTree: ImportINI -  0.000 s
[2021.01.15-16.37.24:756][  0]LogStats: UGameplayTagsManager::ConstructGameplayTagTree: GameplayTagTreeChangedEvent.Broadcast -  0.000 s
[2021.01.15-16.37.24:921][  0]SourceControl: Source control is disabled
[2021.01.15-16.37.24:921][  0]Cmd: MAP LOAD FILE="../../../../../../Users/betha/Documents/GitHub/PhysicsSimulation/PhysicsSim_UE/Content/StarterContent/Maps/Minimal_Default.umap" TEMPLATE=0 SHOWPROGRESS=1 FEATURELEVEL=3
[2021.01.15-16.37.24:921][  0]LightingResults: New page: Lighting Build
[2021.01.15-16.37.24:923][  0]MapCheck: New page: Map Check
[2021.01.15-16.37.24:923][  0]LightingResults: New page: Lighting Build
[2021.01.15-16.37.25:101][  0]LogAIModule: Creating AISystem for world Minimal_Default
[2021.01.15-16.37.25:110][  0]LogEditorServer: Finished looking for orphan Actors (0.000 secs)
[2021.01.15-16.37.25:134][  0]Cmd: MAP CHECKDEP NOCLEARLOG
[2021.01.15-16.37.25:134][  0]MapCheck: Map check complete: 0 Error(s), 0 Warning(s), took 0.187ms to complete.
[2021.01.15-16.37.25:135][  0]LogFileHelpers: Loading map 'Minimal_Default' took 0.214
[2021.01.15-16.37.25:228][  0]LogSlate: Updating window title bar state: overlay mode, drag disabled, window buttons hidden, title bar hidden
[2021.01.15-16.37.25:234][  0]LogSlate: Updating window title bar state: overlay mode, drag disabled, window buttons hidden, title bar hidden
[2021.01.15-16.37.25:239][  0]LogSlate: Updating window title bar state: overlay mode, drag disabled, window buttons hidden, title bar hidden
[2021.01.15-16.37.25:245][  0]LogSlate: Updating window title bar state: overlay mode, drag disabled, window buttons hidden, title bar hidden
[2021.01.15-16.37.25:253][  0]LogCollectionManager: Loaded 0 collections in 0.001216 seconds
[2021.01.15-16.37.25:292][  0]LogFileCache: Scanning file cache for directory 'C:/Users/betha/Documents/GitHub/PhysicsSimulation/PhysicsSim_UE/Saved/Collections/' took 0.01s
[2021.01.15-16.37.25:292][  0]LogFileCache: Scanning file cache for directory 'C:/Users/betha/Documents/GitHub/PhysicsSimulation/PhysicsSim_UE/Content/Developers/bethan/Collections/' took 0.01s
[2021.01.15-16.37.25:292][  0]LogFileCache: Scanning file cache for directory 'C:/Users/betha/Documents/GitHub/PhysicsSimulation/PhysicsSim_UE/Content/Collections/' took 0.01s
[2021.01.15-16.37.25:292][  0]LogCollectionManager: Rebuilt the GUID cache for 0 collections in 0.000000 seconds
[2021.01.15-16.37.25:301][  0]LogContentBrowser: Native class hierarchy populated in 0.0080 seconds. Added 2655 classes and 622 folders.
[2021.01.15-16.37.25:305][  0]LogContentBrowser: Native class hierarchy updated for 'WidgetCarousel' in 0.0003 seconds. Added 0 classes and 0 folders.
[2021.01.15-16.37.25:307][  0]LogPakFile: Registered encryption key '00000000000000000000000000000000': 0 pak files mounted, 0 remain pending
[2021.01.15-16.37.25:307][  0]LogPakFile: Registered encryption key '00000000000000000000000000000000': 0 pak files mounted, 0 remain pending
[2021.01.15-16.37.25:308][  0]LogPakFile: Registered encryption key '00000000000000000000000000000000': 0 pak files mounted, 0 remain pending
[2021.01.15-16.37.25:308][  0]LogPakFile: Registered encryption key '00000000000000000000000000000000': 0 pak files mounted, 0 remain pending
[2021.01.15-16.37.25:309][  0]LogPakFile: Registered encryption key '00000000000000000000000000000000': 0 pak files mounted, 0 remain pending
[2021.01.15-16.37.25:309][  0]LogPakFile: Registered encryption key '00000000000000000000000000000000': 0 pak files mounted, 0 remain pending
[2021.01.15-16.37.25:310][  0]LogPakFile: Registered encryption key '00000000000000000000000000000000': 0 pak files mounted, 0 remain pending
[2021.01.15-16.37.25:310][  0]LogPakFile: Registered encryption key '00000000000000000000000000000000': 0 pak files mounted, 0 remain pending
[2021.01.15-16.37.25:310][  0]LogPakFile: Registered encryption key '00000000000000000000000000000000': 0 pak files mounted, 0 remain pending
[2021.01.15-16.37.25:311][  0]LogPakFile: Registered encryption key '00000000000000000000000000000000': 0 pak files mounted, 0 remain pending
[2021.01.15-16.37.25:311][  0]LogPakFile: Registered encryption key '00000000000000000000000000000000': 0 pak files mounted, 0 remain pending
[2021.01.15-16.37.25:312][  0]LogPakFile: Registered encryption key '00000000000000000000000000000000': 0 pak files mounted, 0 remain pending
[2021.01.15-16.37.25:312][  0]LogPakFile: Registered encryption key '00000000000000000000000000000000': 0 pak files mounted, 0 remain pending
[2021.01.15-16.37.25:313][  0]LogPakFile: Registered encryption key '00000000000000000000000000000000': 0 pak files mounted, 0 remain pending
[2021.01.15-16.37.25:313][  0]LogPakFile: Registered encryption key '00000000000000000000000000000000': 0 pak files mounted, 0 remain pending
[2021.01.15-16.37.25:314][  0]LogPakFile: Registered encryption key '00000000000000000000000000000000': 0 pak files mounted, 0 remain pending
[2021.01.15-16.37.25:314][  0]LogPakFile: Registered encryption key '00000000000000000000000000000000': 0 pak files mounted, 0 remain pending
[2021.01.15-16.37.25:315][  0]LogPakFile: Registered encryption key '00000000000000000000000000000000': 0 pak files mounted, 0 remain pending
[2021.01.15-16.37.25:315][  0]LogPakFile: Registered encryption key '00000000000000000000000000000000': 0 pak files mounted, 0 remain pending
[2021.01.15-16.37.25:315][  0]LogPakFile: Registered encryption key '00000000000000000000000000000000': 0 pak files mounted, 0 remain pending
[2021.01.15-16.37.25:316][  0]LogPakFile: Registered encryption key '00000000000000000000000000000000': 0 pak files mounted, 0 remain pending
[2021.01.15-16.37.25:316][  0]LogPakFile: Registered encryption key '00000000000000000000000000000000': 0 pak files mounted, 0 remain pending
[2021.01.15-16.37.25:317][  0]LogPakFile: Registered encryption key '00000000000000000000000000000000': 0 pak files mounted, 0 remain pending
[2021.01.15-16.37.25:317][  0]LogPakFile: Registered encryption key '00000000000000000000000000000000': 0 pak files mounted, 0 remain pending
[2021.01.15-16.37.25:318][  0]LogPakFile: Registered encryption key '00000000000000000000000000000000': 0 pak files mounted, 0 remain pending
[2021.01.15-16.37.25:318][  0]LogPakFile: Registered encryption key '00000000000000000000000000000000': 0 pak files mounted, 0 remain pending
[2021.01.15-16.37.25:344][  0]LogContentBrowser: Native class hierarchy updated for 'AddContentDialog' in 0.0003 seconds. Added 0 classes and 0 folders.
[2021.01.15-16.37.25:352][  0]LogContentBrowser: Native class hierarchy updated for 'SceneOutliner' in 0.0003 seconds. Added 1 classes and 2 folders.
[2021.01.15-16.37.25:367][  0]LogSlate: Took 0.000224 seconds to synchronously load lazily loaded font '../../../Engine/Content/Slate/Fonts/Roboto-Regular.ttf' (155K)
[2021.01.15-16.37.25:368][  0]LogSlate: Took 0.000121 seconds to synchronously load lazily loaded font '../../../Engine/Content/Slate/Fonts/Roboto-Bold.ttf' (160K)
[2021.01.15-16.37.25:372][  0]LogSlate: Took 0.000128 seconds to synchronously load lazily loaded font '../../../Engine/Content/Editor/Slate/Fonts/FontAwesome.ttf' (139K)
[2021.01.15-16.37.25:431][  0]LogRenderer: Reallocating scene render targets to support 1684x812 Format 10 NumSamples 1 (Frame:1).
[2021.01.15-16.37.25:550][  0]LogContentBrowser: Native class hierarchy updated for 'HierarchicalLODOutliner' in 0.0004 seconds. Added 0 classes and 0 folders.
[2021.01.15-16.37.25:550][  0]LogLoad: (Engine Initialization) Total time: 10.66 seconds
[2021.01.15-16.37.25:550][  0]LogLoad: (Engine Initialization) Total Blueprint compile time: 0.00 seconds
[2021.01.15-16.37.25:564][  0]LoadErrors: Warning: CreateExport: Failed to load Outer for resource 'Sphere': MovingSphere /Game/StarterContent/Maps/Minimal_Default.Minimal_Default:PersistentLevel.MovingSphere_1
[2021.01.15-16.37.25:613][  0]LogContentStreaming: Texture pool size now 1000 MB
[2021.01.15-16.37.25:616][  0]LogSlate: FSceneViewport::OnFocusLost() reason 2
[2021.01.15-16.37.25:677][  1]LogAssetRegistry: Asset discovery search completed in 6.1680 seconds
[2021.01.15-16.37.25:679][  1]LogCollectionManager: Rebuilt the object cache for 0 collections in 0.000000 seconds (found 0 objects)
[2021.01.15-16.37.25:679][  1]LogCollectionManager: Fixed up redirectors for 0 collections in 0.000095 seconds (updated 0 objects)
[2021.01.15-16.37.33:686][960]LogSlate: Window 'Message Log' being destroyed
[2021.01.15-16.37.33:689][960]LogSlate: Window 'Message Log' being destroyed
[2021.01.15-16.37.38:947][586]LogSlate: FSceneViewport::OnFocusLost() reason 0
[2021.01.15-16.37.39:014][594]LogTemp: Repeating last play command: Selected Viewport
[2021.01.15-16.37.39:020][594]LogBlueprintUserMessages: Early PlayInEditor Detection: Level '/Game/StarterContent/Maps/Minimal_Default.Minimal_Default:PersistentLevel' has LevelScriptBlueprint '/Game/StarterContent/Maps/Minimal_Default.Minimal_Default:PersistentLevel.Minimal_Default' with GeneratedClass '/Game/StarterContent/Maps/Minimal_Default.Minimal_Default_C' with ClassGeneratedBy '/Game/StarterContent/Maps/Minimal_Default.Minimal_Default:PersistentLevel.Minimal_Default'
[2021.01.15-16.37.39:020][594]LogPlayLevel: PlayLevel: No blueprints needed recompiling
[2021.01.15-16.37.39:021][594]PIE: New page: PIE session: Minimal_Default (15 Jan 2021 16:37:39)
[2021.01.15-16.37.39:034][594]LogPlayLevel: Creating play world package: /Game/StarterContent/Maps/UEDPIE_0_Minimal_Default
[2021.01.15-16.37.39:036][594]LogPlayLevel: PIE: StaticDuplicateObject took: (0.002322s)
[2021.01.15-16.37.39:037][594]LogAIModule: Creating AISystem for world Minimal_Default
[2021.01.15-16.37.39:037][594]LogPlayLevel: PIE: World Init took: (0.000598s)
[2021.01.15-16.37.39:037][594]LogPlayLevel: PIE: Created PIE world by copying editor world from /Game/StarterContent/Maps/Minimal_Default.Minimal_Default to /Game/StarterContent/Maps/UEDPIE_0_Minimal_Default.Minimal_Default (0.003525s)
[2021.01.15-16.37.39:072][594]LogInit: XAudio2 using 'Speakers (USB Audio Device)' : 2 channels at 48 kHz using 16 bits per sample (channel mask 0x3)
[2021.01.15-16.37.39:081][594]LogInit: FAudioDevice initialized.
[2021.01.15-16.37.39:127][594]LogUObjectGlobals: Warning: Failed to find object 'Class /Script/PhysicsSim_UE.PhysicsSim_UEGameMode'
[2021.01.15-16.37.39:127][594]LogLoad: Game class is 'GameModeBase'
[2021.01.15-16.37.39:128][594]LogWorld: Bringing World /Game/StarterContent/Maps/UEDPIE_0_Minimal_Default.Minimal_Default up for play (max tick rate 0) at 2021.01.15-16.37.39
[2021.01.15-16.37.39:128][594]LogWorld: Bringing up level for play took: 0.000709
[2021.01.15-16.37.39:145][594]LogContentBrowser: Native class hierarchy updated for 'MovieSceneCapture' in 0.0004 seconds. Added 20 classes and 0 folders.
[2021.01.15-16.37.39:146][594]PIE: Play in editor start time for /Game/StarterContent/Maps/UEDPIE_0_Minimal_Default 0.001
[2021.01.15-16.37.39:146][594]LogBlueprintUserMessages: Late PlayInEditor Detection: Level '/Game/StarterContent/Maps/Minimal_Default.Minimal_Default:PersistentLevel' has LevelScriptBlueprint '/Game/StarterContent/Maps/Minimal_Default.Minimal_Default:PersistentLevel.Minimal_Default' with GeneratedClass '/Game/StarterContent/Maps/Minimal_Default.Minimal_Default_C' with ClassGeneratedBy '/Game/StarterContent/Maps/Minimal_Default.Minimal_Default:PersistentLevel.Minimal_Default'
[2021.01.15-16.37.41:266][847]LogBlueprintUserMessages: Early EndPlayMap Detection: Level '/Game/StarterContent/Maps/Minimal_Default.Minimal_Default:PersistentLevel' has LevelScriptBlueprint '/Game/StarterContent/Maps/Minimal_Default.Minimal_Default:PersistentLevel.Minimal_Default' with GeneratedClass '/Game/StarterContent/Maps/Minimal_Default.Minimal_Default_C' with ClassGeneratedBy '/Game/StarterContent/Maps/Minimal_Default.Minimal_Default:PersistentLevel.Minimal_Default'
[2021.01.15-16.37.41:267][847]LogSlate: Updating window title bar state: overlay mode, drag disabled, window buttons hidden, title bar hidden
[2021.01.15-16.37.41:297][847]LogPlayLevel: Display: Shutting down PIE online subsystems
[2021.01.15-16.37.41:297][847]LogBlueprintUserMessages: Late EndPlayMap Detection: Level '/Game/StarterContent/Maps/Minimal_Default.Minimal_Default:PersistentLevel' has LevelScriptBlueprint '/Game/StarterContent/Maps/Minimal_Default.Minimal_Default:PersistentLevel.Minimal_Default' with GeneratedClass '/Game/StarterContent/Maps/Minimal_Default.Minimal_Default_C' with ClassGeneratedBy '/Game/StarterContent/Maps/Minimal_Default.Minimal_Default:PersistentLevel.Minimal_Default'
[2021.01.15-16.37.41:322][847]LogSlate: Updating window title bar state: overlay mode, drag disabled, window buttons hidden, title bar hidden
[2021.01.15-16.37.41:374][853]LogPlayLevel: Display: Destroying online subsystem :Context_1
[2021.01.15-16.47.34:680][394]LogSlate: Took 0.000237 seconds to synchronously load lazily loaded font '../../../Engine/Content/Slate/Fonts/Roboto-Light.ttf' (167K)
[2021.01.15-16.47.56:053][578]LogSlate: Took 0.027078 seconds to synchronously load lazily loaded font '../../../Engine/Content/Slate/Fonts/Roboto-BoldCondensed.ttf' (158K)
[2021.01.15-16.49.10:571][800]Running C:/Program Files/Epic Games/UE_4.21/Engine/Binaries/DotNET/UnrealBuildTool.exe  -projectfiles -project="C:/Users/betha/Documents/GitHub/PhysicsSimulation/PhysicsSim_UE/PhysicsSim_UE.uproject" -game -rocket -progress
[2021.01.15-16.49.10:773][800]Discovering modules, targets and source code for project...
[2021.01.15-16.49.12:180][800]Binding IntelliSense data...
[2021.01.15-16.49.13:586][800]Binding IntelliSense data... 100%
[2021.01.15-16.49.13:586][800]Writing project files...
[2021.01.15-16.49.15:297][800]Writing project files... 100%
[2021.01.15-16.49.15:406][800]LogVSAccessor: Warning: Couldn't access Visual Studio
[2021.01.15-16.49.15:413][800]Candidate modules for hot reload:
[2021.01.15-16.49.15:413][800]  PhysicsSim_UE
[2021.01.15-16.49.15:413][800]Launching UnrealBuildTool... [C:/Program Files/Epic Games/UE_4.21/Engine/Binaries/DotNET/UnrealBuildTool.exe  -ModuleWithSuffix=PhysicsSim_UE,1870 Win64 Development -TargetType=Editor -Project="../../../../../../Users/betha/Documents/GitHub/PhysicsSimulation/PhysicsSim_UE/PhysicsSim_UE.uproject" -canskiplink "C:/Users/betha/Documents/GitHub/PhysicsSimulation/PhysicsSim_UE/PhysicsSim_UE.uproject" ]
[2021.01.15-16.49.28:173][800]CompilerResultsLog: New page: Compilation - 15 Jan 2021 16:49:28
[2021.01.15-16.49.28:174][800]CompilerResultsLog: Using 'git status' to determine working set for adaptive non-unity build (C:\Users\betha\Documents\GitHub\PhysicsSimulation).
[2021.01.15-16.49.28:174][800]CompilerResultsLog: Creating makefile for hot reloading PhysicsSim_UEEditor (no existing makefile)
[2021.01.15-16.49.28:174][800]CompilerResultsLog: Compiling game modules for hot reload
[2021.01.15-16.49.28:174][800]CompilerResultsLog: Using Visual Studio 2017 14.28.29333 toolchain (C:\Program Files (x86)\Microsoft Visual Studio\2019\Community\VC\Tools\MSVC\14.28.29333) and Windows 10.0.18362.0 SDK (C:\Program Files (x86)\Windows Kits\10).
[2021.01.15-16.49.28:174][800]CompilerResultsLog: Parsing headers for PhysicsSim_UEEditor
[2021.01.15-16.49.28:174][800]CompilerResultsLog:   Running UnrealHeaderTool "C:\Users\betha\Documents\GitHub\PhysicsSimulation\PhysicsSim_UE\PhysicsSim_UE.uproject" "C:\Users\betha\Documents\GitHub\PhysicsSimulation\PhysicsSim_UE\Intermediate\Build\Win64\PhysicsSim_UEEditor\Development\PhysicsSim_UEEditor.uhtmanifest" -LogCmds="loginit warning, logexit warning, logdatabase error" -Unattended -WarningsAsErrors -installed
[2021.01.15-16.49.28:174][800]CompilerResultsLog: Reflection code generated for PhysicsSim_UEEditor in 7.0683471 seconds
[2021.01.15-16.49.28:174][800]CompilerResultsLog: Building 5 actions with 24 processes...
[2021.01.15-16.49.28:174][800]CompilerResultsLog:   [1/5] PhysicsSim_UE.init.gen.cpp
[2021.01.15-16.49.28:174][800]CompilerResultsLog:   [2/5] MovingSphere.cpp
[2021.01.15-16.49.28:174][800]CompilerResultsLog:   [3/5] MovingSphere.gen.cpp
[2021.01.15-16.49.28:174][800]CompilerResultsLog:   [4/5] UE4Editor-PhysicsSim_UE-1870.lib
[2021.01.15-16.49.28:175][800]CompilerResultsLog:      Creating library C:\Users\betha\Documents\GitHub\PhysicsSimulation\PhysicsSim_UE\Intermediate\Build\Win64\UE4Editor\Development\PhysicsSim_UE\UE4Editor-PhysicsSim_UE-1870.lib and object C:\Users\betha\Documents\GitHub\PhysicsSimulation\PhysicsSim_UE\Intermediate\Build\Win64\UE4Editor\Development\PhysicsSim_UE\UE4Editor-PhysicsSim_UE-1870.exp
[2021.01.15-16.49.28:175][800]CompilerResultsLog:   [5/5] UE4Editor-PhysicsSim_UE-1870.dll
[2021.01.15-16.49.28:175][800]CompilerResultsLog:      Creating library C:\Users\betha\Documents\GitHub\PhysicsSimulation\PhysicsSim_UE\Intermediate\Build\Win64\UE4Editor\Development\PhysicsSim_UE\UE4Editor-PhysicsSim_UE-1870.suppressed.lib and object C:\Users\betha\Documents\GitHub\PhysicsSimulation\PhysicsSim_UE\Intermediate\Build\Win64\UE4Editor\Development\PhysicsSim_UE\UE4Editor-PhysicsSim_UE-1870.suppressed.exp
[2021.01.15-16.49.28:175][800]CompilerResultsLog: Total build time: 12.57 seconds (Parallel executor: 0.93 seconds)
[2021.01.15-16.49.28:175][800]LogMainFrame: MainFrame: Module compiling took 12.768 seconds
[2021.01.15-16.49.29:864][800]LogClass: Could not find existing class MovingSphere in package /Script/PhysicsSim_UE for HotReload, assuming new class
[2021.01.15-16.49.29:867][800]LogContentBrowser: Native class hierarchy updated for 'PhysicsSim_UE' in 0.0005 seconds. Added 5 classes and 2 folders.
[2021.01.15-16.49.29:868][800]Display: HotReload successful (0 functions remapped  0 scriptstructs remapped)
[2021.01.15-16.49.30:167][800]LogContentBrowser: Native class hierarchy populated in 0.0074 seconds. Added 2657 classes and 624 folders.
[2021.01.15-16.49.30:168][800]Display: HotReload took 14.8s.
[2021.01.15-16.49.30:169][800]Warning: HotReload operation took 14.8s.
[2021.01.15-16.49.30:521][800]LogSlate: Window 'Add C++ Class' being destroyed
[2021.01.15-16.49.30:535][800]LogHotReload: New module detected: UE4Editor-PhysicsSim_UE-1870.dll
[2021.01.15-16.49.30:622][801]LogHotReload: Starting Hot-Reload from IDE
[2021.01.15-16.49.30:719][801]LogContentBrowser: Native class hierarchy updated for 'PhysicsSim_UE' in 0.0004 seconds. Added 5 classes and 2 folders.
[2021.01.15-16.49.30:720][801]Display: HotReload successful (0 functions remapped  0 scriptstructs remapped)
[2021.01.15-16.49.30:754][801]LogContentBrowser: Native class hierarchy populated in 0.0074 seconds. Added 2657 classes and 624 folders.
[2021.01.15-16.49.30:757][801]Display: HotReload took  0.1s.
