Log file open, 01/22/21 00:57:09
LogWindows: Failed to load 'aqProf.dll' (GetLastError=126)
LogWindows: File 'aqProf.dll' does not exist
LogWindows: Failed to load 'VtuneApi.dll' (GetLastError=126)
LogWindows: File 'VtuneApi.dll' does not exist
LogWindows: Failed to load 'VtuneApi32e.dll' (GetLastError=126)
LogWindows: File 'VtuneApi32e.dll' does not exist
LogConsoleResponse: Display: Failed to find resolution value strings in scalability ini. Falling back to default.
LogInit: Display: Running engine for game: PhysicsSim_UE
LogPakFile: Registered encryption key '00000000000000000000000000000000': 0 pak files mounted, 0 remain pending
LogPlatformFile: Not using cached read wrapper
LogTaskGraph: Started task graph with 5 named threads and 71 total threads with 3 sets of task threads.
LogStats: Stats thread started at 0.882594
LogD3D11RHI: Loaded GFSDK_Aftermath_Lib.x64.dll
LogICUInternationalization: ICU TimeZone Detection - Raw Offset: +0:00, Platform Override: ''
LogPluginManager: Mounting plugin Paper2D
LogPluginManager: Mounting plugin AISupport
LogPluginManager: Mounting plugin LightPropagationVolume
LogPluginManager: Mounting plugin ActorLayerUtilities
LogPluginManager: Mounting plugin CLionSourceCodeAccess
LogPluginManager: Mounting plugin CodeLiteSourceCodeAccess
LogPluginManager: Mounting plugin GitSourceControl
LogPluginManager: Mounting plugin KDevelopSourceCodeAccess
LogPluginManager: Mounting plugin NullSourceCodeAccess
LogPluginManager: Mounting plugin PerforceSourceControl
LogPluginManager: Mounting plugin SubversionSourceControl
LogPluginManager: Mounting plugin UObjectPlugin
LogPluginManager: Mounting plugin VisualStudioCodeSourceCodeAccess
LogPluginManager: Mounting plugin VisualStudioSourceCodeAccess
LogPluginManager: Mounting plugin XCodeSourceCodeAccess
LogPluginManager: Mounting plugin AssetManagerEditor
LogPluginManager: Mounting plugin CryptoKeys
LogPluginManager: Mounting plugin DataValidation
LogPluginManager: Mounting plugin FacialAnimation
LogPluginManager: Mounting plugin GameplayTagsEditor
LogPluginManager: Mounting plugin MacGraphicsSwitching
LogPluginManager: Mounting plugin MeshEditor
LogPluginManager: Mounting plugin MobileLauncherProfileWizard
LogPluginManager: Mounting plugin PluginBrowser
LogPluginManager: Mounting plugin SpeedTreeImporter
LogPluginManager: Mounting plugin DatasmithContent
LogPluginManager: Mounting plugin VariantManagerContent
LogPluginManager: Mounting plugin AlembicImporter
LogPluginManager: Mounting plugin AppleImageUtils
LogPluginManager: Mounting plugin AppleVision
LogPluginManager: Mounting plugin BackChannel
LogPluginManager: Mounting plugin CharacterAI
LogPluginManager: Mounting plugin GeometryCache
LogPluginManager: Mounting plugin HTML5Networking
LogPluginManager: Mounting plugin ProxyLODPlugin
LogPluginManager: Mounting plugin MagicLeap
LogPluginManager: Mounting plugin MagicLeapMedia
LogPluginManager: Mounting plugin AndroidMedia
LogPluginManager: Mounting plugin AvfMedia
LogPluginManager: Mounting plugin ImgMedia
LogPluginManager: Mounting plugin LinearTimecode
LogPluginManager: Mounting plugin MediaCompositing
LogPluginManager: Mounting plugin MediaPlayerEditor
LogPluginManager: Mounting plugin WebMMedia
LogPluginManager: Mounting plugin WmfMedia
LogPluginManager: Mounting plugin TcpMessaging
LogPluginManager: Mounting plugin UdpMessaging
LogPluginManager: Mounting plugin ActorSequence
LogPluginManager: Mounting plugin LevelSequenceEditor
LogPluginManager: Mounting plugin MatineeToLevelSequence
LogPluginManager: Mounting plugin NetcodeUnitTest
LogPluginManager: Mounting plugin NUTUnrealEngine4
LogPluginManager: Mounting plugin OnlineSubsystemGooglePlay
LogPluginManager: Mounting plugin OnlineSubsystemIOS
LogPluginManager: Mounting plugin OnlineSubsystem
LogPluginManager: Mounting plugin OnlineSubsystemNull
LogPluginManager: Mounting plugin OnlineSubsystemUtils
LogPluginManager: Mounting plugin LauncherChunkInstaller
LogPluginManager: Mounting plugin AndroidDeviceProfileSelector
LogPluginManager: Mounting plugin AndroidMoviePlayer
LogPluginManager: Mounting plugin AndroidPermission
LogPluginManager: Mounting plugin AppleMoviePlayer
LogPluginManager: Mounting plugin ArchVisCharacter
LogPluginManager: Mounting plugin AudioCapture
LogPluginManager: Mounting plugin CableComponent
LogPluginManager: Mounting plugin CustomMeshComponent
LogPluginManager: Mounting plugin EditableMesh
LogPluginManager: Mounting plugin ExampleDeviceProfileSelector
LogPluginManager: Mounting plugin Firebase
LogPluginManager: Mounting plugin GoogleCloudMessaging
LogPluginManager: Mounting plugin IOSDeviceProfileSelector
LogPluginManager: Mounting plugin LinuxDeviceProfileSelector
LogPluginManager: Mounting plugin LocationServicesBPLibrary
LogPluginManager: Mounting plugin MobilePatchingUtils
LogPluginManager: Mounting plugin OculusVR
LogPluginManager: Mounting plugin PhysXVehicles
LogPluginManager: Mounting plugin ProceduralMeshComponent
LogPluginManager: Mounting plugin RuntimePhysXCooking
LogPluginManager: Mounting plugin SteamVR
LogPluginManager: Mounting plugin WebMMoviePlayer
LogPluginManager: Mounting plugin WindowsMoviePlayer
LogStreaming: Display: Took  0.098s to configure plugins.
LogInit: Using libcurl 7.55.1-DEV
LogInit:  - built for x86_64-pc-win32
LogInit:  - supports SSL with OpenSSL/1.0.2h
LogInit:  - supports HTTP deflate (compression) using libz 1.2.8
LogInit:  - other features:
LogInit:      CURL_VERSION_SSL
LogInit:      CURL_VERSION_LIBZ
LogInit:      CURL_VERSION_IPV6
LogInit:      CURL_VERSION_ASYNCHDNS
LogInit:      CURL_VERSION_LARGEFILE
LogInit:      CURL_VERSION_IDN
LogInit:  CurlRequestOptions (configurable via config and command line):
LogInit:  - bVerifyPeer = true  - Libcurl will verify peer certificate
LogInit:  - bUseHttpProxy = false  - Libcurl will NOT use HTTP proxy
LogInit:  - bDontReuseConnections = false  - Libcurl will reuse connections
LogInit:  - MaxHostConnections = 16  - Libcurl will limit the number of connections to a host
LogInit:  - LocalHostAddr = Default
LogInit:  - BufferSize = 65536
LogInit: WinSock: version 1.1 (2.2), MaxSocks=32767, MaxUdp=65467
LogInit: Build: ++UE4+Release-4.21-CL-4753647
LogInit: Engine Version: 4.21.2-4753647+++UE4+Release-4.21
LogInit: Compatible Engine Version: 4.21.0-4541578+++UE4+Release-4.21
LogInit: Net CL: 4541578
LogInit: OS: Windows 10 (), CPU: AMD Ryzen 9 3900X 12-Core Processor            , GPU: NVIDIA GeForce RTX 2070 SUPER
LogInit: Compiled (64-bit): Jan 19 2019 02:07:31
LogInit: Compiled with Visual C++: 19.13.26129.00
LogInit: Build Configuration: Development
LogInit: Branch Name: ++UE4+Release-4.21
LogInit: Command Line:  -skipcompile
LogInit: Base Directory: C:/Program Files/Epic Games/UE_4.21/Engine/Binaries/Win64/
LogInit: Installed Engine Build: 1
LogDevObjectVersion: Number of dev versions registered: 22
LogDevObjectVersion:   Dev-Blueprints (B0D832E4-1F89-4F0D-ACCF-7EB736FD4AA2): 10
LogDevObjectVersion:   Dev-Build (E1C64328-A22C-4D53-A36C-8E866417BD8C): 0
LogDevObjectVersion:   Dev-Core (375EC13C-06E4-48FB-B500-84F0262A717E): 2
LogDevObjectVersion:   Dev-Editor (E4B068ED-F494-42E9-A231-DA0B2E46BB41): 26
LogDevObjectVersion:   Dev-Framework (CFFC743F-43B0-4480-9391-14DF171D2073): 34
LogDevObjectVersion:   Dev-Mobile (B02B49B5-BB20-44E9-A304-32B752E40360): 2
LogDevObjectVersion:   Dev-Networking (A4E4105C-59A1-49B5-A7C5-40C4547EDFEE): 0
LogDevObjectVersion:   Dev-Online (39C831C9-5AE6-47DC-9A44-9C173E1C8E7C): 0
LogDevObjectVersion:   Dev-Physics (78F01B33-EBEA-4F98-B9B4-84EACCB95AA2): 0
LogDevObjectVersion:   Dev-Platform (6631380F-2D4D-43E0-8009-CF276956A95A): 0
LogDevObjectVersion:   Dev-Rendering (12F88B9F-8875-4AFC-A67C-D90C383ABD29): 27
LogDevObjectVersion:   Dev-Sequencer (7B5AE74C-D270-4C10-A958-57980B212A5A): 9
LogDevObjectVersion:   Dev-VR (D7296918-1DD6-4BDD-9DE2-64A83CC13884): 2
LogDevObjectVersion:   Dev-LoadTimes (C2A15278-BFE7-4AFE-6C17-90FF531DF755): 1
LogDevObjectVersion:   Private-Geometry (6EACA3D4-40EC-4CC1-B786-8BED09428FC5): 3
LogDevObjectVersion:   Dev-AnimPhys (29E575DD-E0A3-4627-9D10-D276232CDCEA): 17
LogDevObjectVersion:   Dev-Anim (AF43A65D-7FD3-4947-9873-3E8ED9C1BB05): 2
LogDevObjectVersion:   Dev-ReflectionCapture (6B266CEC-1EC7-4B8F-A30B-E4D90942FC07): 1
LogDevObjectVersion:   Dev-Automation (0DF73D61-A23F-47EA-B727-89E90C41499A): 1
LogDevObjectVersion:   FortniteMain (601D1886-AC64-4F84-AA16-D3DE0DEAC7D6): 17
LogDevObjectVersion:   Dev-Enterprise (9DFFBCD6-494F-0158-E221-12823C92A888): 4
LogDevObjectVersion:   Dev-Niagara (F2AED0AC-9AFE-416F-8664-AA7FFA26D6FC): 1
LogStreaming: Display: Took  0.003s to delete old logs.
LogInit: Presizing for max 8388607 objects, including 0 objects not considered by GC, pre-allocating 0 bytes for permanent pool.
LogInit: Object subsystem initialized
LogConfig: Setting CVar [[con.DebugEarlyDefault:1]]
LogConfig: Setting CVar [[r.setres:1280x720]]
[2021.01.22-00.57.09:703][  0]LogConfig: Setting CVar [[r.VSync:0]]
[2021.01.22-00.57.09:703][  0]LogConfig: Setting CVar [[r.RHICmdBypass:0]]
[2021.01.22-00.57.09:703][  0]LogConfig: Applying CVar settings from Section [/Script/Engine.RendererSettings] File [C:/Users/betha/Documents/GitHub/PhysicsSimulation/PhysicsSim_UE/Saved/Config/Windows/Engine.ini]
[2021.01.22-00.57.09:703][  0]LogConfig: Setting CVar [[r.GPUCrashDebugging:0]]
[2021.01.22-00.57.09:703][  0]LogConfig: Applying CVar settings from Section [/Script/Engine.RendererOverrideSettings] File [C:/Users/betha/Documents/GitHub/PhysicsSimulation/PhysicsSim_UE/Saved/Config/Windows/Engine.ini]
[2021.01.22-00.57.09:703][  0]LogConfig: Applying CVar settings from Section [/Script/Engine.StreamingSettings] File [C:/Users/betha/Documents/GitHub/PhysicsSimulation/PhysicsSim_UE/Saved/Config/Windows/Engine.ini]
[2021.01.22-00.57.09:704][  0]LogConfig: Setting CVar [[s.MinBulkDataSizeForAsyncLoading:131072]]
[2021.01.22-00.57.09:704][  0]LogConfig: Setting CVar [[s.AsyncLoadingThreadEnabled:0]]
[2021.01.22-00.57.09:704][  0]LogConfig: Setting CVar [[s.EventDrivenLoaderEnabled:1]]
[2021.01.22-00.57.09:704][  0]LogConfig: Setting CVar [[s.WarnIfTimeLimitExceeded:0]]
[2021.01.22-00.57.09:704][  0]LogConfig: Setting CVar [[s.TimeLimitExceededMultiplier:1.5]]
[2021.01.22-00.57.09:704][  0]LogConfig: Setting CVar [[s.TimeLimitExceededMinTime:0.005]]
[2021.01.22-00.57.09:704][  0]LogConfig: Setting CVar [[s.UseBackgroundLevelStreaming:1]]
[2021.01.22-00.57.09:704][  0]LogConfig: Setting CVar [[s.PriorityAsyncLoadingExtraTime:15.0]]
[2021.01.22-00.57.09:704][  0]LogConfig: Setting CVar [[s.LevelStreamingActorsUpdateTimeLimit:5.0]]
[2021.01.22-00.57.09:704][  0]LogConfig: Setting CVar [[s.PriorityLevelStreamingActorsUpdateExtraTime:5.0]]
[2021.01.22-00.57.09:704][  0]LogConfig: Setting CVar [[s.LevelStreamingComponentsRegistrationGranularity:10]]
[2021.01.22-00.57.09:704][  0]LogConfig: Setting CVar [[s.UnregisterComponentsTimeLimit:1.0]]
[2021.01.22-00.57.09:704][  0]LogConfig: Setting CVar [[s.LevelStreamingComponentsUnregistrationGranularity:5]]
[2021.01.22-00.57.09:704][  0]LogConfig: Applying CVar settings from Section [/Script/Engine.GarbageCollectionSettings] File [C:/Users/betha/Documents/GitHub/PhysicsSimulation/PhysicsSim_UE/Saved/Config/Windows/Engine.ini]
[2021.01.22-00.57.09:704][  0]LogConfig: Setting CVar [[gc.MaxObjectsNotConsideredByGC:1]]
[2021.01.22-00.57.09:704][  0]LogConfig: Setting CVar [[gc.SizeOfPermanentObjectPool:0]]
[2021.01.22-00.57.09:704][  0]LogConfig: Setting CVar [[gc.FlushStreamingOnGC:0]]
[2021.01.22-00.57.09:704][  0]LogConfig: Setting CVar [[gc.NumRetriesBeforeForcingGC:10]]
[2021.01.22-00.57.09:704][  0]LogConfig: Setting CVar [[gc.AllowParallelGC:1]]
[2021.01.22-00.57.09:704][  0]LogConfig: Setting CVar [[gc.TimeBetweenPurgingPendingKillObjects:61.1]]
[2021.01.22-00.57.09:705][  0]LogConfig: Setting CVar [[gc.MaxObjectsInEditor:8388607]]
[2021.01.22-00.57.09:705][  0]LogConfig: Setting CVar [[gc.IncrementalBeginDestroyEnabled:1]]
[2021.01.22-00.57.09:705][  0]LogConfig: Setting CVar [[gc.CreateGCClusters:1]]
[2021.01.22-00.57.09:705][  0]LogConfig: Setting CVar [[gc.MergeGCClusters:0]]
[2021.01.22-00.57.09:705][  0]LogConfig: Setting CVar [[gc.MinGCClusterSize:5]]
[2021.01.22-00.57.09:705][  0]LogConfig: Setting CVar [[gc.ActorClusteringEnabled:0]]
[2021.01.22-00.57.09:705][  0]LogConfig: Setting CVar [[gc.BlueprintClusteringEnabled:0]]
[2021.01.22-00.57.09:705][  0]LogConfig: Setting CVar [[gc.UseDisregardForGCOnDedicatedServers:0]]
[2021.01.22-00.57.09:705][  0]LogConfig: Applying CVar settings from Section [/Script/Engine.NetworkSettings] File [C:/Users/betha/Documents/GitHub/PhysicsSimulation/PhysicsSim_UE/Saved/Config/Windows/Engine.ini]
[2021.01.22-00.57.09:705][  0]LogConfig: Applying CVar settings from Section [/Script/UnrealEd.CookerSettings] File [C:/Users/betha/Documents/GitHub/PhysicsSimulation/PhysicsSim_UE/Saved/Config/Windows/Engine.ini]
[2021.01.22-00.57.09:712][  0]LogConfig: Applying CVar settings from Section [ViewDistanceQuality@3] File [C:/Users/betha/Documents/GitHub/PhysicsSimulation/PhysicsSim_UE/Saved/Config/Windows/Scalability.ini]
[2021.01.22-00.57.09:712][  0]LogConfig: Setting CVar [[r.SkeletalMeshLODBias:0]]
[2021.01.22-00.57.09:712][  0]LogConfig: Setting CVar [[r.ViewDistanceScale:1.0]]
[2021.01.22-00.57.09:712][  0]LogConfig: Applying CVar settings from Section [AntiAliasingQuality@3] File [C:/Users/betha/Documents/GitHub/PhysicsSimulation/PhysicsSim_UE/Saved/Config/Windows/Scalability.ini]
[2021.01.22-00.57.09:712][  0]LogConfig: Setting CVar [[r.PostProcessAAQuality:4]]
[2021.01.22-00.57.09:712][  0]LogConfig: Applying CVar settings from Section [ShadowQuality@3] File [C:/Users/betha/Documents/GitHub/PhysicsSimulation/PhysicsSim_UE/Saved/Config/Windows/Scalability.ini]
[2021.01.22-00.57.09:712][  0]LogConfig: Setting CVar [[r.LightFunctionQuality:1]]
[2021.01.22-00.57.09:712][  0]LogConfig: Setting CVar [[r.ShadowQuality:5]]
[2021.01.22-00.57.09:712][  0]LogConfig: Setting CVar [[r.Shadow.CSM.MaxCascades:10]]
[2021.01.22-00.57.09:712][  0]LogConfig: Setting CVar [[r.Shadow.MaxResolution:2048]]
[2021.01.22-00.57.09:712][  0]LogConfig: Setting CVar [[r.Shadow.MaxCSMResolution:2048]]
[2021.01.22-00.57.09:712][  0]LogConfig: Setting CVar [[r.Shadow.RadiusThreshold:0.01]]
[2021.01.22-00.57.09:712][  0]LogConfig: Setting CVar [[r.Shadow.DistanceScale:1.0]]
[2021.01.22-00.57.09:713][  0]LogConfig: Setting CVar [[r.Shadow.CSM.TransitionScale:1.0]]
[2021.01.22-00.57.09:713][  0]LogConfig: Setting CVar [[r.Shadow.PreShadowResolutionFactor:1.0]]
[2021.01.22-00.57.09:713][  0]LogConfig: Setting CVar [[r.DistanceFieldShadowing:1]]
[2021.01.22-00.57.09:713][  0]LogConfig: Setting CVar [[r.DistanceFieldAO:1]]
[2021.01.22-00.57.09:713][  0]LogConfig: Setting CVar [[r.AOQuality:2]]
[2021.01.22-00.57.09:713][  0]LogConfig: Setting CVar [[r.VolumetricFog:1]]
[2021.01.22-00.57.09:713][  0]LogConfig: Setting CVar [[r.VolumetricFog.GridPixelSize:8]]
[2021.01.22-00.57.09:713][  0]LogConfig: Setting CVar [[r.VolumetricFog.GridSizeZ:128]]
[2021.01.22-00.57.09:713][  0]LogConfig: Setting CVar [[r.VolumetricFog.HistoryMissSupersampleCount:4]]
[2021.01.22-00.57.09:713][  0]LogConfig: Setting CVar [[r.LightMaxDrawDistanceScale:1]]
[2021.01.22-00.57.09:713][  0]LogConfig: Setting CVar [[r.CapsuleShadows:1]]
[2021.01.22-00.57.09:713][  0]LogConfig: Applying CVar settings from Section [PostProcessQuality@3] File [C:/Users/betha/Documents/GitHub/PhysicsSimulation/PhysicsSim_UE/Saved/Config/Windows/Scalability.ini]
[2021.01.22-00.57.09:713][  0]LogConfig: Setting CVar [[r.MotionBlurQuality:4]]
[2021.01.22-00.57.09:713][  0]LogConfig: Setting CVar [[r.AmbientOcclusionMipLevelFactor:0.4]]
[2021.01.22-00.57.09:713][  0]LogConfig: Setting CVar [[r.AmbientOcclusionMaxQuality:100]]
[2021.01.22-00.57.09:713][  0]LogConfig: Setting CVar [[r.AmbientOcclusionLevels:-1]]
[2021.01.22-00.57.09:713][  0]LogConfig: Setting CVar [[r.AmbientOcclusionRadiusScale:1.0]]
[2021.01.22-00.57.09:713][  0]LogConfig: Setting CVar [[r.DepthOfFieldQuality:2]]
[2021.01.22-00.57.09:713][  0]LogConfig: Setting CVar [[r.RenderTargetPoolMin:400]]
[2021.01.22-00.57.09:713][  0]LogConfig: Setting CVar [[r.LensFlareQuality:2]]
[2021.01.22-00.57.09:714][  0]LogConfig: Setting CVar [[r.SceneColorFringeQuality:1]]
[2021.01.22-00.57.09:714][  0]LogConfig: Setting CVar [[r.EyeAdaptationQuality:2]]
[2021.01.22-00.57.09:714][  0]LogConfig: Setting CVar [[r.BloomQuality:5]]
[2021.01.22-00.57.09:714][  0]LogConfig: Setting CVar [[r.FastBlurThreshold:100]]
[2021.01.22-00.57.09:714][  0]LogConfig: Setting CVar [[r.Upscale.Quality:3]]
[2021.01.22-00.57.09:714][  0]LogConfig: Setting CVar [[r.Tonemapper.GrainQuantization:1]]
[2021.01.22-00.57.09:714][  0]LogConfig: Setting CVar [[r.LightShaftQuality:1]]
[2021.01.22-00.57.09:714][  0]LogConfig: Setting CVar [[r.Filter.SizeScale:1]]
[2021.01.22-00.57.09:714][  0]LogConfig: Setting CVar [[r.Tonemapper.Quality:5]]
[2021.01.22-00.57.09:714][  0]LogConfig: Setting CVar [[r.DOF.Gather.AccumulatorQuality:1        ; higher gathering accumulator quality]]
[2021.01.22-00.57.09:714][  0]LogConfig: Setting CVar [[r.DOF.Gather.PostfilterMethod:1          ; Median3x3 postfilering method]]
[2021.01.22-00.57.09:714][  0]LogConfig: Setting CVar [[r.DOF.Gather.EnableBokehSettings:0       ; no bokeh simulation when gathering]]
[2021.01.22-00.57.09:714][  0]LogConfig: Setting CVar [[r.DOF.Gather.RingCount:4                 ; medium number of samples when gathering]]
[2021.01.22-00.57.09:714][  0]LogConfig: Setting CVar [[r.DOF.Scatter.ForegroundCompositing:1    ; additive foreground scattering]]
[2021.01.22-00.57.09:714][  0]LogConfig: Setting CVar [[r.DOF.Scatter.BackgroundCompositing:2    ; additive background scattering]]
[2021.01.22-00.57.09:714][  0]LogConfig: Setting CVar [[r.DOF.Scatter.EnableBokehSettings:1      ; bokeh simulation when scattering]]
[2021.01.22-00.57.09:714][  0]LogConfig: Setting CVar [[r.DOF.Scatter.MaxSpriteRatio:0.1         ; only a maximum of 10% of scattered bokeh]]
[2021.01.22-00.57.09:714][  0]LogConfig: Setting CVar [[r.DOF.Recombine.Quality:1                ; cheap slight out of focus]]
[2021.01.22-00.57.09:714][  0]LogConfig: Setting CVar [[r.DOF.Recombine.EnableBokehSettings:0    ; no bokeh simulation on slight out of focus]]
[2021.01.22-00.57.09:714][  0]LogConfig: Setting CVar [[r.DOF.TemporalAAQuality:1                ; more stable temporal accumulation]]
[2021.01.22-00.57.09:714][  0]LogConfig: Setting CVar [[r.DOF.Kernel.MaxForegroundRadius:0.025]]
[2021.01.22-00.57.09:715][  0]LogConfig: Setting CVar [[r.DOF.Kernel.MaxBackgroundRadius:0.025]]
[2021.01.22-00.57.09:715][  0]LogConfig: Applying CVar settings from Section [TextureQuality@3] File [C:/Users/betha/Documents/GitHub/PhysicsSimulation/PhysicsSim_UE/Saved/Config/Windows/Scalability.ini]
[2021.01.22-00.57.09:715][  0]LogConfig: Setting CVar [[r.Streaming.MipBias:0]]
[2021.01.22-00.57.09:715][  0]LogConfig: Setting CVar [[r.Streaming.AmortizeCPUToGPUCopy:0]]
[2021.01.22-00.57.09:715][  0]LogConfig: Setting CVar [[r.Streaming.MaxNumTexturesToStreamPerFrame:0]]
[2021.01.22-00.57.09:715][  0]LogConfig: Setting CVar [[r.Streaming.Boost:1]]
[2021.01.22-00.57.09:715][  0]LogConfig: Setting CVar [[r.MaxAnisotropy:8]]
[2021.01.22-00.57.09:715][  0]LogConfig: Setting CVar [[r.Streaming.LimitPoolSizeToVRAM:0]]
[2021.01.22-00.57.09:715][  0]LogConfig: Setting CVar [[r.Streaming.PoolSize:1000]]
[2021.01.22-00.57.09:715][  0]LogConfig: Setting CVar [[r.Streaming.MaxEffectiveScreenSize:0]]
[2021.01.22-00.57.09:715][  0]LogConfig: Applying CVar settings from Section [EffectsQuality@3] File [C:/Users/betha/Documents/GitHub/PhysicsSimulation/PhysicsSim_UE/Saved/Config/Windows/Scalability.ini]
[2021.01.22-00.57.09:715][  0]LogConfig: Setting CVar [[r.TranslucencyLightingVolumeDim:64]]
[2021.01.22-00.57.09:715][  0]LogConfig: Setting CVar [[r.RefractionQuality:2]]
[2021.01.22-00.57.09:715][  0]LogConfig: Setting CVar [[r.SSR.Quality:3]]
[2021.01.22-00.57.09:715][  0]LogConfig: Setting CVar [[r.SceneColorFormat:4]]
[2021.01.22-00.57.09:715][  0]LogConfig: Setting CVar [[r.DetailMode:2]]
[2021.01.22-00.57.09:715][  0]LogConfig: Setting CVar [[r.TranslucencyVolumeBlur:1]]
[2021.01.22-00.57.09:715][  0]LogConfig: Setting CVar [[r.MaterialQualityLevel:1 ; High quality]]
[2021.01.22-00.57.09:715][  0]LogConfig: Setting CVar [[r.SSS.Scale:1]]
[2021.01.22-00.57.09:715][  0]LogConfig: Setting CVar [[r.SSS.SampleSet:2]]
[2021.01.22-00.57.09:715][  0]LogConfig: Setting CVar [[r.SSS.Quality:1]]
[2021.01.22-00.57.09:715][  0]LogConfig: Setting CVar [[r.SSS.HalfRes:1]]
[2021.01.22-00.57.09:716][  0]LogConfig: Setting CVar [[r.EmitterSpawnRateScale:1.0]]
[2021.01.22-00.57.09:716][  0]LogConfig: Setting CVar [[r.ParticleLightQuality:2]]
[2021.01.22-00.57.09:716][  0]LogConfig: Applying CVar settings from Section [FoliageQuality@3] File [C:/Users/betha/Documents/GitHub/PhysicsSimulation/PhysicsSim_UE/Saved/Config/Windows/Scalability.ini]
[2021.01.22-00.57.09:716][  0]LogConfig: Setting CVar [[foliage.DensityScale:1.0]]
[2021.01.22-00.57.09:716][  0]LogConfig: Setting CVar [[grass.DensityScale:1.0]]
[2021.01.22-00.57.09:716][  0]LogInit: Selected Device Profile: [Windows]
[2021.01.22-00.57.09:716][  0]LogInit: Applying CVar settings loaded from the selected device profile: [Windows]
[2021.01.22-00.57.09:723][  0]LogHAL: Display: Platform has ~ 32 GB [34295054336 / 34359738368 / 32], which maps to Largest [LargestMinGB=32, LargerMinGB=12, DefaultMinGB=8, SmallerMinGB=6, SmallestMinGB=0)
[2021.01.22-00.57.09:724][  0]LogConfig: Setting CVar [[r.Vulkan.UseRealUBs:1]]
[2021.01.22-00.57.09:724][  0]LogInit: Going up to parent DeviceProfile []
[2021.01.22-00.57.09:724][  0]LogConfig: Applying CVar settings from Section [ViewDistanceQuality@3] File [C:/Users/betha/Documents/GitHub/PhysicsSimulation/PhysicsSim_UE/Saved/Config/Windows/Scalability.ini]
[2021.01.22-00.57.09:724][  0]LogConfig: Setting CVar [[r.SkeletalMeshLODBias:0]]
[2021.01.22-00.57.09:724][  0]LogConfig: Setting CVar [[r.ViewDistanceScale:1.0]]
[2021.01.22-00.57.09:724][  0]LogConfig: Applying CVar settings from Section [AntiAliasingQuality@3] File [C:/Users/betha/Documents/GitHub/PhysicsSimulation/PhysicsSim_UE/Saved/Config/Windows/Scalability.ini]
[2021.01.22-00.57.09:724][  0]LogConfig: Setting CVar [[r.PostProcessAAQuality:4]]
[2021.01.22-00.57.09:724][  0]LogConfig: Applying CVar settings from Section [ShadowQuality@3] File [C:/Users/betha/Documents/GitHub/PhysicsSimulation/PhysicsSim_UE/Saved/Config/Windows/Scalability.ini]
[2021.01.22-00.57.09:724][  0]LogConfig: Setting CVar [[r.LightFunctionQuality:1]]
[2021.01.22-00.57.09:724][  0]LogConfig: Setting CVar [[r.ShadowQuality:5]]
[2021.01.22-00.57.09:724][  0]LogConfig: Setting CVar [[r.Shadow.CSM.MaxCascades:10]]
[2021.01.22-00.57.09:724][  0]LogConfig: Setting CVar [[r.Shadow.MaxResolution:2048]]
[2021.01.22-00.57.09:724][  0]LogConfig: Setting CVar [[r.Shadow.MaxCSMResolution:2048]]
[2021.01.22-00.57.09:724][  0]LogConfig: Setting CVar [[r.Shadow.RadiusThreshold:0.01]]
[2021.01.22-00.57.09:724][  0]LogConfig: Setting CVar [[r.Shadow.DistanceScale:1.0]]
[2021.01.22-00.57.09:725][  0]LogConfig: Setting CVar [[r.Shadow.CSM.TransitionScale:1.0]]
[2021.01.22-00.57.09:725][  0]LogConfig: Setting CVar [[r.Shadow.PreShadowResolutionFactor:1.0]]
[2021.01.22-00.57.09:725][  0]LogConfig: Setting CVar [[r.DistanceFieldShadowing:1]]
[2021.01.22-00.57.09:725][  0]LogConfig: Setting CVar [[r.DistanceFieldAO:1]]
[2021.01.22-00.57.09:725][  0]LogConfig: Setting CVar [[r.AOQuality:2]]
[2021.01.22-00.57.09:725][  0]LogConfig: Setting CVar [[r.VolumetricFog:1]]
[2021.01.22-00.57.09:725][  0]LogConfig: Setting CVar [[r.VolumetricFog.GridPixelSize:8]]
[2021.01.22-00.57.09:725][  0]LogConfig: Setting CVar [[r.VolumetricFog.GridSizeZ:128]]
[2021.01.22-00.57.09:725][  0]LogConfig: Setting CVar [[r.VolumetricFog.HistoryMissSupersampleCount:4]]
[2021.01.22-00.57.09:725][  0]LogConfig: Setting CVar [[r.LightMaxDrawDistanceScale:1]]
[2021.01.22-00.57.09:725][  0]LogConfig: Setting CVar [[r.CapsuleShadows:1]]
[2021.01.22-00.57.09:725][  0]LogConfig: Applying CVar settings from Section [PostProcessQuality@3] File [C:/Users/betha/Documents/GitHub/PhysicsSimulation/PhysicsSim_UE/Saved/Config/Windows/Scalability.ini]
[2021.01.22-00.57.09:725][  0]LogConfig: Setting CVar [[r.MotionBlurQuality:4]]
[2021.01.22-00.57.09:725][  0]LogConfig: Setting CVar [[r.AmbientOcclusionMipLevelFactor:0.4]]
[2021.01.22-00.57.09:725][  0]LogConfig: Setting CVar [[r.AmbientOcclusionMaxQuality:100]]
[2021.01.22-00.57.09:725][  0]LogConfig: Setting CVar [[r.AmbientOcclusionLevels:-1]]
[2021.01.22-00.57.09:725][  0]LogConfig: Setting CVar [[r.AmbientOcclusionRadiusScale:1.0]]
[2021.01.22-00.57.09:725][  0]LogConfig: Setting CVar [[r.DepthOfFieldQuality:2]]
[2021.01.22-00.57.09:725][  0]LogConfig: Setting CVar [[r.RenderTargetPoolMin:400]]
[2021.01.22-00.57.09:725][  0]LogConfig: Setting CVar [[r.LensFlareQuality:2]]
[2021.01.22-00.57.09:725][  0]LogConfig: Setting CVar [[r.SceneColorFringeQuality:1]]
[2021.01.22-00.57.09:725][  0]LogConfig: Setting CVar [[r.EyeAdaptationQuality:2]]
[2021.01.22-00.57.09:726][  0]LogConfig: Setting CVar [[r.BloomQuality:5]]
[2021.01.22-00.57.09:726][  0]LogConfig: Setting CVar [[r.FastBlurThreshold:100]]
[2021.01.22-00.57.09:726][  0]LogConfig: Setting CVar [[r.Upscale.Quality:3]]
[2021.01.22-00.57.09:726][  0]LogConfig: Setting CVar [[r.Tonemapper.GrainQuantization:1]]
[2021.01.22-00.57.09:726][  0]LogConfig: Setting CVar [[r.LightShaftQuality:1]]
[2021.01.22-00.57.09:726][  0]LogConfig: Setting CVar [[r.Filter.SizeScale:1]]
[2021.01.22-00.57.09:726][  0]LogConfig: Setting CVar [[r.Tonemapper.Quality:5]]
[2021.01.22-00.57.09:726][  0]LogConfig: Setting CVar [[r.DOF.Gather.AccumulatorQuality:1        ; higher gathering accumulator quality]]
[2021.01.22-00.57.09:726][  0]LogConfig: Setting CVar [[r.DOF.Gather.PostfilterMethod:1          ; Median3x3 postfilering method]]
[2021.01.22-00.57.09:726][  0]LogConfig: Setting CVar [[r.DOF.Gather.EnableBokehSettings:0       ; no bokeh simulation when gathering]]
[2021.01.22-00.57.09:726][  0]LogConfig: Setting CVar [[r.DOF.Gather.RingCount:4                 ; medium number of samples when gathering]]
[2021.01.22-00.57.09:726][  0]LogConfig: Setting CVar [[r.DOF.Scatter.ForegroundCompositing:1    ; additive foreground scattering]]
[2021.01.22-00.57.09:726][  0]LogConfig: Setting CVar [[r.DOF.Scatter.BackgroundCompositing:2    ; additive background scattering]]
[2021.01.22-00.57.09:726][  0]LogConfig: Setting CVar [[r.DOF.Scatter.EnableBokehSettings:1      ; bokeh simulation when scattering]]
[2021.01.22-00.57.09:726][  0]LogConfig: Setting CVar [[r.DOF.Scatter.MaxSpriteRatio:0.1         ; only a maximum of 10% of scattered bokeh]]
[2021.01.22-00.57.09:726][  0]LogConfig: Setting CVar [[r.DOF.Recombine.Quality:1                ; cheap slight out of focus]]
[2021.01.22-00.57.09:726][  0]LogConfig: Setting CVar [[r.DOF.Recombine.EnableBokehSettings:0    ; no bokeh simulation on slight out of focus]]
[2021.01.22-00.57.09:726][  0]LogConfig: Setting CVar [[r.DOF.TemporalAAQuality:1                ; more stable temporal accumulation]]
[2021.01.22-00.57.09:726][  0]LogConfig: Setting CVar [[r.DOF.Kernel.MaxForegroundRadius:0.025]]
[2021.01.22-00.57.09:726][  0]LogConfig: Setting CVar [[r.DOF.Kernel.MaxBackgroundRadius:0.025]]
[2021.01.22-00.57.09:726][  0]LogConfig: Applying CVar settings from Section [TextureQuality@3] File [C:/Users/betha/Documents/GitHub/PhysicsSimulation/PhysicsSim_UE/Saved/Config/Windows/Scalability.ini]
[2021.01.22-00.57.09:727][  0]LogConfig: Setting CVar [[r.Streaming.MipBias:0]]
[2021.01.22-00.57.09:727][  0]LogConfig: Setting CVar [[r.Streaming.AmortizeCPUToGPUCopy:0]]
[2021.01.22-00.57.09:727][  0]LogConfig: Setting CVar [[r.Streaming.MaxNumTexturesToStreamPerFrame:0]]
[2021.01.22-00.57.09:727][  0]LogConfig: Setting CVar [[r.Streaming.Boost:1]]
[2021.01.22-00.57.09:727][  0]LogConfig: Setting CVar [[r.MaxAnisotropy:8]]
[2021.01.22-00.57.09:727][  0]LogConfig: Setting CVar [[r.Streaming.LimitPoolSizeToVRAM:0]]
[2021.01.22-00.57.09:727][  0]LogConfig: Setting CVar [[r.Streaming.PoolSize:1000]]
[2021.01.22-00.57.09:727][  0]LogConfig: Setting CVar [[r.Streaming.MaxEffectiveScreenSize:0]]
[2021.01.22-00.57.09:727][  0]LogConfig: Applying CVar settings from Section [EffectsQuality@3] File [C:/Users/betha/Documents/GitHub/PhysicsSimulation/PhysicsSim_UE/Saved/Config/Windows/Scalability.ini]
[2021.01.22-00.57.09:727][  0]LogConfig: Setting CVar [[r.TranslucencyLightingVolumeDim:64]]
[2021.01.22-00.57.09:727][  0]LogConfig: Setting CVar [[r.RefractionQuality:2]]
[2021.01.22-00.57.09:727][  0]LogConfig: Setting CVar [[r.SSR.Quality:3]]
[2021.01.22-00.57.09:727][  0]LogConfig: Setting CVar [[r.SceneColorFormat:4]]
[2021.01.22-00.57.09:727][  0]LogConfig: Setting CVar [[r.DetailMode:2]]
[2021.01.22-00.57.09:727][  0]LogConfig: Setting CVar [[r.TranslucencyVolumeBlur:1]]
[2021.01.22-00.57.09:727][  0]LogConfig: Setting CVar [[r.MaterialQualityLevel:1 ; High quality]]
[2021.01.22-00.57.09:727][  0]LogConfig: Setting CVar [[r.SSS.Scale:1]]
[2021.01.22-00.57.09:727][  0]LogConfig: Setting CVar [[r.SSS.SampleSet:2]]
[2021.01.22-00.57.09:727][  0]LogConfig: Setting CVar [[r.SSS.Quality:1]]
[2021.01.22-00.57.09:727][  0]LogConfig: Setting CVar [[r.SSS.HalfRes:1]]
[2021.01.22-00.57.09:727][  0]LogConfig: Setting CVar [[r.EmitterSpawnRateScale:1.0]]
[2021.01.22-00.57.09:727][  0]LogConfig: Setting CVar [[r.ParticleLightQuality:2]]
[2021.01.22-00.57.09:727][  0]LogConfig: Applying CVar settings from Section [FoliageQuality@3] File [C:/Users/betha/Documents/GitHub/PhysicsSimulation/PhysicsSim_UE/Saved/Config/Windows/Scalability.ini]
[2021.01.22-00.57.09:728][  0]LogConfig: Setting CVar [[foliage.DensityScale:1.0]]
[2021.01.22-00.57.09:728][  0]LogConfig: Setting CVar [[grass.DensityScale:1.0]]
[2021.01.22-00.57.09:728][  0]LogConfig: Applying CVar settings from Section [Startup] File [../../../Engine/Config/ConsoleVariables.ini]
[2021.01.22-00.57.09:728][  0]LogConfig: Setting CVar [[net.UseAdaptiveNetUpdateFrequency:0]]
[2021.01.22-00.57.09:728][  0]LogConfig: Applying CVar settings from Section [ConsoleVariables] File [C:/Users/betha/Documents/GitHub/PhysicsSimulation/PhysicsSim_UE/Saved/Config/Windows/Engine.ini]
[2021.01.22-00.57.09:728][  0]LogInit: Computer: THEBEAST
[2021.01.22-00.57.09:728][  0]LogInit: User: bethan
[2021.01.22-00.57.09:728][  0]LogInit: CPU Page size=4096, Cores=12
[2021.01.22-00.57.09:728][  0]LogInit: High frequency timer resolution =10.000000 MHz
[2021.01.22-00.57.09:728][  0]LogMemory: Memory total: Physical=31.9GB (32GB approx)
[2021.01.22-00.57.09:728][  0]LogMemory: Platform Memory Stats for Windows
[2021.01.22-00.57.09:728][  0]LogMemory: Process Physical Memory: 107.01 MB used, 107.01 MB peak
[2021.01.22-00.57.09:729][  0]LogMemory: Process Virtual Memory: 91.06 MB used, 91.06 MB peak
[2021.01.22-00.57.09:729][  0]LogMemory: Physical Memory: 12536.69 MB used,  20169.62 MB free, 32706.31 MB total
[2021.01.22-00.57.09:729][  0]LogMemory: Virtual Memory: 4703.05 MB used,  134213024.00 MB free, 134217728.00 MB total
[2021.01.22-00.57.09:892][  0]LogInit: Using OS detected language (en-GB).
[2021.01.22-00.57.09:892][  0]LogInit: Using OS detected locale (en-GB).
[2021.01.22-00.57.09:893][  0]LogTextLocalizationManager: No specific localization for 'en-GB' exists, so the 'en' localization will be used.
[2021.01.22-00.57.10:205][  0]LogStreaming: Display: Took  0.313s to InitEngineTextLocalization.
[2021.01.22-00.57.10:206][  0]LogInit: Setting process to per monitor DPI aware
[2021.01.22-00.57.10:243][  0]LogSlate: New Slate User Created.  User Index 0, Is Virtual User: 0
[2021.01.22-00.57.10:243][  0]LogSlate: Slate User Registered.  User Index 0, Is Virtual User: 0
[2021.01.22-00.57.10:420][  0]LogHMD: Failed to initialize OpenVR with code 110
[2021.01.22-00.57.10:420][  0]LogD3D11RHI: D3D11 adapters:
[2021.01.22-00.57.10:548][  0]LogD3D11RHI:    0. 'NVIDIA GeForce RTX 2070 SUPER' (Feature Level 11_0)
[2021.01.22-00.57.10:548][  0]LogD3D11RHI:       8011/0/16353 MB DedicatedVideo/DedicatedSystem/SharedSystem, Outputs:2, VendorId:0x10de
[2021.01.22-00.57.10:554][  0]LogD3D11RHI:    1. 'Microsoft Basic Render Driver' (Feature Level 11_0)
[2021.01.22-00.57.10:554][  0]LogD3D11RHI:       0/0/16353 MB DedicatedVideo/DedicatedSystem/SharedSystem, Outputs:0, VendorId:0x1414
[2021.01.22-00.57.10:554][  0]LogD3D11RHI: Chosen D3D11 Adapter: 0
[2021.01.22-00.57.10:562][  0]LogD3D11RHI: Creating new Direct3DDevice
[2021.01.22-00.57.10:562][  0]LogD3D11RHI:     GPU DeviceId: 0x1e84 (for the marketing name, search the web for "GPU Device Id")
[2021.01.22-00.57.10:562][  0]LogWindows: EnumDisplayDevices:
[2021.01.22-00.57.10:562][  0]LogWindows:    0. 'NVIDIA GeForce RTX 2070 SUPER' (P:0 D:1)
[2021.01.22-00.57.10:563][  0]LogWindows:    1. 'NVIDIA GeForce RTX 2070 SUPER' (P:1 D:1)
[2021.01.22-00.57.10:563][  0]LogWindows:    2. 'NVIDIA GeForce RTX 2070 SUPER' (P:0 D:0)
[2021.01.22-00.57.10:563][  0]LogWindows:    3. 'NVIDIA GeForce RTX 2070 SUPER' (P:0 D:0)
[2021.01.22-00.57.10:563][  0]LogWindows: DebugString: FoundDriverCount:4 
[2021.01.22-00.57.10:563][  0]LogD3D11RHI:     Adapter Name: NVIDIA GeForce RTX 2070 SUPER
[2021.01.22-00.57.10:563][  0]LogD3D11RHI:   Driver Version: 460.89 (internal:27.21.14.6089, unified:460.89)
[2021.01.22-00.57.10:563][  0]LogD3D11RHI:      Driver Date: 12-11-2020
[2021.01.22-00.57.10:564][  0]LogRHI: Texture pool is 5607 MB (70% of 8011 MB)
[2021.01.22-00.57.10:651][  0]LogD3D11RHI: Async texture creation enabled
[2021.01.22-00.57.10:662][  0]LogD3D11RHI: GPU Timing Frequency: 1000.000000 (Debug: 2 1)
[2021.01.22-00.57.10:894][  0]LogTemp: Display: Loaded TP AllDesktopTargetPlatform
[2021.01.22-00.57.10:907][  0]LogTemp: Display: Loaded TP MacClientTargetPlatform
[2021.01.22-00.57.10:920][  0]LogTemp: Display: Loaded TP MacNoEditorTargetPlatform
[2021.01.22-00.57.10:934][  0]LogTemp: Display: Loaded TP MacServerTargetPlatform
[2021.01.22-00.57.10:947][  0]LogTemp: Display: Loaded TP MacTargetPlatform
[2021.01.22-00.57.10:961][  0]LogTemp: Display: Loaded TP WindowsClientTargetPlatform
[2021.01.22-00.57.10:974][  0]LogTemp: Display: Loaded TP WindowsNoEditorTargetPlatform
[2021.01.22-00.57.10:988][  0]LogTemp: Display: Loaded TP WindowsServerTargetPlatform
[2021.01.22-00.57.10:996][  0]LogTemp: Display: Loaded TP WindowsTargetPlatform
[2021.01.22-00.57.11:062][  0]LogTemp: Display: Loaded TP AndroidTargetPlatform
[2021.01.22-00.57.11:062][  0]LogTemp: Display: Loaded TP AndroidTargetPlatform
[2021.01.22-00.57.11:062][  0]LogTemp: Display: Loaded TP AndroidTargetPlatform
[2021.01.22-00.57.11:062][  0]LogTemp: Display: Loaded TP AndroidTargetPlatform
[2021.01.22-00.57.11:063][  0]LogTemp: Display: Loaded TP AndroidTargetPlatform
[2021.01.22-00.57.11:063][  0]LogTemp: Display: Loaded TP AndroidTargetPlatform
[2021.01.22-00.57.11:063][  0]LogTemp: Display: Loaded TP AndroidTargetPlatform
[2021.01.22-00.57.11:063][  0]LogTemp: Display: Loaded TP AndroidTargetPlatform
[2021.01.22-00.57.11:063][  0]LogTemp: Display: Loaded TP AndroidTargetPlatform
[2021.01.22-00.57.11:063][  0]LogTemp: Display: Loaded TP AndroidTargetPlatform
[2021.01.22-00.57.11:063][  0]LogTemp: Display: Loaded TP AndroidTargetPlatform
[2021.01.22-00.57.11:063][  0]LogTemp: Display: Loaded TP AndroidTargetPlatform
[2021.01.22-00.57.11:063][  0]LogTemp: Display: Loaded TP AndroidTargetPlatform
[2021.01.22-00.57.11:063][  0]LogTemp: Display: Loaded TP AndroidTargetPlatform
[2021.01.22-00.57.11:063][  0]LogTemp: Display: Loaded TP AndroidTargetPlatform
[2021.01.22-00.57.11:063][  0]LogTemp: Display: Loaded TP AndroidTargetPlatform
[2021.01.22-00.57.11:063][  0]LogTemp: Display: Loaded TP AndroidTargetPlatform
[2021.01.22-00.57.11:063][  0]LogTemp: Display: Loaded TP AndroidTargetPlatform
[2021.01.22-00.57.11:067][  0]LogTemp: Display: Loaded TP HTML5TargetPlatform
[2021.01.22-00.57.11:131][  0]LogTemp: Display: Loaded TP IOSTargetPlatform
[2021.01.22-00.57.11:131][  0]LogTemp: Display: Loaded TP IOSTargetPlatform
[2021.01.22-00.57.11:153][  0]LogTemp: Display: Loaded TP TVOSTargetPlatform
[2021.01.22-00.57.11:153][  0]LogTemp: Display: Loaded TP TVOSTargetPlatform
[2021.01.22-00.57.11:166][  0]LogTemp: Display: Loaded TP LinuxClientTargetPlatform
[2021.01.22-00.57.11:178][  0]LogTemp: Display: Loaded TP LinuxNoEditorTargetPlatform
[2021.01.22-00.57.11:194][  0]LogTemp: Display: Loaded TP LinuxServerTargetPlatform
[2021.01.22-00.57.11:208][  0]LogTemp: Display: Loaded TP LinuxTargetPlatform
[2021.01.22-00.57.11:248][  0]LogTemp: Display: Loaded TP LuminTargetPlatform
[2021.01.22-00.57.11:248][  0]LogTemp: Display: Loaded TP LuminTargetPlatform
[2021.01.22-00.57.11:249][  0]LogTargetPlatformManager: Display: Building Assets For Windows
[2021.01.22-00.57.11:350][  0]LogShaderCompilers: Guid format shader working directory is -33 characters bigger than the processId version (../../../../../../Users/betha/Documents/GitHub/PhysicsSimulation/PhysicsSim_UE/Intermediate/Shaders/WorkingDirectory/15816/).
[2021.01.22-00.57.11:350][  0]LogShaderCompilers: Cleaned the shader compiler working directory 'C:/Users/betha/AppData/Local/Temp/UnrealShaderWorkingDir/43CE1D4F4862C975D2AEB4B1D166ECBB/'.
[2021.01.22-00.57.11:352][  0]LogXGEController: Cleaning working directory: C:/Users/betha/AppData/Local/Temp/UnrealXGEWorkingDir/
[2021.01.22-00.57.11:353][  0]LogXGEController: Cannot use XGE Controller as Incredibuild is not installed on this machine.
[2021.01.22-00.57.11:353][  0]LogShaderCompilers: Cannot use XGE Shader Compiler as Incredibuild is not installed on this machine.
[2021.01.22-00.57.11:353][  0]LogShaderCompilers: Display: Using Local Shader Compiler.
[2021.01.22-00.57.11:777][  0]LogDerivedDataCache: Display: Max Cache Size: 512 MB
[2021.01.22-00.57.11:812][  0]LogDerivedDataCache: Loaded boot cache 0.03s 71MB C:/Users/betha/AppData/Local/UnrealEngine/4.21/DerivedDataCache/Boot.ddc.
[2021.01.22-00.57.11:812][  0]LogDerivedDataCache: Display: Loaded Boot cache: C:/Users/betha/AppData/Local/UnrealEngine/4.21/DerivedDataCache/Boot.ddc
[2021.01.22-00.57.11:812][  0]LogDerivedDataCache: FDerivedDataBackendGraph:  Pak pak cache file ../../../../../../Users/betha/Documents/GitHub/PhysicsSimulation/PhysicsSim_UE/DerivedDataCache/DDC.ddp not found, will not use a pak cache.
[2021.01.22-00.57.11:812][  0]LogDerivedDataCache: Unable to find inner node Pak for hierarchical cache Hierarchy.
[2021.01.22-00.57.11:813][  0]LogDerivedDataCache: FDerivedDataBackendGraph:  CompressedPak pak cache file ../../../../../../Users/betha/Documents/GitHub/PhysicsSimulation/PhysicsSim_UE/DerivedDataCache/Compressed.ddp not found, will not use a pak cache.
[2021.01.22-00.57.11:813][  0]LogDerivedDataCache: Unable to find inner node CompressedPak for hierarchical cache Hierarchy.
[2021.01.22-00.57.11:828][  0]LogDerivedDataCache: Display: Pak cache opened for reading ../../../Engine/DerivedDataCache/Compressed.ddp.
[2021.01.22-00.57.11:829][  0]LogDerivedDataCache: FDerivedDataBackendGraph:  EnterprisePak pak cache file ../../../Enterprise/DerivedDataCache/Compressed.ddp not found, will not use a pak cache.
[2021.01.22-00.57.11:829][  0]LogDerivedDataCache: Unable to find inner node EnterprisePak for hierarchical cache Hierarchy.
[2021.01.22-00.57.11:841][  0]LogDerivedDataCache: Using Local data cache path C:/Users/betha/AppData/Local/UnrealEngine/Common/DerivedDataCache: Writable
[2021.01.22-00.57.11:841][  0]LogDerivedDataCache: Shared data cache path not found in *engine.ini, will not use an Shared cache.
[2021.01.22-00.57.11:841][  0]LogDerivedDataCache: Unable to find inner node Shared for hierarchical cache Hierarchy.
[2021.01.22-00.57.11:861][  0]LogMaterial: Verifying Global Shaders for PCD3D_SM5
[2021.01.22-00.57.11:863][  0]LogSlate: Using FreeType 2.6.0
[2021.01.22-00.57.11:863][  0]LogSlate: SlateFontServices - WITH_FREETYPE: 1, WITH_HARFBUZZ: 1
[2021.01.22-00.57.11:939][  0]LogAssetRegistry: FAssetRegistry took 0.0328 seconds to start up
[2021.01.22-00.57.12:212][  0]LogInit: Selected Device Profile: [Windows]
[2021.01.22-00.57.12:346][  0]LogSimplygon: Simplygon DLL not present - disabling.
[2021.01.22-00.57.12:353][  0]LogMeshReduction: Using SimplygonSwarm for distributed automatic mesh merging
[2021.01.22-00.57.12:354][  0]LogMeshReduction: Using ProxyLODMeshReduction for automatic mesh merging
[2021.01.22-00.57.12:354][  0]LogMeshReduction: Using QuadricMeshReduction for automatic static mesh reduction
[2021.01.22-00.57.12:354][  0]LogMeshReduction: No automatic skeletal mesh reduction module available
[2021.01.22-00.57.12:364][  0]LogNetVersion: PhysicsSim_UE 1.0.0, NetCL: 4541578, EngineNetVer: 5, GameNetVer: 0 (Checksum: 1207201185)
[2021.01.22-00.57.12:732][  0]LogPackageLocalizationCache: Processed 11 localized package path(s) for 2 prioritized culture(s) in 0.059921 seconds
[2021.01.22-00.57.12:738][  0]LogUObjectArray: 39775 objects as part of root set at end of initial load.
[2021.01.22-00.57.12:738][  0]LogUObjectAllocator: 6914664 out of 0 bytes used by permanent object pool.
[2021.01.22-00.57.12:738][  0]LogUObjectArray: CloseDisregardForGC: 0/0 objects in disregard for GC pool
[2021.01.22-00.57.13:531][  0]LogTcpMessaging: Initializing TcpMessaging bridge
[2021.01.22-00.57.13:547][  0]LogUdpMessaging: Initializing bridge on interface 0.0.0.0:0 to multicast group 230.0.0.1:6666.
[2021.01.22-00.57.16:008][  0]SourceControl: Source control is disabled
[2021.01.22-00.57.16:009][  0]SourceControl: Source control is disabled
[2021.01.22-00.57.16:012][  0]SourceControl: Source control is disabled
[2021.01.22-00.57.16:015][  0]SourceControl: Source control is disabled
[2021.01.22-00.57.16:250][  0]LogAndroidPermission: UAndroidPermissionCallbackProxy::GetInstance
[2021.01.22-00.57.16:352][  0]LogOcInput: OculusInput pre-init called
[2021.01.22-00.57.16:487][  0]LogEngine: Initializing Engine...
[2021.01.22-00.57.16:488][  0]LogHMD: Failed to initialize OpenVR with code 110
[2021.01.22-00.57.16:489][  0]LogStats: UGameplayTagsManager::ConstructGameplayTagTree: ImportINI prefixes -  0.000 s
[2021.01.22-00.57.16:489][  0]LogStats: UGameplayTagsManager::ConstructGameplayTagTree: Construct from data asset -  0.000 s
[2021.01.22-00.57.16:490][  0]LogStats: UGameplayTagsManager::ConstructGameplayTagTree: ImportINI -  0.000 s
[2021.01.22-00.57.16:490][  0]LogStats: UGameplayTagsManager::ConstructGameplayTagTree: GameplayTagTreeChangedEvent.Broadcast -  0.000 s
[2021.01.22-00.57.16:645][  0]LogInit: Initializing FReadOnlyCVARCache
[2021.01.22-00.57.16:658][  0]LogAIModule: Creating AISystem for world Untitled
[2021.01.22-00.57.16:676][  0]LogInit: XAudio2 using 'Speakers (USB Audio Device)' : 2 channels at 48 kHz using 16 bits per sample (channel mask 0x3)
[2021.01.22-00.57.16:696][  0]LogInit: FAudioDevice initialized.
[2021.01.22-00.57.16:697][  0]LogNetVersion: Set ProjectVersion to 1.0.0.0. Version Checksum will be recalculated on next use.
[2021.01.22-00.57.16:776][  0]LogDerivedDataCache: Saved boot cache 0.08s 71MB C:/Users/betha/AppData/Local/UnrealEngine/4.21/DerivedDataCache/Boot.ddc.
[2021.01.22-00.57.16:777][  0]LogInit: Texture streaming: Enabled
[2021.01.22-00.57.16:802][  0]LogEngineSessionManager: EngineSessionManager initialized
[2021.01.22-00.57.16:802][  0]LogEngineSessionManager: EngineSessionManager sent abnormal shutdown report. Type=Debugger, SessionId={ACF6BF3F-4318-3D6F-07CB-21A4E0528A20}
[2021.01.22-00.57.16:809][  0]LogInit: Transaction tracking system initialized
[2021.01.22-00.57.16:838][  0]BlueprintLog: New page: Editor Load
[2021.01.22-00.57.16:932][  0]LocalizationService: Localization service is disabled
[2021.01.22-00.57.17:292][  0]LogFileCache: Scanning file cache for directory 'C:/Users/betha/Documents/GitHub/PhysicsSimulation/PhysicsSim_UE/Content/' took 0.01s
[2021.01.22-00.57.17:292][  0]LogCook: Display: Max memory allowance for cook 16384mb min free memory 0mb
[2021.01.22-00.57.17:292][  0]LogCook: Display: Mobile HDR setting 1
[2021.01.22-00.57.17:292][  0]LogGameplayTags: Display: UGameplayTagsManager::DoneAddingNativeTags. DelegateIsBound: 0
[2021.01.22-00.57.17:292][  0]LogStats: UGameplayTagsManager::ConstructGameplayTagTree: ImportINI prefixes -  0.000 s
[2021.01.22-00.57.17:292][  0]LogStats: UGameplayTagsManager::ConstructGameplayTagTree: Construct from data asset -  0.000 s
[2021.01.22-00.57.17:292][  0]LogStats: UGameplayTagsManager::ConstructGameplayTagTree: ImportINI -  0.000 s
[2021.01.22-00.57.17:292][  0]LogStats: UGameplayTagsManager::ConstructGameplayTagTree: GameplayTagTreeChangedEvent.Broadcast -  0.000 s
[2021.01.22-00.57.17:453][  0]SourceControl: Source control is disabled
[2021.01.22-00.57.17:453][  0]Cmd: MAP LOAD FILE="../../../../../../Users/betha/Documents/GitHub/PhysicsSimulation/PhysicsSim_UE/Content/StarterContent/Maps/Minimal_Default.umap" TEMPLATE=0 SHOWPROGRESS=1 FEATURELEVEL=3
[2021.01.22-00.57.17:454][  0]LightingResults: New page: Lighting Build
[2021.01.22-00.57.17:456][  0]MapCheck: New page: Map Check
[2021.01.22-00.57.17:456][  0]LightingResults: New page: Lighting Build
[2021.01.22-00.57.17:640][  0]LogAIModule: Creating AISystem for world Minimal_Default
[2021.01.22-00.57.17:650][  0]LogEditorServer: Finished looking for orphan Actors (0.000 secs)
[2021.01.22-00.57.17:675][  0]Cmd: MAP CHECKDEP NOCLEARLOG
[2021.01.22-00.57.17:676][  0]MapCheck: Map check complete: 0 Error(s), 0 Warning(s), took 0.195ms to complete.
[2021.01.22-00.57.17:676][  0]LogFileHelpers: Loading map 'Minimal_Default' took 0.223
[2021.01.22-00.57.17:774][  0]LogSlate: Updating window title bar state: overlay mode, drag disabled, window buttons hidden, title bar hidden
[2021.01.22-00.57.17:780][  0]LogSlate: Updating window title bar state: overlay mode, drag disabled, window buttons hidden, title bar hidden
[2021.01.22-00.57.17:785][  0]LogSlate: Updating window title bar state: overlay mode, drag disabled, window buttons hidden, title bar hidden
[2021.01.22-00.57.17:791][  0]LogSlate: Updating window title bar state: overlay mode, drag disabled, window buttons hidden, title bar hidden
[2021.01.22-00.57.17:798][  0]LogCollectionManager: Loaded 0 collections in 0.001237 seconds
[2021.01.22-00.57.17:839][  0]LogFileCache: Scanning file cache for directory 'C:/Users/betha/Documents/GitHub/PhysicsSimulation/PhysicsSim_UE/Saved/Collections/' took 0.01s
[2021.01.22-00.57.17:840][  0]LogFileCache: Scanning file cache for directory 'C:/Users/betha/Documents/GitHub/PhysicsSimulation/PhysicsSim_UE/Content/Developers/bethan/Collections/' took 0.01s
[2021.01.22-00.57.17:840][  0]LogFileCache: Scanning file cache for directory 'C:/Users/betha/Documents/GitHub/PhysicsSimulation/PhysicsSim_UE/Content/Collections/' took 0.01s
[2021.01.22-00.57.17:840][  0]LogCollectionManager: Rebuilt the GUID cache for 0 collections in 0.000000 seconds
[2021.01.22-00.57.17:848][  0]LogContentBrowser: Native class hierarchy populated in 0.0080 seconds. Added 2656 classes and 622 folders.
[2021.01.22-00.57.17:853][  0]LogContentBrowser: Native class hierarchy updated for 'WidgetCarousel' in 0.0003 seconds. Added 0 classes and 0 folders.
[2021.01.22-00.57.17:854][  0]LogPakFile: Registered encryption key '00000000000000000000000000000000': 0 pak files mounted, 0 remain pending
[2021.01.22-00.57.17:855][  0]LogPakFile: Registered encryption key '00000000000000000000000000000000': 0 pak files mounted, 0 remain pending
[2021.01.22-00.57.17:855][  0]LogPakFile: Registered encryption key '00000000000000000000000000000000': 0 pak files mounted, 0 remain pending
[2021.01.22-00.57.17:856][  0]LogPakFile: Registered encryption key '00000000000000000000000000000000': 0 pak files mounted, 0 remain pending
[2021.01.22-00.57.17:856][  0]LogPakFile: Registered encryption key '00000000000000000000000000000000': 0 pak files mounted, 0 remain pending
[2021.01.22-00.57.17:856][  0]LogPakFile: Registered encryption key '00000000000000000000000000000000': 0 pak files mounted, 0 remain pending
[2021.01.22-00.57.17:857][  0]LogPakFile: Registered encryption key '00000000000000000000000000000000': 0 pak files mounted, 0 remain pending
[2021.01.22-00.57.17:857][  0]LogPakFile: Registered encryption key '00000000000000000000000000000000': 0 pak files mounted, 0 remain pending
[2021.01.22-00.57.17:858][  0]LogPakFile: Registered encryption key '00000000000000000000000000000000': 0 pak files mounted, 0 remain pending
[2021.01.22-00.57.17:859][  0]LogPakFile: Registered encryption key '00000000000000000000000000000000': 0 pak files mounted, 0 remain pending
[2021.01.22-00.57.17:859][  0]LogPakFile: Registered encryption key '00000000000000000000000000000000': 0 pak files mounted, 0 remain pending
[2021.01.22-00.57.17:860][  0]LogPakFile: Registered encryption key '00000000000000000000000000000000': 0 pak files mounted, 0 remain pending
[2021.01.22-00.57.17:860][  0]LogPakFile: Registered encryption key '00000000000000000000000000000000': 0 pak files mounted, 0 remain pending
[2021.01.22-00.57.17:861][  0]LogPakFile: Registered encryption key '00000000000000000000000000000000': 0 pak files mounted, 0 remain pending
[2021.01.22-00.57.17:861][  0]LogPakFile: Registered encryption key '00000000000000000000000000000000': 0 pak files mounted, 0 remain pending
[2021.01.22-00.57.17:862][  0]LogPakFile: Registered encryption key '00000000000000000000000000000000': 0 pak files mounted, 0 remain pending
[2021.01.22-00.57.17:862][  0]LogPakFile: Registered encryption key '00000000000000000000000000000000': 0 pak files mounted, 0 remain pending
[2021.01.22-00.57.17:863][  0]LogPakFile: Registered encryption key '00000000000000000000000000000000': 0 pak files mounted, 0 remain pending
[2021.01.22-00.57.17:863][  0]LogPakFile: Registered encryption key '00000000000000000000000000000000': 0 pak files mounted, 0 remain pending
[2021.01.22-00.57.17:864][  0]LogPakFile: Registered encryption key '00000000000000000000000000000000': 0 pak files mounted, 0 remain pending
[2021.01.22-00.57.17:864][  0]LogPakFile: Registered encryption key '00000000000000000000000000000000': 0 pak files mounted, 0 remain pending
[2021.01.22-00.57.17:864][  0]LogPakFile: Registered encryption key '00000000000000000000000000000000': 0 pak files mounted, 0 remain pending
[2021.01.22-00.57.17:865][  0]LogPakFile: Registered encryption key '00000000000000000000000000000000': 0 pak files mounted, 0 remain pending
[2021.01.22-00.57.17:865][  0]LogPakFile: Registered encryption key '00000000000000000000000000000000': 0 pak files mounted, 0 remain pending
[2021.01.22-00.57.17:866][  0]LogPakFile: Registered encryption key '00000000000000000000000000000000': 0 pak files mounted, 0 remain pending
[2021.01.22-00.57.17:866][  0]LogPakFile: Registered encryption key '00000000000000000000000000000000': 0 pak files mounted, 0 remain pending
[2021.01.22-00.57.17:893][  0]LogContentBrowser: Native class hierarchy updated for 'AddContentDialog' in 0.0003 seconds. Added 0 classes and 0 folders.
[2021.01.22-00.57.17:901][  0]LogContentBrowser: Native class hierarchy updated for 'SceneOutliner' in 0.0004 seconds. Added 1 classes and 2 folders.
[2021.01.22-00.57.17:915][  0]LogSlate: Took 0.000155 seconds to synchronously load lazily loaded font '../../../Engine/Content/Slate/Fonts/Roboto-Regular.ttf' (155K)
[2021.01.22-00.57.17:917][  0]LogSlate: Took 0.000145 seconds to synchronously load lazily loaded font '../../../Engine/Content/Slate/Fonts/Roboto-Bold.ttf' (160K)
[2021.01.22-00.57.17:921][  0]LogSlate: Took 0.000125 seconds to synchronously load lazily loaded font '../../../Engine/Content/Editor/Slate/Fonts/FontAwesome.ttf' (139K)
[2021.01.22-00.57.17:980][  0]LogRenderer: Reallocating scene render targets to support 1684x812 Format 10 NumSamples 1 (Frame:1).
[2021.01.22-00.57.18:280][  0]LogContentBrowser: Native class hierarchy updated for 'HierarchicalLODOutliner' in 0.0004 seconds. Added 0 classes and 0 folders.
[2021.01.22-00.57.18:280][  0]LogLoad: (Engine Initialization) Total time: 11.05 seconds
[2021.01.22-00.57.18:280][  0]LogLoad: (Engine Initialization) Total Blueprint compile time: 0.00 seconds
[2021.01.22-00.57.18:339][  0]LogContentStreaming: Texture pool size now 1000 MB
[2021.01.22-00.57.18:363][  1]LogAssetRegistry: Asset discovery search completed in 6.4473 seconds
[2021.01.22-00.57.18:364][  1]LogCollectionManager: Rebuilt the object cache for 0 collections in 0.000000 seconds (found 0 objects)
[2021.01.22-00.57.18:364][  1]LogCollectionManager: Fixed up redirectors for 0 collections in 0.000086 seconds (updated 0 objects)
[2021.01.22-01.03.39:085][680]LogSlate: FSceneViewport::OnFocusLost() reason 0
[2021.01.22-01.03.39:151][688]LogTemp: Repeating last play command: Selected Viewport
[2021.01.22-01.03.39:158][688]LogBlueprintUserMessages: Early PlayInEditor Detection: Level '/Game/StarterContent/Maps/Minimal_Default.Minimal_Default:PersistentLevel' has LevelScriptBlueprint '/Game/StarterContent/Maps/Minimal_Default.Minimal_Default:PersistentLevel.Minimal_Default' with GeneratedClass '/Game/StarterContent/Maps/Minimal_Default.Minimal_Default_C' with ClassGeneratedBy '/Game/StarterContent/Maps/Minimal_Default.Minimal_Default:PersistentLevel.Minimal_Default'
[2021.01.22-01.03.39:158][688]LogPlayLevel: PlayLevel: No blueprints needed recompiling
[2021.01.22-01.03.39:159][688]PIE: New page: PIE session: Minimal_Default (22 Jan 2021 01:03:39)
[2021.01.22-01.03.39:172][688]LogPlayLevel: Creating play world package: /Game/StarterContent/Maps/UEDPIE_0_Minimal_Default
[2021.01.22-01.03.39:175][688]LogPlayLevel: PIE: StaticDuplicateObject took: (0.002640s)
[2021.01.22-01.03.39:175][688]LogAIModule: Creating AISystem for world Minimal_Default
[2021.01.22-01.03.39:175][688]LogPlayLevel: PIE: World Init took: (0.000646s)
[2021.01.22-01.03.39:175][688]LogPlayLevel: PIE: Created PIE world by copying editor world from /Game/StarterContent/Maps/Minimal_Default.Minimal_Default to /Game/StarterContent/Maps/UEDPIE_0_Minimal_Default.Minimal_Default (0.003737s)
[2021.01.22-01.03.39:211][688]LogInit: XAudio2 using 'Speakers (USB Audio Device)' : 2 channels at 48 kHz using 16 bits per sample (channel mask 0x3)
[2021.01.22-01.03.39:219][688]LogInit: FAudioDevice initialized.
[2021.01.22-01.03.39:263][688]LogUObjectGlobals: Warning: Failed to find object 'Class /Script/PhysicsSim_UE.PhysicsSim_UEGameMode'
[2021.01.22-01.03.39:263][688]LogLoad: Game class is 'GameModeBase'
[2021.01.22-01.03.39:264][688]LogWorld: Bringing World /Game/StarterContent/Maps/UEDPIE_0_Minimal_Default.Minimal_Default up for play (max tick rate 0) at 2021.01.22-01.03.39
[2021.01.22-01.03.39:264][688]LogWorld: Bringing up level for play took: 0.000715
[2021.01.22-01.03.39:280][688]LogContentBrowser: Native class hierarchy updated for 'MovieSceneCapture' in 0.0004 seconds. Added 20 classes and 0 folders.
[2021.01.22-01.03.39:281][688]PIE: Play in editor start time for /Game/StarterContent/Maps/UEDPIE_0_Minimal_Default -0.11
[2021.01.22-01.03.39:281][688]LogBlueprintUserMessages: Late PlayInEditor Detection: Level '/Game/StarterContent/Maps/Minimal_Default.Minimal_Default:PersistentLevel' has LevelScriptBlueprint '/Game/StarterContent/Maps/Minimal_Default.Minimal_Default:PersistentLevel.Minimal_Default' with GeneratedClass '/Game/StarterContent/Maps/Minimal_Default.Minimal_Default_C' with ClassGeneratedBy '/Game/StarterContent/Maps/Minimal_Default.Minimal_Default:PersistentLevel.Minimal_Default'
[2021.01.22-01.03.41:570][961]LogBlueprintUserMessages: Early EndPlayMap Detection: Level '/Game/StarterContent/Maps/Minimal_Default.Minimal_Default:PersistentLevel' has LevelScriptBlueprint '/Game/StarterContent/Maps/Minimal_Default.Minimal_Default:PersistentLevel.Minimal_Default' with GeneratedClass '/Game/StarterContent/Maps/Minimal_Default.Minimal_Default_C' with ClassGeneratedBy '/Game/StarterContent/Maps/Minimal_Default.Minimal_Default:PersistentLevel.Minimal_Default'
[2021.01.22-01.03.41:570][961]LogSlate: Updating window title bar state: overlay mode, drag disabled, window buttons hidden, title bar hidden
[2021.01.22-01.03.41:605][961]LogPlayLevel: Display: Shutting down PIE online subsystems
[2021.01.22-01.03.41:606][961]LogBlueprintUserMessages: Late EndPlayMap Detection: Level '/Game/StarterContent/Maps/Minimal_Default.Minimal_Default:PersistentLevel' has LevelScriptBlueprint '/Game/StarterContent/Maps/Minimal_Default.Minimal_Default:PersistentLevel.Minimal_Default' with GeneratedClass '/Game/StarterContent/Maps/Minimal_Default.Minimal_Default_C' with ClassGeneratedBy '/Game/StarterContent/Maps/Minimal_Default.Minimal_Default:PersistentLevel.Minimal_Default'
[2021.01.22-01.03.41:630][961]LogSlate: Updating window title bar state: overlay mode, drag disabled, window buttons hidden, title bar hidden
[2021.01.22-01.03.41:675][966]LogPlayLevel: Display: Destroying online subsystem :Context_1
[2021.01.22-01.07.12:093][108]LogSlate: Took 0.000196 seconds to synchronously load lazily loaded font '../../../Engine/Content/Slate/Fonts/Roboto-Light.ttf' (167K)
[2021.01.22-07.04.24:963][390]LogEditorViewport: Clicking on Actor (LMB): StaticMeshActor (Floor)
[2021.01.22-07.08.56:280][ 56]LogSlate: FSceneViewport::OnFocusLost() reason 0
[2021.01.22-07.08.56:352][ 64]LogVSAccessor: Warning: Couldn't access Visual Studio
[2021.01.22-07.08.56:356][ 64]Candidate modules for hot reload:
[2021.01.22-07.08.56:356][ 64]  PhysicsSim_UE
[2021.01.22-07.08.56:356][ 64]Launching UnrealBuildTool... [C:/Program Files/Epic Games/UE_4.21/Engine/Binaries/DotNET/UnrealBuildTool.exe  -ModuleWithSuffix=PhysicsSim_UE,5060 Win64 Development -TargetType=Editor -Project="../../../../../../Users/betha/Documents/GitHub/PhysicsSimulation/PhysicsSim_UE/PhysicsSim_UE.uproject" -canskiplink "C:/Users/betha/Documents/GitHub/PhysicsSimulation/PhysicsSim_UE/PhysicsSim_UE.uproject" ]
[2021.01.22-07.08.56:359][ 64]Warning: Starting HotReload took  0.0s.
[2021.01.22-07.09.10:157][719]CompilerResultsLog: New page: Compilation - 22 Jan 2021 07:09:10
[2021.01.22-07.09.10:158][719]CompilerResultsLog: Using 'git status' to determine working set for adaptive non-unity build (C:\Users\betha\Documents\GitHub\PhysicsSimulation).
[2021.01.22-07.09.10:158][719]CompilerResultsLog: Creating makefile for hot reloading PhysicsSim_UEEditor (source directory changed)
[2021.01.22-07.09.10:158][719]CompilerResultsLog: Compiling game modules for hot reload
[2021.01.22-07.09.10:158][719]CompilerResultsLog: Using Visual Studio 2017 14.28.29333 toolchain (C:\Program Files (x86)\Microsoft Visual Studio\2019\Community\VC\Tools\MSVC\14.28.29333) and Windows 10.0.18362.0 SDK (C:\Program Files (x86)\Windows Kits\10).
[2021.01.22-07.09.10:158][719]CompilerResultsLog: Parsing headers for PhysicsSim_UEEditor
[2021.01.22-07.09.10:158][719]CompilerResultsLog:   Running UnrealHeaderTool "C:\Users\betha\Documents\GitHub\PhysicsSimulation\PhysicsSim_UE\PhysicsSim_UE.uproject" "C:\Users\betha\Documents\GitHub\PhysicsSimulation\PhysicsSim_UE\Intermediate\Build\Win64\PhysicsSim_UEEditor\Development\PhysicsSim_UEEditor.uhtmanifest" -LogCmds="loginit warning, logexit warning, logdatabase error" -Unattended -WarningsAsErrors -installed
[2021.01.22-07.09.10:158][719]CompilerResultsLog: Error: C:/Users/betha/Documents/GitHub/PhysicsSimulation/PhysicsSim_UE/Source/PhysicsSim_UE/MovingSphere.h(32)  : Error: Unrecognized type 'AStaticMesh' - type must be a UCLASS, USTRUCT or UENUM
[2021.01.22-07.09.10:158][719]CompilerResultsLog: Error: UnrealHeaderTool failed for target 'PhysicsSim_UEEditor' (platform: Win64, module info: C:\Users\betha\Documents\GitHub\PhysicsSimulation\PhysicsSim_UE\Intermediate\Build\Win64\PhysicsSim_UEEditor\Development\PhysicsSim_UEEditor.uhtmanifest, exit code: OtherCompilationError (5)).
[2021.01.22-07.09.10:159][719]LogMainFrame: MainFrame: Module compiling took 13.807 seconds
[2021.01.22-07.09.10:159][719]Warning: HotReload failed, recompile failed
[2021.01.22-07.09.48:442][ 54]LogSlate: Window 'Message Log' being destroyed
[2021.01.22-07.09.48:446][ 54]LogSlate: Window 'Message Log' being destroyed
[2021.01.22-07.09.49:349][161]LogVSAccessor: Warning: Couldn't access Visual Studio
[2021.01.22-07.09.49:353][161]Candidate modules for hot reload:
[2021.01.22-07.09.49:353][161]  PhysicsSim_UE
[2021.01.22-07.09.49:354][161]Launching UnrealBuildTool... [C:/Program Files/Epic Games/UE_4.21/Engine/Binaries/DotNET/UnrealBuildTool.exe  -ModuleWithSuffix=PhysicsSim_UE,101 Win64 Development -TargetType=Editor -Project="../../../../../../Users/betha/Documents/GitHub/PhysicsSimulation/PhysicsSim_UE/PhysicsSim_UE.uproject" -canskiplink "C:/Users/betha/Documents/GitHub/PhysicsSimulation/PhysicsSim_UE/PhysicsSim_UE.uproject" ]
[2021.01.22-07.09.49:355][161]Warning: Starting HotReload took  0.0s.
[2021.01.22-07.10.09:345][551]CompilerResultsLog: New page: Compilation - 22 Jan 2021 07:10:09
[2021.01.22-07.10.09:345][551]CompilerResultsLog: Using 'git status' to determine working set for adaptive non-unity build (C:\Users\betha\Documents\GitHub\PhysicsSimulation).
[2021.01.22-07.10.09:345][551]CompilerResultsLog: Creating makefile for hot reloading PhysicsSim_UEEditor (source directory changed)
[2021.01.22-07.10.09:345][551]CompilerResultsLog: Compiling game modules for hot reload
[2021.01.22-07.10.09:345][551]CompilerResultsLog: Using Visual Studio 2017 14.28.29333 toolchain (C:\Program Files (x86)\Microsoft Visual Studio\2019\Community\VC\Tools\MSVC\14.28.29333) and Windows 10.0.18362.0 SDK (C:\Program Files (x86)\Windows Kits\10).
[2021.01.22-07.10.09:346][551]CompilerResultsLog: Parsing headers for PhysicsSim_UEEditor
[2021.01.22-07.10.09:346][551]CompilerResultsLog:   Running UnrealHeaderTool "C:\Users\betha\Documents\GitHub\PhysicsSimulation\PhysicsSim_UE\PhysicsSim_UE.uproject" "C:\Users\betha\Documents\GitHub\PhysicsSimulation\PhysicsSim_UE\Intermediate\Build\Win64\PhysicsSim_UEEditor\Development\PhysicsSim_UEEditor.uhtmanifest" -LogCmds="loginit warning, logexit warning, logdatabase error" -Unattended -WarningsAsErrors -installed
[2021.01.22-07.10.09:346][551]CompilerResultsLog: Reflection code generated for PhysicsSim_UEEditor in 7.6278707 seconds
[2021.01.22-07.10.09:346][551]CompilerResultsLog: Building 5 actions with 24 processes...
[2021.01.22-07.10.09:346][551]CompilerResultsLog:   [1/5] PhysicsSim_UE.init.gen.cpp
[2021.01.22-07.10.09:346][551]CompilerResultsLog:   [2/5] MovingSphere.gen.cpp
[2021.01.22-07.10.09:346][551]CompilerResultsLog:   [3/5] MovingSphere.cpp
[2021.01.22-07.10.09:346][551]CompilerResultsLog:   [4/5] UE4Editor-PhysicsSim_UE-101.lib
[2021.01.22-07.10.09:346][551]CompilerResultsLog:      Creating library C:\Users\betha\Documents\GitHub\PhysicsSimulation\PhysicsSim_UE\Intermediate\Build\Win64\UE4Editor\Development\PhysicsSim_UE\UE4Editor-PhysicsSim_UE-101.lib and object C:\Users\betha\Documents\GitHub\PhysicsSimulation\PhysicsSim_UE\Intermediate\Build\Win64\UE4Editor\Development\PhysicsSim_UE\UE4Editor-PhysicsSim_UE-101.exp
[2021.01.22-07.10.09:347][551]CompilerResultsLog:   [5/5] UE4Editor-PhysicsSim_UE-101.dll
[2021.01.22-07.10.09:347][551]CompilerResultsLog:      Creating library C:\Users\betha\Documents\GitHub\PhysicsSimulation\PhysicsSim_UE\Intermediate\Build\Win64\UE4Editor\Development\PhysicsSim_UE\UE4Editor-PhysicsSim_UE-101.suppressed.lib and object C:\Users\betha\Documents\GitHub\PhysicsSimulation\PhysicsSim_UE\Intermediate\Build\Win64\UE4Editor\Development\PhysicsSim_UE\UE4Editor-PhysicsSim_UE-101.suppressed.exp
[2021.01.22-07.10.09:347][551]CompilerResultsLog: Total build time: 19.77 seconds (Parallel executor: 5.82 seconds)
[2021.01.22-07.10.09:347][551]LogMainFrame: MainFrame: Module compiling took 19.997 seconds
[2021.01.22-07.10.11:298][551]LogClass: Could not find existing class MovingSphere in package /Script/PhysicsSim_UE for HotReload, assuming new class
[2021.01.22-07.10.11:302][551]LogHotReload: Re-instancing MovingSphere after hot-reload.
[2021.01.22-07.10.11:362][551]LogContentBrowser: Native class hierarchy updated for 'PhysicsSim_UE' in 0.0005 seconds. Added 5 classes and 2 folders.
[2021.01.22-07.10.11:364][551]Display: HotReload successful (0 functions remapped  0 scriptstructs remapped)
[2021.01.22-07.10.11:665][551]LogContentBrowser: Native class hierarchy populated in 0.0075 seconds. Added 2657 classes and 624 folders.
[2021.01.22-07.10.11:665][551]Display: HotReload took 22.3s.
[2021.01.22-07.10.14:764][911]LogEditorViewport: Clicking Background
[2021.01.22-07.10.15:803][ 34]LogEditorViewport: Clicking on Actor (LMB): MovingSphere (MovingSphere1)
[2021.01.22-07.10.29:900][716]LogSlate: FSceneViewport::OnFocusLost() reason 2
[2021.01.22-07.10.32:518][ 19]LogEditorViewport: Clicking on Actor (LMB): StaticMeshActor (Floor)
[2021.01.22-07.10.35:100][322]LogEditorViewport: Clicking on Actor (LMB): MovingSphere (MovingSphere1)
[2021.01.22-07.10.41:944][138]LogSlate: FSceneViewport::OnFocusLost() reason 0
[2021.01.22-07.10.46:212][649]LogEditorViewport: Clicking on Actor (LMB): StaticMeshActor (Floor)
[2021.01.22-07.10.47:627][811]LogSlate: FSceneViewport::OnFocusLost() reason 0
[2021.01.22-07.11.17:919][980]LogSlate: FSceneViewport::OnFocusLost() reason 2
[2021.01.22-07.11.20:735][311]LogSlate: FSceneViewport::OnFocusLost() reason 0
[2021.01.22-07.11.22:683][539]LogSlate: Took 0.000210 seconds to synchronously load lazily loaded font '../../../Engine/Content/Slate/Fonts/Roboto-BoldCondensed.ttf' (158K)
[2021.01.22-07.11.38:971][485]Running C:/Program Files/Epic Games/UE_4.21/Engine/Binaries/DotNET/UnrealBuildTool.exe  -projectfiles -project="C:/Users/betha/Documents/GitHub/PhysicsSimulation/PhysicsSim_UE/PhysicsSim_UE.uproject" -game -rocket -progress
[2021.01.22-07.11.39:274][485]Discovering modules, targets and source code for project...
[2021.01.22-07.11.40:380][485]Binding IntelliSense data...
[2021.01.22-07.11.41:387][485]Binding IntelliSense data... 100%
[2021.01.22-07.11.41:387][485]Writing project files...
[2021.01.22-07.11.43:099][485]Writing project files... 100%
[2021.01.22-07.11.43:208][485]LogVSAccessor: Warning: Couldn't access Visual Studio
[2021.01.22-07.11.43:211][485]Candidate modules for hot reload:
[2021.01.22-07.11.43:211][485]  PhysicsSim_UE
[2021.01.22-07.11.43:212][485]Launching UnrealBuildTool... [C:/Program Files/Epic Games/UE_4.21/Engine/Binaries/DotNET/UnrealBuildTool.exe  -ModuleWithSuffix=PhysicsSim_UE,4408 Win64 Development -TargetType=Editor -Project="../../../../../../Users/betha/Documents/GitHub/PhysicsSimulation/PhysicsSim_UE/PhysicsSim_UE.uproject" -canskiplink "C:/Users/betha/Documents/GitHub/PhysicsSimulation/PhysicsSim_UE/PhysicsSim_UE.uproject" ]
[2021.01.22-07.11.57:280][485]CompilerResultsLog: New page: Compilation - 22 Jan 2021 07:11:57
[2021.01.22-07.11.57:280][485]CompilerResultsLog: Using 'git status' to determine working set for adaptive non-unity build (C:\Users\betha\Documents\GitHub\PhysicsSimulation).
[2021.01.22-07.11.57:281][485]CompilerResultsLog: Creating makefile for hot reloading PhysicsSim_UEEditor (source directory changed)
[2021.01.22-07.11.57:281][485]CompilerResultsLog: Compiling game modules for hot reload
[2021.01.22-07.11.57:281][485]CompilerResultsLog: Using Visual Studio 2017 14.28.29333 toolchain (C:\Program Files (x86)\Microsoft Visual Studio\2019\Community\VC\Tools\MSVC\14.28.29333) and Windows 10.0.18362.0 SDK (C:\Program Files (x86)\Windows Kits\10).
[2021.01.22-07.11.57:281][485]CompilerResultsLog: Parsing headers for PhysicsSim_UEEditor
[2021.01.22-07.11.57:281][485]CompilerResultsLog:   Running UnrealHeaderTool "C:\Users\betha\Documents\GitHub\PhysicsSimulation\PhysicsSim_UE\PhysicsSim_UE.uproject" "C:\Users\betha\Documents\GitHub\PhysicsSimulation\PhysicsSim_UE\Intermediate\Build\Win64\PhysicsSim_UEEditor\Development\PhysicsSim_UEEditor.uhtmanifest" -LogCmds="loginit warning, logexit warning, logdatabase error" -Unattended -WarningsAsErrors -installed
[2021.01.22-07.11.57:281][485]CompilerResultsLog: Reflection code generated for PhysicsSim_UEEditor in 7.0586275 seconds
[2021.01.22-07.11.57:281][485]CompilerResultsLog: Building 5 actions with 24 processes...
[2021.01.22-07.11.57:281][485]CompilerResultsLog:   [1/5] PhysicsSim_UE.init.gen.cpp
[2021.01.22-07.11.57:281][485]CompilerResultsLog:   [2/5] CollisionPlane.cpp
[2021.01.22-07.11.57:281][485]CompilerResultsLog:   [3/5] CollisionPlane.gen.cpp
[2021.01.22-07.11.57:281][485]CompilerResultsLog:   [4/5] UE4Editor-PhysicsSim_UE-4408.lib
[2021.01.22-07.11.57:282][485]CompilerResultsLog:      Creating library C:\Users\betha\Documents\GitHub\PhysicsSimulation\PhysicsSim_UE\Intermediate\Build\Win64\UE4Editor\Development\PhysicsSim_UE\UE4Editor-PhysicsSim_UE-4408.lib and object C:\Users\betha\Documents\GitHub\PhysicsSimulation\PhysicsSim_UE\Intermediate\Build\Win64\UE4Editor\Development\PhysicsSim_UE\UE4Editor-PhysicsSim_UE-4408.exp
[2021.01.22-07.11.57:282][485]CompilerResultsLog:   [5/5] UE4Editor-PhysicsSim_UE-4408.dll
[2021.01.22-07.11.57:282][485]CompilerResultsLog:      Creating library C:\Users\betha\Documents\GitHub\PhysicsSimulation\PhysicsSim_UE\Intermediate\Build\Win64\UE4Editor\Development\PhysicsSim_UE\UE4Editor-PhysicsSim_UE-4408.suppressed.lib and object C:\Users\betha\Documents\GitHub\PhysicsSimulation\PhysicsSim_UE\Intermediate\Build\Win64\UE4Editor\Development\PhysicsSim_UE\UE4Editor-PhysicsSim_UE-4408.suppressed.exp
[2021.01.22-07.11.57:282][485]CompilerResultsLog: Total build time: 13.87 seconds (Parallel executor: 0.92 seconds)
[2021.01.22-07.11.57:282][485]LogMainFrame: MainFrame: Module compiling took 14.074 seconds
[2021.01.22-07.11.57:751][485]LogClass: Could not find existing class CollisionPlane in package /Script/PhysicsSim_UE for HotReload, assuming new class
[2021.01.22-07.11.57:755][485]LogContentBrowser: Native class hierarchy updated for 'PhysicsSim_UE' in 0.0004 seconds. Added 6 classes and 2 folders.
[2021.01.22-07.11.57:756][485]Display: HotReload successful (0 functions remapped  0 scriptstructs remapped)
[2021.01.22-07.11.57:804][485]LogContentBrowser: Native class hierarchy populated in 0.0074 seconds. Added 2658 classes and 624 folders.
[2021.01.22-07.11.57:804][485]Display: HotReload took 14.6s.
[2021.01.22-07.11.57:806][485]Warning: HotReload operation took 14.6s.
[2021.01.22-07.11.57:825][485]LogSlate: Window 'Add C++ Class' being destroyed
[2021.01.22-07.11.57:829][485]LogHotReload: New module detected: UE4Editor-PhysicsSim_UE-4408.dll
[2021.01.22-07.11.57:859][486]LogHotReload: Starting Hot-Reload from IDE
[2021.01.22-07.11.57:947][486]LogContentBrowser: Native class hierarchy updated for 'PhysicsSim_UE' in 0.0004 seconds. Added 6 classes and 2 folders.
[2021.01.22-07.11.57:948][486]Display: HotReload successful (0 functions remapped  0 scriptstructs remapped)
[2021.01.22-07.11.57:982][486]LogContentBrowser: Native class hierarchy populated in 0.0074 seconds. Added 2658 classes and 624 folders.
[2021.01.22-07.11.57:987][486]Display: HotReload took  0.1s.
