Log file open, 01/15/21 16:26:41
LogWindows: Failed to load 'aqProf.dll' (GetLastError=126)
LogWindows: File 'aqProf.dll' does not exist
LogWindows: Failed to load 'VtuneApi.dll' (GetLastError=126)
LogWindows: File 'VtuneApi.dll' does not exist
LogWindows: Failed to load 'VtuneApi32e.dll' (GetLastError=126)
LogWindows: File 'VtuneApi32e.dll' does not exist
LogConsoleResponse: Display: Failed to find resolution value strings in scalability ini. Falling back to default.
LogInit: Display: Running engine for game: PhysicsSim_UE
LogPakFile: Registered encryption key '00000000000000000000000000000000': 0 pak files mounted, 0 remain pending
LogPlatformFile: Not using cached read wrapper
LogTaskGraph: Started task graph with 5 named threads and 71 total threads with 3 sets of task threads.
LogStats: Stats thread started at 0.912205
LogD3D11RHI: Loaded GFSDK_Aftermath_Lib.x64.dll
LogICUInternationalization: ICU TimeZone Detection - Raw Offset: +0:00, Platform Override: ''
LogPluginManager: Mounting plugin Paper2D
LogPluginManager: Mounting plugin AISupport
LogPluginManager: Mounting plugin LightPropagationVolume
LogPluginManager: Mounting plugin ActorLayerUtilities
LogPluginManager: Mounting plugin CLionSourceCodeAccess
LogPluginManager: Mounting plugin CodeLiteSourceCodeAccess
LogPluginManager: Mounting plugin GitSourceControl
LogPluginManager: Mounting plugin KDevelopSourceCodeAccess
LogPluginManager: Mounting plugin NullSourceCodeAccess
LogPluginManager: Mounting plugin PerforceSourceControl
LogPluginManager: Mounting plugin SubversionSourceControl
LogPluginManager: Mounting plugin UObjectPlugin
LogPluginManager: Mounting plugin VisualStudioCodeSourceCodeAccess
LogPluginManager: Mounting plugin VisualStudioSourceCodeAccess
LogPluginManager: Mounting plugin XCodeSourceCodeAccess
LogPluginManager: Mounting plugin AssetManagerEditor
LogPluginManager: Mounting plugin CryptoKeys
LogPluginManager: Mounting plugin DataValidation
LogPluginManager: Mounting plugin FacialAnimation
LogPluginManager: Mounting plugin GameplayTagsEditor
LogPluginManager: Mounting plugin MacGraphicsSwitching
LogPluginManager: Mounting plugin MeshEditor
LogPluginManager: Mounting plugin MobileLauncherProfileWizard
LogPluginManager: Mounting plugin PluginBrowser
LogPluginManager: Mounting plugin SpeedTreeImporter
LogPluginManager: Mounting plugin DatasmithContent
LogPluginManager: Mounting plugin VariantManagerContent
LogPluginManager: Mounting plugin AlembicImporter
LogPluginManager: Mounting plugin AppleImageUtils
LogPluginManager: Mounting plugin AppleVision
LogPluginManager: Mounting plugin BackChannel
LogPluginManager: Mounting plugin CharacterAI
LogPluginManager: Mounting plugin GeometryCache
LogPluginManager: Mounting plugin HTML5Networking
LogPluginManager: Mounting plugin ProxyLODPlugin
LogPluginManager: Mounting plugin MagicLeap
LogPluginManager: Mounting plugin MagicLeapMedia
LogPluginManager: Mounting plugin AndroidMedia
LogPluginManager: Mounting plugin AvfMedia
LogPluginManager: Mounting plugin ImgMedia
LogPluginManager: Mounting plugin LinearTimecode
LogPluginManager: Mounting plugin MediaCompositing
LogPluginManager: Mounting plugin MediaPlayerEditor
LogPluginManager: Mounting plugin WebMMedia
LogPluginManager: Mounting plugin WmfMedia
LogPluginManager: Mounting plugin TcpMessaging
LogPluginManager: Mounting plugin UdpMessaging
LogPluginManager: Mounting plugin ActorSequence
LogPluginManager: Mounting plugin LevelSequenceEditor
LogPluginManager: Mounting plugin MatineeToLevelSequence
LogPluginManager: Mounting plugin NetcodeUnitTest
LogPluginManager: Mounting plugin NUTUnrealEngine4
LogPluginManager: Mounting plugin OnlineSubsystemGooglePlay
LogPluginManager: Mounting plugin OnlineSubsystemIOS
LogPluginManager: Mounting plugin OnlineSubsystem
LogPluginManager: Mounting plugin OnlineSubsystemNull
LogPluginManager: Mounting plugin OnlineSubsystemUtils
LogPluginManager: Mounting plugin LauncherChunkInstaller
LogPluginManager: Mounting plugin AndroidDeviceProfileSelector
LogPluginManager: Mounting plugin AndroidMoviePlayer
LogPluginManager: Mounting plugin AndroidPermission
LogPluginManager: Mounting plugin AppleMoviePlayer
LogPluginManager: Mounting plugin ArchVisCharacter
LogPluginManager: Mounting plugin AudioCapture
LogPluginManager: Mounting plugin CableComponent
LogPluginManager: Mounting plugin CustomMeshComponent
LogPluginManager: Mounting plugin EditableMesh
LogPluginManager: Mounting plugin ExampleDeviceProfileSelector
LogPluginManager: Mounting plugin Firebase
LogPluginManager: Mounting plugin GoogleCloudMessaging
LogPluginManager: Mounting plugin IOSDeviceProfileSelector
LogPluginManager: Mounting plugin LinuxDeviceProfileSelector
LogPluginManager: Mounting plugin LocationServicesBPLibrary
LogPluginManager: Mounting plugin MobilePatchingUtils
LogPluginManager: Mounting plugin OculusVR
LogPluginManager: Mounting plugin PhysXVehicles
LogPluginManager: Mounting plugin ProceduralMeshComponent
LogPluginManager: Mounting plugin RuntimePhysXCooking
LogPluginManager: Mounting plugin SteamVR
LogPluginManager: Mounting plugin WebMMoviePlayer
LogPluginManager: Mounting plugin WindowsMoviePlayer
LogStreaming: Display: Took  0.113s to configure plugins.
LogInit: Using libcurl 7.55.1-DEV
LogInit:  - built for x86_64-pc-win32
LogInit:  - supports SSL with OpenSSL/1.0.2h
LogInit:  - supports HTTP deflate (compression) using libz 1.2.8
LogInit:  - other features:
LogInit:      CURL_VERSION_SSL
LogInit:      CURL_VERSION_LIBZ
LogInit:      CURL_VERSION_IPV6
LogInit:      CURL_VERSION_ASYNCHDNS
LogInit:      CURL_VERSION_LARGEFILE
LogInit:      CURL_VERSION_IDN
LogInit:  CurlRequestOptions (configurable via config and command line):
LogInit:  - bVerifyPeer = true  - Libcurl will verify peer certificate
LogInit:  - bUseHttpProxy = false  - Libcurl will NOT use HTTP proxy
LogInit:  - bDontReuseConnections = false  - Libcurl will reuse connections
LogInit:  - MaxHostConnections = 16  - Libcurl will limit the number of connections to a host
LogInit:  - LocalHostAddr = Default
LogInit:  - BufferSize = 65536
LogInit: WinSock: version 1.1 (2.2), MaxSocks=32767, MaxUdp=65467
LogInit: Build: ++UE4+Release-4.21-CL-4753647
LogInit: Engine Version: 4.21.2-4753647+++UE4+Release-4.21
LogInit: Compatible Engine Version: 4.21.0-4541578+++UE4+Release-4.21
LogInit: Net CL: 4541578
LogInit: OS: Windows 10 (), CPU: AMD Ryzen 9 3900X 12-Core Processor            , GPU: NVIDIA GeForce RTX 2070 SUPER
LogInit: Compiled (64-bit): Jan 19 2019 02:07:31
LogInit: Compiled with Visual C++: 19.13.26129.00
LogInit: Build Configuration: Development
LogInit: Branch Name: ++UE4+Release-4.21
LogInit: Command Line:  -skipcompile
LogInit: Base Directory: C:/Program Files/Epic Games/UE_4.21/Engine/Binaries/Win64/
LogInit: Installed Engine Build: 1
LogDevObjectVersion: Number of dev versions registered: 22
LogDevObjectVersion:   Dev-Blueprints (B0D832E4-1F89-4F0D-ACCF-7EB736FD4AA2): 10
LogDevObjectVersion:   Dev-Build (E1C64328-A22C-4D53-A36C-8E866417BD8C): 0
LogDevObjectVersion:   Dev-Core (375EC13C-06E4-48FB-B500-84F0262A717E): 2
LogDevObjectVersion:   Dev-Editor (E4B068ED-F494-42E9-A231-DA0B2E46BB41): 26
LogDevObjectVersion:   Dev-Framework (CFFC743F-43B0-4480-9391-14DF171D2073): 34
LogDevObjectVersion:   Dev-Mobile (B02B49B5-BB20-44E9-A304-32B752E40360): 2
LogDevObjectVersion:   Dev-Networking (A4E4105C-59A1-49B5-A7C5-40C4547EDFEE): 0
LogDevObjectVersion:   Dev-Online (39C831C9-5AE6-47DC-9A44-9C173E1C8E7C): 0
LogDevObjectVersion:   Dev-Physics (78F01B33-EBEA-4F98-B9B4-84EACCB95AA2): 0
LogDevObjectVersion:   Dev-Platform (6631380F-2D4D-43E0-8009-CF276956A95A): 0
LogDevObjectVersion:   Dev-Rendering (12F88B9F-8875-4AFC-A67C-D90C383ABD29): 27
LogDevObjectVersion:   Dev-Sequencer (7B5AE74C-D270-4C10-A958-57980B212A5A): 9
LogDevObjectVersion:   Dev-VR (D7296918-1DD6-4BDD-9DE2-64A83CC13884): 2
LogDevObjectVersion:   Dev-LoadTimes (C2A15278-BFE7-4AFE-6C17-90FF531DF755): 1
LogDevObjectVersion:   Private-Geometry (6EACA3D4-40EC-4CC1-B786-8BED09428FC5): 3
LogDevObjectVersion:   Dev-AnimPhys (29E575DD-E0A3-4627-9D10-D276232CDCEA): 17
LogDevObjectVersion:   Dev-Anim (AF43A65D-7FD3-4947-9873-3E8ED9C1BB05): 2
LogDevObjectVersion:   Dev-ReflectionCapture (6B266CEC-1EC7-4B8F-A30B-E4D90942FC07): 1
LogDevObjectVersion:   Dev-Automation (0DF73D61-A23F-47EA-B727-89E90C41499A): 1
LogDevObjectVersion:   FortniteMain (601D1886-AC64-4F84-AA16-D3DE0DEAC7D6): 17
LogDevObjectVersion:   Dev-Enterprise (9DFFBCD6-494F-0158-E221-12823C92A888): 4
LogDevObjectVersion:   Dev-Niagara (F2AED0AC-9AFE-416F-8664-AA7FFA26D6FC): 1
LogStreaming: Display: Took  0.000s to delete old logs.
LogInit: Presizing for max 8388607 objects, including 0 objects not considered by GC, pre-allocating 0 bytes for permanent pool.
LogInit: Object subsystem initialized
LogConfig: Setting CVar [[con.DebugEarlyDefault:1]]
LogConfig: Setting CVar [[r.setres:1280x720]]
[2021.01.15-16.26.42:294][  0]LogConfig: Setting CVar [[r.VSync:0]]
[2021.01.15-16.26.42:295][  0]LogConfig: Setting CVar [[r.RHICmdBypass:0]]
[2021.01.15-16.26.42:295][  0]LogConfig: Applying CVar settings from Section [/Script/Engine.RendererSettings] File [C:/Users/betha/Documents/GitHub/PhysicsSimulation/PhysicsSim_UE/Saved/Config/Windows/Engine.ini]
[2021.01.15-16.26.42:295][  0]LogConfig: Setting CVar [[r.GPUCrashDebugging:0]]
[2021.01.15-16.26.42:295][  0]LogConfig: Applying CVar settings from Section [/Script/Engine.RendererOverrideSettings] File [C:/Users/betha/Documents/GitHub/PhysicsSimulation/PhysicsSim_UE/Saved/Config/Windows/Engine.ini]
[2021.01.15-16.26.42:295][  0]LogConfig: Applying CVar settings from Section [/Script/Engine.StreamingSettings] File [C:/Users/betha/Documents/GitHub/PhysicsSimulation/PhysicsSim_UE/Saved/Config/Windows/Engine.ini]
[2021.01.15-16.26.42:295][  0]LogConfig: Setting CVar [[s.MinBulkDataSizeForAsyncLoading:131072]]
[2021.01.15-16.26.42:295][  0]LogConfig: Setting CVar [[s.AsyncLoadingThreadEnabled:0]]
[2021.01.15-16.26.42:295][  0]LogConfig: Setting CVar [[s.EventDrivenLoaderEnabled:1]]
[2021.01.15-16.26.42:295][  0]LogConfig: Setting CVar [[s.WarnIfTimeLimitExceeded:0]]
[2021.01.15-16.26.42:295][  0]LogConfig: Setting CVar [[s.TimeLimitExceededMultiplier:1.5]]
[2021.01.15-16.26.42:295][  0]LogConfig: Setting CVar [[s.TimeLimitExceededMinTime:0.005]]
[2021.01.15-16.26.42:295][  0]LogConfig: Setting CVar [[s.UseBackgroundLevelStreaming:1]]
[2021.01.15-16.26.42:295][  0]LogConfig: Setting CVar [[s.PriorityAsyncLoadingExtraTime:15.0]]
[2021.01.15-16.26.42:295][  0]LogConfig: Setting CVar [[s.LevelStreamingActorsUpdateTimeLimit:5.0]]
[2021.01.15-16.26.42:296][  0]LogConfig: Setting CVar [[s.PriorityLevelStreamingActorsUpdateExtraTime:5.0]]
[2021.01.15-16.26.42:296][  0]LogConfig: Setting CVar [[s.LevelStreamingComponentsRegistrationGranularity:10]]
[2021.01.15-16.26.42:296][  0]LogConfig: Setting CVar [[s.UnregisterComponentsTimeLimit:1.0]]
[2021.01.15-16.26.42:296][  0]LogConfig: Setting CVar [[s.LevelStreamingComponentsUnregistrationGranularity:5]]
[2021.01.15-16.26.42:296][  0]LogConfig: Applying CVar settings from Section [/Script/Engine.GarbageCollectionSettings] File [C:/Users/betha/Documents/GitHub/PhysicsSimulation/PhysicsSim_UE/Saved/Config/Windows/Engine.ini]
[2021.01.15-16.26.42:296][  0]LogConfig: Setting CVar [[gc.MaxObjectsNotConsideredByGC:1]]
[2021.01.15-16.26.42:296][  0]LogConfig: Setting CVar [[gc.SizeOfPermanentObjectPool:0]]
[2021.01.15-16.26.42:296][  0]LogConfig: Setting CVar [[gc.FlushStreamingOnGC:0]]
[2021.01.15-16.26.42:296][  0]LogConfig: Setting CVar [[gc.NumRetriesBeforeForcingGC:10]]
[2021.01.15-16.26.42:296][  0]LogConfig: Setting CVar [[gc.AllowParallelGC:1]]
[2021.01.15-16.26.42:296][  0]LogConfig: Setting CVar [[gc.TimeBetweenPurgingPendingKillObjects:61.1]]
[2021.01.15-16.26.42:296][  0]LogConfig: Setting CVar [[gc.MaxObjectsInEditor:8388607]]
[2021.01.15-16.26.42:296][  0]LogConfig: Setting CVar [[gc.IncrementalBeginDestroyEnabled:1]]
[2021.01.15-16.26.42:296][  0]LogConfig: Setting CVar [[gc.CreateGCClusters:1]]
[2021.01.15-16.26.42:296][  0]LogConfig: Setting CVar [[gc.MergeGCClusters:0]]
[2021.01.15-16.26.42:296][  0]LogConfig: Setting CVar [[gc.MinGCClusterSize:5]]
[2021.01.15-16.26.42:296][  0]LogConfig: Setting CVar [[gc.ActorClusteringEnabled:0]]
[2021.01.15-16.26.42:297][  0]LogConfig: Setting CVar [[gc.BlueprintClusteringEnabled:0]]
[2021.01.15-16.26.42:297][  0]LogConfig: Setting CVar [[gc.UseDisregardForGCOnDedicatedServers:0]]
[2021.01.15-16.26.42:297][  0]LogConfig: Applying CVar settings from Section [/Script/Engine.NetworkSettings] File [C:/Users/betha/Documents/GitHub/PhysicsSimulation/PhysicsSim_UE/Saved/Config/Windows/Engine.ini]
[2021.01.15-16.26.42:297][  0]LogConfig: Applying CVar settings from Section [/Script/UnrealEd.CookerSettings] File [C:/Users/betha/Documents/GitHub/PhysicsSimulation/PhysicsSim_UE/Saved/Config/Windows/Engine.ini]
[2021.01.15-16.26.42:303][  0]LogConfig: Applying CVar settings from Section [ViewDistanceQuality@3] File [C:/Users/betha/Documents/GitHub/PhysicsSimulation/PhysicsSim_UE/Saved/Config/Windows/Scalability.ini]
[2021.01.15-16.26.42:303][  0]LogConfig: Setting CVar [[r.SkeletalMeshLODBias:0]]
[2021.01.15-16.26.42:303][  0]LogConfig: Setting CVar [[r.ViewDistanceScale:1.0]]
[2021.01.15-16.26.42:303][  0]LogConfig: Applying CVar settings from Section [AntiAliasingQuality@3] File [C:/Users/betha/Documents/GitHub/PhysicsSimulation/PhysicsSim_UE/Saved/Config/Windows/Scalability.ini]
[2021.01.15-16.26.42:303][  0]LogConfig: Setting CVar [[r.PostProcessAAQuality:4]]
[2021.01.15-16.26.42:303][  0]LogConfig: Applying CVar settings from Section [ShadowQuality@3] File [C:/Users/betha/Documents/GitHub/PhysicsSimulation/PhysicsSim_UE/Saved/Config/Windows/Scalability.ini]
[2021.01.15-16.26.42:303][  0]LogConfig: Setting CVar [[r.LightFunctionQuality:1]]
[2021.01.15-16.26.42:303][  0]LogConfig: Setting CVar [[r.ShadowQuality:5]]
[2021.01.15-16.26.42:303][  0]LogConfig: Setting CVar [[r.Shadow.CSM.MaxCascades:10]]
[2021.01.15-16.26.42:303][  0]LogConfig: Setting CVar [[r.Shadow.MaxResolution:2048]]
[2021.01.15-16.26.42:303][  0]LogConfig: Setting CVar [[r.Shadow.MaxCSMResolution:2048]]
[2021.01.15-16.26.42:303][  0]LogConfig: Setting CVar [[r.Shadow.RadiusThreshold:0.01]]
[2021.01.15-16.26.42:303][  0]LogConfig: Setting CVar [[r.Shadow.DistanceScale:1.0]]
[2021.01.15-16.26.42:303][  0]LogConfig: Setting CVar [[r.Shadow.CSM.TransitionScale:1.0]]
[2021.01.15-16.26.42:303][  0]LogConfig: Setting CVar [[r.Shadow.PreShadowResolutionFactor:1.0]]
[2021.01.15-16.26.42:303][  0]LogConfig: Setting CVar [[r.DistanceFieldShadowing:1]]
[2021.01.15-16.26.42:303][  0]LogConfig: Setting CVar [[r.DistanceFieldAO:1]]
[2021.01.15-16.26.42:304][  0]LogConfig: Setting CVar [[r.AOQuality:2]]
[2021.01.15-16.26.42:304][  0]LogConfig: Setting CVar [[r.VolumetricFog:1]]
[2021.01.15-16.26.42:304][  0]LogConfig: Setting CVar [[r.VolumetricFog.GridPixelSize:8]]
[2021.01.15-16.26.42:304][  0]LogConfig: Setting CVar [[r.VolumetricFog.GridSizeZ:128]]
[2021.01.15-16.26.42:304][  0]LogConfig: Setting CVar [[r.VolumetricFog.HistoryMissSupersampleCount:4]]
[2021.01.15-16.26.42:304][  0]LogConfig: Setting CVar [[r.LightMaxDrawDistanceScale:1]]
[2021.01.15-16.26.42:304][  0]LogConfig: Setting CVar [[r.CapsuleShadows:1]]
[2021.01.15-16.26.42:304][  0]LogConfig: Applying CVar settings from Section [PostProcessQuality@3] File [C:/Users/betha/Documents/GitHub/PhysicsSimulation/PhysicsSim_UE/Saved/Config/Windows/Scalability.ini]
[2021.01.15-16.26.42:304][  0]LogConfig: Setting CVar [[r.MotionBlurQuality:4]]
[2021.01.15-16.26.42:304][  0]LogConfig: Setting CVar [[r.AmbientOcclusionMipLevelFactor:0.4]]
[2021.01.15-16.26.42:304][  0]LogConfig: Setting CVar [[r.AmbientOcclusionMaxQuality:100]]
[2021.01.15-16.26.42:304][  0]LogConfig: Setting CVar [[r.AmbientOcclusionLevels:-1]]
[2021.01.15-16.26.42:304][  0]LogConfig: Setting CVar [[r.AmbientOcclusionRadiusScale:1.0]]
[2021.01.15-16.26.42:304][  0]LogConfig: Setting CVar [[r.DepthOfFieldQuality:2]]
[2021.01.15-16.26.42:304][  0]LogConfig: Setting CVar [[r.RenderTargetPoolMin:400]]
[2021.01.15-16.26.42:304][  0]LogConfig: Setting CVar [[r.LensFlareQuality:2]]
[2021.01.15-16.26.42:304][  0]LogConfig: Setting CVar [[r.SceneColorFringeQuality:1]]
[2021.01.15-16.26.42:304][  0]LogConfig: Setting CVar [[r.EyeAdaptationQuality:2]]
[2021.01.15-16.26.42:304][  0]LogConfig: Setting CVar [[r.BloomQuality:5]]
[2021.01.15-16.26.42:304][  0]LogConfig: Setting CVar [[r.FastBlurThreshold:100]]
[2021.01.15-16.26.42:304][  0]LogConfig: Setting CVar [[r.Upscale.Quality:3]]
[2021.01.15-16.26.42:304][  0]LogConfig: Setting CVar [[r.Tonemapper.GrainQuantization:1]]
[2021.01.15-16.26.42:304][  0]LogConfig: Setting CVar [[r.LightShaftQuality:1]]
[2021.01.15-16.26.42:305][  0]LogConfig: Setting CVar [[r.Filter.SizeScale:1]]
[2021.01.15-16.26.42:305][  0]LogConfig: Setting CVar [[r.Tonemapper.Quality:5]]
[2021.01.15-16.26.42:305][  0]LogConfig: Setting CVar [[r.DOF.Gather.AccumulatorQuality:1        ; higher gathering accumulator quality]]
[2021.01.15-16.26.42:305][  0]LogConfig: Setting CVar [[r.DOF.Gather.PostfilterMethod:1          ; Median3x3 postfilering method]]
[2021.01.15-16.26.42:305][  0]LogConfig: Setting CVar [[r.DOF.Gather.EnableBokehSettings:0       ; no bokeh simulation when gathering]]
[2021.01.15-16.26.42:305][  0]LogConfig: Setting CVar [[r.DOF.Gather.RingCount:4                 ; medium number of samples when gathering]]
[2021.01.15-16.26.42:305][  0]LogConfig: Setting CVar [[r.DOF.Scatter.ForegroundCompositing:1    ; additive foreground scattering]]
[2021.01.15-16.26.42:305][  0]LogConfig: Setting CVar [[r.DOF.Scatter.BackgroundCompositing:2    ; additive background scattering]]
[2021.01.15-16.26.42:305][  0]LogConfig: Setting CVar [[r.DOF.Scatter.EnableBokehSettings:1      ; bokeh simulation when scattering]]
[2021.01.15-16.26.42:305][  0]LogConfig: Setting CVar [[r.DOF.Scatter.MaxSpriteRatio:0.1         ; only a maximum of 10% of scattered bokeh]]
[2021.01.15-16.26.42:305][  0]LogConfig: Setting CVar [[r.DOF.Recombine.Quality:1                ; cheap slight out of focus]]
[2021.01.15-16.26.42:305][  0]LogConfig: Setting CVar [[r.DOF.Recombine.EnableBokehSettings:0    ; no bokeh simulation on slight out of focus]]
[2021.01.15-16.26.42:305][  0]LogConfig: Setting CVar [[r.DOF.TemporalAAQuality:1                ; more stable temporal accumulation]]
[2021.01.15-16.26.42:305][  0]LogConfig: Setting CVar [[r.DOF.Kernel.MaxForegroundRadius:0.025]]
[2021.01.15-16.26.42:305][  0]LogConfig: Setting CVar [[r.DOF.Kernel.MaxBackgroundRadius:0.025]]
[2021.01.15-16.26.42:305][  0]LogConfig: Applying CVar settings from Section [TextureQuality@3] File [C:/Users/betha/Documents/GitHub/PhysicsSimulation/PhysicsSim_UE/Saved/Config/Windows/Scalability.ini]
[2021.01.15-16.26.42:305][  0]LogConfig: Setting CVar [[r.Streaming.MipBias:0]]
[2021.01.15-16.26.42:305][  0]LogConfig: Setting CVar [[r.Streaming.AmortizeCPUToGPUCopy:0]]
[2021.01.15-16.26.42:305][  0]LogConfig: Setting CVar [[r.Streaming.MaxNumTexturesToStreamPerFrame:0]]
[2021.01.15-16.26.42:305][  0]LogConfig: Setting CVar [[r.Streaming.Boost:1]]
[2021.01.15-16.26.42:305][  0]LogConfig: Setting CVar [[r.MaxAnisotropy:8]]
[2021.01.15-16.26.42:305][  0]LogConfig: Setting CVar [[r.Streaming.LimitPoolSizeToVRAM:0]]
[2021.01.15-16.26.42:306][  0]LogConfig: Setting CVar [[r.Streaming.PoolSize:1000]]
[2021.01.15-16.26.42:306][  0]LogConfig: Setting CVar [[r.Streaming.MaxEffectiveScreenSize:0]]
[2021.01.15-16.26.42:306][  0]LogConfig: Applying CVar settings from Section [EffectsQuality@3] File [C:/Users/betha/Documents/GitHub/PhysicsSimulation/PhysicsSim_UE/Saved/Config/Windows/Scalability.ini]
[2021.01.15-16.26.42:306][  0]LogConfig: Setting CVar [[r.TranslucencyLightingVolumeDim:64]]
[2021.01.15-16.26.42:306][  0]LogConfig: Setting CVar [[r.RefractionQuality:2]]
[2021.01.15-16.26.42:306][  0]LogConfig: Setting CVar [[r.SSR.Quality:3]]
[2021.01.15-16.26.42:306][  0]LogConfig: Setting CVar [[r.SceneColorFormat:4]]
[2021.01.15-16.26.42:306][  0]LogConfig: Setting CVar [[r.DetailMode:2]]
[2021.01.15-16.26.42:306][  0]LogConfig: Setting CVar [[r.TranslucencyVolumeBlur:1]]
[2021.01.15-16.26.42:306][  0]LogConfig: Setting CVar [[r.MaterialQualityLevel:1 ; High quality]]
[2021.01.15-16.26.42:306][  0]LogConfig: Setting CVar [[r.SSS.Scale:1]]
[2021.01.15-16.26.42:306][  0]LogConfig: Setting CVar [[r.SSS.SampleSet:2]]
[2021.01.15-16.26.42:306][  0]LogConfig: Setting CVar [[r.SSS.Quality:1]]
[2021.01.15-16.26.42:306][  0]LogConfig: Setting CVar [[r.SSS.HalfRes:1]]
[2021.01.15-16.26.42:306][  0]LogConfig: Setting CVar [[r.EmitterSpawnRateScale:1.0]]
[2021.01.15-16.26.42:306][  0]LogConfig: Setting CVar [[r.ParticleLightQuality:2]]
[2021.01.15-16.26.42:306][  0]LogConfig: Applying CVar settings from Section [FoliageQuality@3] File [C:/Users/betha/Documents/GitHub/PhysicsSimulation/PhysicsSim_UE/Saved/Config/Windows/Scalability.ini]
[2021.01.15-16.26.42:306][  0]LogConfig: Setting CVar [[foliage.DensityScale:1.0]]
[2021.01.15-16.26.42:306][  0]LogConfig: Setting CVar [[grass.DensityScale:1.0]]
[2021.01.15-16.26.42:307][  0]LogInit: Selected Device Profile: [Windows]
[2021.01.15-16.26.42:307][  0]LogInit: Applying CVar settings loaded from the selected device profile: [Windows]
[2021.01.15-16.26.42:315][  0]LogHAL: Display: Platform has ~ 32 GB [34295062528 / 34359738368 / 32], which maps to Largest [LargestMinGB=32, LargerMinGB=12, DefaultMinGB=8, SmallerMinGB=6, SmallestMinGB=0)
[2021.01.15-16.26.42:315][  0]LogConfig: Setting CVar [[r.Vulkan.UseRealUBs:1]]
[2021.01.15-16.26.42:315][  0]LogInit: Going up to parent DeviceProfile []
[2021.01.15-16.26.42:315][  0]LogConfig: Applying CVar settings from Section [ViewDistanceQuality@3] File [C:/Users/betha/Documents/GitHub/PhysicsSimulation/PhysicsSim_UE/Saved/Config/Windows/Scalability.ini]
[2021.01.15-16.26.42:315][  0]LogConfig: Setting CVar [[r.SkeletalMeshLODBias:0]]
[2021.01.15-16.26.42:315][  0]LogConfig: Setting CVar [[r.ViewDistanceScale:1.0]]
[2021.01.15-16.26.42:315][  0]LogConfig: Applying CVar settings from Section [AntiAliasingQuality@3] File [C:/Users/betha/Documents/GitHub/PhysicsSimulation/PhysicsSim_UE/Saved/Config/Windows/Scalability.ini]
[2021.01.15-16.26.42:315][  0]LogConfig: Setting CVar [[r.PostProcessAAQuality:4]]
[2021.01.15-16.26.42:315][  0]LogConfig: Applying CVar settings from Section [ShadowQuality@3] File [C:/Users/betha/Documents/GitHub/PhysicsSimulation/PhysicsSim_UE/Saved/Config/Windows/Scalability.ini]
[2021.01.15-16.26.42:315][  0]LogConfig: Setting CVar [[r.LightFunctionQuality:1]]
[2021.01.15-16.26.42:315][  0]LogConfig: Setting CVar [[r.ShadowQuality:5]]
[2021.01.15-16.26.42:315][  0]LogConfig: Setting CVar [[r.Shadow.CSM.MaxCascades:10]]
[2021.01.15-16.26.42:315][  0]LogConfig: Setting CVar [[r.Shadow.MaxResolution:2048]]
[2021.01.15-16.26.42:316][  0]LogConfig: Setting CVar [[r.Shadow.MaxCSMResolution:2048]]
[2021.01.15-16.26.42:316][  0]LogConfig: Setting CVar [[r.Shadow.RadiusThreshold:0.01]]
[2021.01.15-16.26.42:316][  0]LogConfig: Setting CVar [[r.Shadow.DistanceScale:1.0]]
[2021.01.15-16.26.42:316][  0]LogConfig: Setting CVar [[r.Shadow.CSM.TransitionScale:1.0]]
[2021.01.15-16.26.42:316][  0]LogConfig: Setting CVar [[r.Shadow.PreShadowResolutionFactor:1.0]]
[2021.01.15-16.26.42:316][  0]LogConfig: Setting CVar [[r.DistanceFieldShadowing:1]]
[2021.01.15-16.26.42:316][  0]LogConfig: Setting CVar [[r.DistanceFieldAO:1]]
[2021.01.15-16.26.42:316][  0]LogConfig: Setting CVar [[r.AOQuality:2]]
[2021.01.15-16.26.42:316][  0]LogConfig: Setting CVar [[r.VolumetricFog:1]]
[2021.01.15-16.26.42:316][  0]LogConfig: Setting CVar [[r.VolumetricFog.GridPixelSize:8]]
[2021.01.15-16.26.42:316][  0]LogConfig: Setting CVar [[r.VolumetricFog.GridSizeZ:128]]
[2021.01.15-16.26.42:316][  0]LogConfig: Setting CVar [[r.VolumetricFog.HistoryMissSupersampleCount:4]]
[2021.01.15-16.26.42:316][  0]LogConfig: Setting CVar [[r.LightMaxDrawDistanceScale:1]]
[2021.01.15-16.26.42:316][  0]LogConfig: Setting CVar [[r.CapsuleShadows:1]]
[2021.01.15-16.26.42:316][  0]LogConfig: Applying CVar settings from Section [PostProcessQuality@3] File [C:/Users/betha/Documents/GitHub/PhysicsSimulation/PhysicsSim_UE/Saved/Config/Windows/Scalability.ini]
[2021.01.15-16.26.42:316][  0]LogConfig: Setting CVar [[r.MotionBlurQuality:4]]
[2021.01.15-16.26.42:316][  0]LogConfig: Setting CVar [[r.AmbientOcclusionMipLevelFactor:0.4]]
[2021.01.15-16.26.42:316][  0]LogConfig: Setting CVar [[r.AmbientOcclusionMaxQuality:100]]
[2021.01.15-16.26.42:317][  0]LogConfig: Setting CVar [[r.AmbientOcclusionLevels:-1]]
[2021.01.15-16.26.42:317][  0]LogConfig: Setting CVar [[r.AmbientOcclusionRadiusScale:1.0]]
[2021.01.15-16.26.42:317][  0]LogConfig: Setting CVar [[r.DepthOfFieldQuality:2]]
[2021.01.15-16.26.42:317][  0]LogConfig: Setting CVar [[r.RenderTargetPoolMin:400]]
[2021.01.15-16.26.42:317][  0]LogConfig: Setting CVar [[r.LensFlareQuality:2]]
[2021.01.15-16.26.42:317][  0]LogConfig: Setting CVar [[r.SceneColorFringeQuality:1]]
[2021.01.15-16.26.42:317][  0]LogConfig: Setting CVar [[r.EyeAdaptationQuality:2]]
[2021.01.15-16.26.42:317][  0]LogConfig: Setting CVar [[r.BloomQuality:5]]
[2021.01.15-16.26.42:317][  0]LogConfig: Setting CVar [[r.FastBlurThreshold:100]]
[2021.01.15-16.26.42:317][  0]LogConfig: Setting CVar [[r.Upscale.Quality:3]]
[2021.01.15-16.26.42:317][  0]LogConfig: Setting CVar [[r.Tonemapper.GrainQuantization:1]]
[2021.01.15-16.26.42:317][  0]LogConfig: Setting CVar [[r.LightShaftQuality:1]]
[2021.01.15-16.26.42:317][  0]LogConfig: Setting CVar [[r.Filter.SizeScale:1]]
[2021.01.15-16.26.42:317][  0]LogConfig: Setting CVar [[r.Tonemapper.Quality:5]]
[2021.01.15-16.26.42:317][  0]LogConfig: Setting CVar [[r.DOF.Gather.AccumulatorQuality:1        ; higher gathering accumulator quality]]
[2021.01.15-16.26.42:317][  0]LogConfig: Setting CVar [[r.DOF.Gather.PostfilterMethod:1          ; Median3x3 postfilering method]]
[2021.01.15-16.26.42:317][  0]LogConfig: Setting CVar [[r.DOF.Gather.EnableBokehSettings:0       ; no bokeh simulation when gathering]]
[2021.01.15-16.26.42:317][  0]LogConfig: Setting CVar [[r.DOF.Gather.RingCount:4                 ; medium number of samples when gathering]]
[2021.01.15-16.26.42:317][  0]LogConfig: Setting CVar [[r.DOF.Scatter.ForegroundCompositing:1    ; additive foreground scattering]]
[2021.01.15-16.26.42:317][  0]LogConfig: Setting CVar [[r.DOF.Scatter.BackgroundCompositing:2    ; additive background scattering]]
[2021.01.15-16.26.42:317][  0]LogConfig: Setting CVar [[r.DOF.Scatter.EnableBokehSettings:1      ; bokeh simulation when scattering]]
[2021.01.15-16.26.42:317][  0]LogConfig: Setting CVar [[r.DOF.Scatter.MaxSpriteRatio:0.1         ; only a maximum of 10% of scattered bokeh]]
[2021.01.15-16.26.42:318][  0]LogConfig: Setting CVar [[r.DOF.Recombine.Quality:1                ; cheap slight out of focus]]
[2021.01.15-16.26.42:318][  0]LogConfig: Setting CVar [[r.DOF.Recombine.EnableBokehSettings:0    ; no bokeh simulation on slight out of focus]]
[2021.01.15-16.26.42:318][  0]LogConfig: Setting CVar [[r.DOF.TemporalAAQuality:1                ; more stable temporal accumulation]]
[2021.01.15-16.26.42:318][  0]LogConfig: Setting CVar [[r.DOF.Kernel.MaxForegroundRadius:0.025]]
[2021.01.15-16.26.42:318][  0]LogConfig: Setting CVar [[r.DOF.Kernel.MaxBackgroundRadius:0.025]]
[2021.01.15-16.26.42:318][  0]LogConfig: Applying CVar settings from Section [TextureQuality@3] File [C:/Users/betha/Documents/GitHub/PhysicsSimulation/PhysicsSim_UE/Saved/Config/Windows/Scalability.ini]
[2021.01.15-16.26.42:318][  0]LogConfig: Setting CVar [[r.Streaming.MipBias:0]]
[2021.01.15-16.26.42:318][  0]LogConfig: Setting CVar [[r.Streaming.AmortizeCPUToGPUCopy:0]]
[2021.01.15-16.26.42:318][  0]LogConfig: Setting CVar [[r.Streaming.MaxNumTexturesToStreamPerFrame:0]]
[2021.01.15-16.26.42:318][  0]LogConfig: Setting CVar [[r.Streaming.Boost:1]]
[2021.01.15-16.26.42:318][  0]LogConfig: Setting CVar [[r.MaxAnisotropy:8]]
[2021.01.15-16.26.42:318][  0]LogConfig: Setting CVar [[r.Streaming.LimitPoolSizeToVRAM:0]]
[2021.01.15-16.26.42:318][  0]LogConfig: Setting CVar [[r.Streaming.PoolSize:1000]]
[2021.01.15-16.26.42:318][  0]LogConfig: Setting CVar [[r.Streaming.MaxEffectiveScreenSize:0]]
[2021.01.15-16.26.42:318][  0]LogConfig: Applying CVar settings from Section [EffectsQuality@3] File [C:/Users/betha/Documents/GitHub/PhysicsSimulation/PhysicsSim_UE/Saved/Config/Windows/Scalability.ini]
[2021.01.15-16.26.42:318][  0]LogConfig: Setting CVar [[r.TranslucencyLightingVolumeDim:64]]
[2021.01.15-16.26.42:318][  0]LogConfig: Setting CVar [[r.RefractionQuality:2]]
[2021.01.15-16.26.42:318][  0]LogConfig: Setting CVar [[r.SSR.Quality:3]]
[2021.01.15-16.26.42:318][  0]LogConfig: Setting CVar [[r.SceneColorFormat:4]]
[2021.01.15-16.26.42:318][  0]LogConfig: Setting CVar [[r.DetailMode:2]]
[2021.01.15-16.26.42:318][  0]LogConfig: Setting CVar [[r.TranslucencyVolumeBlur:1]]
[2021.01.15-16.26.42:319][  0]LogConfig: Setting CVar [[r.MaterialQualityLevel:1 ; High quality]]
[2021.01.15-16.26.42:319][  0]LogConfig: Setting CVar [[r.SSS.Scale:1]]
[2021.01.15-16.26.42:319][  0]LogConfig: Setting CVar [[r.SSS.SampleSet:2]]
[2021.01.15-16.26.42:319][  0]LogConfig: Setting CVar [[r.SSS.Quality:1]]
[2021.01.15-16.26.42:319][  0]LogConfig: Setting CVar [[r.SSS.HalfRes:1]]
[2021.01.15-16.26.42:319][  0]LogConfig: Setting CVar [[r.EmitterSpawnRateScale:1.0]]
[2021.01.15-16.26.42:319][  0]LogConfig: Setting CVar [[r.ParticleLightQuality:2]]
[2021.01.15-16.26.42:319][  0]LogConfig: Applying CVar settings from Section [FoliageQuality@3] File [C:/Users/betha/Documents/GitHub/PhysicsSimulation/PhysicsSim_UE/Saved/Config/Windows/Scalability.ini]
[2021.01.15-16.26.42:319][  0]LogConfig: Setting CVar [[foliage.DensityScale:1.0]]
[2021.01.15-16.26.42:319][  0]LogConfig: Setting CVar [[grass.DensityScale:1.0]]
[2021.01.15-16.26.42:319][  0]LogConfig: Applying CVar settings from Section [Startup] File [../../../Engine/Config/ConsoleVariables.ini]
[2021.01.15-16.26.42:319][  0]LogConfig: Setting CVar [[net.UseAdaptiveNetUpdateFrequency:0]]
[2021.01.15-16.26.42:319][  0]LogConfig: Applying CVar settings from Section [ConsoleVariables] File [C:/Users/betha/Documents/GitHub/PhysicsSimulation/PhysicsSim_UE/Saved/Config/Windows/Engine.ini]
[2021.01.15-16.26.42:320][  0]LogInit: Computer: THEBEAST
[2021.01.15-16.26.42:320][  0]LogInit: User: bethan
[2021.01.15-16.26.42:320][  0]LogInit: CPU Page size=4096, Cores=12
[2021.01.15-16.26.42:320][  0]LogInit: High frequency timer resolution =10.000000 MHz
[2021.01.15-16.26.42:320][  0]LogMemory: Memory total: Physical=31.9GB (32GB approx)
[2021.01.15-16.26.42:320][  0]LogMemory: Platform Memory Stats for Windows
[2021.01.15-16.26.42:320][  0]LogMemory: Process Physical Memory: 107.19 MB used, 107.20 MB peak
[2021.01.15-16.26.42:320][  0]LogMemory: Process Virtual Memory: 91.20 MB used, 91.20 MB peak
[2021.01.15-16.26.42:320][  0]LogMemory: Physical Memory: 8706.98 MB used,  23999.34 MB free, 32706.32 MB total
[2021.01.15-16.26.42:320][  0]LogMemory: Virtual Memory: 4703.05 MB used,  134213024.00 MB free, 134217728.00 MB total
[2021.01.15-16.26.42:485][  0]LogInit: Using OS detected language (en-GB).
[2021.01.15-16.26.42:485][  0]LogInit: Using OS detected locale (en-GB).
[2021.01.15-16.26.42:486][  0]LogTextLocalizationManager: No specific localization for 'en-GB' exists, so the 'en' localization will be used.
[2021.01.15-16.26.42:801][  0]LogStreaming: Display: Took  0.316s to InitEngineTextLocalization.
[2021.01.15-16.26.42:801][  0]LogInit: Setting process to per monitor DPI aware
[2021.01.15-16.26.42:838][  0]LogSlate: New Slate User Created.  User Index 0, Is Virtual User: 0
[2021.01.15-16.26.42:838][  0]LogSlate: Slate User Registered.  User Index 0, Is Virtual User: 0
[2021.01.15-16.26.43:025][  0]LogHMD: Failed to initialize OpenVR with code 110
[2021.01.15-16.26.43:025][  0]LogD3D11RHI: D3D11 adapters:
[2021.01.15-16.26.43:154][  0]LogD3D11RHI:    0. 'NVIDIA GeForce RTX 2070 SUPER' (Feature Level 11_0)
[2021.01.15-16.26.43:154][  0]LogD3D11RHI:       8011/0/16353 MB DedicatedVideo/DedicatedSystem/SharedSystem, Outputs:2, VendorId:0x10de
[2021.01.15-16.26.43:160][  0]LogD3D11RHI:    1. 'Microsoft Basic Render Driver' (Feature Level 11_0)
[2021.01.15-16.26.43:160][  0]LogD3D11RHI:       0/0/16353 MB DedicatedVideo/DedicatedSystem/SharedSystem, Outputs:0, VendorId:0x1414
[2021.01.15-16.26.43:160][  0]LogD3D11RHI: Chosen D3D11 Adapter: 0
[2021.01.15-16.26.43:167][  0]LogD3D11RHI: Creating new Direct3DDevice
[2021.01.15-16.26.43:167][  0]LogD3D11RHI:     GPU DeviceId: 0x1e84 (for the marketing name, search the web for "GPU Device Id")
[2021.01.15-16.26.43:167][  0]LogWindows: EnumDisplayDevices:
[2021.01.15-16.26.43:167][  0]LogWindows:    0. 'NVIDIA GeForce RTX 2070 SUPER' (P:0 D:1)
[2021.01.15-16.26.43:168][  0]LogWindows:    1. 'NVIDIA GeForce RTX 2070 SUPER' (P:1 D:1)
[2021.01.15-16.26.43:168][  0]LogWindows:    2. 'NVIDIA GeForce RTX 2070 SUPER' (P:0 D:0)
[2021.01.15-16.26.43:168][  0]LogWindows:    3. 'NVIDIA GeForce RTX 2070 SUPER' (P:0 D:0)
[2021.01.15-16.26.43:169][  0]LogWindows: DebugString: FoundDriverCount:4 
[2021.01.15-16.26.43:169][  0]LogD3D11RHI:     Adapter Name: NVIDIA GeForce RTX 2070 SUPER
[2021.01.15-16.26.43:169][  0]LogD3D11RHI:   Driver Version: 460.89 (internal:27.21.14.6089, unified:460.89)
[2021.01.15-16.26.43:169][  0]LogD3D11RHI:      Driver Date: 12-11-2020
[2021.01.15-16.26.43:169][  0]LogRHI: Texture pool is 5607 MB (70% of 8011 MB)
[2021.01.15-16.26.43:258][  0]LogD3D11RHI: Async texture creation enabled
[2021.01.15-16.26.43:269][  0]LogD3D11RHI: GPU Timing Frequency: 1000.000000 (Debug: 2 1)
[2021.01.15-16.26.43:501][  0]LogTemp: Display: Loaded TP AllDesktopTargetPlatform
[2021.01.15-16.26.43:515][  0]LogTemp: Display: Loaded TP MacClientTargetPlatform
[2021.01.15-16.26.43:528][  0]LogTemp: Display: Loaded TP MacNoEditorTargetPlatform
[2021.01.15-16.26.43:542][  0]LogTemp: Display: Loaded TP MacServerTargetPlatform
[2021.01.15-16.26.43:556][  0]LogTemp: Display: Loaded TP MacTargetPlatform
[2021.01.15-16.26.43:569][  0]LogTemp: Display: Loaded TP WindowsClientTargetPlatform
[2021.01.15-16.26.43:582][  0]LogTemp: Display: Loaded TP WindowsNoEditorTargetPlatform
[2021.01.15-16.26.43:595][  0]LogTemp: Display: Loaded TP WindowsServerTargetPlatform
[2021.01.15-16.26.43:603][  0]LogTemp: Display: Loaded TP WindowsTargetPlatform
[2021.01.15-16.26.43:672][  0]LogTemp: Display: Loaded TP AndroidTargetPlatform
[2021.01.15-16.26.43:672][  0]LogTemp: Display: Loaded TP AndroidTargetPlatform
[2021.01.15-16.26.43:673][  0]LogTemp: Display: Loaded TP AndroidTargetPlatform
[2021.01.15-16.26.43:673][  0]LogTemp: Display: Loaded TP AndroidTargetPlatform
[2021.01.15-16.26.43:673][  0]LogTemp: Display: Loaded TP AndroidTargetPlatform
[2021.01.15-16.26.43:673][  0]LogTemp: Display: Loaded TP AndroidTargetPlatform
[2021.01.15-16.26.43:673][  0]LogTemp: Display: Loaded TP AndroidTargetPlatform
[2021.01.15-16.26.43:673][  0]LogTemp: Display: Loaded TP AndroidTargetPlatform
[2021.01.15-16.26.43:673][  0]LogTemp: Display: Loaded TP AndroidTargetPlatform
[2021.01.15-16.26.43:673][  0]LogTemp: Display: Loaded TP AndroidTargetPlatform
[2021.01.15-16.26.43:673][  0]LogTemp: Display: Loaded TP AndroidTargetPlatform
[2021.01.15-16.26.43:673][  0]LogTemp: Display: Loaded TP AndroidTargetPlatform
[2021.01.15-16.26.43:673][  0]LogTemp: Display: Loaded TP AndroidTargetPlatform
[2021.01.15-16.26.43:673][  0]LogTemp: Display: Loaded TP AndroidTargetPlatform
[2021.01.15-16.26.43:673][  0]LogTemp: Display: Loaded TP AndroidTargetPlatform
[2021.01.15-16.26.43:673][  0]LogTemp: Display: Loaded TP AndroidTargetPlatform
[2021.01.15-16.26.43:673][  0]LogTemp: Display: Loaded TP AndroidTargetPlatform
[2021.01.15-16.26.43:673][  0]LogTemp: Display: Loaded TP AndroidTargetPlatform
[2021.01.15-16.26.43:677][  0]LogTemp: Display: Loaded TP HTML5TargetPlatform
[2021.01.15-16.26.43:740][  0]LogTemp: Display: Loaded TP IOSTargetPlatform
[2021.01.15-16.26.43:740][  0]LogTemp: Display: Loaded TP IOSTargetPlatform
[2021.01.15-16.26.43:763][  0]LogTemp: Display: Loaded TP TVOSTargetPlatform
[2021.01.15-16.26.43:763][  0]LogTemp: Display: Loaded TP TVOSTargetPlatform
[2021.01.15-16.26.43:776][  0]LogTemp: Display: Loaded TP LinuxClientTargetPlatform
[2021.01.15-16.26.43:789][  0]LogTemp: Display: Loaded TP LinuxNoEditorTargetPlatform
[2021.01.15-16.26.43:802][  0]LogTemp: Display: Loaded TP LinuxServerTargetPlatform
[2021.01.15-16.26.43:816][  0]LogTemp: Display: Loaded TP LinuxTargetPlatform
[2021.01.15-16.26.43:856][  0]LogTemp: Display: Loaded TP LuminTargetPlatform
[2021.01.15-16.26.43:856][  0]LogTemp: Display: Loaded TP LuminTargetPlatform
[2021.01.15-16.26.43:856][  0]LogTargetPlatformManager: Display: Building Assets For Windows
[2021.01.15-16.26.43:955][  0]LogShaderCompilers: Guid format shader working directory is -33 characters bigger than the processId version (../../../../../../Users/betha/Documents/GitHub/PhysicsSimulation/PhysicsSim_UE/Intermediate/Shaders/WorkingDirectory/23512/).
[2021.01.15-16.26.43:955][  0]LogShaderCompilers: Cleaned the shader compiler working directory 'C:/Users/betha/AppData/Local/Temp/UnrealShaderWorkingDir/E5E06FE94207135FD79FAEBA4961C03C/'.
[2021.01.15-16.26.43:957][  0]LogXGEController: Cleaning working directory: C:/Users/betha/AppData/Local/Temp/UnrealXGEWorkingDir/
[2021.01.15-16.26.43:957][  0]LogXGEController: Cannot use XGE Controller as Incredibuild is not installed on this machine.
[2021.01.15-16.26.43:958][  0]LogShaderCompilers: Cannot use XGE Shader Compiler as Incredibuild is not installed on this machine.
[2021.01.15-16.26.43:958][  0]LogShaderCompilers: Display: Using Local Shader Compiler.
[2021.01.15-16.26.44:388][  0]LogDerivedDataCache: Display: Max Cache Size: 512 MB
[2021.01.15-16.26.44:428][  0]LogDerivedDataCache: Loaded boot cache 0.04s 101MB C:/Users/betha/AppData/Local/UnrealEngine/4.21/DerivedDataCache/Boot.ddc.
[2021.01.15-16.26.44:428][  0]LogDerivedDataCache: Display: Loaded Boot cache: C:/Users/betha/AppData/Local/UnrealEngine/4.21/DerivedDataCache/Boot.ddc
[2021.01.15-16.26.44:428][  0]LogDerivedDataCache: FDerivedDataBackendGraph:  Pak pak cache file ../../../../../../Users/betha/Documents/GitHub/PhysicsSimulation/PhysicsSim_UE/DerivedDataCache/DDC.ddp not found, will not use a pak cache.
[2021.01.15-16.26.44:428][  0]LogDerivedDataCache: Unable to find inner node Pak for hierarchical cache Hierarchy.
[2021.01.15-16.26.44:428][  0]LogDerivedDataCache: FDerivedDataBackendGraph:  CompressedPak pak cache file ../../../../../../Users/betha/Documents/GitHub/PhysicsSimulation/PhysicsSim_UE/DerivedDataCache/Compressed.ddp not found, will not use a pak cache.
[2021.01.15-16.26.44:428][  0]LogDerivedDataCache: Unable to find inner node CompressedPak for hierarchical cache Hierarchy.
[2021.01.15-16.26.44:444][  0]LogDerivedDataCache: Display: Pak cache opened for reading ../../../Engine/DerivedDataCache/Compressed.ddp.
[2021.01.15-16.26.44:444][  0]LogDerivedDataCache: FDerivedDataBackendGraph:  EnterprisePak pak cache file ../../../Enterprise/DerivedDataCache/Compressed.ddp not found, will not use a pak cache.
[2021.01.15-16.26.44:444][  0]LogDerivedDataCache: Unable to find inner node EnterprisePak for hierarchical cache Hierarchy.
[2021.01.15-16.26.44:457][  0]LogDerivedDataCache: Using Local data cache path C:/Users/betha/AppData/Local/UnrealEngine/Common/DerivedDataCache: Writable
[2021.01.15-16.26.44:457][  0]LogDerivedDataCache: Shared data cache path not found in *engine.ini, will not use an Shared cache.
[2021.01.15-16.26.44:457][  0]LogDerivedDataCache: Unable to find inner node Shared for hierarchical cache Hierarchy.
[2021.01.15-16.26.44:475][  0]LogMaterial: Verifying Global Shaders for PCD3D_SM5
[2021.01.15-16.26.44:476][  0]LogSlate: Using FreeType 2.6.0
[2021.01.15-16.26.44:477][  0]LogSlate: SlateFontServices - WITH_FREETYPE: 1, WITH_HARFBUZZ: 1
[2021.01.15-16.26.44:554][  0]LogAssetRegistry: FAssetRegistry took 0.0335 seconds to start up
[2021.01.15-16.26.44:844][  0]LogInit: Selected Device Profile: [Windows]
[2021.01.15-16.26.44:920][  0]LogSimplygon: Simplygon DLL not present - disabling.
[2021.01.15-16.26.44:926][  0]LogMeshReduction: Using SimplygonSwarm for distributed automatic mesh merging
[2021.01.15-16.26.44:927][  0]LogMeshReduction: Using ProxyLODMeshReduction for automatic mesh merging
[2021.01.15-16.26.44:927][  0]LogMeshReduction: Using QuadricMeshReduction for automatic static mesh reduction
[2021.01.15-16.26.44:927][  0]LogMeshReduction: No automatic skeletal mesh reduction module available
[2021.01.15-16.26.44:994][  0]LogNetVersion: PhysicsSim_UE 1.0.0, NetCL: 4541578, EngineNetVer: 5, GameNetVer: 0 (Checksum: 1207201185)
[2021.01.15-16.26.45:359][  0]LogPackageLocalizationCache: Processed 11 localized package path(s) for 2 prioritized culture(s) in 0.055657 seconds
[2021.01.15-16.26.45:363][  0]LogUObjectArray: 39775 objects as part of root set at end of initial load.
[2021.01.15-16.26.45:363][  0]LogUObjectAllocator: 6914664 out of 0 bytes used by permanent object pool.
[2021.01.15-16.26.45:363][  0]LogUObjectArray: CloseDisregardForGC: 0/0 objects in disregard for GC pool
[2021.01.15-16.26.47:077][  0]LogTcpMessaging: Initializing TcpMessaging bridge
[2021.01.15-16.26.47:094][  0]LogUdpMessaging: Initializing bridge on interface 0.0.0.0:0 to multicast group 230.0.0.1:6666.
[2021.01.15-16.26.50:137][  0]SourceControl: Source control is disabled
[2021.01.15-16.26.50:137][  0]SourceControl: Source control is disabled
[2021.01.15-16.26.50:141][  0]SourceControl: Source control is disabled
[2021.01.15-16.26.50:144][  0]SourceControl: Source control is disabled
[2021.01.15-16.26.50:420][  0]LogAndroidPermission: UAndroidPermissionCallbackProxy::GetInstance
[2021.01.15-16.26.50:538][  0]LogOcInput: OculusInput pre-init called
[2021.01.15-16.26.50:685][  0]LogEngine: Initializing Engine...
[2021.01.15-16.26.50:686][  0]LogHMD: Failed to initialize OpenVR with code 110
[2021.01.15-16.26.50:687][  0]LogStats: UGameplayTagsManager::ConstructGameplayTagTree: ImportINI prefixes -  0.000 s
[2021.01.15-16.26.50:687][  0]LogStats: UGameplayTagsManager::ConstructGameplayTagTree: Construct from data asset -  0.000 s
[2021.01.15-16.26.50:688][  0]LogStats: UGameplayTagsManager::ConstructGameplayTagTree: ImportINI -  0.000 s
[2021.01.15-16.26.50:688][  0]LogStats: UGameplayTagsManager::ConstructGameplayTagTree: GameplayTagTreeChangedEvent.Broadcast -  0.000 s
[2021.01.15-16.26.50:873][  0]LogInit: Initializing FReadOnlyCVARCache
[2021.01.15-16.26.50:888][  0]LogAIModule: Creating AISystem for world Untitled
[2021.01.15-16.26.50:907][  0]LogInit: XAudio2 using 'Speakers (USB Audio Device)' : 2 channels at 48 kHz using 16 bits per sample (channel mask 0x3)
[2021.01.15-16.26.50:928][  0]LogInit: FAudioDevice initialized.
[2021.01.15-16.26.50:928][  0]LogNetVersion: Set ProjectVersion to 1.0.0.0. Version Checksum will be recalculated on next use.
[2021.01.15-16.26.52:146][  0]LogDerivedDataCache: Saved boot cache 1.22s 71MB C:/Users/betha/AppData/Local/UnrealEngine/4.21/DerivedDataCache/Boot.ddc.
[2021.01.15-16.26.52:147][  0]LogInit: Texture streaming: Enabled
[2021.01.15-16.26.52:174][  0]LogEngineSessionManager: EngineSessionManager initialized
[2021.01.15-16.26.52:174][  0]LogEngineSessionManager: EngineSessionManager sent abnormal shutdown report. Type=Debugger, SessionId={FF0AFD07-4A54-BE3B-6E50-9E9B6C79CA42}
[2021.01.15-16.26.52:182][  0]LogInit: Transaction tracking system initialized
[2021.01.15-16.26.52:211][  0]BlueprintLog: New page: Editor Load
[2021.01.15-16.26.52:311][  0]LocalizationService: Localization service is disabled
[2021.01.15-16.26.52:697][  0]LogFileCache: Scanning file cache for directory 'C:/Users/betha/Documents/GitHub/PhysicsSimulation/PhysicsSim_UE/Content/' took 0.01s
[2021.01.15-16.26.52:697][  0]LogCook: Display: Max memory allowance for cook 16384mb min free memory 0mb
[2021.01.15-16.26.52:698][  0]LogCook: Display: Mobile HDR setting 1
[2021.01.15-16.26.52:698][  0]LogGameplayTags: Display: UGameplayTagsManager::DoneAddingNativeTags. DelegateIsBound: 0
[2021.01.15-16.26.52:698][  0]LogStats: UGameplayTagsManager::ConstructGameplayTagTree: ImportINI prefixes -  0.000 s
[2021.01.15-16.26.52:698][  0]LogStats: UGameplayTagsManager::ConstructGameplayTagTree: Construct from data asset -  0.000 s
[2021.01.15-16.26.52:698][  0]LogStats: UGameplayTagsManager::ConstructGameplayTagTree: ImportINI -  0.000 s
[2021.01.15-16.26.52:698][  0]LogStats: UGameplayTagsManager::ConstructGameplayTagTree: GameplayTagTreeChangedEvent.Broadcast -  0.000 s
[2021.01.15-16.26.52:886][  0]SourceControl: Source control is disabled
[2021.01.15-16.26.52:886][  0]Cmd: MAP LOAD FILE="../../../../../../Users/betha/Documents/GitHub/PhysicsSimulation/PhysicsSim_UE/Content/StarterContent/Maps/Minimal_Default.umap" TEMPLATE=0 SHOWPROGRESS=1 FEATURELEVEL=3
[2021.01.15-16.26.52:887][  0]LightingResults: New page: Lighting Build
[2021.01.15-16.26.52:889][  0]MapCheck: New page: Map Check
[2021.01.15-16.26.52:889][  0]LightingResults: New page: Lighting Build
[2021.01.15-16.26.53:067][  0]LogAIModule: Creating AISystem for world Minimal_Default
[2021.01.15-16.26.53:077][  0]LogEditorServer: Finished looking for orphan Actors (0.000 secs)
[2021.01.15-16.26.53:102][  0]Cmd: MAP CHECKDEP NOCLEARLOG
[2021.01.15-16.26.53:102][  0]MapCheck: Map check complete: 0 Error(s), 0 Warning(s), took 0.151ms to complete.
[2021.01.15-16.26.53:102][  0]LogFileHelpers: Loading map 'Minimal_Default' took 0.216
[2021.01.15-16.26.53:203][  0]LogSlate: Updating window title bar state: overlay mode, drag disabled, window buttons hidden, title bar hidden
[2021.01.15-16.26.53:210][  0]LogSlate: Updating window title bar state: overlay mode, drag disabled, window buttons hidden, title bar hidden
[2021.01.15-16.26.53:216][  0]LogSlate: Updating window title bar state: overlay mode, drag disabled, window buttons hidden, title bar hidden
[2021.01.15-16.26.53:222][  0]LogSlate: Updating window title bar state: overlay mode, drag disabled, window buttons hidden, title bar hidden
[2021.01.15-16.26.53:230][  0]LogCollectionManager: Loaded 0 collections in 0.001358 seconds
[2021.01.15-16.26.53:270][  0]LogFileCache: Scanning file cache for directory 'C:/Users/betha/Documents/GitHub/PhysicsSimulation/PhysicsSim_UE/Saved/Collections/' took 0.01s
[2021.01.15-16.26.53:270][  0]LogFileCache: Scanning file cache for directory 'C:/Users/betha/Documents/GitHub/PhysicsSimulation/PhysicsSim_UE/Content/Developers/bethan/Collections/' took 0.01s
[2021.01.15-16.26.53:270][  0]LogFileCache: Scanning file cache for directory 'C:/Users/betha/Documents/GitHub/PhysicsSimulation/PhysicsSim_UE/Content/Collections/' took 0.01s
[2021.01.15-16.26.53:270][  0]LogCollectionManager: Rebuilt the GUID cache for 0 collections in 0.000000 seconds
[2021.01.15-16.26.53:278][  0]LogContentBrowser: Native class hierarchy populated in 0.0079 seconds. Added 2656 classes and 622 folders.
[2021.01.15-16.26.53:283][  0]LogContentBrowser: Native class hierarchy updated for 'WidgetCarousel' in 0.0003 seconds. Added 0 classes and 0 folders.
[2021.01.15-16.26.53:285][  0]LogPakFile: Registered encryption key '00000000000000000000000000000000': 0 pak files mounted, 0 remain pending
[2021.01.15-16.26.53:285][  0]LogPakFile: Registered encryption key '00000000000000000000000000000000': 0 pak files mounted, 0 remain pending
[2021.01.15-16.26.53:286][  0]LogPakFile: Registered encryption key '00000000000000000000000000000000': 0 pak files mounted, 0 remain pending
[2021.01.15-16.26.53:286][  0]LogPakFile: Registered encryption key '00000000000000000000000000000000': 0 pak files mounted, 0 remain pending
[2021.01.15-16.26.53:287][  0]LogPakFile: Registered encryption key '00000000000000000000000000000000': 0 pak files mounted, 0 remain pending
[2021.01.15-16.26.53:287][  0]LogPakFile: Registered encryption key '00000000000000000000000000000000': 0 pak files mounted, 0 remain pending
[2021.01.15-16.26.53:288][  0]LogPakFile: Registered encryption key '00000000000000000000000000000000': 0 pak files mounted, 0 remain pending
[2021.01.15-16.26.53:288][  0]LogPakFile: Registered encryption key '00000000000000000000000000000000': 0 pak files mounted, 0 remain pending
[2021.01.15-16.26.53:289][  0]LogPakFile: Registered encryption key '00000000000000000000000000000000': 0 pak files mounted, 0 remain pending
[2021.01.15-16.26.53:289][  0]LogPakFile: Registered encryption key '00000000000000000000000000000000': 0 pak files mounted, 0 remain pending
[2021.01.15-16.26.53:290][  0]LogPakFile: Registered encryption key '00000000000000000000000000000000': 0 pak files mounted, 0 remain pending
[2021.01.15-16.26.53:290][  0]LogPakFile: Registered encryption key '00000000000000000000000000000000': 0 pak files mounted, 0 remain pending
[2021.01.15-16.26.53:291][  0]LogPakFile: Registered encryption key '00000000000000000000000000000000': 0 pak files mounted, 0 remain pending
[2021.01.15-16.26.53:291][  0]LogPakFile: Registered encryption key '00000000000000000000000000000000': 0 pak files mounted, 0 remain pending
[2021.01.15-16.26.53:292][  0]LogPakFile: Registered encryption key '00000000000000000000000000000000': 0 pak files mounted, 0 remain pending
[2021.01.15-16.26.53:292][  0]LogPakFile: Registered encryption key '00000000000000000000000000000000': 0 pak files mounted, 0 remain pending
[2021.01.15-16.26.53:292][  0]LogPakFile: Registered encryption key '00000000000000000000000000000000': 0 pak files mounted, 0 remain pending
[2021.01.15-16.26.53:293][  0]LogPakFile: Registered encryption key '00000000000000000000000000000000': 0 pak files mounted, 0 remain pending
[2021.01.15-16.26.53:293][  0]LogPakFile: Registered encryption key '00000000000000000000000000000000': 0 pak files mounted, 0 remain pending
[2021.01.15-16.26.53:294][  0]LogPakFile: Registered encryption key '00000000000000000000000000000000': 0 pak files mounted, 0 remain pending
[2021.01.15-16.26.53:294][  0]LogPakFile: Registered encryption key '00000000000000000000000000000000': 0 pak files mounted, 0 remain pending
[2021.01.15-16.26.53:295][  0]LogPakFile: Registered encryption key '00000000000000000000000000000000': 0 pak files mounted, 0 remain pending
[2021.01.15-16.26.53:295][  0]LogPakFile: Registered encryption key '00000000000000000000000000000000': 0 pak files mounted, 0 remain pending
[2021.01.15-16.26.53:296][  0]LogPakFile: Registered encryption key '00000000000000000000000000000000': 0 pak files mounted, 0 remain pending
[2021.01.15-16.26.53:296][  0]LogPakFile: Registered encryption key '00000000000000000000000000000000': 0 pak files mounted, 0 remain pending
[2021.01.15-16.26.53:297][  0]LogPakFile: Registered encryption key '00000000000000000000000000000000': 0 pak files mounted, 0 remain pending
[2021.01.15-16.26.53:326][  0]LogContentBrowser: Native class hierarchy updated for 'AddContentDialog' in 0.0003 seconds. Added 0 classes and 0 folders.
[2021.01.15-16.26.53:334][  0]LogContentBrowser: Native class hierarchy updated for 'SceneOutliner' in 0.0004 seconds. Added 1 classes and 2 folders.
[2021.01.15-16.26.53:349][  0]LogSlate: Took 0.000199 seconds to synchronously load lazily loaded font '../../../Engine/Content/Slate/Fonts/Roboto-Regular.ttf' (155K)
[2021.01.15-16.26.53:350][  0]LogSlate: Took 0.000122 seconds to synchronously load lazily loaded font '../../../Engine/Content/Slate/Fonts/Roboto-Bold.ttf' (160K)
[2021.01.15-16.26.53:355][  0]LogSlate: Took 0.000150 seconds to synchronously load lazily loaded font '../../../Engine/Content/Editor/Slate/Fonts/FontAwesome.ttf' (139K)
[2021.01.15-16.26.53:414][  0]LogRenderer: Reallocating scene render targets to support 1684x812 Format 10 NumSamples 1 (Frame:1).
[2021.01.15-16.26.53:574][  0]LogContentBrowser: Native class hierarchy updated for 'HierarchicalLODOutliner' in 0.0004 seconds. Added 0 classes and 0 folders.
[2021.01.15-16.26.53:574][  0]LogLoad: (Engine Initialization) Total time: 14.01 seconds
[2021.01.15-16.26.53:574][  0]LogLoad: (Engine Initialization) Total Blueprint compile time: 0.00 seconds
[2021.01.15-16.26.53:675][  0]LogContentStreaming: Texture pool size now 1000 MB
[2021.01.15-16.26.53:723][  1]LogAssetRegistry: Asset discovery search completed in 9.1926 seconds
[2021.01.15-16.26.53:724][  1]LogCollectionManager: Rebuilt the object cache for 0 collections in 0.000000 seconds (found 0 objects)
[2021.01.15-16.26.53:724][  1]LogCollectionManager: Fixed up redirectors for 0 collections in 0.000099 seconds (updated 0 objects)
[2021.01.15-16.29.07:700][ 55]LogSlate: FSceneViewport::OnFocusLost() reason 0
[2021.01.15-16.29.27:255][389]LogSlate: Window 'PhysicsSim_UE - Unreal Editor' being destroyed
[2021.01.15-16.29.27:255][389]LogWindowsTextInputMethodSystem: Display: IME system now deactivated.
[2021.01.15-16.29.27:453][390]Cmd: QUIT_EDITOR
[2021.01.15-16.29.27:496][390]LogExit: Preparing to exit.
[2021.01.15-16.29.28:467][390]LogExit: Editor shut down
[2021.01.15-16.29.28:467][390]LogExit: Transaction tracking system shut down
[2021.01.15-16.29.28:726][390]LogExit: Object subsystem successfully closed.
[2021.01.15-16.29.28:775][390]LogShaderCompilers: Display: Shaders left to compile 0
[2021.01.15-16.29.28:777][390]LogD3D11RHI: Shutdown
[2021.01.15-16.29.28:777][390]LogD3D11RHI: CleanupD3DDevice
[2021.01.15-16.29.28:778][390]LogD3D11RHI: ~FD3D11DynamicRHI
[2021.01.15-16.29.28:890][390]LogModuleManager: Shutting down and abandoning module HierarchicalLODOutliner (624)
[2021.01.15-16.29.28:890][390]LogModuleManager: Shutting down and abandoning module SceneOutliner (622)
[2021.01.15-16.29.28:890][390]LogModuleManager: Shutting down and abandoning module AddContentDialog (620)
[2021.01.15-16.29.28:891][390]LogModuleManager: Shutting down and abandoning module WidgetCarousel (619)
[2021.01.15-16.29.28:891][390]LogModuleManager: Shutting down and abandoning module EditorWidgets (616)
[2021.01.15-16.29.28:891][390]LogModuleManager: Shutting down and abandoning module CollectionManager (614)
[2021.01.15-16.29.28:894][390]LogModuleManager: Shutting down and abandoning module StatsViewer (612)
[2021.01.15-16.29.28:894][390]LogModuleManager: Shutting down and abandoning module FoliageEdit (610)
[2021.01.15-16.29.28:894][390]LogModuleManager: Shutting down and abandoning module LandscapeEditor (608)
[2021.01.15-16.29.28:898][390]LogModuleManager: Shutting down and abandoning module MeshPaintMode (606)
[2021.01.15-16.29.28:898][390]LogModuleManager: Shutting down and abandoning module SceneDepthPickerMode (604)
[2021.01.15-16.29.28:898][390]LogModuleManager: Shutting down and abandoning module ActorPickerMode (602)
[2021.01.15-16.29.28:898][390]LogModuleManager: Shutting down and abandoning module GeometryMode (600)
[2021.01.15-16.29.28:898][390]LogModuleManager: Shutting down and abandoning module TextureAlignMode (598)
[2021.01.15-16.29.28:898][390]LogModuleManager: Shutting down and abandoning module BspMode (596)
[2021.01.15-16.29.28:898][390]LogModuleManager: Shutting down and abandoning module PIEPreviewDeviceProfileSelector (594)
[2021.01.15-16.29.28:898][390]LogModuleManager: Shutting down and abandoning module SequenceRecorderSections (592)
[2021.01.15-16.29.28:898][390]LogModuleManager: Shutting down and abandoning module AutomationWorker (590)
[2021.01.15-16.29.28:898][390]LogModuleManager: Shutting down and abandoning module AudioCaptureEditor (588)
[2021.01.15-16.29.28:899][390]LogModuleManager: Shutting down and abandoning module MatineeToLevelSequence (586)
[2021.01.15-16.29.28:899][390]LogModuleManager: Shutting down and abandoning module LevelSequenceEditor (584)
[2021.01.15-16.29.28:906][390]LogModuleManager: Shutting down and abandoning module PlacementMode (583)
[2021.01.15-16.29.28:906][390]LogModuleManager: Shutting down and abandoning module MaterialEditor (582)
[2021.01.15-16.29.28:921][390]LogModuleManager: Shutting down and abandoning module WmfMediaFactory (578)
[2021.01.15-16.29.28:921][390]LogModuleManager: Shutting down and abandoning module WmfMediaEditor (576)
[2021.01.15-16.29.28:921][390]LogModuleManager: Shutting down and abandoning module WebMMediaFactory (574)
[2021.01.15-16.29.28:921][390]LogModuleManager: Shutting down and abandoning module WebMMediaEditor (572)
[2021.01.15-16.29.28:921][390]LogModuleManager: Shutting down and abandoning module WebMMedia (570)
[2021.01.15-16.29.28:921][390]LogModuleManager: Shutting down and abandoning module MediaPlayerEditor (568)
[2021.01.15-16.29.28:921][390]LogModuleManager: Shutting down and abandoning module MediaCompositingEditor (566)
[2021.01.15-16.29.28:921][390]LogModuleManager: Shutting down and abandoning module SequenceRecorder (565)
[2021.01.15-16.29.28:921][390]LogModuleManager: Shutting down and abandoning module OpenExrWrapper (562)
[2021.01.15-16.29.28:921][390]LogModuleManager: Shutting down and abandoning module ImgMediaFactory (560)
[2021.01.15-16.29.28:921][390]LogModuleManager: Shutting down and abandoning module ImgMediaEditor (558)
[2021.01.15-16.29.28:921][390]LogModuleManager: Shutting down and abandoning module AvfMediaFactory (556)
[2021.01.15-16.29.28:921][390]LogModuleManager: Shutting down and abandoning module AvfMediaEditor (554)
[2021.01.15-16.29.28:921][390]LogModuleManager: Shutting down and abandoning module AndroidMediaFactory (552)
[2021.01.15-16.29.28:921][390]LogModuleManager: Shutting down and abandoning module AndroidMediaEditor (550)
[2021.01.15-16.29.28:921][390]LogModuleManager: Shutting down and abandoning module MagicLeapCameraPreviewFactory (548)
[2021.01.15-16.29.28:921][390]LogModuleManager: Shutting down and abandoning module MagicLeapMediaFactory (546)
[2021.01.15-16.29.28:922][390]LogModuleManager: Shutting down and abandoning module MagicLeapMediaEditor (544)
[2021.01.15-16.29.28:922][390]LogModuleManager: Shutting down and abandoning module CharacterAI (542)
[2021.01.15-16.29.28:922][390]LogModuleManager: Shutting down and abandoning module SmartSnapping (540)
[2021.01.15-16.29.28:922][390]LogModuleManager: Shutting down and abandoning module SessionServices (538)
[2021.01.15-16.29.28:922][390]LogModuleManager: Shutting down and abandoning module ViewportSnapping (536)
[2021.01.15-16.29.28:922][390]LogModuleManager: Shutting down and abandoning module ViewportInteraction (534)
[2021.01.15-16.29.28:927][390]LogModuleManager: Shutting down and abandoning module ClothPainter (532)
[2021.01.15-16.29.28:928][390]LogModuleManager: Shutting down and abandoning module SkeletalMeshEditor (531)
[2021.01.15-16.29.28:929][390]LogModuleManager: Shutting down and abandoning module LogVisualizer (528)
[2021.01.15-16.29.28:929][390]LogModuleManager: Shutting down and abandoning module IntroTutorials (526)
[2021.01.15-16.29.28:929][390]LogModuleManager: Shutting down and abandoning module GameProjectGeneration (525)
[2021.01.15-16.29.28:933][390]LogModuleManager: Shutting down and abandoning module LuminPlatformEditor (522)
[2021.01.15-16.29.28:933][390]LogModuleManager: Shutting down and abandoning module IOSPlatformEditor (520)
[2021.01.15-16.29.28:933][390]LogModuleManager: Shutting down and abandoning module HTML5PlatformEditor (518)
[2021.01.15-16.29.28:933][390]LogModuleManager: Shutting down and abandoning module AndroidPlatformEditor (516)
[2021.01.15-16.29.28:933][390]LogModuleManager: Shutting down and abandoning module AndroidDeviceDetection (515)
[2021.01.15-16.29.29:668][390]LogModuleManager: Shutting down and abandoning module WindowsPlatformEditor (512)
[2021.01.15-16.29.29:669][390]LogModuleManager: Shutting down and abandoning module LuminRuntimeSettings (510)
[2021.01.15-16.29.29:669][390]LogModuleManager: Shutting down and abandoning module IOSRuntimeSettings (508)
[2021.01.15-16.29.29:669][390]LogModuleManager: Shutting down and abandoning module AndroidRuntimeSettings (506)
[2021.01.15-16.29.29:669][390]LogModuleManager: Shutting down and abandoning module TimeManagementEditor (504)
[2021.01.15-16.29.29:669][390]LogModuleManager: Shutting down and abandoning module InputBindingEditor (502)
[2021.01.15-16.29.29:669][390]LogModuleManager: Shutting down and abandoning module MergeActors (500)
[2021.01.15-16.29.29:669][390]LogModuleManager: Shutting down and abandoning module LocalizationDashboard (498)
[2021.01.15-16.29.29:669][390]LogModuleManager: Shutting down and abandoning module LocalizationService (497)
[2021.01.15-16.29.29:669][390]LogModuleManager: Shutting down and abandoning module HardwareTargeting (494)
[2021.01.15-16.29.29:669][390]LogModuleManager: Shutting down and abandoning module DeviceProfileEditor (492)
[2021.01.15-16.29.29:669][390]LogModuleManager: Shutting down and abandoning module UndoHistory (490)
[2021.01.15-16.29.29:670][390]LogModuleManager: Shutting down and abandoning module XmlParser (488)
[2021.01.15-16.29.29:670][390]LogModuleManager: Shutting down and abandoning module Blutility (486)
[2021.01.15-16.29.29:670][390]LogModuleManager: Shutting down and abandoning module ProjectSettingsViewer (484)
[2021.01.15-16.29.29:670][390]LogModuleManager: Shutting down and abandoning module ProjectTargetPlatformEditor (483)
[2021.01.15-16.29.29:670][390]LogModuleManager: Shutting down and abandoning module EditorSettingsViewer (480)
[2021.01.15-16.29.29:670][390]LogModuleManager: Shutting down and abandoning module SettingsEditor (478)
[2021.01.15-16.29.29:670][390]LogModuleManager: Shutting down and abandoning module ProjectLauncher (476)
[2021.01.15-16.29.29:670][390]LogModuleManager: Shutting down and abandoning module SessionFrontend (474)
[2021.01.15-16.29.29:670][390]LogModuleManager: Shutting down and abandoning module ProfilerClient (472)
[2021.01.15-16.29.29:673][390]LogModuleManager: Shutting down and abandoning module DeviceManager (470)
[2021.01.15-16.29.29:673][390]LogModuleManager: Shutting down and abandoning module TargetDeviceServices (469)
[2021.01.15-16.29.29:725][390]LogModuleManager: Shutting down and abandoning module AutomationController (466)
[2021.01.15-16.29.29:725][390]LogModuleManager: Shutting down and abandoning module AutomationWindow (464)
[2021.01.15-16.29.29:729][390]LogModuleManager: Shutting down and abandoning module Layers (462)
[2021.01.15-16.29.29:741][390]LogModuleManager: Shutting down and abandoning module ComponentVisualizers (460)
[2021.01.15-16.29.29:741][390]LogModuleManager: Shutting down and abandoning module DetailCustomizations (458)
[2021.01.15-16.29.29:741][390]LogModuleManager: Shutting down and abandoning module PackagesDialog (456)
[2021.01.15-16.29.29:744][390]LogModuleManager: Shutting down and abandoning module Persona (454)
[2021.01.15-16.29.29:747][390]LogModuleManager: Shutting down and abandoning module AdvancedPreviewScene (453)
[2021.01.15-16.29.29:747][390]LogModuleManager: Shutting down and abandoning module AnimGraph (451)
[2021.01.15-16.29.29:747][390]LogModuleManager: Shutting down and abandoning module Kismet (448)
[2021.01.15-16.29.29:747][390]LogModuleManager: Shutting down and abandoning module GraphEditor (446)
[2021.01.15-16.29.29:754][390]LogModuleManager: Shutting down and abandoning module ClassViewer (444)
[2021.01.15-16.29.29:754][390]LogModuleManager: Shutting down and abandoning module Toolbox (442)
[2021.01.15-16.29.29:754][390]LogModuleManager: Shutting down and abandoning module DesktopPlatform (441)
[2021.01.15-16.29.29:757][390]LogModuleManager: Shutting down and abandoning module ModuleUI (438)
[2021.01.15-16.29.29:757][390]LogModuleManager: Shutting down and abandoning module MovieSceneTools (436)
[2021.01.15-16.29.29:757][390]LogModuleManager: Shutting down and abandoning module OutputLog (434)
[2021.01.15-16.29.29:757][390]LogModuleManager: Shutting down and abandoning module GammaUI (432)
[2021.01.15-16.29.29:763][390]LogModuleManager: Shutting down and abandoning module Documentation (430)
[2021.01.15-16.29.29:763][390]LogModuleManager: Shutting down and abandoning module MovieSceneTracks (428)
[2021.01.15-16.29.29:763][390]LogModuleManager: Shutting down and abandoning module MovieScene (426)
[2021.01.15-16.29.29:763][390]LogModuleManager: Shutting down and abandoning module StreamingPauseRendering (424)
[2021.01.15-16.29.29:763][390]LogModuleManager: Shutting down and abandoning module LauncherPlatform (422)
[2021.01.15-16.29.29:763][390]LogModuleManager: Shutting down and abandoning module AnalyticsET (420)
[2021.01.15-16.29.29:763][390]LogModuleManager: Shutting down and abandoning module PortalServices (418)
[2021.01.15-16.29.29:763][390]LogModuleManager: Shutting down and abandoning module PortalRpc (416)
[2021.01.15-16.29.29:763][390]LogModuleManager: Shutting down and abandoning module MessagingRpc (414)
[2021.01.15-16.29.29:764][390]LogModuleManager: Shutting down and abandoning module AIModule (412)
[2021.01.15-16.29.29:764][390]LogModuleManager: Shutting down and abandoning module GameplayDebugger (411)
[2021.01.15-16.29.29:764][390]LogModuleManager: Shutting down and abandoning module AITestSuite (409)
[2021.01.15-16.29.29:764][390]LogModuleManager: Shutting down and abandoning module NavigationSystem (407)
[2021.01.15-16.29.29:764][390]LogModuleManager: Shutting down and abandoning module ImageWriteQueue (404)
[2021.01.15-16.29.29:767][390]LogModuleManager: Shutting down and abandoning module ProfilerService (402)
[2021.01.15-16.29.29:890][390]LogModuleManager: Shutting down and abandoning module TaskGraph (400)
[2021.01.15-16.29.29:890][390]LogModuleManager: Shutting down and abandoning module SteamVRController (398)
[2021.01.15-16.29.29:891][390]LogModuleManager: Shutting down and abandoning module ProceduralMeshComponentEditor (396)
[2021.01.15-16.29.29:891][390]LogModuleManager: Shutting down and abandoning module ProceduralMeshComponent (394)
[2021.01.15-16.29.29:891][390]LogModuleManager: Shutting down and abandoning module OculusInput (392)
[2021.01.15-16.29.29:891][390]LogModuleManager: Shutting down and abandoning module MobilePatchingUtils (390)
[2021.01.15-16.29.29:891][390]LogModuleManager: Shutting down and abandoning module EditableMesh (388)
[2021.01.15-16.29.29:891][390]LogModuleManager: Shutting down and abandoning module CustomMeshComponent (386)
[2021.01.15-16.29.29:891][390]LogModuleManager: Shutting down and abandoning module CableComponent (384)
[2021.01.15-16.29.29:891][390]LogModuleManager: Shutting down and abandoning module AudioCapture (382)
[2021.01.15-16.29.29:891][390]LogModuleManager: Shutting down and abandoning module ArchVisCharacter (380)
[2021.01.15-16.29.29:891][390]LogModuleManager: Shutting down and abandoning module AndroidPermission (378)
[2021.01.15-16.29.29:891][390]LogModuleManager: Shutting down and abandoning module NUTUnrealEngine4 (376)
[2021.01.15-16.29.29:894][390]LogModuleManager: Shutting down and abandoning module NetcodeUnitTest (374)
[2021.01.15-16.29.29:894][390]LogModuleManager: Shutting down and abandoning module MediaCompositing (372)
[2021.01.15-16.29.29:894][390]LogModuleManager: Shutting down and abandoning module LinearTimecode (370)
[2021.01.15-16.29.29:894][390]LogModuleManager: Shutting down and abandoning module ImgMedia (368)
[2021.01.15-16.29.29:899][390]LogModuleManager: Shutting down and abandoning module HTML5Networking (366)
[2021.01.15-16.29.29:899][390]LogModuleManager: Shutting down and abandoning module GeometryCacheTracks (364)
[2021.01.15-16.29.29:899][390]LogModuleManager: Shutting down and abandoning module GeometryCacheSequencer (362)
[2021.01.15-16.29.29:899][390]LogModuleManager: Shutting down and abandoning module BackChannel (360)
[2021.01.15-16.29.29:899][390]LogModuleManager: Shutting down and abandoning module AppleVision (358)
[2021.01.15-16.29.29:900][390]LogModuleManager: Shutting down and abandoning module AppleImageUtilsBlueprintSupport (356)
[2021.01.15-16.29.29:900][390]LogModuleManager: Shutting down and abandoning module AppleImageUtils (354)
[2021.01.15-16.29.29:900][390]LogModuleManager: Shutting down and abandoning module AlembicImporter (352)
[2021.01.15-16.29.29:900][390]LogModuleManager: Shutting down and abandoning module AlembicLibrary (351)
[2021.01.15-16.29.29:900][390]LogModuleManager: Shutting down and abandoning module GeometryCache (350)
[2021.01.15-16.29.29:900][390]LogModuleManager: Shutting down and abandoning module GeometryCacheEd (349)
[2021.01.15-16.29.29:900][390]LogModuleManager: Shutting down and abandoning module VariantManagerContent (344)
[2021.01.15-16.29.29:900][390]LogModuleManager: Shutting down and abandoning module DatasmithContentEditor (342)
[2021.01.15-16.29.29:900][390]LogModuleManager: Shutting down and abandoning module SpeedTreeImporter (340)
[2021.01.15-16.29.29:900][390]LogModuleManager: Shutting down and abandoning module PluginBrowser (338)
[2021.01.15-16.29.29:901][390]LogModuleManager: Shutting down and abandoning module MobileLauncherProfileWizard (336)
[2021.01.15-16.29.29:901][390]LogModuleManager: Shutting down and abandoning module PolygonModeling (334)
[2021.01.15-16.29.29:901][390]LogModuleManager: Shutting down and abandoning module MeshEditor (332)
[2021.01.15-16.29.29:901][390]LogModuleManager: Shutting down and abandoning module CryptoKeysOpenSSL (330)
[2021.01.15-16.29.29:901][390]LogModuleManager: Shutting down and abandoning module CryptoKeys (328)
[2021.01.15-16.29.29:901][390]LogModuleManager: Shutting down and abandoning module VisualStudioSourceCodeAccess (326)
[2021.01.15-16.29.29:901][390]LogModuleManager: Shutting down and abandoning module VisualStudioCodeSourceCodeAccess (324)
[2021.01.15-16.29.29:901][390]LogModuleManager: Shutting down and abandoning module UObjectPlugin (322)
[2021.01.15-16.29.29:901][390]LogModuleManager: Shutting down and abandoning module SubversionSourceControl (320)
[2021.01.15-16.29.29:901][390]LogModuleManager: Shutting down and abandoning module PerforceSourceControl (318)
[2021.01.15-16.29.29:902][390]LogModuleManager: Shutting down and abandoning module GitSourceControl (316)
[2021.01.15-16.29.29:902][390]LogModuleManager: Shutting down and abandoning module SourceControl (315)
[2021.01.15-16.29.29:902][390]LogModuleManager: Shutting down and abandoning module CLionSourceCodeAccess (312)
[2021.01.15-16.29.29:902][390]LogModuleManager: Shutting down and abandoning module ActorLayerUtilitiesEditor (310)
[2021.01.15-16.29.29:902][390]LogModuleManager: Shutting down and abandoning module ActorLayerUtilities (308)
[2021.01.15-16.29.29:902][390]LogModuleManager: Shutting down and abandoning module LightPropagationVolumeEditor (306)
[2021.01.15-16.29.29:902][390]LogModuleManager: Shutting down and abandoning module PaperTiledImporter (304)
[2021.01.15-16.29.29:902][390]LogModuleManager: Shutting down and abandoning module PaperSpriteSheetImporter (302)
[2021.01.15-16.29.29:902][390]LogModuleManager: Shutting down and abandoning module Paper2DEditor (300)
[2021.01.15-16.29.29:905][390]LogModuleManager: Shutting down and abandoning module MeshPaint (299)
[2021.01.15-16.29.29:905][390]LogModuleManager: Shutting down and abandoning module PhysicsSim_UE (296)
[2021.01.15-16.29.29:905][390]LogModuleManager: Shutting down and abandoning module RuntimePhysXCooking (294)
[2021.01.15-16.29.29:905][390]LogModuleManager: Shutting down and abandoning module PhysXVehiclesEditor (292)
[2021.01.15-16.29.29:906][390]LogModuleManager: Shutting down and abandoning module PhysXVehicles (290)
[2021.01.15-16.29.29:906][390]LogModuleManager: Shutting down and abandoning module OculusEditor (288)
[2021.01.15-16.29.29:906][390]LogModuleManager: Shutting down and abandoning module LocationServicesBPLibrary (286)
[2021.01.15-16.29.29:906][390]LogModuleManager: Shutting down and abandoning module ActorSequence (284)
[2021.01.15-16.29.29:906][390]LogModuleManager: Shutting down and abandoning module UdpMessaging (282)
[2021.01.15-16.29.30:006][390]LogModuleManager: Shutting down and abandoning module TcpMessaging (280)
[2021.01.15-16.29.30:107][390]LogModuleManager: Shutting down and abandoning module MagicLeapAudio (278)
[2021.01.15-16.29.30:107][390]LogModuleManager: Shutting down and abandoning module GameplayTagsEditor (276)
[2021.01.15-16.29.30:107][390]LogModuleManager: Shutting down and abandoning module FacialAnimationEditor (274)
[2021.01.15-16.29.30:107][390]LogModuleManager: Shutting down and abandoning module FacialAnimation (272)
[2021.01.15-16.29.30:107][390]LogModuleManager: Shutting down and abandoning module DataValidation (270)
[2021.01.15-16.29.30:107][390]LogModuleManager: Shutting down and abandoning module AssetManagerEditor (268)
[2021.01.15-16.29.30:119][390]LogModuleManager: Shutting down and abandoning module LevelEditor (267)
[2021.01.15-16.29.30:119][390]LogModuleManager: Shutting down and abandoning module PixelInspectorModule (266)
[2021.01.15-16.29.30:119][390]LogModuleManager: Shutting down and abandoning module CommonMenuExtensions (264)
[2021.01.15-16.29.30:119][390]LogModuleManager: Shutting down and abandoning module MainFrame (262)
[2021.01.15-16.29.30:119][390]LogModuleManager: Shutting down and abandoning module HotReload (261)
[2021.01.15-16.29.30:120][390]LogModuleManager: Shutting down and abandoning module ContentBrowser (257)
[2021.01.15-16.29.30:120][390]LogModuleManager: Shutting down and abandoning module TreeMap (255)
[2021.01.15-16.29.30:120][390]LogModuleManager: Shutting down and abandoning module LightPropagationVolumeRuntime (252)
[2021.01.15-16.29.30:121][390]LogModuleManager: Shutting down and abandoning module AISupportModule (250)
[2021.01.15-16.29.30:121][390]LogModuleManager: Shutting down and abandoning module Paper2D (248)
[2021.01.15-16.29.30:121][390]LogModuleManager: Shutting down and abandoning module WindowsMoviePlayer (246)
[2021.01.15-16.29.30:121][390]LogModuleManager: Shutting down and abandoning module WebMMoviePlayer (244)
[2021.01.15-16.29.30:121][390]LogModuleManager: Shutting down and abandoning module WmfMedia (242)
[2021.01.15-16.29.30:123][390]LogModuleManager: Shutting down and abandoning module Media (241)
[2021.01.15-16.29.30:129][390]LogModuleManager: Shutting down and abandoning module PacketHandler (238)
[2021.01.15-16.29.30:129][390]LogModuleManager: Shutting down and abandoning module ClothingSystemEditor (236)
[2021.01.15-16.29.30:129][390]LogModuleManager: Shutting down and abandoning module ClothingSystemRuntime (234)
[2021.01.15-16.29.30:129][390]LogModuleManager: Shutting down and abandoning module MediaAssets (232)
[2021.01.15-16.29.30:129][390]LogModuleManager: Shutting down and abandoning module Overlay (230)
[2021.01.15-16.29.30:129][390]LogModuleManager: Shutting down and abandoning module OverlayEditor (229)
[2021.01.15-16.29.30:129][390]LogModuleManager: Shutting down and abandoning module VREditor (226)
[2021.01.15-16.29.30:132][390]LogModuleManager: Shutting down and abandoning module StringTableEditor (224)
[2021.01.15-16.29.30:135][390]LogModuleManager: Shutting down and abandoning module GameplayTasksEditor (222)
[2021.01.15-16.29.30:135][390]LogModuleManager: Shutting down and abandoning module BehaviorTreeEditor (220)
[2021.01.15-16.29.30:141][390]LogModuleManager: Shutting down and abandoning module FunctionalTesting (218)
[2021.01.15-16.29.30:141][390]LogModuleManager: Shutting down and abandoning module CollisionAnalyzer (216)
[2021.01.15-16.29.30:141][390]LogModuleManager: Shutting down and abandoning module WorkspaceMenuStructure (215)
[2021.01.15-16.29.30:141][390]LogModuleManager: Shutting down and abandoning module UMG (212)
[2021.01.15-16.29.30:144][390]LogModuleManager: Shutting down and abandoning module UMGEditor (211)
[2021.01.15-16.29.30:149][390]LogModuleManager: Shutting down and abandoning module Sequencer (210)
[2021.01.15-16.29.30:153][390]LogModuleManager: Shutting down and abandoning module MessageLog (207)
[2021.01.15-16.29.30:153][390]LogModuleManager: Shutting down and abandoning module SlateReflector (202)
[2021.01.15-16.29.30:167][390]LogModuleManager: Shutting down and abandoning module Slate (200)
[2021.01.15-16.29.30:167][390]LogModuleManager: Shutting down and abandoning module EditorStyle (198)
[2021.01.15-16.29.30:168][390]LogModuleManager: Shutting down and abandoning module MRMesh (196)
[2021.01.15-16.29.30:168][390]LogModuleManager: Shutting down and abandoning module SourceCodeAccess (194)
[2021.01.15-16.29.30:168][390]LogModuleManager: Shutting down and abandoning module HeadMountedDisplay (192)
[2021.01.15-16.29.30:168][390]LogModuleManager: Shutting down and abandoning module XAudio2 (190)
[2021.01.15-16.29.30:168][390]LogModuleManager: Shutting down and abandoning module Networking (188)
[2021.01.15-16.29.30:168][390]LogModuleManager: Shutting down and abandoning module Core (186)
[2021.01.15-16.29.30:168][390]LogModuleManager: Shutting down and abandoning module LevelSequence (184)
[2021.01.15-16.29.30:168][390]LogModuleManager: Shutting down and abandoning module KismetCompiler (182)
[2021.01.15-16.29.30:168][390]LogModuleManager: Shutting down and abandoning module MeshUtilities (180)
[2021.01.15-16.29.30:168][390]LogModuleManager: Shutting down and abandoning module MeshMergeUtilities (179)
[2021.01.15-16.29.30:168][390]LogModuleManager: Shutting down and abandoning module MeshReductionInterface (178)
[2021.01.15-16.29.30:168][390]LogModuleManager: Shutting down and abandoning module SimplygonSwarm (177)
[2021.01.15-16.29.30:169][390]LogModuleManager: Shutting down and abandoning module ProxyLODMeshReduction (175)
[2021.01.15-16.29.30:169][390]LogModuleManager: Shutting down and abandoning module SimplygonMeshReduction (173)
[2021.01.15-16.29.30:169][390]LogModuleManager: Shutting down and abandoning module QuadricMeshReduction (171)
[2021.01.15-16.29.30:169][390]LogModuleManager: Shutting down and abandoning module MaterialBaking (167)
[2021.01.15-16.29.30:169][390]LogModuleManager: Shutting down and abandoning module DirectoryWatcher (163)
[2021.01.15-16.29.30:169][390]LogModuleManager: Shutting down and abandoning module DerivedDataCache (160)
[2021.01.15-16.29.30:239][390]LogDerivedDataCache: Shutdown
[2021.01.15-16.29.30:239][390]LogModuleManager: Shutting down and abandoning module XGEController (158)
[2021.01.15-16.29.30:239][390]LogXGEController: Cleaning working directory: C:/Users/betha/AppData/Local/Temp/UnrealXGEWorkingDir/
[2021.01.15-16.29.30:239][390]LogModuleManager: Shutting down and abandoning module TargetPlatform (156)
[2021.01.15-16.29.30:240][390]LogModuleManager: Shutting down and abandoning module VulkanShaderFormat (155)
[2021.01.15-16.29.30:240][390]LogModuleManager: Shutting down and abandoning module ShaderFormatVectorVM (153)
[2021.01.15-16.29.30:240][390]LogModuleManager: Shutting down and abandoning module ShaderFormatOpenGL (151)
[2021.01.15-16.29.30:240][390]LogModuleManager: Shutting down and abandoning module ShaderFormatD3D (149)
[2021.01.15-16.29.30:240][390]LogModuleManager: Shutting down and abandoning module MetalShaderFormat (147)
[2021.01.15-16.29.30:246][390]LogModuleManager: Shutting down and abandoning module TextureFormatUncompressed (145)
[2021.01.15-16.29.30:246][390]LogModuleManager: Shutting down and abandoning module TextureFormatPVR (143)
[2021.01.15-16.29.30:246][390]LogModuleManager: Shutting down and abandoning module TextureFormatDXT (141)
[2021.01.15-16.29.30:246][390]LogModuleManager: Shutting down and abandoning module TextureFormatIntelISPCTexComp (139)
[2021.01.15-16.29.30:247][390]LogModuleManager: Shutting down and abandoning module TextureFormatASTC (137)
[2021.01.15-16.29.30:247][390]LogModuleManager: Shutting down and abandoning module ImageWrapper (136)
[2021.01.15-16.29.30:247][390]LogModuleManager: Shutting down and abandoning module TextureFormatAndroid (133)
[2021.01.15-16.29.30:247][390]LogModuleManager: Shutting down and abandoning module AudioFormatOpus (131)
[2021.01.15-16.29.30:247][390]LogModuleManager: Shutting down and abandoning module AudioFormatOgg (129)
[2021.01.15-16.29.30:247][390]LogModuleManager: Shutting down and abandoning module AudioFormatADPCM (127)
[2021.01.15-16.29.30:247][390]LogModuleManager: Shutting down and abandoning module LuminTargetPlatform (125)
[2021.01.15-16.29.30:248][390]LogModuleManager: Shutting down and abandoning module LinuxTargetPlatform (123)
[2021.01.15-16.29.30:248][390]LogModuleManager: Shutting down and abandoning module LinuxServerTargetPlatform (121)
[2021.01.15-16.29.30:248][390]LogModuleManager: Shutting down and abandoning module LinuxNoEditorTargetPlatform (119)
[2021.01.15-16.29.30:248][390]LogModuleManager: Shutting down and abandoning module LinuxClientTargetPlatform (117)
[2021.01.15-16.29.30:248][390]LogModuleManager: Shutting down and abandoning module TVOSTargetPlatform (115)
[2021.01.15-16.29.30:248][390]LogModuleManager: Shutting down and abandoning module Messaging (113)
[2021.01.15-16.29.30:248][390]LogModuleManager: Shutting down and abandoning module IOSTargetPlatform (111)
[2021.01.15-16.29.30:249][390]LogModuleManager: Shutting down and abandoning module HTML5TargetPlatform (109)
[2021.01.15-16.29.30:249][390]LogModuleManager: Shutting down and abandoning module AndroidTargetPlatform (107)
[2021.01.15-16.29.30:253][390]LogModuleManager: Shutting down and abandoning module WindowsTargetPlatform (105)
[2021.01.15-16.29.30:253][390]LogModuleManager: Shutting down and abandoning module WindowsServerTargetPlatform (103)
[2021.01.15-16.29.30:253][390]LogModuleManager: Shutting down and abandoning module WindowsNoEditorTargetPlatform (101)
[2021.01.15-16.29.30:253][390]LogModuleManager: Shutting down and abandoning module WindowsClientTargetPlatform (99)
[2021.01.15-16.29.30:253][390]LogModuleManager: Shutting down and abandoning module MacTargetPlatform (97)
[2021.01.15-16.29.30:253][390]LogModuleManager: Shutting down and abandoning module MacServerTargetPlatform (95)
[2021.01.15-16.29.30:253][390]LogModuleManager: Shutting down and abandoning module MacNoEditorTargetPlatform (93)
[2021.01.15-16.29.30:254][390]LogModuleManager: Shutting down and abandoning module MacClientTargetPlatform (91)
[2021.01.15-16.29.30:254][390]LogModuleManager: Shutting down and abandoning module AllDesktopTargetPlatform (89)
[2021.01.15-16.29.30:254][390]LogModuleManager: Shutting down and abandoning module InputCore (86)
[2021.01.15-16.29.30:254][390]LogModuleManager: Shutting down and abandoning module Settings (84)
[2021.01.15-16.29.30:254][390]LogModuleManager: Shutting down and abandoning module PhysXCooking (82)
[2021.01.15-16.29.30:254][390]LogModuleManager: Shutting down and abandoning module SteamVR (80)
[2021.01.15-16.29.30:254][390]LogHMD: Freeing OpenVRDLLHandle.
[2021.01.15-16.29.30:254][390]LogModuleManager: Shutting down and abandoning module OculusHMD (78)
[2021.01.15-16.29.30:254][390]LogModuleManager: Shutting down and abandoning module ExampleDeviceProfileSelector (76)
[2021.01.15-16.29.30:254][390]LogModuleManager: Shutting down and abandoning module LauncherChunkInstaller (74)
[2021.01.15-16.29.30:254][390]LogModuleManager: Shutting down and abandoning module OnlineBlueprintSupport (72)
[2021.01.15-16.29.30:254][390]LogModuleManager: Shutting down and abandoning module OnlineSubsystem (68)
[2021.01.15-16.29.30:258][390]LogModuleManager: Shutting down and abandoning module XMPP (63)
[2021.01.15-16.29.30:266][390]LogModuleManager: Shutting down and abandoning module WebSockets (62)
[2021.01.15-16.29.30:273][390]LogModuleManager: Shutting down and abandoning module HTTP (59)
[2021.01.15-16.29.30:273][390]LogHttp: Display: Http module shutting down, but needs to wait on 1 outstanding Http requests:
[2021.01.15-16.29.30:273][390]LogHttp: Display: 	verb=[POST] url=[https://datarouter.ol.epicgames.com/datarouter/api/v1/public/data?SessionID=%7B1F170755-45AC-EF66-4E4B-08BEFB7B83EB%7D&AppID=UEEditor.Rocket.Release&AppVersion=4.21.2-4753647%2B%2B%2BUE4%2BRelease-4.21&UserID=cbbca4b844bda216846ba98f2022db18%7C716d772c32f34ad6953e36790a69ba47%7C55da4043-29c3-4eef-98f6-c882efd5239c&AppEnvironment=datacollector-binary&UploadType=eteventstream] status=Processing
[2021.01.15-16.29.30:299][390]LogModuleManager: Shutting down and abandoning module SSL (58)
[2021.01.15-16.29.30:300][390]LogModuleManager: Shutting down and abandoning module MagicLeapIdentity (54)
[2021.01.15-16.29.30:300][390]LogModuleManager: Shutting down and abandoning module MagicLeapHelperVulkan (52)
[2021.01.15-16.29.30:300][390]LogModuleManager: Shutting down and abandoning module MagicLeapHelperOpenGL (50)
[2021.01.15-16.29.30:300][390]LogModuleManager: Shutting down and abandoning module MagicLeapSecureStorage (48)
[2021.01.15-16.29.30:300][390]LogModuleManager: Shutting down and abandoning module MagicLeapHandTracking (46)
[2021.01.15-16.29.30:300][390]LogModuleManager: Shutting down and abandoning module MagicLeapEyeTracker (44)
[2021.01.15-16.29.30:300][390]LogModuleManager: Shutting down and abandoning module MagicLeapController (42)
[2021.01.15-16.29.30:300][390]LogSlate: Slate User Destroyed.  User Index 0, Is Virtual User: 0
[2021.01.15-16.29.30:300][390]LogModuleManager: Shutting down and abandoning module MagicLeap (40)
[2021.01.15-16.29.30:300][390]LogModuleManager: Shutting down and abandoning module DatasmithContent (38)
[2021.01.15-16.29.30:301][390]LogModuleManager: Shutting down and abandoning module AnimationModifiers (36)
[2021.01.15-16.29.30:303][390]LogModuleManager: Shutting down and abandoning module PropertyEditor (35)
[2021.01.15-16.29.30:304][390]LogModuleManager: Shutting down and abandoning module AudioEditor (32)
[2021.01.15-16.29.30:306][390]LogModuleManager: Shutting down and abandoning module TextureCompressor (30)
[2021.01.15-16.29.30:307][390]LogModuleManager: Shutting down and abandoning module ShaderCore (28)
[2021.01.15-16.29.30:307][390]LogModuleManager: Shutting down and abandoning module Landscape (26)
[2021.01.15-16.29.30:307][390]LogModuleManager: Shutting down and abandoning module SlateRHIRenderer (24)
[2021.01.15-16.29.30:308][390]LogModuleManager: Shutting down and abandoning module OpenGLDrv (22)
[2021.01.15-16.29.30:308][390]LogModuleManager: Shutting down and abandoning module D3D11RHI (20)
[2021.01.15-16.29.30:308][390]LogModuleManager: Shutting down and abandoning module AnimGraphRuntime (18)
[2021.01.15-16.29.30:308][390]LogModuleManager: Shutting down and abandoning module Renderer (16)
[2021.01.15-16.29.30:308][390]LogModuleManager: Shutting down and abandoning module Engine (14)
[2021.01.15-16.29.30:308][390]LogModuleManager: Shutting down and abandoning module CoreUObject (12)
[2021.01.15-16.29.30:308][390]LogModuleManager: Shutting down and abandoning module NetworkFile (10)
[2021.01.15-16.29.30:309][390]LogModuleManager: Shutting down and abandoning module CookedIterativeFile (8)
[2021.01.15-16.29.30:309][390]LogModuleManager: Shutting down and abandoning module StreamingFile (6)
[2021.01.15-16.29.30:309][390]LogModuleManager: Shutting down and abandoning module SandboxFile (4)
[2021.01.15-16.29.30:309][390]LogModuleManager: Shutting down and abandoning module PakFile (2)
[2021.01.15-16.29.30:339][390]LogExit: Exiting.
[2021.01.15-16.29.30:342][390]Log file closed, 01/15/21 16:29:30
