Log file open, 11/08/20 21:28:29
LogWindows: Failed to load 'aqProf.dll' (GetLastError=126)
LogWindows: File 'aqProf.dll' does not exist
LogWindows: Failed to load 'VtuneApi.dll' (GetLastError=126)
LogWindows: File 'VtuneApi.dll' does not exist
LogWindows: Failed to load 'VtuneApi32e.dll' (GetLastError=126)
LogWindows: File 'VtuneApi32e.dll' does not exist
LogConsoleResponse: Display: Failed to find resolution value strings in scalability ini. Falling back to default.
LogInit: Display: Running engine for game: PhysicsSim_UE
LogPakFile: Registered encryption key '00000000000000000000000000000000': 0 pak files mounted, 0 remain pending
LogPlatformFile: Not using cached read wrapper
LogTaskGraph: Started task graph with 5 named threads and 71 total threads with 3 sets of task threads.
LogStats: Stats thread started at 0.883232
LogD3D11RHI: Loaded GFSDK_Aftermath_Lib.x64.dll
LogICUInternationalization: ICU TimeZone Detection - Raw Offset: +0:00, Platform Override: ''
LogPluginManager: Mounting plugin Paper2D
LogPluginManager: Mounting plugin AISupport
LogPluginManager: Mounting plugin LightPropagationVolume
LogPluginManager: Mounting plugin ActorLayerUtilities
LogPluginManager: Mounting plugin CLionSourceCodeAccess
LogPluginManager: Mounting plugin CodeLiteSourceCodeAccess
LogPluginManager: Mounting plugin GitSourceControl
LogPluginManager: Mounting plugin KDevelopSourceCodeAccess
LogPluginManager: Mounting plugin NullSourceCodeAccess
LogPluginManager: Mounting plugin PerforceSourceControl
LogPluginManager: Mounting plugin SubversionSourceControl
LogPluginManager: Mounting plugin UObjectPlugin
LogPluginManager: Mounting plugin VisualStudioCodeSourceCodeAccess
LogPluginManager: Mounting plugin VisualStudioSourceCodeAccess
LogPluginManager: Mounting plugin XCodeSourceCodeAccess
LogPluginManager: Mounting plugin AssetManagerEditor
LogPluginManager: Mounting plugin CryptoKeys
LogPluginManager: Mounting plugin DataValidation
LogPluginManager: Mounting plugin FacialAnimation
LogPluginManager: Mounting plugin GameplayTagsEditor
LogPluginManager: Mounting plugin MacGraphicsSwitching
LogPluginManager: Mounting plugin MeshEditor
LogPluginManager: Mounting plugin MobileLauncherProfileWizard
LogPluginManager: Mounting plugin PluginBrowser
LogPluginManager: Mounting plugin SpeedTreeImporter
LogPluginManager: Mounting plugin DatasmithContent
LogPluginManager: Mounting plugin VariantManagerContent
LogPluginManager: Mounting plugin AlembicImporter
LogPluginManager: Mounting plugin AppleImageUtils
LogPluginManager: Mounting plugin AppleVision
LogPluginManager: Mounting plugin BackChannel
LogPluginManager: Mounting plugin CharacterAI
LogPluginManager: Mounting plugin GeometryCache
LogPluginManager: Mounting plugin HTML5Networking
LogPluginManager: Mounting plugin ProxyLODPlugin
LogPluginManager: Mounting plugin MagicLeap
LogPluginManager: Mounting plugin MagicLeapMedia
LogPluginManager: Mounting plugin AndroidMedia
LogPluginManager: Mounting plugin AvfMedia
LogPluginManager: Mounting plugin ImgMedia
LogPluginManager: Mounting plugin LinearTimecode
LogPluginManager: Mounting plugin MediaCompositing
LogPluginManager: Mounting plugin MediaPlayerEditor
LogPluginManager: Mounting plugin WebMMedia
LogPluginManager: Mounting plugin WmfMedia
LogPluginManager: Mounting plugin TcpMessaging
LogPluginManager: Mounting plugin UdpMessaging
LogPluginManager: Mounting plugin ActorSequence
LogPluginManager: Mounting plugin LevelSequenceEditor
LogPluginManager: Mounting plugin MatineeToLevelSequence
LogPluginManager: Mounting plugin NetcodeUnitTest
LogPluginManager: Mounting plugin NUTUnrealEngine4
LogPluginManager: Mounting plugin OnlineSubsystemGooglePlay
LogPluginManager: Mounting plugin OnlineSubsystemIOS
LogPluginManager: Mounting plugin OnlineSubsystem
LogPluginManager: Mounting plugin OnlineSubsystemNull
LogPluginManager: Mounting plugin OnlineSubsystemUtils
LogPluginManager: Mounting plugin LauncherChunkInstaller
LogPluginManager: Mounting plugin AndroidDeviceProfileSelector
LogPluginManager: Mounting plugin AndroidMoviePlayer
LogPluginManager: Mounting plugin AndroidPermission
LogPluginManager: Mounting plugin AppleMoviePlayer
LogPluginManager: Mounting plugin ArchVisCharacter
LogPluginManager: Mounting plugin AudioCapture
LogPluginManager: Mounting plugin CableComponent
LogPluginManager: Mounting plugin CustomMeshComponent
LogPluginManager: Mounting plugin EditableMesh
LogPluginManager: Mounting plugin ExampleDeviceProfileSelector
LogPluginManager: Mounting plugin Firebase
LogPluginManager: Mounting plugin GoogleCloudMessaging
LogPluginManager: Mounting plugin IOSDeviceProfileSelector
LogPluginManager: Mounting plugin LinuxDeviceProfileSelector
LogPluginManager: Mounting plugin LocationServicesBPLibrary
LogPluginManager: Mounting plugin MobilePatchingUtils
LogPluginManager: Mounting plugin OculusVR
LogPluginManager: Mounting plugin PhysXVehicles
LogPluginManager: Mounting plugin ProceduralMeshComponent
LogPluginManager: Mounting plugin RuntimePhysXCooking
LogPluginManager: Mounting plugin SteamVR
LogPluginManager: Mounting plugin WebMMoviePlayer
LogPluginManager: Mounting plugin WindowsMoviePlayer
LogStreaming: Display: Took  0.098s to configure plugins.
LogInit: Using libcurl 7.55.1-DEV
LogInit:  - built for x86_64-pc-win32
LogInit:  - supports SSL with OpenSSL/1.0.2h
LogInit:  - supports HTTP deflate (compression) using libz 1.2.8
LogInit:  - other features:
LogInit:      CURL_VERSION_SSL
LogInit:      CURL_VERSION_LIBZ
LogInit:      CURL_VERSION_IPV6
LogInit:      CURL_VERSION_ASYNCHDNS
LogInit:      CURL_VERSION_LARGEFILE
LogInit:      CURL_VERSION_IDN
LogInit:  CurlRequestOptions (configurable via config and command line):
LogInit:  - bVerifyPeer = true  - Libcurl will verify peer certificate
LogInit:  - bUseHttpProxy = false  - Libcurl will NOT use HTTP proxy
LogInit:  - bDontReuseConnections = false  - Libcurl will reuse connections
LogInit:  - MaxHostConnections = 16  - Libcurl will limit the number of connections to a host
LogInit:  - LocalHostAddr = Default
LogInit:  - BufferSize = 65536
LogInit: WinSock: version 1.1 (2.2), MaxSocks=32767, MaxUdp=65467
LogInit: Build: ++UE4+Release-4.21-CL-4753647
LogInit: Engine Version: 4.21.2-4753647+++UE4+Release-4.21
LogInit: Compatible Engine Version: 4.21.0-4541578+++UE4+Release-4.21
LogInit: Net CL: 4541578
LogInit: OS: Windows 10 (), CPU: AMD Ryzen 9 3900X 12-Core Processor            , GPU: NVIDIA GeForce RTX 2070 SUPER
LogInit: Compiled (64-bit): Jan 19 2019 02:07:31
LogInit: Compiled with Visual C++: 19.13.26129.00
LogInit: Build Configuration: Development
LogInit: Branch Name: ++UE4+Release-4.21
LogInit: Command Line:  -skipcompile
LogInit: Base Directory: C:/Program Files/Epic Games/UE_4.21/Engine/Binaries/Win64/
LogInit: Installed Engine Build: 1
LogDevObjectVersion: Number of dev versions registered: 22
LogDevObjectVersion:   Dev-Blueprints (B0D832E4-1F89-4F0D-ACCF-7EB736FD4AA2): 10
LogDevObjectVersion:   Dev-Build (E1C64328-A22C-4D53-A36C-8E866417BD8C): 0
LogDevObjectVersion:   Dev-Core (375EC13C-06E4-48FB-B500-84F0262A717E): 2
LogDevObjectVersion:   Dev-Editor (E4B068ED-F494-42E9-A231-DA0B2E46BB41): 26
LogDevObjectVersion:   Dev-Framework (CFFC743F-43B0-4480-9391-14DF171D2073): 34
LogDevObjectVersion:   Dev-Mobile (B02B49B5-BB20-44E9-A304-32B752E40360): 2
LogDevObjectVersion:   Dev-Networking (A4E4105C-59A1-49B5-A7C5-40C4547EDFEE): 0
LogDevObjectVersion:   Dev-Online (39C831C9-5AE6-47DC-9A44-9C173E1C8E7C): 0
LogDevObjectVersion:   Dev-Physics (78F01B33-EBEA-4F98-B9B4-84EACCB95AA2): 0
LogDevObjectVersion:   Dev-Platform (6631380F-2D4D-43E0-8009-CF276956A95A): 0
LogDevObjectVersion:   Dev-Rendering (12F88B9F-8875-4AFC-A67C-D90C383ABD29): 27
LogDevObjectVersion:   Dev-Sequencer (7B5AE74C-D270-4C10-A958-57980B212A5A): 9
LogDevObjectVersion:   Dev-VR (D7296918-1DD6-4BDD-9DE2-64A83CC13884): 2
LogDevObjectVersion:   Dev-LoadTimes (C2A15278-BFE7-4AFE-6C17-90FF531DF755): 1
LogDevObjectVersion:   Private-Geometry (6EACA3D4-40EC-4CC1-B786-8BED09428FC5): 3
LogDevObjectVersion:   Dev-AnimPhys (29E575DD-E0A3-4627-9D10-D276232CDCEA): 17
LogDevObjectVersion:   Dev-Anim (AF43A65D-7FD3-4947-9873-3E8ED9C1BB05): 2
LogDevObjectVersion:   Dev-ReflectionCapture (6B266CEC-1EC7-4B8F-A30B-E4D90942FC07): 1
LogDevObjectVersion:   Dev-Automation (0DF73D61-A23F-47EA-B727-89E90C41499A): 1
LogDevObjectVersion:   FortniteMain (601D1886-AC64-4F84-AA16-D3DE0DEAC7D6): 17
LogDevObjectVersion:   Dev-Enterprise (9DFFBCD6-494F-0158-E221-12823C92A888): 4
LogDevObjectVersion:   Dev-Niagara (F2AED0AC-9AFE-416F-8664-AA7FFA26D6FC): 1
LogStreaming: Display: Took  0.003s to delete old logs.
LogInit: Presizing for max 8388607 objects, including 0 objects not considered by GC, pre-allocating 0 bytes for permanent pool.
LogInit: Object subsystem initialized
LogConfig: Setting CVar [[con.DebugEarlyDefault:1]]
LogConfig: Setting CVar [[r.setres:1280x720]]
[2020.11.08-21.28.29:860][  0]LogConfig: Setting CVar [[r.VSync:0]]
[2020.11.08-21.28.29:860][  0]LogConfig: Setting CVar [[r.RHICmdBypass:0]]
[2020.11.08-21.28.29:860][  0]LogConfig: Applying CVar settings from Section [/Script/Engine.RendererSettings] File [C:/Users/betha/Documents/GitHub/PhysicsSimulation/PhysicsSim_UE/Saved/Config/Windows/Engine.ini]
[2020.11.08-21.28.29:860][  0]LogConfig: Setting CVar [[r.GPUCrashDebugging:0]]
[2020.11.08-21.28.29:860][  0]LogConfig: Applying CVar settings from Section [/Script/Engine.RendererOverrideSettings] File [C:/Users/betha/Documents/GitHub/PhysicsSimulation/PhysicsSim_UE/Saved/Config/Windows/Engine.ini]
[2020.11.08-21.28.29:860][  0]LogConfig: Applying CVar settings from Section [/Script/Engine.StreamingSettings] File [C:/Users/betha/Documents/GitHub/PhysicsSimulation/PhysicsSim_UE/Saved/Config/Windows/Engine.ini]
[2020.11.08-21.28.29:860][  0]LogConfig: Setting CVar [[s.MinBulkDataSizeForAsyncLoading:131072]]
[2020.11.08-21.28.29:860][  0]LogConfig: Setting CVar [[s.AsyncLoadingThreadEnabled:0]]
[2020.11.08-21.28.29:860][  0]LogConfig: Setting CVar [[s.EventDrivenLoaderEnabled:1]]
[2020.11.08-21.28.29:861][  0]LogConfig: Setting CVar [[s.WarnIfTimeLimitExceeded:0]]
[2020.11.08-21.28.29:861][  0]LogConfig: Setting CVar [[s.TimeLimitExceededMultiplier:1.5]]
[2020.11.08-21.28.29:861][  0]LogConfig: Setting CVar [[s.TimeLimitExceededMinTime:0.005]]
[2020.11.08-21.28.29:861][  0]LogConfig: Setting CVar [[s.UseBackgroundLevelStreaming:1]]
[2020.11.08-21.28.29:861][  0]LogConfig: Setting CVar [[s.PriorityAsyncLoadingExtraTime:15.0]]
[2020.11.08-21.28.29:861][  0]LogConfig: Setting CVar [[s.LevelStreamingActorsUpdateTimeLimit:5.0]]
[2020.11.08-21.28.29:861][  0]LogConfig: Setting CVar [[s.PriorityLevelStreamingActorsUpdateExtraTime:5.0]]
[2020.11.08-21.28.29:861][  0]LogConfig: Setting CVar [[s.LevelStreamingComponentsRegistrationGranularity:10]]
[2020.11.08-21.28.29:861][  0]LogConfig: Setting CVar [[s.UnregisterComponentsTimeLimit:1.0]]
[2020.11.08-21.28.29:861][  0]LogConfig: Setting CVar [[s.LevelStreamingComponentsUnregistrationGranularity:5]]
[2020.11.08-21.28.29:861][  0]LogConfig: Applying CVar settings from Section [/Script/Engine.GarbageCollectionSettings] File [C:/Users/betha/Documents/GitHub/PhysicsSimulation/PhysicsSim_UE/Saved/Config/Windows/Engine.ini]
[2020.11.08-21.28.29:861][  0]LogConfig: Setting CVar [[gc.MaxObjectsNotConsideredByGC:1]]
[2020.11.08-21.28.29:861][  0]LogConfig: Setting CVar [[gc.SizeOfPermanentObjectPool:0]]
[2020.11.08-21.28.29:861][  0]LogConfig: Setting CVar [[gc.FlushStreamingOnGC:0]]
[2020.11.08-21.28.29:861][  0]LogConfig: Setting CVar [[gc.NumRetriesBeforeForcingGC:10]]
[2020.11.08-21.28.29:861][  0]LogConfig: Setting CVar [[gc.AllowParallelGC:1]]
[2020.11.08-21.28.29:861][  0]LogConfig: Setting CVar [[gc.TimeBetweenPurgingPendingKillObjects:61.1]]
[2020.11.08-21.28.29:861][  0]LogConfig: Setting CVar [[gc.MaxObjectsInEditor:8388607]]
[2020.11.08-21.28.29:861][  0]LogConfig: Setting CVar [[gc.IncrementalBeginDestroyEnabled:1]]
[2020.11.08-21.28.29:861][  0]LogConfig: Setting CVar [[gc.CreateGCClusters:1]]
[2020.11.08-21.28.29:862][  0]LogConfig: Setting CVar [[gc.MergeGCClusters:0]]
[2020.11.08-21.28.29:862][  0]LogConfig: Setting CVar [[gc.MinGCClusterSize:5]]
[2020.11.08-21.28.29:862][  0]LogConfig: Setting CVar [[gc.ActorClusteringEnabled:0]]
[2020.11.08-21.28.29:862][  0]LogConfig: Setting CVar [[gc.BlueprintClusteringEnabled:0]]
[2020.11.08-21.28.29:862][  0]LogConfig: Setting CVar [[gc.UseDisregardForGCOnDedicatedServers:0]]
[2020.11.08-21.28.29:862][  0]LogConfig: Applying CVar settings from Section [/Script/Engine.NetworkSettings] File [C:/Users/betha/Documents/GitHub/PhysicsSimulation/PhysicsSim_UE/Saved/Config/Windows/Engine.ini]
[2020.11.08-21.28.29:862][  0]LogConfig: Applying CVar settings from Section [/Script/UnrealEd.CookerSettings] File [C:/Users/betha/Documents/GitHub/PhysicsSimulation/PhysicsSim_UE/Saved/Config/Windows/Engine.ini]
[2020.11.08-21.28.29:868][  0]LogConfig: Applying CVar settings from Section [ViewDistanceQuality@3] File [C:/Users/betha/Documents/GitHub/PhysicsSimulation/PhysicsSim_UE/Saved/Config/Windows/Scalability.ini]
[2020.11.08-21.28.29:868][  0]LogConfig: Setting CVar [[r.SkeletalMeshLODBias:0]]
[2020.11.08-21.28.29:868][  0]LogConfig: Setting CVar [[r.ViewDistanceScale:1.0]]
[2020.11.08-21.28.29:868][  0]LogConfig: Applying CVar settings from Section [AntiAliasingQuality@3] File [C:/Users/betha/Documents/GitHub/PhysicsSimulation/PhysicsSim_UE/Saved/Config/Windows/Scalability.ini]
[2020.11.08-21.28.29:868][  0]LogConfig: Setting CVar [[r.PostProcessAAQuality:4]]
[2020.11.08-21.28.29:868][  0]LogConfig: Applying CVar settings from Section [ShadowQuality@3] File [C:/Users/betha/Documents/GitHub/PhysicsSimulation/PhysicsSim_UE/Saved/Config/Windows/Scalability.ini]
[2020.11.08-21.28.29:868][  0]LogConfig: Setting CVar [[r.LightFunctionQuality:1]]
[2020.11.08-21.28.29:868][  0]LogConfig: Setting CVar [[r.ShadowQuality:5]]
[2020.11.08-21.28.29:868][  0]LogConfig: Setting CVar [[r.Shadow.CSM.MaxCascades:10]]
[2020.11.08-21.28.29:868][  0]LogConfig: Setting CVar [[r.Shadow.MaxResolution:2048]]
[2020.11.08-21.28.29:868][  0]LogConfig: Setting CVar [[r.Shadow.MaxCSMResolution:2048]]
[2020.11.08-21.28.29:868][  0]LogConfig: Setting CVar [[r.Shadow.RadiusThreshold:0.01]]
[2020.11.08-21.28.29:868][  0]LogConfig: Setting CVar [[r.Shadow.DistanceScale:1.0]]
[2020.11.08-21.28.29:869][  0]LogConfig: Setting CVar [[r.Shadow.CSM.TransitionScale:1.0]]
[2020.11.08-21.28.29:869][  0]LogConfig: Setting CVar [[r.Shadow.PreShadowResolutionFactor:1.0]]
[2020.11.08-21.28.29:869][  0]LogConfig: Setting CVar [[r.DistanceFieldShadowing:1]]
[2020.11.08-21.28.29:869][  0]LogConfig: Setting CVar [[r.DistanceFieldAO:1]]
[2020.11.08-21.28.29:869][  0]LogConfig: Setting CVar [[r.AOQuality:2]]
[2020.11.08-21.28.29:869][  0]LogConfig: Setting CVar [[r.VolumetricFog:1]]
[2020.11.08-21.28.29:869][  0]LogConfig: Setting CVar [[r.VolumetricFog.GridPixelSize:8]]
[2020.11.08-21.28.29:869][  0]LogConfig: Setting CVar [[r.VolumetricFog.GridSizeZ:128]]
[2020.11.08-21.28.29:869][  0]LogConfig: Setting CVar [[r.VolumetricFog.HistoryMissSupersampleCount:4]]
[2020.11.08-21.28.29:869][  0]LogConfig: Setting CVar [[r.LightMaxDrawDistanceScale:1]]
[2020.11.08-21.28.29:869][  0]LogConfig: Setting CVar [[r.CapsuleShadows:1]]
[2020.11.08-21.28.29:869][  0]LogConfig: Applying CVar settings from Section [PostProcessQuality@3] File [C:/Users/betha/Documents/GitHub/PhysicsSimulation/PhysicsSim_UE/Saved/Config/Windows/Scalability.ini]
[2020.11.08-21.28.29:869][  0]LogConfig: Setting CVar [[r.MotionBlurQuality:4]]
[2020.11.08-21.28.29:869][  0]LogConfig: Setting CVar [[r.AmbientOcclusionMipLevelFactor:0.4]]
[2020.11.08-21.28.29:869][  0]LogConfig: Setting CVar [[r.AmbientOcclusionMaxQuality:100]]
[2020.11.08-21.28.29:869][  0]LogConfig: Setting CVar [[r.AmbientOcclusionLevels:-1]]
[2020.11.08-21.28.29:869][  0]LogConfig: Setting CVar [[r.AmbientOcclusionRadiusScale:1.0]]
[2020.11.08-21.28.29:869][  0]LogConfig: Setting CVar [[r.DepthOfFieldQuality:2]]
[2020.11.08-21.28.29:869][  0]LogConfig: Setting CVar [[r.RenderTargetPoolMin:400]]
[2020.11.08-21.28.29:869][  0]LogConfig: Setting CVar [[r.LensFlareQuality:2]]
[2020.11.08-21.28.29:869][  0]LogConfig: Setting CVar [[r.SceneColorFringeQuality:1]]
[2020.11.08-21.28.29:870][  0]LogConfig: Setting CVar [[r.EyeAdaptationQuality:2]]
[2020.11.08-21.28.29:870][  0]LogConfig: Setting CVar [[r.BloomQuality:5]]
[2020.11.08-21.28.29:870][  0]LogConfig: Setting CVar [[r.FastBlurThreshold:100]]
[2020.11.08-21.28.29:870][  0]LogConfig: Setting CVar [[r.Upscale.Quality:3]]
[2020.11.08-21.28.29:870][  0]LogConfig: Setting CVar [[r.Tonemapper.GrainQuantization:1]]
[2020.11.08-21.28.29:870][  0]LogConfig: Setting CVar [[r.LightShaftQuality:1]]
[2020.11.08-21.28.29:870][  0]LogConfig: Setting CVar [[r.Filter.SizeScale:1]]
[2020.11.08-21.28.29:870][  0]LogConfig: Setting CVar [[r.Tonemapper.Quality:5]]
[2020.11.08-21.28.29:870][  0]LogConfig: Setting CVar [[r.DOF.Gather.AccumulatorQuality:1        ; higher gathering accumulator quality]]
[2020.11.08-21.28.29:870][  0]LogConfig: Setting CVar [[r.DOF.Gather.PostfilterMethod:1          ; Median3x3 postfilering method]]
[2020.11.08-21.28.29:870][  0]LogConfig: Setting CVar [[r.DOF.Gather.EnableBokehSettings:0       ; no bokeh simulation when gathering]]
[2020.11.08-21.28.29:870][  0]LogConfig: Setting CVar [[r.DOF.Gather.RingCount:4                 ; medium number of samples when gathering]]
[2020.11.08-21.28.29:870][  0]LogConfig: Setting CVar [[r.DOF.Scatter.ForegroundCompositing:1    ; additive foreground scattering]]
[2020.11.08-21.28.29:870][  0]LogConfig: Setting CVar [[r.DOF.Scatter.BackgroundCompositing:2    ; additive background scattering]]
[2020.11.08-21.28.29:870][  0]LogConfig: Setting CVar [[r.DOF.Scatter.EnableBokehSettings:1      ; bokeh simulation when scattering]]
[2020.11.08-21.28.29:870][  0]LogConfig: Setting CVar [[r.DOF.Scatter.MaxSpriteRatio:0.1         ; only a maximum of 10% of scattered bokeh]]
[2020.11.08-21.28.29:870][  0]LogConfig: Setting CVar [[r.DOF.Recombine.Quality:1                ; cheap slight out of focus]]
[2020.11.08-21.28.29:870][  0]LogConfig: Setting CVar [[r.DOF.Recombine.EnableBokehSettings:0    ; no bokeh simulation on slight out of focus]]
[2020.11.08-21.28.29:870][  0]LogConfig: Setting CVar [[r.DOF.TemporalAAQuality:1                ; more stable temporal accumulation]]
[2020.11.08-21.28.29:870][  0]LogConfig: Setting CVar [[r.DOF.Kernel.MaxForegroundRadius:0.025]]
[2020.11.08-21.28.29:871][  0]LogConfig: Setting CVar [[r.DOF.Kernel.MaxBackgroundRadius:0.025]]
[2020.11.08-21.28.29:871][  0]LogConfig: Applying CVar settings from Section [TextureQuality@3] File [C:/Users/betha/Documents/GitHub/PhysicsSimulation/PhysicsSim_UE/Saved/Config/Windows/Scalability.ini]
[2020.11.08-21.28.29:871][  0]LogConfig: Setting CVar [[r.Streaming.MipBias:0]]
[2020.11.08-21.28.29:871][  0]LogConfig: Setting CVar [[r.Streaming.AmortizeCPUToGPUCopy:0]]
[2020.11.08-21.28.29:871][  0]LogConfig: Setting CVar [[r.Streaming.MaxNumTexturesToStreamPerFrame:0]]
[2020.11.08-21.28.29:871][  0]LogConfig: Setting CVar [[r.Streaming.Boost:1]]
[2020.11.08-21.28.29:871][  0]LogConfig: Setting CVar [[r.MaxAnisotropy:8]]
[2020.11.08-21.28.29:871][  0]LogConfig: Setting CVar [[r.Streaming.LimitPoolSizeToVRAM:0]]
[2020.11.08-21.28.29:871][  0]LogConfig: Setting CVar [[r.Streaming.PoolSize:1000]]
[2020.11.08-21.28.29:871][  0]LogConfig: Setting CVar [[r.Streaming.MaxEffectiveScreenSize:0]]
[2020.11.08-21.28.29:871][  0]LogConfig: Applying CVar settings from Section [EffectsQuality@3] File [C:/Users/betha/Documents/GitHub/PhysicsSimulation/PhysicsSim_UE/Saved/Config/Windows/Scalability.ini]
[2020.11.08-21.28.29:871][  0]LogConfig: Setting CVar [[r.TranslucencyLightingVolumeDim:64]]
[2020.11.08-21.28.29:871][  0]LogConfig: Setting CVar [[r.RefractionQuality:2]]
[2020.11.08-21.28.29:871][  0]LogConfig: Setting CVar [[r.SSR.Quality:3]]
[2020.11.08-21.28.29:871][  0]LogConfig: Setting CVar [[r.SceneColorFormat:4]]
[2020.11.08-21.28.29:871][  0]LogConfig: Setting CVar [[r.DetailMode:2]]
[2020.11.08-21.28.29:871][  0]LogConfig: Setting CVar [[r.TranslucencyVolumeBlur:1]]
[2020.11.08-21.28.29:871][  0]LogConfig: Setting CVar [[r.MaterialQualityLevel:1 ; High quality]]
[2020.11.08-21.28.29:871][  0]LogConfig: Setting CVar [[r.SSS.Scale:1]]
[2020.11.08-21.28.29:871][  0]LogConfig: Setting CVar [[r.SSS.SampleSet:2]]
[2020.11.08-21.28.29:871][  0]LogConfig: Setting CVar [[r.SSS.Quality:1]]
[2020.11.08-21.28.29:872][  0]LogConfig: Setting CVar [[r.SSS.HalfRes:1]]
[2020.11.08-21.28.29:872][  0]LogConfig: Setting CVar [[r.EmitterSpawnRateScale:1.0]]
[2020.11.08-21.28.29:872][  0]LogConfig: Setting CVar [[r.ParticleLightQuality:2]]
[2020.11.08-21.28.29:872][  0]LogConfig: Applying CVar settings from Section [FoliageQuality@3] File [C:/Users/betha/Documents/GitHub/PhysicsSimulation/PhysicsSim_UE/Saved/Config/Windows/Scalability.ini]
[2020.11.08-21.28.29:872][  0]LogConfig: Setting CVar [[foliage.DensityScale:1.0]]
[2020.11.08-21.28.29:872][  0]LogConfig: Setting CVar [[grass.DensityScale:1.0]]
[2020.11.08-21.28.29:872][  0]LogInit: Selected Device Profile: [Windows]
[2020.11.08-21.28.29:872][  0]LogInit: Applying CVar settings loaded from the selected device profile: [Windows]
[2020.11.08-21.28.29:879][  0]LogHAL: Display: Platform has ~ 32 GB [34295062528 / 34359738368 / 32], which maps to Largest [LargestMinGB=32, LargerMinGB=12, DefaultMinGB=8, SmallerMinGB=6, SmallestMinGB=0)
[2020.11.08-21.28.29:879][  0]LogConfig: Setting CVar [[r.Vulkan.UseRealUBs:1]]
[2020.11.08-21.28.29:879][  0]LogInit: Going up to parent DeviceProfile []
[2020.11.08-21.28.29:879][  0]LogConfig: Applying CVar settings from Section [ViewDistanceQuality@3] File [C:/Users/betha/Documents/GitHub/PhysicsSimulation/PhysicsSim_UE/Saved/Config/Windows/Scalability.ini]
[2020.11.08-21.28.29:879][  0]LogConfig: Setting CVar [[r.SkeletalMeshLODBias:0]]
[2020.11.08-21.28.29:880][  0]LogConfig: Setting CVar [[r.ViewDistanceScale:1.0]]
[2020.11.08-21.28.29:880][  0]LogConfig: Applying CVar settings from Section [AntiAliasingQuality@3] File [C:/Users/betha/Documents/GitHub/PhysicsSimulation/PhysicsSim_UE/Saved/Config/Windows/Scalability.ini]
[2020.11.08-21.28.29:880][  0]LogConfig: Setting CVar [[r.PostProcessAAQuality:4]]
[2020.11.08-21.28.29:880][  0]LogConfig: Applying CVar settings from Section [ShadowQuality@3] File [C:/Users/betha/Documents/GitHub/PhysicsSimulation/PhysicsSim_UE/Saved/Config/Windows/Scalability.ini]
[2020.11.08-21.28.29:880][  0]LogConfig: Setting CVar [[r.LightFunctionQuality:1]]
[2020.11.08-21.28.29:880][  0]LogConfig: Setting CVar [[r.ShadowQuality:5]]
[2020.11.08-21.28.29:880][  0]LogConfig: Setting CVar [[r.Shadow.CSM.MaxCascades:10]]
[2020.11.08-21.28.29:880][  0]LogConfig: Setting CVar [[r.Shadow.MaxResolution:2048]]
[2020.11.08-21.28.29:880][  0]LogConfig: Setting CVar [[r.Shadow.MaxCSMResolution:2048]]
[2020.11.08-21.28.29:880][  0]LogConfig: Setting CVar [[r.Shadow.RadiusThreshold:0.01]]
[2020.11.08-21.28.29:880][  0]LogConfig: Setting CVar [[r.Shadow.DistanceScale:1.0]]
[2020.11.08-21.28.29:880][  0]LogConfig: Setting CVar [[r.Shadow.CSM.TransitionScale:1.0]]
[2020.11.08-21.28.29:880][  0]LogConfig: Setting CVar [[r.Shadow.PreShadowResolutionFactor:1.0]]
[2020.11.08-21.28.29:880][  0]LogConfig: Setting CVar [[r.DistanceFieldShadowing:1]]
[2020.11.08-21.28.29:880][  0]LogConfig: Setting CVar [[r.DistanceFieldAO:1]]
[2020.11.08-21.28.29:880][  0]LogConfig: Setting CVar [[r.AOQuality:2]]
[2020.11.08-21.28.29:880][  0]LogConfig: Setting CVar [[r.VolumetricFog:1]]
[2020.11.08-21.28.29:880][  0]LogConfig: Setting CVar [[r.VolumetricFog.GridPixelSize:8]]
[2020.11.08-21.28.29:880][  0]LogConfig: Setting CVar [[r.VolumetricFog.GridSizeZ:128]]
[2020.11.08-21.28.29:881][  0]LogConfig: Setting CVar [[r.VolumetricFog.HistoryMissSupersampleCount:4]]
[2020.11.08-21.28.29:881][  0]LogConfig: Setting CVar [[r.LightMaxDrawDistanceScale:1]]
[2020.11.08-21.28.29:881][  0]LogConfig: Setting CVar [[r.CapsuleShadows:1]]
[2020.11.08-21.28.29:881][  0]LogConfig: Applying CVar settings from Section [PostProcessQuality@3] File [C:/Users/betha/Documents/GitHub/PhysicsSimulation/PhysicsSim_UE/Saved/Config/Windows/Scalability.ini]
[2020.11.08-21.28.29:881][  0]LogConfig: Setting CVar [[r.MotionBlurQuality:4]]
[2020.11.08-21.28.29:881][  0]LogConfig: Setting CVar [[r.AmbientOcclusionMipLevelFactor:0.4]]
[2020.11.08-21.28.29:881][  0]LogConfig: Setting CVar [[r.AmbientOcclusionMaxQuality:100]]
[2020.11.08-21.28.29:881][  0]LogConfig: Setting CVar [[r.AmbientOcclusionLevels:-1]]
[2020.11.08-21.28.29:881][  0]LogConfig: Setting CVar [[r.AmbientOcclusionRadiusScale:1.0]]
[2020.11.08-21.28.29:881][  0]LogConfig: Setting CVar [[r.DepthOfFieldQuality:2]]
[2020.11.08-21.28.29:881][  0]LogConfig: Setting CVar [[r.RenderTargetPoolMin:400]]
[2020.11.08-21.28.29:881][  0]LogConfig: Setting CVar [[r.LensFlareQuality:2]]
[2020.11.08-21.28.29:881][  0]LogConfig: Setting CVar [[r.SceneColorFringeQuality:1]]
[2020.11.08-21.28.29:881][  0]LogConfig: Setting CVar [[r.EyeAdaptationQuality:2]]
[2020.11.08-21.28.29:881][  0]LogConfig: Setting CVar [[r.BloomQuality:5]]
[2020.11.08-21.28.29:881][  0]LogConfig: Setting CVar [[r.FastBlurThreshold:100]]
[2020.11.08-21.28.29:881][  0]LogConfig: Setting CVar [[r.Upscale.Quality:3]]
[2020.11.08-21.28.29:881][  0]LogConfig: Setting CVar [[r.Tonemapper.GrainQuantization:1]]
[2020.11.08-21.28.29:881][  0]LogConfig: Setting CVar [[r.LightShaftQuality:1]]
[2020.11.08-21.28.29:881][  0]LogConfig: Setting CVar [[r.Filter.SizeScale:1]]
[2020.11.08-21.28.29:881][  0]LogConfig: Setting CVar [[r.Tonemapper.Quality:5]]
[2020.11.08-21.28.29:882][  0]LogConfig: Setting CVar [[r.DOF.Gather.AccumulatorQuality:1        ; higher gathering accumulator quality]]
[2020.11.08-21.28.29:882][  0]LogConfig: Setting CVar [[r.DOF.Gather.PostfilterMethod:1          ; Median3x3 postfilering method]]
[2020.11.08-21.28.29:882][  0]LogConfig: Setting CVar [[r.DOF.Gather.EnableBokehSettings:0       ; no bokeh simulation when gathering]]
[2020.11.08-21.28.29:882][  0]LogConfig: Setting CVar [[r.DOF.Gather.RingCount:4                 ; medium number of samples when gathering]]
[2020.11.08-21.28.29:882][  0]LogConfig: Setting CVar [[r.DOF.Scatter.ForegroundCompositing:1    ; additive foreground scattering]]
[2020.11.08-21.28.29:882][  0]LogConfig: Setting CVar [[r.DOF.Scatter.BackgroundCompositing:2    ; additive background scattering]]
[2020.11.08-21.28.29:882][  0]LogConfig: Setting CVar [[r.DOF.Scatter.EnableBokehSettings:1      ; bokeh simulation when scattering]]
[2020.11.08-21.28.29:882][  0]LogConfig: Setting CVar [[r.DOF.Scatter.MaxSpriteRatio:0.1         ; only a maximum of 10% of scattered bokeh]]
[2020.11.08-21.28.29:882][  0]LogConfig: Setting CVar [[r.DOF.Recombine.Quality:1                ; cheap slight out of focus]]
[2020.11.08-21.28.29:882][  0]LogConfig: Setting CVar [[r.DOF.Recombine.EnableBokehSettings:0    ; no bokeh simulation on slight out of focus]]
[2020.11.08-21.28.29:882][  0]LogConfig: Setting CVar [[r.DOF.TemporalAAQuality:1                ; more stable temporal accumulation]]
[2020.11.08-21.28.29:882][  0]LogConfig: Setting CVar [[r.DOF.Kernel.MaxForegroundRadius:0.025]]
[2020.11.08-21.28.29:882][  0]LogConfig: Setting CVar [[r.DOF.Kernel.MaxBackgroundRadius:0.025]]
[2020.11.08-21.28.29:882][  0]LogConfig: Applying CVar settings from Section [TextureQuality@3] File [C:/Users/betha/Documents/GitHub/PhysicsSimulation/PhysicsSim_UE/Saved/Config/Windows/Scalability.ini]
[2020.11.08-21.28.29:882][  0]LogConfig: Setting CVar [[r.Streaming.MipBias:0]]
[2020.11.08-21.28.29:882][  0]LogConfig: Setting CVar [[r.Streaming.AmortizeCPUToGPUCopy:0]]
[2020.11.08-21.28.29:882][  0]LogConfig: Setting CVar [[r.Streaming.MaxNumTexturesToStreamPerFrame:0]]
[2020.11.08-21.28.29:882][  0]LogConfig: Setting CVar [[r.Streaming.Boost:1]]
[2020.11.08-21.28.29:882][  0]LogConfig: Setting CVar [[r.MaxAnisotropy:8]]
[2020.11.08-21.28.29:883][  0]LogConfig: Setting CVar [[r.Streaming.LimitPoolSizeToVRAM:0]]
[2020.11.08-21.28.29:883][  0]LogConfig: Setting CVar [[r.Streaming.PoolSize:1000]]
[2020.11.08-21.28.29:883][  0]LogConfig: Setting CVar [[r.Streaming.MaxEffectiveScreenSize:0]]
[2020.11.08-21.28.29:883][  0]LogConfig: Applying CVar settings from Section [EffectsQuality@3] File [C:/Users/betha/Documents/GitHub/PhysicsSimulation/PhysicsSim_UE/Saved/Config/Windows/Scalability.ini]
[2020.11.08-21.28.29:883][  0]LogConfig: Setting CVar [[r.TranslucencyLightingVolumeDim:64]]
[2020.11.08-21.28.29:883][  0]LogConfig: Setting CVar [[r.RefractionQuality:2]]
[2020.11.08-21.28.29:883][  0]LogConfig: Setting CVar [[r.SSR.Quality:3]]
[2020.11.08-21.28.29:883][  0]LogConfig: Setting CVar [[r.SceneColorFormat:4]]
[2020.11.08-21.28.29:883][  0]LogConfig: Setting CVar [[r.DetailMode:2]]
[2020.11.08-21.28.29:883][  0]LogConfig: Setting CVar [[r.TranslucencyVolumeBlur:1]]
[2020.11.08-21.28.29:883][  0]LogConfig: Setting CVar [[r.MaterialQualityLevel:1 ; High quality]]
[2020.11.08-21.28.29:883][  0]LogConfig: Setting CVar [[r.SSS.Scale:1]]
[2020.11.08-21.28.29:883][  0]LogConfig: Setting CVar [[r.SSS.SampleSet:2]]
[2020.11.08-21.28.29:883][  0]LogConfig: Setting CVar [[r.SSS.Quality:1]]
[2020.11.08-21.28.29:883][  0]LogConfig: Setting CVar [[r.SSS.HalfRes:1]]
[2020.11.08-21.28.29:883][  0]LogConfig: Setting CVar [[r.EmitterSpawnRateScale:1.0]]
[2020.11.08-21.28.29:883][  0]LogConfig: Setting CVar [[r.ParticleLightQuality:2]]
[2020.11.08-21.28.29:883][  0]LogConfig: Applying CVar settings from Section [FoliageQuality@3] File [C:/Users/betha/Documents/GitHub/PhysicsSimulation/PhysicsSim_UE/Saved/Config/Windows/Scalability.ini]
[2020.11.08-21.28.29:883][  0]LogConfig: Setting CVar [[foliage.DensityScale:1.0]]
[2020.11.08-21.28.29:883][  0]LogConfig: Setting CVar [[grass.DensityScale:1.0]]
[2020.11.08-21.28.29:884][  0]LogConfig: Applying CVar settings from Section [Startup] File [../../../Engine/Config/ConsoleVariables.ini]
[2020.11.08-21.28.29:884][  0]LogConfig: Setting CVar [[net.UseAdaptiveNetUpdateFrequency:0]]
[2020.11.08-21.28.29:884][  0]LogConfig: Applying CVar settings from Section [ConsoleVariables] File [C:/Users/betha/Documents/GitHub/PhysicsSimulation/PhysicsSim_UE/Saved/Config/Windows/Engine.ini]
[2020.11.08-21.28.29:884][  0]LogInit: Computer: KITTYJELLYSBEAS
[2020.11.08-21.28.29:884][  0]LogInit: User: bethan
[2020.11.08-21.28.29:884][  0]LogInit: CPU Page size=4096, Cores=12
[2020.11.08-21.28.29:884][  0]LogInit: High frequency timer resolution =10.000000 MHz
[2020.11.08-21.28.29:884][  0]LogMemory: Memory total: Physical=31.9GB (32GB approx)
[2020.11.08-21.28.29:884][  0]LogMemory: Platform Memory Stats for Windows
[2020.11.08-21.28.29:884][  0]LogMemory: Process Physical Memory: 107.13 MB used, 107.13 MB peak
[2020.11.08-21.28.29:884][  0]LogMemory: Process Virtual Memory: 91.45 MB used, 91.45 MB peak
[2020.11.08-21.28.29:885][  0]LogMemory: Physical Memory: 8891.33 MB used,  23814.99 MB free, 32706.32 MB total
[2020.11.08-21.28.29:885][  0]LogMemory: Virtual Memory: 4703.02 MB used,  134213024.00 MB free, 134217728.00 MB total
[2020.11.08-21.28.29:957][  0]LogInit: Using OS detected language (en-GB).
[2020.11.08-21.28.29:957][  0]LogInit: Using OS detected locale (en-GB).
[2020.11.08-21.28.29:957][  0]LogTextLocalizationManager: No specific localization for 'en-GB' exists, so the 'en' localization will be used.
[2020.11.08-21.28.30:260][  0]LogStreaming: Display: Took  0.304s to InitEngineTextLocalization.
[2020.11.08-21.28.30:261][  0]LogInit: Setting process to per monitor DPI aware
[2020.11.08-21.28.30:295][  0]LogSlate: New Slate User Created.  User Index 0, Is Virtual User: 0
[2020.11.08-21.28.30:296][  0]LogSlate: Slate User Registered.  User Index 0, Is Virtual User: 0
[2020.11.08-21.28.30:458][  0]LogHMD: Failed to initialize OpenVR with code 110
[2020.11.08-21.28.30:458][  0]LogD3D11RHI: D3D11 adapters:
[2020.11.08-21.28.30:561][  0]LogD3D11RHI:    0. 'NVIDIA GeForce RTX 2070 SUPER' (Feature Level 11_0)
[2020.11.08-21.28.30:561][  0]LogD3D11RHI:       8011/0/16353 MB DedicatedVideo/DedicatedSystem/SharedSystem, Outputs:2, VendorId:0x10de
[2020.11.08-21.28.30:567][  0]LogD3D11RHI:    1. 'Microsoft Basic Render Driver' (Feature Level 11_0)
[2020.11.08-21.28.30:567][  0]LogD3D11RHI:       0/0/16353 MB DedicatedVideo/DedicatedSystem/SharedSystem, Outputs:0, VendorId:0x1414
[2020.11.08-21.28.30:567][  0]LogD3D11RHI: Chosen D3D11 Adapter: 0
[2020.11.08-21.28.30:575][  0]LogD3D11RHI: Creating new Direct3DDevice
[2020.11.08-21.28.30:576][  0]LogD3D11RHI:     GPU DeviceId: 0x1e84 (for the marketing name, search the web for "GPU Device Id")
[2020.11.08-21.28.30:576][  0]LogWindows: EnumDisplayDevices:
[2020.11.08-21.28.30:576][  0]LogWindows:    0. 'NVIDIA GeForce RTX 2070 SUPER' (P:0 D:1)
[2020.11.08-21.28.30:576][  0]LogWindows:    1. 'NVIDIA GeForce RTX 2070 SUPER' (P:1 D:1)
[2020.11.08-21.28.30:577][  0]LogWindows:    2. 'NVIDIA GeForce RTX 2070 SUPER' (P:0 D:0)
[2020.11.08-21.28.30:577][  0]LogWindows:    3. 'NVIDIA GeForce RTX 2070 SUPER' (P:0 D:0)
[2020.11.08-21.28.30:577][  0]LogWindows: DebugString: FoundDriverCount:4 
[2020.11.08-21.28.30:577][  0]LogD3D11RHI:     Adapter Name: NVIDIA GeForce RTX 2070 SUPER
[2020.11.08-21.28.30:577][  0]LogD3D11RHI:   Driver Version: 451.48 (internal:27.21.14.5148, unified:451.48)
[2020.11.08-21.28.30:577][  0]LogD3D11RHI:      Driver Date: 6-21-2020
[2020.11.08-21.28.30:577][  0]LogRHI: Texture pool is 5607 MB (70% of 8011 MB)
[2020.11.08-21.28.30:650][  0]LogD3D11RHI: Async texture creation enabled
[2020.11.08-21.28.30:665][  0]LogD3D11RHI: GPU Timing Frequency: 1000.000000 (Debug: 2 2)
[2020.11.08-21.28.30:882][  0]LogTemp: Display: Loaded TP AllDesktopTargetPlatform
[2020.11.08-21.28.30:894][  0]LogTemp: Display: Loaded TP MacClientTargetPlatform
[2020.11.08-21.28.30:906][  0]LogTemp: Display: Loaded TP MacNoEditorTargetPlatform
[2020.11.08-21.28.30:919][  0]LogTemp: Display: Loaded TP MacServerTargetPlatform
[2020.11.08-21.28.30:934][  0]LogTemp: Display: Loaded TP MacTargetPlatform
[2020.11.08-21.28.30:946][  0]LogTemp: Display: Loaded TP WindowsClientTargetPlatform
[2020.11.08-21.28.30:959][  0]LogTemp: Display: Loaded TP WindowsNoEditorTargetPlatform
[2020.11.08-21.28.30:971][  0]LogTemp: Display: Loaded TP WindowsServerTargetPlatform
[2020.11.08-21.28.30:978][  0]LogTemp: Display: Loaded TP WindowsTargetPlatform
[2020.11.08-21.28.31:045][  0]LogTemp: Display: Loaded TP AndroidTargetPlatform
[2020.11.08-21.28.31:045][  0]LogTemp: Display: Loaded TP AndroidTargetPlatform
[2020.11.08-21.28.31:045][  0]LogTemp: Display: Loaded TP AndroidTargetPlatform
[2020.11.08-21.28.31:045][  0]LogTemp: Display: Loaded TP AndroidTargetPlatform
[2020.11.08-21.28.31:045][  0]LogTemp: Display: Loaded TP AndroidTargetPlatform
[2020.11.08-21.28.31:045][  0]LogTemp: Display: Loaded TP AndroidTargetPlatform
[2020.11.08-21.28.31:045][  0]LogTemp: Display: Loaded TP AndroidTargetPlatform
[2020.11.08-21.28.31:045][  0]LogTemp: Display: Loaded TP AndroidTargetPlatform
[2020.11.08-21.28.31:045][  0]LogTemp: Display: Loaded TP AndroidTargetPlatform
[2020.11.08-21.28.31:045][  0]LogTemp: Display: Loaded TP AndroidTargetPlatform
[2020.11.08-21.28.31:045][  0]LogTemp: Display: Loaded TP AndroidTargetPlatform
[2020.11.08-21.28.31:045][  0]LogTemp: Display: Loaded TP AndroidTargetPlatform
[2020.11.08-21.28.31:045][  0]LogTemp: Display: Loaded TP AndroidTargetPlatform
[2020.11.08-21.28.31:046][  0]LogTemp: Display: Loaded TP AndroidTargetPlatform
[2020.11.08-21.28.31:046][  0]LogTemp: Display: Loaded TP AndroidTargetPlatform
[2020.11.08-21.28.31:046][  0]LogTemp: Display: Loaded TP AndroidTargetPlatform
[2020.11.08-21.28.31:046][  0]LogTemp: Display: Loaded TP AndroidTargetPlatform
[2020.11.08-21.28.31:046][  0]LogTemp: Display: Loaded TP AndroidTargetPlatform
[2020.11.08-21.28.31:049][  0]LogTemp: Display: Loaded TP HTML5TargetPlatform
[2020.11.08-21.28.31:109][  0]LogTemp: Display: Loaded TP IOSTargetPlatform
[2020.11.08-21.28.31:109][  0]LogTemp: Display: Loaded TP IOSTargetPlatform
[2020.11.08-21.28.31:130][  0]LogTemp: Display: Loaded TP TVOSTargetPlatform
[2020.11.08-21.28.31:130][  0]LogTemp: Display: Loaded TP TVOSTargetPlatform
[2020.11.08-21.28.31:142][  0]LogTemp: Display: Loaded TP LinuxClientTargetPlatform
[2020.11.08-21.28.31:154][  0]LogTemp: Display: Loaded TP LinuxNoEditorTargetPlatform
[2020.11.08-21.28.31:165][  0]LogTemp: Display: Loaded TP LinuxServerTargetPlatform
[2020.11.08-21.28.31:177][  0]LogTemp: Display: Loaded TP LinuxTargetPlatform
[2020.11.08-21.28.31:215][  0]LogTemp: Display: Loaded TP LuminTargetPlatform
[2020.11.08-21.28.31:215][  0]LogTemp: Display: Loaded TP LuminTargetPlatform
[2020.11.08-21.28.31:216][  0]LogTargetPlatformManager: Display: Building Assets For Windows
[2020.11.08-21.28.31:289][  0]LogShaderCompilers: Guid format shader working directory is -33 characters bigger than the processId version (../../../../../../Users/betha/Documents/GitHub/PhysicsSimulation/PhysicsSim_UE/Intermediate/Shaders/WorkingDirectory/23044/).
[2020.11.08-21.28.31:289][  0]LogShaderCompilers: Cleaned the shader compiler working directory 'C:/Users/betha/AppData/Local/Temp/UnrealShaderWorkingDir/71DA042C47D1039365A06FACAB8290BE/'.
[2020.11.08-21.28.31:291][  0]LogXGEController: Cleaning working directory: C:/Users/betha/AppData/Local/Temp/UnrealXGEWorkingDir/
[2020.11.08-21.28.31:291][  0]LogXGEController: Cannot use XGE Controller as Incredibuild is not installed on this machine.
[2020.11.08-21.28.31:291][  0]LogShaderCompilers: Cannot use XGE Shader Compiler as Incredibuild is not installed on this machine.
[2020.11.08-21.28.31:291][  0]LogShaderCompilers: Display: Using Local Shader Compiler.
[2020.11.08-21.28.31:709][  0]LogDerivedDataCache: Display: Max Cache Size: 512 MB
[2020.11.08-21.28.31:744][  0]LogDerivedDataCache: Loaded boot cache 0.03s 71MB C:/Users/betha/AppData/Local/UnrealEngine/4.21/DerivedDataCache/Boot.ddc.
[2020.11.08-21.28.31:744][  0]LogDerivedDataCache: Display: Loaded Boot cache: C:/Users/betha/AppData/Local/UnrealEngine/4.21/DerivedDataCache/Boot.ddc
[2020.11.08-21.28.31:744][  0]LogDerivedDataCache: FDerivedDataBackendGraph:  Pak pak cache file ../../../../../../Users/betha/Documents/GitHub/PhysicsSimulation/PhysicsSim_UE/DerivedDataCache/DDC.ddp not found, will not use a pak cache.
[2020.11.08-21.28.31:744][  0]LogDerivedDataCache: Unable to find inner node Pak for hierarchical cache Hierarchy.
[2020.11.08-21.28.31:744][  0]LogDerivedDataCache: FDerivedDataBackendGraph:  CompressedPak pak cache file ../../../../../../Users/betha/Documents/GitHub/PhysicsSimulation/PhysicsSim_UE/DerivedDataCache/Compressed.ddp not found, will not use a pak cache.
[2020.11.08-21.28.31:744][  0]LogDerivedDataCache: Unable to find inner node CompressedPak for hierarchical cache Hierarchy.
[2020.11.08-21.28.31:760][  0]LogDerivedDataCache: Display: Pak cache opened for reading ../../../Engine/DerivedDataCache/Compressed.ddp.
[2020.11.08-21.28.31:760][  0]LogDerivedDataCache: FDerivedDataBackendGraph:  EnterprisePak pak cache file ../../../Enterprise/DerivedDataCache/Compressed.ddp not found, will not use a pak cache.
[2020.11.08-21.28.31:760][  0]LogDerivedDataCache: Unable to find inner node EnterprisePak for hierarchical cache Hierarchy.
[2020.11.08-21.28.31:772][  0]LogDerivedDataCache: Using Local data cache path C:/Users/betha/AppData/Local/UnrealEngine/Common/DerivedDataCache: Writable
[2020.11.08-21.28.31:773][  0]LogDerivedDataCache: Shared data cache path not found in *engine.ini, will not use an Shared cache.
[2020.11.08-21.28.31:773][  0]LogDerivedDataCache: Unable to find inner node Shared for hierarchical cache Hierarchy.
[2020.11.08-21.28.31:791][  0]LogMaterial: Verifying Global Shaders for PCD3D_SM5
[2020.11.08-21.28.31:792][  0]LogSlate: Using FreeType 2.6.0
[2020.11.08-21.28.31:793][  0]LogSlate: SlateFontServices - WITH_FREETYPE: 1, WITH_HARFBUZZ: 1
[2020.11.08-21.28.31:865][  0]LogAssetRegistry: FAssetRegistry took 0.0326 seconds to start up
[2020.11.08-21.28.32:144][  0]LogInit: Selected Device Profile: [Windows]
[2020.11.08-21.28.32:268][  0]LogSimplygon: Simplygon DLL not present - disabling.
[2020.11.08-21.28.32:273][  0]LogMeshReduction: Using SimplygonSwarm for distributed automatic mesh merging
[2020.11.08-21.28.32:273][  0]LogMeshReduction: Using ProxyLODMeshReduction for automatic mesh merging
[2020.11.08-21.28.32:273][  0]LogMeshReduction: Using QuadricMeshReduction for automatic static mesh reduction
[2020.11.08-21.28.32:274][  0]LogMeshReduction: No automatic skeletal mesh reduction module available
[2020.11.08-21.28.32:283][  0]LogNetVersion: PhysicsSim_UE 1.0.0, NetCL: 4541578, EngineNetVer: 5, GameNetVer: 0 (Checksum: 1207201185)
[2020.11.08-21.28.32:634][  0]LogPackageLocalizationCache: Processed 11 localized package path(s) for 2 prioritized culture(s) in 0.049091 seconds
[2020.11.08-21.28.32:640][  0]LogUObjectArray: 39775 objects as part of root set at end of initial load.
[2020.11.08-21.28.32:640][  0]LogUObjectAllocator: 6914664 out of 0 bytes used by permanent object pool.
[2020.11.08-21.28.32:640][  0]LogUObjectArray: CloseDisregardForGC: 0/0 objects in disregard for GC pool
[2020.11.08-21.28.33:345][  0]LogTcpMessaging: Initializing TcpMessaging bridge
[2020.11.08-21.28.33:360][  0]LogUdpMessaging: Initializing bridge on interface 0.0.0.0:0 to multicast group 230.0.0.1:6666.
[2020.11.08-21.28.34:115][  0]SourceControl: Source control is disabled
[2020.11.08-21.28.34:115][  0]SourceControl: Source control is disabled
[2020.11.08-21.28.34:117][  0]SourceControl: Source control is disabled
[2020.11.08-21.28.34:120][  0]SourceControl: Source control is disabled
[2020.11.08-21.28.34:340][  0]LogAndroidPermission: UAndroidPermissionCallbackProxy::GetInstance
[2020.11.08-21.28.34:448][  0]LogOcInput: OculusInput pre-init called
[2020.11.08-21.28.34:584][  0]LogEngine: Initializing Engine...
[2020.11.08-21.28.34:585][  0]LogHMD: Failed to initialize OpenVR with code 110
[2020.11.08-21.28.34:586][  0]LogStats: UGameplayTagsManager::ConstructGameplayTagTree: ImportINI prefixes -  0.000 s
[2020.11.08-21.28.34:586][  0]LogStats: UGameplayTagsManager::ConstructGameplayTagTree: Construct from data asset -  0.000 s
[2020.11.08-21.28.34:586][  0]LogStats: UGameplayTagsManager::ConstructGameplayTagTree: ImportINI -  0.000 s
[2020.11.08-21.28.34:586][  0]LogStats: UGameplayTagsManager::ConstructGameplayTagTree: GameplayTagTreeChangedEvent.Broadcast -  0.000 s
[2020.11.08-21.28.34:750][  0]LogInit: Initializing FReadOnlyCVARCache
[2020.11.08-21.28.34:762][  0]LogAIModule: Creating AISystem for world Untitled
[2020.11.08-21.28.34:778][  0]LogInit: XAudio2 using 'Speakers (USB Audio Device)' : 2 channels at 48 kHz using 16 bits per sample (channel mask 0x3)
[2020.11.08-21.28.34:797][  0]LogInit: FAudioDevice initialized.
[2020.11.08-21.28.34:798][  0]LogNetVersion: Set ProjectVersion to 1.0.0.0. Version Checksum will be recalculated on next use.
[2020.11.08-21.28.35:161][  0]LogDerivedDataCache: Saved boot cache 0.36s 71MB C:/Users/betha/AppData/Local/UnrealEngine/4.21/DerivedDataCache/Boot.ddc.
[2020.11.08-21.28.35:161][  0]LogInit: Texture streaming: Enabled
[2020.11.08-21.28.35:182][  0]LogEngineSessionManager: EngineSessionManager initialized
[2020.11.08-21.28.35:182][  0]LogEngineSessionManager: EngineSessionManager sent abnormal shutdown report. Type=Debugger, SessionId={8CC7CE88-40FE-C5AC-3A46-AC827AE5B6F4}
[2020.11.08-21.28.35:189][  0]LogInit: Transaction tracking system initialized
[2020.11.08-21.28.35:215][  0]BlueprintLog: New page: Editor Load
[2020.11.08-21.28.35:294][  0]LocalizationService: Localization service is disabled
[2020.11.08-21.28.35:640][  0]LogFileCache: Scanning file cache for directory 'C:/Users/betha/Documents/GitHub/PhysicsSimulation/PhysicsSim_UE/Content/' took 0.01s
[2020.11.08-21.28.35:640][  0]LogCook: Display: Max memory allowance for cook 16384mb min free memory 0mb
[2020.11.08-21.28.35:640][  0]LogCook: Display: Mobile HDR setting 1
[2020.11.08-21.28.35:640][  0]LogGameplayTags: Display: UGameplayTagsManager::DoneAddingNativeTags. DelegateIsBound: 0
[2020.11.08-21.28.35:640][  0]LogStats: UGameplayTagsManager::ConstructGameplayTagTree: ImportINI prefixes -  0.000 s
[2020.11.08-21.28.35:640][  0]LogStats: UGameplayTagsManager::ConstructGameplayTagTree: Construct from data asset -  0.000 s
[2020.11.08-21.28.35:641][  0]LogStats: UGameplayTagsManager::ConstructGameplayTagTree: ImportINI -  0.000 s
[2020.11.08-21.28.35:641][  0]LogStats: UGameplayTagsManager::ConstructGameplayTagTree: GameplayTagTreeChangedEvent.Broadcast -  0.000 s
[2020.11.08-21.28.35:782][  0]SourceControl: Source control is disabled
[2020.11.08-21.28.35:782][  0]Cmd: MAP LOAD FILE="../../../../../../Users/betha/Documents/GitHub/PhysicsSimulation/PhysicsSim_UE/Content/StarterContent/Maps/Minimal_Default.umap" TEMPLATE=0 SHOWPROGRESS=1 FEATURELEVEL=3
[2020.11.08-21.28.35:782][  0]LightingResults: New page: Lighting Build
[2020.11.08-21.28.35:784][  0]MapCheck: New page: Map Check
[2020.11.08-21.28.35:784][  0]LightingResults: New page: Lighting Build
[2020.11.08-21.28.35:954][  0]LogAIModule: Creating AISystem for world Minimal_Default
[2020.11.08-21.28.35:957][  0]LogActorComponent: RegisterComponentWithWorld: (/Game/StarterContent/Maps/Minimal_Default.Minimal_Default:PersistentLevel.NewtonBall_1.N_Ball_Mesh) Trying to register component with IsPendingKill() == true. Aborting.
[2020.11.08-21.28.35:958][  0]LogEditorServer: Finished looking for orphan Actors (0.000 secs)
[2020.11.08-21.28.35:989][  0]Cmd: MAP CHECKDEP NOCLEARLOG
[2020.11.08-21.28.35:990][  0]MapCheck: Map check complete: 0 Error(s), 0 Warning(s), took 0.197ms to complete.
[2020.11.08-21.28.35:990][  0]LogFileHelpers: Loading map 'Minimal_Default' took 0.208
[2020.11.08-21.28.36:080][  0]LogSlate: Updating window title bar state: overlay mode, drag disabled, window buttons hidden, title bar hidden
[2020.11.08-21.28.36:085][  0]LogSlate: Updating window title bar state: overlay mode, drag disabled, window buttons hidden, title bar hidden
[2020.11.08-21.28.36:090][  0]LogSlate: Updating window title bar state: overlay mode, drag disabled, window buttons hidden, title bar hidden
[2020.11.08-21.28.36:095][  0]LogSlate: Updating window title bar state: overlay mode, drag disabled, window buttons hidden, title bar hidden
[2020.11.08-21.28.36:102][  0]LogCollectionManager: Loaded 0 collections in 0.001284 seconds
[2020.11.08-21.28.36:143][  0]LogFileCache: Scanning file cache for directory 'C:/Users/betha/Documents/GitHub/PhysicsSimulation/PhysicsSim_UE/Saved/Collections/' took 0.01s
[2020.11.08-21.28.36:143][  0]LogFileCache: Scanning file cache for directory 'C:/Users/betha/Documents/GitHub/PhysicsSimulation/PhysicsSim_UE/Content/Developers/bethan/Collections/' took 0.01s
[2020.11.08-21.28.36:143][  0]LogFileCache: Scanning file cache for directory 'C:/Users/betha/Documents/GitHub/PhysicsSimulation/PhysicsSim_UE/Content/Collections/' took 0.01s
[2020.11.08-21.28.36:143][  0]LogCollectionManager: Rebuilt the GUID cache for 0 collections in 0.000000 seconds
[2020.11.08-21.28.36:151][  0]LogContentBrowser: Native class hierarchy populated in 0.0079 seconds. Added 2654 classes and 622 folders.
[2020.11.08-21.28.36:156][  0]LogContentBrowser: Native class hierarchy updated for 'WidgetCarousel' in 0.0003 seconds. Added 0 classes and 0 folders.
[2020.11.08-21.28.36:158][  0]LogPakFile: Registered encryption key '00000000000000000000000000000000': 0 pak files mounted, 0 remain pending
[2020.11.08-21.28.36:158][  0]LogPakFile: Registered encryption key '00000000000000000000000000000000': 0 pak files mounted, 0 remain pending
[2020.11.08-21.28.36:159][  0]LogPakFile: Registered encryption key '00000000000000000000000000000000': 0 pak files mounted, 0 remain pending
[2020.11.08-21.28.36:159][  0]LogPakFile: Registered encryption key '00000000000000000000000000000000': 0 pak files mounted, 0 remain pending
[2020.11.08-21.28.36:159][  0]LogPakFile: Registered encryption key '00000000000000000000000000000000': 0 pak files mounted, 0 remain pending
[2020.11.08-21.28.36:160][  0]LogPakFile: Registered encryption key '00000000000000000000000000000000': 0 pak files mounted, 0 remain pending
[2020.11.08-21.28.36:160][  0]LogPakFile: Registered encryption key '00000000000000000000000000000000': 0 pak files mounted, 0 remain pending
[2020.11.08-21.28.36:161][  0]LogPakFile: Registered encryption key '00000000000000000000000000000000': 0 pak files mounted, 0 remain pending
[2020.11.08-21.28.36:161][  0]LogPakFile: Registered encryption key '00000000000000000000000000000000': 0 pak files mounted, 0 remain pending
[2020.11.08-21.28.36:161][  0]LogPakFile: Registered encryption key '00000000000000000000000000000000': 0 pak files mounted, 0 remain pending
[2020.11.08-21.28.36:162][  0]LogPakFile: Registered encryption key '00000000000000000000000000000000': 0 pak files mounted, 0 remain pending
[2020.11.08-21.28.36:162][  0]LogPakFile: Registered encryption key '00000000000000000000000000000000': 0 pak files mounted, 0 remain pending
[2020.11.08-21.28.36:163][  0]LogPakFile: Registered encryption key '00000000000000000000000000000000': 0 pak files mounted, 0 remain pending
[2020.11.08-21.28.36:163][  0]LogPakFile: Registered encryption key '00000000000000000000000000000000': 0 pak files mounted, 0 remain pending
[2020.11.08-21.28.36:164][  0]LogPakFile: Registered encryption key '00000000000000000000000000000000': 0 pak files mounted, 0 remain pending
[2020.11.08-21.28.36:164][  0]LogPakFile: Registered encryption key '00000000000000000000000000000000': 0 pak files mounted, 0 remain pending
[2020.11.08-21.28.36:165][  0]LogPakFile: Registered encryption key '00000000000000000000000000000000': 0 pak files mounted, 0 remain pending
[2020.11.08-21.28.36:165][  0]LogPakFile: Registered encryption key '00000000000000000000000000000000': 0 pak files mounted, 0 remain pending
[2020.11.08-21.28.36:166][  0]LogPakFile: Registered encryption key '00000000000000000000000000000000': 0 pak files mounted, 0 remain pending
[2020.11.08-21.28.36:166][  0]LogPakFile: Registered encryption key '00000000000000000000000000000000': 0 pak files mounted, 0 remain pending
[2020.11.08-21.28.36:167][  0]LogPakFile: Registered encryption key '00000000000000000000000000000000': 0 pak files mounted, 0 remain pending
[2020.11.08-21.28.36:167][  0]LogPakFile: Registered encryption key '00000000000000000000000000000000': 0 pak files mounted, 0 remain pending
[2020.11.08-21.28.36:168][  0]LogPakFile: Registered encryption key '00000000000000000000000000000000': 0 pak files mounted, 0 remain pending
[2020.11.08-21.28.36:169][  0]LogPakFile: Registered encryption key '00000000000000000000000000000000': 0 pak files mounted, 0 remain pending
[2020.11.08-21.28.36:169][  0]LogPakFile: Registered encryption key '00000000000000000000000000000000': 0 pak files mounted, 0 remain pending
[2020.11.08-21.28.36:170][  0]LogPakFile: Registered encryption key '00000000000000000000000000000000': 0 pak files mounted, 0 remain pending
[2020.11.08-21.28.36:193][  0]LogContentBrowser: Native class hierarchy updated for 'AddContentDialog' in 0.0003 seconds. Added 0 classes and 0 folders.
[2020.11.08-21.28.36:199][  0]LogContentBrowser: Native class hierarchy updated for 'SceneOutliner' in 0.0003 seconds. Added 1 classes and 2 folders.
[2020.11.08-21.28.36:213][  0]LogSlate: Took 0.000132 seconds to synchronously load lazily loaded font '../../../Engine/Content/Slate/Fonts/Roboto-Regular.ttf' (155K)
[2020.11.08-21.28.36:215][  0]LogSlate: Took 0.000107 seconds to synchronously load lazily loaded font '../../../Engine/Content/Slate/Fonts/Roboto-Bold.ttf' (160K)
[2020.11.08-21.28.36:219][  0]LogSlate: Took 0.000105 seconds to synchronously load lazily loaded font '../../../Engine/Content/Editor/Slate/Fonts/FontAwesome.ttf' (139K)
[2020.11.08-21.28.36:276][  0]LogRenderer: Reallocating scene render targets to support 1684x812 Format 10 NumSamples 1 (Frame:1).
[2020.11.08-21.28.36:447][  0]LogContentBrowser: Native class hierarchy updated for 'HierarchicalLODOutliner' in 0.0004 seconds. Added 0 classes and 0 folders.
[2020.11.08-21.28.36:447][  0]LogLoad: (Engine Initialization) Total time: 8.92 seconds
[2020.11.08-21.28.36:447][  0]LogLoad: (Engine Initialization) Total Blueprint compile time: 0.00 seconds
[2020.11.08-21.28.36:506][  0]LogContentStreaming: Texture pool size now 1000 MB
[2020.11.08-21.28.36:571][  1]LogAssetRegistry: Asset discovery search completed in 4.7301 seconds
[2020.11.08-21.28.36:573][  1]LogCollectionManager: Rebuilt the object cache for 0 collections in 0.000000 seconds (found 0 objects)
[2020.11.08-21.28.36:573][  1]LogCollectionManager: Fixed up redirectors for 0 collections in 0.000103 seconds (updated 0 objects)
[2020.11.08-21.28.42:883][755]LogSlate: FSceneViewport::OnFocusLost() reason 0
[2020.11.08-21.28.43:176][789]LogEditor: Attempting to add actor of class 'NewtonBall' to level at -250.00,-80.00,10.00
[2020.11.08-21.28.43:587][837]LogEditor: Attempting to add actor of class 'NewtonBall' to level at 80.00,-60.00,30.00
[2020.11.08-21.28.52:760][935]LogSlate: FSceneViewport::OnFocusLost() reason 2
[2020.11.08-21.28.54:277][113]LogSlate: FSceneViewport::OnFocusLost() reason 2
[2020.11.08-21.28.58:916][663]LogSlate: FSceneViewport::OnFocusLost() reason 0
[2020.11.08-21.28.59:045][677]Candidate modules for hot reload:
[2020.11.08-21.28.59:045][677]  PhysicsSim_UE
[2020.11.08-21.28.59:045][677]Launching UnrealBuildTool... [C:/Program Files/Epic Games/UE_4.21/Engine/Binaries/DotNET/UnrealBuildTool.exe  -ModuleWithSuffix=PhysicsSim_UE,4117 Win64 Development -TargetType=Editor -Project="../../../../../../Users/betha/Documents/GitHub/PhysicsSimulation/PhysicsSim_UE/PhysicsSim_UE.uproject" -canskiplink "C:/Users/betha/Documents/GitHub/PhysicsSimulation/PhysicsSim_UE/PhysicsSim_UE.uproject" ]
[2020.11.08-21.28.59:047][677]Warning: Starting HotReload took  0.0s.
[2020.11.08-21.29.03:526][214]CompilerResultsLog: New page: Compilation - 8 Nov 2020 21:29:03
[2020.11.08-21.29.03:526][214]CompilerResultsLog: Using 'git status' to determine working set for adaptive non-unity build (C:\Users\betha\Documents\GitHub\PhysicsSimulation).
[2020.11.08-21.29.03:526][214]CompilerResultsLog: Creating makefile for hot reloading PhysicsSim_UEEditor (source directory changed)
[2020.11.08-21.29.03:526][214]CompilerResultsLog: Compiling game modules for hot reload
[2020.11.08-21.29.03:526][214]CompilerResultsLog: Using Visual Studio 2017 14.27.29110 toolchain (C:\Program Files (x86)\Microsoft Visual Studio\2019\Community\VC\Tools\MSVC\14.27.29110) and Windows 10.0.18362.0 SDK (C:\Program Files (x86)\Windows Kits\10).
[2020.11.08-21.29.03:526][214]CompilerResultsLog: Target is up to date
[2020.11.08-21.29.03:526][214]CompilerResultsLog: Total build time: 4.29 seconds (NoActionsToExecute executor: 0.00 seconds)
[2020.11.08-21.29.03:527][214]LogMainFrame: MainFrame: Module compiling took 4.484 seconds
[2020.11.08-21.29.03:573][214]LogContentBrowser: Native class hierarchy populated in 0.0074 seconds. Added 2655 classes and 624 folders.
[2020.11.08-21.29.03:573][214]Display: HotReload took  4.5s.
[2020.11.08-21.29.05:092][396]LogTemp: Repeating last play command: Selected Viewport
[2020.11.08-21.29.05:100][396]LogBlueprintUserMessages: Early PlayInEditor Detection: Level '/Game/StarterContent/Maps/Minimal_Default.Minimal_Default:PersistentLevel' has LevelScriptBlueprint '/Game/StarterContent/Maps/Minimal_Default.Minimal_Default:PersistentLevel.Minimal_Default' with GeneratedClass '/Game/StarterContent/Maps/Minimal_Default.Minimal_Default_C' with ClassGeneratedBy '/Game/StarterContent/Maps/Minimal_Default.Minimal_Default:PersistentLevel.Minimal_Default'
[2020.11.08-21.29.05:100][396]LogPlayLevel: PlayLevel: No blueprints needed recompiling
[2020.11.08-21.29.05:100][396]PIE: New page: PIE session: Minimal_Default (8 Nov 2020 21:29:05)
[2020.11.08-21.29.05:113][396]LogPlayLevel: Creating play world package: /Game/StarterContent/Maps/UEDPIE_0_Minimal_Default
[2020.11.08-21.29.05:116][396]LogPlayLevel: PIE: StaticDuplicateObject took: (0.002586s)
[2020.11.08-21.29.05:116][396]LogAIModule: Creating AISystem for world Minimal_Default
[2020.11.08-21.29.05:117][396]LogPlayLevel: PIE: World Init took: (0.000687s)
[2020.11.08-21.29.05:117][396]LogPlayLevel: PIE: Created PIE world by copying editor world from /Game/StarterContent/Maps/Minimal_Default.Minimal_Default to /Game/StarterContent/Maps/UEDPIE_0_Minimal_Default.Minimal_Default (0.003767s)
[2020.11.08-21.29.05:152][396]LogInit: XAudio2 using 'Speakers (USB Audio Device)' : 2 channels at 48 kHz using 16 bits per sample (channel mask 0x3)
[2020.11.08-21.29.05:160][396]LogInit: FAudioDevice initialized.
[2020.11.08-21.29.05:203][396]LogUObjectGlobals: Warning: Failed to find object 'Class /Script/PhysicsSim_UE.PhysicsSim_UEGameMode'
[2020.11.08-21.29.05:204][396]LogLoad: Game class is 'GameModeBase'
[2020.11.08-21.29.05:205][396]LogWorld: Bringing World /Game/StarterContent/Maps/UEDPIE_0_Minimal_Default.Minimal_Default up for play (max tick rate 0) at 2020.11.08-21.29.05
[2020.11.08-21.29.05:205][396]LogWorld: Bringing up level for play took: 0.000603
[2020.11.08-21.29.05:236][396]LogContentBrowser: Native class hierarchy updated for 'MovieSceneCapture' in 0.0003 seconds. Added 20 classes and 0 folders.
[2020.11.08-21.29.05:236][396]PIE: Play in editor start time for /Game/StarterContent/Maps/UEDPIE_0_Minimal_Default -0.218
[2020.11.08-21.29.05:237][396]LogBlueprintUserMessages: Late PlayInEditor Detection: Level '/Game/StarterContent/Maps/Minimal_Default.Minimal_Default:PersistentLevel' has LevelScriptBlueprint '/Game/StarterContent/Maps/Minimal_Default.Minimal_Default:PersistentLevel.Minimal_Default' with GeneratedClass '/Game/StarterContent/Maps/Minimal_Default.Minimal_Default_C' with ClassGeneratedBy '/Game/StarterContent/Maps/Minimal_Default.Minimal_Default:PersistentLevel.Minimal_Default'
[2020.11.08-21.29.07:173][627]LogBlueprintUserMessages: Early EndPlayMap Detection: Level '/Game/StarterContent/Maps/Minimal_Default.Minimal_Default:PersistentLevel' has LevelScriptBlueprint '/Game/StarterContent/Maps/Minimal_Default.Minimal_Default:PersistentLevel.Minimal_Default' with GeneratedClass '/Game/StarterContent/Maps/Minimal_Default.Minimal_Default_C' with ClassGeneratedBy '/Game/StarterContent/Maps/Minimal_Default.Minimal_Default:PersistentLevel.Minimal_Default'
[2020.11.08-21.29.07:174][627]LogSlate: Updating window title bar state: overlay mode, drag disabled, window buttons hidden, title bar hidden
[2020.11.08-21.29.07:209][627]LogPlayLevel: Display: Shutting down PIE online subsystems
[2020.11.08-21.29.07:209][627]LogBlueprintUserMessages: Late EndPlayMap Detection: Level '/Game/StarterContent/Maps/Minimal_Default.Minimal_Default:PersistentLevel' has LevelScriptBlueprint '/Game/StarterContent/Maps/Minimal_Default.Minimal_Default:PersistentLevel.Minimal_Default' with GeneratedClass '/Game/StarterContent/Maps/Minimal_Default.Minimal_Default_C' with ClassGeneratedBy '/Game/StarterContent/Maps/Minimal_Default.Minimal_Default:PersistentLevel.Minimal_Default'
[2020.11.08-21.29.07:235][627]LogSlate: Updating window title bar state: overlay mode, drag disabled, window buttons hidden, title bar hidden
[2020.11.08-21.29.07:279][632]LogPlayLevel: Display: Destroying online subsystem :Context_3
[2020.11.08-21.29.08:376][763]LogEditorViewport: Clicking on Actor (LMB): NewtonBall (NewtonBall2)
[2020.11.08-21.29.11:115][ 88]LogSlate: FSceneViewport::OnFocusLost() reason 0
[2020.11.08-21.29.11:182][ 96]LogTemp: Repeating last play command: Selected Viewport
[2020.11.08-21.29.11:188][ 96]LogBlueprintUserMessages: Early PlayInEditor Detection: Level '/Game/StarterContent/Maps/Minimal_Default.Minimal_Default:PersistentLevel' has LevelScriptBlueprint '/Game/StarterContent/Maps/Minimal_Default.Minimal_Default:PersistentLevel.Minimal_Default' with GeneratedClass '/Game/StarterContent/Maps/Minimal_Default.Minimal_Default_C' with ClassGeneratedBy '/Game/StarterContent/Maps/Minimal_Default.Minimal_Default:PersistentLevel.Minimal_Default'
[2020.11.08-21.29.11:188][ 96]LogPlayLevel: PlayLevel: No blueprints needed recompiling
[2020.11.08-21.29.11:189][ 96]PIE: New page: PIE session: Minimal_Default (8 Nov 2020 21:29:11)
[2020.11.08-21.29.11:189][ 96]LogPlayLevel: Creating play world package: /Game/StarterContent/Maps/UEDPIE_0_Minimal_Default
[2020.11.08-21.29.11:191][ 96]LogPlayLevel: PIE: StaticDuplicateObject took: (0.002247s)
[2020.11.08-21.29.11:192][ 96]LogAIModule: Creating AISystem for world Minimal_Default
[2020.11.08-21.29.11:192][ 96]LogPlayLevel: PIE: World Init took: (0.000591s)
[2020.11.08-21.29.11:192][ 96]LogPlayLevel: PIE: Created PIE world by copying editor world from /Game/StarterContent/Maps/Minimal_Default.Minimal_Default to /Game/StarterContent/Maps/UEDPIE_0_Minimal_Default.Minimal_Default (0.003172s)
[2020.11.08-21.29.11:227][ 96]LogInit: XAudio2 using 'Speakers (USB Audio Device)' : 2 channels at 48 kHz using 16 bits per sample (channel mask 0x3)
[2020.11.08-21.29.11:236][ 96]LogInit: FAudioDevice initialized.
[2020.11.08-21.29.11:265][ 96]LogLoad: Game class is 'GameModeBase'
[2020.11.08-21.29.11:265][ 96]LogWorld: Bringing World /Game/StarterContent/Maps/UEDPIE_0_Minimal_Default.Minimal_Default up for play (max tick rate 0) at 2020.11.08-21.29.11
[2020.11.08-21.29.11:266][ 96]LogWorld: Bringing up level for play took: 0.000541
[2020.11.08-21.29.11:278][ 96]PIE: Play in editor start time for /Game/StarterContent/Maps/UEDPIE_0_Minimal_Default -0.176
[2020.11.08-21.29.11:279][ 96]LogBlueprintUserMessages: Late PlayInEditor Detection: Level '/Game/StarterContent/Maps/Minimal_Default.Minimal_Default:PersistentLevel' has LevelScriptBlueprint '/Game/StarterContent/Maps/Minimal_Default.Minimal_Default:PersistentLevel.Minimal_Default' with GeneratedClass '/Game/StarterContent/Maps/Minimal_Default.Minimal_Default_C' with ClassGeneratedBy '/Game/StarterContent/Maps/Minimal_Default.Minimal_Default:PersistentLevel.Minimal_Default'
[2020.11.08-21.29.12:481][239]LogBlueprintUserMessages: Early EndPlayMap Detection: Level '/Game/StarterContent/Maps/Minimal_Default.Minimal_Default:PersistentLevel' has LevelScriptBlueprint '/Game/StarterContent/Maps/Minimal_Default.Minimal_Default:PersistentLevel.Minimal_Default' with GeneratedClass '/Game/StarterContent/Maps/Minimal_Default.Minimal_Default_C' with ClassGeneratedBy '/Game/StarterContent/Maps/Minimal_Default.Minimal_Default:PersistentLevel.Minimal_Default'
[2020.11.08-21.29.12:481][239]LogSlate: Updating window title bar state: overlay mode, drag disabled, window buttons hidden, title bar hidden
[2020.11.08-21.29.12:512][239]LogPlayLevel: Display: Shutting down PIE online subsystems
[2020.11.08-21.29.12:512][239]LogBlueprintUserMessages: Late EndPlayMap Detection: Level '/Game/StarterContent/Maps/Minimal_Default.Minimal_Default:PersistentLevel' has LevelScriptBlueprint '/Game/StarterContent/Maps/Minimal_Default.Minimal_Default:PersistentLevel.Minimal_Default' with GeneratedClass '/Game/StarterContent/Maps/Minimal_Default.Minimal_Default_C' with ClassGeneratedBy '/Game/StarterContent/Maps/Minimal_Default.Minimal_Default:PersistentLevel.Minimal_Default'
[2020.11.08-21.29.12:538][239]LogSlate: Updating window title bar state: overlay mode, drag disabled, window buttons hidden, title bar hidden
[2020.11.08-21.29.12:582][244]LogPlayLevel: Display: Destroying online subsystem :Context_4
[2020.11.08-21.29.38:530][667]LogSlate: FSceneViewport::OnFocusLost() reason 0
