Log file open, 11/08/20 21:36:05
LogWindows: Failed to load 'aqProf.dll' (GetLastError=126)
LogWindows: File 'aqProf.dll' does not exist
LogWindows: Failed to load 'VtuneApi.dll' (GetLastError=126)
LogWindows: File 'VtuneApi.dll' does not exist
LogWindows: Failed to load 'VtuneApi32e.dll' (GetLastError=126)
LogWindows: File 'VtuneApi32e.dll' does not exist
LogConsoleResponse: Display: Failed to find resolution value strings in scalability ini. Falling back to default.
LogInit: Display: Running engine for game: PhysicsSim_UE
LogPakFile: Registered encryption key '00000000000000000000000000000000': 0 pak files mounted, 0 remain pending
LogPlatformFile: Not using cached read wrapper
LogTaskGraph: Started task graph with 5 named threads and 71 total threads with 3 sets of task threads.
LogStats: Stats thread started at 0.879438
LogD3D11RHI: Loaded GFSDK_Aftermath_Lib.x64.dll
LogICUInternationalization: ICU TimeZone Detection - Raw Offset: +0:00, Platform Override: ''
LogPluginManager: Mounting plugin Paper2D
LogPluginManager: Mounting plugin AISupport
LogPluginManager: Mounting plugin LightPropagationVolume
LogPluginManager: Mounting plugin ActorLayerUtilities
LogPluginManager: Mounting plugin CLionSourceCodeAccess
LogPluginManager: Mounting plugin CodeLiteSourceCodeAccess
LogPluginManager: Mounting plugin GitSourceControl
LogPluginManager: Mounting plugin KDevelopSourceCodeAccess
LogPluginManager: Mounting plugin NullSourceCodeAccess
LogPluginManager: Mounting plugin PerforceSourceControl
LogPluginManager: Mounting plugin SubversionSourceControl
LogPluginManager: Mounting plugin UObjectPlugin
LogPluginManager: Mounting plugin VisualStudioCodeSourceCodeAccess
LogPluginManager: Mounting plugin VisualStudioSourceCodeAccess
LogPluginManager: Mounting plugin XCodeSourceCodeAccess
LogPluginManager: Mounting plugin AssetManagerEditor
LogPluginManager: Mounting plugin CryptoKeys
LogPluginManager: Mounting plugin DataValidation
LogPluginManager: Mounting plugin FacialAnimation
LogPluginManager: Mounting plugin GameplayTagsEditor
LogPluginManager: Mounting plugin MacGraphicsSwitching
LogPluginManager: Mounting plugin MeshEditor
LogPluginManager: Mounting plugin MobileLauncherProfileWizard
LogPluginManager: Mounting plugin PluginBrowser
LogPluginManager: Mounting plugin SpeedTreeImporter
LogPluginManager: Mounting plugin DatasmithContent
LogPluginManager: Mounting plugin VariantManagerContent
LogPluginManager: Mounting plugin AlembicImporter
LogPluginManager: Mounting plugin AppleImageUtils
LogPluginManager: Mounting plugin AppleVision
LogPluginManager: Mounting plugin BackChannel
LogPluginManager: Mounting plugin CharacterAI
LogPluginManager: Mounting plugin GeometryCache
LogPluginManager: Mounting plugin HTML5Networking
LogPluginManager: Mounting plugin ProxyLODPlugin
LogPluginManager: Mounting plugin MagicLeap
LogPluginManager: Mounting plugin MagicLeapMedia
LogPluginManager: Mounting plugin AndroidMedia
LogPluginManager: Mounting plugin AvfMedia
LogPluginManager: Mounting plugin ImgMedia
LogPluginManager: Mounting plugin LinearTimecode
LogPluginManager: Mounting plugin MediaCompositing
LogPluginManager: Mounting plugin MediaPlayerEditor
LogPluginManager: Mounting plugin WebMMedia
LogPluginManager: Mounting plugin WmfMedia
LogPluginManager: Mounting plugin TcpMessaging
LogPluginManager: Mounting plugin UdpMessaging
LogPluginManager: Mounting plugin ActorSequence
LogPluginManager: Mounting plugin LevelSequenceEditor
LogPluginManager: Mounting plugin MatineeToLevelSequence
LogPluginManager: Mounting plugin NetcodeUnitTest
LogPluginManager: Mounting plugin NUTUnrealEngine4
LogPluginManager: Mounting plugin OnlineSubsystemGooglePlay
LogPluginManager: Mounting plugin OnlineSubsystemIOS
LogPluginManager: Mounting plugin OnlineSubsystem
LogPluginManager: Mounting plugin OnlineSubsystemNull
LogPluginManager: Mounting plugin OnlineSubsystemUtils
LogPluginManager: Mounting plugin LauncherChunkInstaller
LogPluginManager: Mounting plugin AndroidDeviceProfileSelector
LogPluginManager: Mounting plugin AndroidMoviePlayer
LogPluginManager: Mounting plugin AndroidPermission
LogPluginManager: Mounting plugin AppleMoviePlayer
LogPluginManager: Mounting plugin ArchVisCharacter
LogPluginManager: Mounting plugin AudioCapture
LogPluginManager: Mounting plugin CableComponent
LogPluginManager: Mounting plugin CustomMeshComponent
LogPluginManager: Mounting plugin EditableMesh
LogPluginManager: Mounting plugin ExampleDeviceProfileSelector
LogPluginManager: Mounting plugin Firebase
LogPluginManager: Mounting plugin GoogleCloudMessaging
LogPluginManager: Mounting plugin IOSDeviceProfileSelector
LogPluginManager: Mounting plugin LinuxDeviceProfileSelector
LogPluginManager: Mounting plugin LocationServicesBPLibrary
LogPluginManager: Mounting plugin MobilePatchingUtils
LogPluginManager: Mounting plugin OculusVR
LogPluginManager: Mounting plugin PhysXVehicles
LogPluginManager: Mounting plugin ProceduralMeshComponent
LogPluginManager: Mounting plugin RuntimePhysXCooking
LogPluginManager: Mounting plugin SteamVR
LogPluginManager: Mounting plugin WebMMoviePlayer
LogPluginManager: Mounting plugin WindowsMoviePlayer
LogStreaming: Display: Took  0.095s to configure plugins.
LogInit: Using libcurl 7.55.1-DEV
LogInit:  - built for x86_64-pc-win32
LogInit:  - supports SSL with OpenSSL/1.0.2h
LogInit:  - supports HTTP deflate (compression) using libz 1.2.8
LogInit:  - other features:
LogInit:      CURL_VERSION_SSL
LogInit:      CURL_VERSION_LIBZ
LogInit:      CURL_VERSION_IPV6
LogInit:      CURL_VERSION_ASYNCHDNS
LogInit:      CURL_VERSION_LARGEFILE
LogInit:      CURL_VERSION_IDN
LogInit:  CurlRequestOptions (configurable via config and command line):
LogInit:  - bVerifyPeer = true  - Libcurl will verify peer certificate
LogInit:  - bUseHttpProxy = false  - Libcurl will NOT use HTTP proxy
LogInit:  - bDontReuseConnections = false  - Libcurl will reuse connections
LogInit:  - MaxHostConnections = 16  - Libcurl will limit the number of connections to a host
LogInit:  - LocalHostAddr = Default
LogInit:  - BufferSize = 65536
LogInit: WinSock: version 1.1 (2.2), MaxSocks=32767, MaxUdp=65467
LogInit: Build: ++UE4+Release-4.21-CL-4753647
LogInit: Engine Version: 4.21.2-4753647+++UE4+Release-4.21
LogInit: Compatible Engine Version: 4.21.0-4541578+++UE4+Release-4.21
LogInit: Net CL: 4541578
LogInit: OS: Windows 10 (), CPU: AMD Ryzen 9 3900X 12-Core Processor            , GPU: NVIDIA GeForce RTX 2070 SUPER
LogInit: Compiled (64-bit): Jan 19 2019 02:07:31
LogInit: Compiled with Visual C++: 19.13.26129.00
LogInit: Build Configuration: Development
LogInit: Branch Name: ++UE4+Release-4.21
LogInit: Command Line:  -skipcompile
LogInit: Base Directory: C:/Program Files/Epic Games/UE_4.21/Engine/Binaries/Win64/
LogInit: Installed Engine Build: 1
LogDevObjectVersion: Number of dev versions registered: 22
LogDevObjectVersion:   Dev-Blueprints (B0D832E4-1F89-4F0D-ACCF-7EB736FD4AA2): 10
LogDevObjectVersion:   Dev-Build (E1C64328-A22C-4D53-A36C-8E866417BD8C): 0
LogDevObjectVersion:   Dev-Core (375EC13C-06E4-48FB-B500-84F0262A717E): 2
LogDevObjectVersion:   Dev-Editor (E4B068ED-F494-42E9-A231-DA0B2E46BB41): 26
LogDevObjectVersion:   Dev-Framework (CFFC743F-43B0-4480-9391-14DF171D2073): 34
LogDevObjectVersion:   Dev-Mobile (B02B49B5-BB20-44E9-A304-32B752E40360): 2
LogDevObjectVersion:   Dev-Networking (A4E4105C-59A1-49B5-A7C5-40C4547EDFEE): 0
LogDevObjectVersion:   Dev-Online (39C831C9-5AE6-47DC-9A44-9C173E1C8E7C): 0
LogDevObjectVersion:   Dev-Physics (78F01B33-EBEA-4F98-B9B4-84EACCB95AA2): 0
LogDevObjectVersion:   Dev-Platform (6631380F-2D4D-43E0-8009-CF276956A95A): 0
LogDevObjectVersion:   Dev-Rendering (12F88B9F-8875-4AFC-A67C-D90C383ABD29): 27
LogDevObjectVersion:   Dev-Sequencer (7B5AE74C-D270-4C10-A958-57980B212A5A): 9
LogDevObjectVersion:   Dev-VR (D7296918-1DD6-4BDD-9DE2-64A83CC13884): 2
LogDevObjectVersion:   Dev-LoadTimes (C2A15278-BFE7-4AFE-6C17-90FF531DF755): 1
LogDevObjectVersion:   Private-Geometry (6EACA3D4-40EC-4CC1-B786-8BED09428FC5): 3
LogDevObjectVersion:   Dev-AnimPhys (29E575DD-E0A3-4627-9D10-D276232CDCEA): 17
LogDevObjectVersion:   Dev-Anim (AF43A65D-7FD3-4947-9873-3E8ED9C1BB05): 2
LogDevObjectVersion:   Dev-ReflectionCapture (6B266CEC-1EC7-4B8F-A30B-E4D90942FC07): 1
LogDevObjectVersion:   Dev-Automation (0DF73D61-A23F-47EA-B727-89E90C41499A): 1
LogDevObjectVersion:   FortniteMain (601D1886-AC64-4F84-AA16-D3DE0DEAC7D6): 17
LogDevObjectVersion:   Dev-Enterprise (9DFFBCD6-494F-0158-E221-12823C92A888): 4
LogDevObjectVersion:   Dev-Niagara (F2AED0AC-9AFE-416F-8664-AA7FFA26D6FC): 1
LogStreaming: Display: Took  0.003s to delete old logs.
LogInit: Presizing for max 8388607 objects, including 0 objects not considered by GC, pre-allocating 0 bytes for permanent pool.
LogInit: Object subsystem initialized
LogConfig: Setting CVar [[con.DebugEarlyDefault:1]]
LogConfig: Setting CVar [[r.setres:1280x720]]
[2020.11.08-21.36.05:726][  0]LogConfig: Setting CVar [[r.VSync:0]]
[2020.11.08-21.36.05:726][  0]LogConfig: Setting CVar [[r.RHICmdBypass:0]]
[2020.11.08-21.36.05:726][  0]LogConfig: Applying CVar settings from Section [/Script/Engine.RendererSettings] File [C:/Users/betha/Documents/GitHub/PhysicsSimulation/PhysicsSim_UE/Saved/Config/Windows/Engine.ini]
[2020.11.08-21.36.05:726][  0]LogConfig: Setting CVar [[r.GPUCrashDebugging:0]]
[2020.11.08-21.36.05:726][  0]LogConfig: Applying CVar settings from Section [/Script/Engine.RendererOverrideSettings] File [C:/Users/betha/Documents/GitHub/PhysicsSimulation/PhysicsSim_UE/Saved/Config/Windows/Engine.ini]
[2020.11.08-21.36.05:726][  0]LogConfig: Applying CVar settings from Section [/Script/Engine.StreamingSettings] File [C:/Users/betha/Documents/GitHub/PhysicsSimulation/PhysicsSim_UE/Saved/Config/Windows/Engine.ini]
[2020.11.08-21.36.05:726][  0]LogConfig: Setting CVar [[s.MinBulkDataSizeForAsyncLoading:131072]]
[2020.11.08-21.36.05:726][  0]LogConfig: Setting CVar [[s.AsyncLoadingThreadEnabled:0]]
[2020.11.08-21.36.05:726][  0]LogConfig: Setting CVar [[s.EventDrivenLoaderEnabled:1]]
[2020.11.08-21.36.05:726][  0]LogConfig: Setting CVar [[s.WarnIfTimeLimitExceeded:0]]
[2020.11.08-21.36.05:726][  0]LogConfig: Setting CVar [[s.TimeLimitExceededMultiplier:1.5]]
[2020.11.08-21.36.05:726][  0]LogConfig: Setting CVar [[s.TimeLimitExceededMinTime:0.005]]
[2020.11.08-21.36.05:726][  0]LogConfig: Setting CVar [[s.UseBackgroundLevelStreaming:1]]
[2020.11.08-21.36.05:726][  0]LogConfig: Setting CVar [[s.PriorityAsyncLoadingExtraTime:15.0]]
[2020.11.08-21.36.05:726][  0]LogConfig: Setting CVar [[s.LevelStreamingActorsUpdateTimeLimit:5.0]]
[2020.11.08-21.36.05:726][  0]LogConfig: Setting CVar [[s.PriorityLevelStreamingActorsUpdateExtraTime:5.0]]
[2020.11.08-21.36.05:726][  0]LogConfig: Setting CVar [[s.LevelStreamingComponentsRegistrationGranularity:10]]
[2020.11.08-21.36.05:726][  0]LogConfig: Setting CVar [[s.UnregisterComponentsTimeLimit:1.0]]
[2020.11.08-21.36.05:727][  0]LogConfig: Setting CVar [[s.LevelStreamingComponentsUnregistrationGranularity:5]]
[2020.11.08-21.36.05:727][  0]LogConfig: Applying CVar settings from Section [/Script/Engine.GarbageCollectionSettings] File [C:/Users/betha/Documents/GitHub/PhysicsSimulation/PhysicsSim_UE/Saved/Config/Windows/Engine.ini]
[2020.11.08-21.36.05:727][  0]LogConfig: Setting CVar [[gc.MaxObjectsNotConsideredByGC:1]]
[2020.11.08-21.36.05:727][  0]LogConfig: Setting CVar [[gc.SizeOfPermanentObjectPool:0]]
[2020.11.08-21.36.05:727][  0]LogConfig: Setting CVar [[gc.FlushStreamingOnGC:0]]
[2020.11.08-21.36.05:727][  0]LogConfig: Setting CVar [[gc.NumRetriesBeforeForcingGC:10]]
[2020.11.08-21.36.05:727][  0]LogConfig: Setting CVar [[gc.AllowParallelGC:1]]
[2020.11.08-21.36.05:727][  0]LogConfig: Setting CVar [[gc.TimeBetweenPurgingPendingKillObjects:61.1]]
[2020.11.08-21.36.05:727][  0]LogConfig: Setting CVar [[gc.MaxObjectsInEditor:8388607]]
[2020.11.08-21.36.05:727][  0]LogConfig: Setting CVar [[gc.IncrementalBeginDestroyEnabled:1]]
[2020.11.08-21.36.05:727][  0]LogConfig: Setting CVar [[gc.CreateGCClusters:1]]
[2020.11.08-21.36.05:727][  0]LogConfig: Setting CVar [[gc.MergeGCClusters:0]]
[2020.11.08-21.36.05:727][  0]LogConfig: Setting CVar [[gc.MinGCClusterSize:5]]
[2020.11.08-21.36.05:727][  0]LogConfig: Setting CVar [[gc.ActorClusteringEnabled:0]]
[2020.11.08-21.36.05:727][  0]LogConfig: Setting CVar [[gc.BlueprintClusteringEnabled:0]]
[2020.11.08-21.36.05:727][  0]LogConfig: Setting CVar [[gc.UseDisregardForGCOnDedicatedServers:0]]
[2020.11.08-21.36.05:727][  0]LogConfig: Applying CVar settings from Section [/Script/Engine.NetworkSettings] File [C:/Users/betha/Documents/GitHub/PhysicsSimulation/PhysicsSim_UE/Saved/Config/Windows/Engine.ini]
[2020.11.08-21.36.05:727][  0]LogConfig: Applying CVar settings from Section [/Script/UnrealEd.CookerSettings] File [C:/Users/betha/Documents/GitHub/PhysicsSimulation/PhysicsSim_UE/Saved/Config/Windows/Engine.ini]
[2020.11.08-21.36.05:733][  0]LogConfig: Applying CVar settings from Section [ViewDistanceQuality@3] File [C:/Users/betha/Documents/GitHub/PhysicsSimulation/PhysicsSim_UE/Saved/Config/Windows/Scalability.ini]
[2020.11.08-21.36.05:734][  0]LogConfig: Setting CVar [[r.SkeletalMeshLODBias:0]]
[2020.11.08-21.36.05:734][  0]LogConfig: Setting CVar [[r.ViewDistanceScale:1.0]]
[2020.11.08-21.36.05:734][  0]LogConfig: Applying CVar settings from Section [AntiAliasingQuality@3] File [C:/Users/betha/Documents/GitHub/PhysicsSimulation/PhysicsSim_UE/Saved/Config/Windows/Scalability.ini]
[2020.11.08-21.36.05:734][  0]LogConfig: Setting CVar [[r.PostProcessAAQuality:4]]
[2020.11.08-21.36.05:734][  0]LogConfig: Applying CVar settings from Section [ShadowQuality@3] File [C:/Users/betha/Documents/GitHub/PhysicsSimulation/PhysicsSim_UE/Saved/Config/Windows/Scalability.ini]
[2020.11.08-21.36.05:734][  0]LogConfig: Setting CVar [[r.LightFunctionQuality:1]]
[2020.11.08-21.36.05:734][  0]LogConfig: Setting CVar [[r.ShadowQuality:5]]
[2020.11.08-21.36.05:734][  0]LogConfig: Setting CVar [[r.Shadow.CSM.MaxCascades:10]]
[2020.11.08-21.36.05:734][  0]LogConfig: Setting CVar [[r.Shadow.MaxResolution:2048]]
[2020.11.08-21.36.05:734][  0]LogConfig: Setting CVar [[r.Shadow.MaxCSMResolution:2048]]
[2020.11.08-21.36.05:734][  0]LogConfig: Setting CVar [[r.Shadow.RadiusThreshold:0.01]]
[2020.11.08-21.36.05:734][  0]LogConfig: Setting CVar [[r.Shadow.DistanceScale:1.0]]
[2020.11.08-21.36.05:734][  0]LogConfig: Setting CVar [[r.Shadow.CSM.TransitionScale:1.0]]
[2020.11.08-21.36.05:734][  0]LogConfig: Setting CVar [[r.Shadow.PreShadowResolutionFactor:1.0]]
[2020.11.08-21.36.05:734][  0]LogConfig: Setting CVar [[r.DistanceFieldShadowing:1]]
[2020.11.08-21.36.05:734][  0]LogConfig: Setting CVar [[r.DistanceFieldAO:1]]
[2020.11.08-21.36.05:734][  0]LogConfig: Setting CVar [[r.AOQuality:2]]
[2020.11.08-21.36.05:734][  0]LogConfig: Setting CVar [[r.VolumetricFog:1]]
[2020.11.08-21.36.05:734][  0]LogConfig: Setting CVar [[r.VolumetricFog.GridPixelSize:8]]
[2020.11.08-21.36.05:734][  0]LogConfig: Setting CVar [[r.VolumetricFog.GridSizeZ:128]]
[2020.11.08-21.36.05:734][  0]LogConfig: Setting CVar [[r.VolumetricFog.HistoryMissSupersampleCount:4]]
[2020.11.08-21.36.05:735][  0]LogConfig: Setting CVar [[r.LightMaxDrawDistanceScale:1]]
[2020.11.08-21.36.05:735][  0]LogConfig: Setting CVar [[r.CapsuleShadows:1]]
[2020.11.08-21.36.05:735][  0]LogConfig: Applying CVar settings from Section [PostProcessQuality@3] File [C:/Users/betha/Documents/GitHub/PhysicsSimulation/PhysicsSim_UE/Saved/Config/Windows/Scalability.ini]
[2020.11.08-21.36.05:735][  0]LogConfig: Setting CVar [[r.MotionBlurQuality:4]]
[2020.11.08-21.36.05:735][  0]LogConfig: Setting CVar [[r.AmbientOcclusionMipLevelFactor:0.4]]
[2020.11.08-21.36.05:735][  0]LogConfig: Setting CVar [[r.AmbientOcclusionMaxQuality:100]]
[2020.11.08-21.36.05:735][  0]LogConfig: Setting CVar [[r.AmbientOcclusionLevels:-1]]
[2020.11.08-21.36.05:735][  0]LogConfig: Setting CVar [[r.AmbientOcclusionRadiusScale:1.0]]
[2020.11.08-21.36.05:735][  0]LogConfig: Setting CVar [[r.DepthOfFieldQuality:2]]
[2020.11.08-21.36.05:735][  0]LogConfig: Setting CVar [[r.RenderTargetPoolMin:400]]
[2020.11.08-21.36.05:735][  0]LogConfig: Setting CVar [[r.LensFlareQuality:2]]
[2020.11.08-21.36.05:735][  0]LogConfig: Setting CVar [[r.SceneColorFringeQuality:1]]
[2020.11.08-21.36.05:735][  0]LogConfig: Setting CVar [[r.EyeAdaptationQuality:2]]
[2020.11.08-21.36.05:735][  0]LogConfig: Setting CVar [[r.BloomQuality:5]]
[2020.11.08-21.36.05:735][  0]LogConfig: Setting CVar [[r.FastBlurThreshold:100]]
[2020.11.08-21.36.05:735][  0]LogConfig: Setting CVar [[r.Upscale.Quality:3]]
[2020.11.08-21.36.05:735][  0]LogConfig: Setting CVar [[r.Tonemapper.GrainQuantization:1]]
[2020.11.08-21.36.05:735][  0]LogConfig: Setting CVar [[r.LightShaftQuality:1]]
[2020.11.08-21.36.05:735][  0]LogConfig: Setting CVar [[r.Filter.SizeScale:1]]
[2020.11.08-21.36.05:735][  0]LogConfig: Setting CVar [[r.Tonemapper.Quality:5]]
[2020.11.08-21.36.05:736][  0]LogConfig: Setting CVar [[r.DOF.Gather.AccumulatorQuality:1        ; higher gathering accumulator quality]]
[2020.11.08-21.36.05:736][  0]LogConfig: Setting CVar [[r.DOF.Gather.PostfilterMethod:1          ; Median3x3 postfilering method]]
[2020.11.08-21.36.05:736][  0]LogConfig: Setting CVar [[r.DOF.Gather.EnableBokehSettings:0       ; no bokeh simulation when gathering]]
[2020.11.08-21.36.05:736][  0]LogConfig: Setting CVar [[r.DOF.Gather.RingCount:4                 ; medium number of samples when gathering]]
[2020.11.08-21.36.05:736][  0]LogConfig: Setting CVar [[r.DOF.Scatter.ForegroundCompositing:1    ; additive foreground scattering]]
[2020.11.08-21.36.05:736][  0]LogConfig: Setting CVar [[r.DOF.Scatter.BackgroundCompositing:2    ; additive background scattering]]
[2020.11.08-21.36.05:736][  0]LogConfig: Setting CVar [[r.DOF.Scatter.EnableBokehSettings:1      ; bokeh simulation when scattering]]
[2020.11.08-21.36.05:736][  0]LogConfig: Setting CVar [[r.DOF.Scatter.MaxSpriteRatio:0.1         ; only a maximum of 10% of scattered bokeh]]
[2020.11.08-21.36.05:736][  0]LogConfig: Setting CVar [[r.DOF.Recombine.Quality:1                ; cheap slight out of focus]]
[2020.11.08-21.36.05:736][  0]LogConfig: Setting CVar [[r.DOF.Recombine.EnableBokehSettings:0    ; no bokeh simulation on slight out of focus]]
[2020.11.08-21.36.05:736][  0]LogConfig: Setting CVar [[r.DOF.TemporalAAQuality:1                ; more stable temporal accumulation]]
[2020.11.08-21.36.05:736][  0]LogConfig: Setting CVar [[r.DOF.Kernel.MaxForegroundRadius:0.025]]
[2020.11.08-21.36.05:736][  0]LogConfig: Setting CVar [[r.DOF.Kernel.MaxBackgroundRadius:0.025]]
[2020.11.08-21.36.05:736][  0]LogConfig: Applying CVar settings from Section [TextureQuality@3] File [C:/Users/betha/Documents/GitHub/PhysicsSimulation/PhysicsSim_UE/Saved/Config/Windows/Scalability.ini]
[2020.11.08-21.36.05:736][  0]LogConfig: Setting CVar [[r.Streaming.MipBias:0]]
[2020.11.08-21.36.05:736][  0]LogConfig: Setting CVar [[r.Streaming.AmortizeCPUToGPUCopy:0]]
[2020.11.08-21.36.05:736][  0]LogConfig: Setting CVar [[r.Streaming.MaxNumTexturesToStreamPerFrame:0]]
[2020.11.08-21.36.05:736][  0]LogConfig: Setting CVar [[r.Streaming.Boost:1]]
[2020.11.08-21.36.05:737][  0]LogConfig: Setting CVar [[r.MaxAnisotropy:8]]
[2020.11.08-21.36.05:737][  0]LogConfig: Setting CVar [[r.Streaming.LimitPoolSizeToVRAM:0]]
[2020.11.08-21.36.05:737][  0]LogConfig: Setting CVar [[r.Streaming.PoolSize:1000]]
[2020.11.08-21.36.05:737][  0]LogConfig: Setting CVar [[r.Streaming.MaxEffectiveScreenSize:0]]
[2020.11.08-21.36.05:737][  0]LogConfig: Applying CVar settings from Section [EffectsQuality@3] File [C:/Users/betha/Documents/GitHub/PhysicsSimulation/PhysicsSim_UE/Saved/Config/Windows/Scalability.ini]
[2020.11.08-21.36.05:737][  0]LogConfig: Setting CVar [[r.TranslucencyLightingVolumeDim:64]]
[2020.11.08-21.36.05:737][  0]LogConfig: Setting CVar [[r.RefractionQuality:2]]
[2020.11.08-21.36.05:737][  0]LogConfig: Setting CVar [[r.SSR.Quality:3]]
[2020.11.08-21.36.05:737][  0]LogConfig: Setting CVar [[r.SceneColorFormat:4]]
[2020.11.08-21.36.05:737][  0]LogConfig: Setting CVar [[r.DetailMode:2]]
[2020.11.08-21.36.05:737][  0]LogConfig: Setting CVar [[r.TranslucencyVolumeBlur:1]]
[2020.11.08-21.36.05:737][  0]LogConfig: Setting CVar [[r.MaterialQualityLevel:1 ; High quality]]
[2020.11.08-21.36.05:737][  0]LogConfig: Setting CVar [[r.SSS.Scale:1]]
[2020.11.08-21.36.05:737][  0]LogConfig: Setting CVar [[r.SSS.SampleSet:2]]
[2020.11.08-21.36.05:737][  0]LogConfig: Setting CVar [[r.SSS.Quality:1]]
[2020.11.08-21.36.05:737][  0]LogConfig: Setting CVar [[r.SSS.HalfRes:1]]
[2020.11.08-21.36.05:737][  0]LogConfig: Setting CVar [[r.EmitterSpawnRateScale:1.0]]
[2020.11.08-21.36.05:737][  0]LogConfig: Setting CVar [[r.ParticleLightQuality:2]]
[2020.11.08-21.36.05:737][  0]LogConfig: Applying CVar settings from Section [FoliageQuality@3] File [C:/Users/betha/Documents/GitHub/PhysicsSimulation/PhysicsSim_UE/Saved/Config/Windows/Scalability.ini]
[2020.11.08-21.36.05:737][  0]LogConfig: Setting CVar [[foliage.DensityScale:1.0]]
[2020.11.08-21.36.05:737][  0]LogConfig: Setting CVar [[grass.DensityScale:1.0]]
[2020.11.08-21.36.05:737][  0]LogInit: Selected Device Profile: [Windows]
[2020.11.08-21.36.05:738][  0]LogInit: Applying CVar settings loaded from the selected device profile: [Windows]
[2020.11.08-21.36.05:745][  0]LogHAL: Display: Platform has ~ 32 GB [34295062528 / 34359738368 / 32], which maps to Largest [LargestMinGB=32, LargerMinGB=12, DefaultMinGB=8, SmallerMinGB=6, SmallestMinGB=0)
[2020.11.08-21.36.05:745][  0]LogConfig: Setting CVar [[r.Vulkan.UseRealUBs:1]]
[2020.11.08-21.36.05:745][  0]LogInit: Going up to parent DeviceProfile []
[2020.11.08-21.36.05:745][  0]LogConfig: Applying CVar settings from Section [ViewDistanceQuality@3] File [C:/Users/betha/Documents/GitHub/PhysicsSimulation/PhysicsSim_UE/Saved/Config/Windows/Scalability.ini]
[2020.11.08-21.36.05:745][  0]LogConfig: Setting CVar [[r.SkeletalMeshLODBias:0]]
[2020.11.08-21.36.05:745][  0]LogConfig: Setting CVar [[r.ViewDistanceScale:1.0]]
[2020.11.08-21.36.05:745][  0]LogConfig: Applying CVar settings from Section [AntiAliasingQuality@3] File [C:/Users/betha/Documents/GitHub/PhysicsSimulation/PhysicsSim_UE/Saved/Config/Windows/Scalability.ini]
[2020.11.08-21.36.05:745][  0]LogConfig: Setting CVar [[r.PostProcessAAQuality:4]]
[2020.11.08-21.36.05:745][  0]LogConfig: Applying CVar settings from Section [ShadowQuality@3] File [C:/Users/betha/Documents/GitHub/PhysicsSimulation/PhysicsSim_UE/Saved/Config/Windows/Scalability.ini]
[2020.11.08-21.36.05:745][  0]LogConfig: Setting CVar [[r.LightFunctionQuality:1]]
[2020.11.08-21.36.05:746][  0]LogConfig: Setting CVar [[r.ShadowQuality:5]]
[2020.11.08-21.36.05:746][  0]LogConfig: Setting CVar [[r.Shadow.CSM.MaxCascades:10]]
[2020.11.08-21.36.05:746][  0]LogConfig: Setting CVar [[r.Shadow.MaxResolution:2048]]
[2020.11.08-21.36.05:746][  0]LogConfig: Setting CVar [[r.Shadow.MaxCSMResolution:2048]]
[2020.11.08-21.36.05:746][  0]LogConfig: Setting CVar [[r.Shadow.RadiusThreshold:0.01]]
[2020.11.08-21.36.05:746][  0]LogConfig: Setting CVar [[r.Shadow.DistanceScale:1.0]]
[2020.11.08-21.36.05:746][  0]LogConfig: Setting CVar [[r.Shadow.CSM.TransitionScale:1.0]]
[2020.11.08-21.36.05:746][  0]LogConfig: Setting CVar [[r.Shadow.PreShadowResolutionFactor:1.0]]
[2020.11.08-21.36.05:746][  0]LogConfig: Setting CVar [[r.DistanceFieldShadowing:1]]
[2020.11.08-21.36.05:746][  0]LogConfig: Setting CVar [[r.DistanceFieldAO:1]]
[2020.11.08-21.36.05:746][  0]LogConfig: Setting CVar [[r.AOQuality:2]]
[2020.11.08-21.36.05:746][  0]LogConfig: Setting CVar [[r.VolumetricFog:1]]
[2020.11.08-21.36.05:746][  0]LogConfig: Setting CVar [[r.VolumetricFog.GridPixelSize:8]]
[2020.11.08-21.36.05:746][  0]LogConfig: Setting CVar [[r.VolumetricFog.GridSizeZ:128]]
[2020.11.08-21.36.05:746][  0]LogConfig: Setting CVar [[r.VolumetricFog.HistoryMissSupersampleCount:4]]
[2020.11.08-21.36.05:746][  0]LogConfig: Setting CVar [[r.LightMaxDrawDistanceScale:1]]
[2020.11.08-21.36.05:746][  0]LogConfig: Setting CVar [[r.CapsuleShadows:1]]
[2020.11.08-21.36.05:746][  0]LogConfig: Applying CVar settings from Section [PostProcessQuality@3] File [C:/Users/betha/Documents/GitHub/PhysicsSimulation/PhysicsSim_UE/Saved/Config/Windows/Scalability.ini]
[2020.11.08-21.36.05:746][  0]LogConfig: Setting CVar [[r.MotionBlurQuality:4]]
[2020.11.08-21.36.05:747][  0]LogConfig: Setting CVar [[r.AmbientOcclusionMipLevelFactor:0.4]]
[2020.11.08-21.36.05:747][  0]LogConfig: Setting CVar [[r.AmbientOcclusionMaxQuality:100]]
[2020.11.08-21.36.05:747][  0]LogConfig: Setting CVar [[r.AmbientOcclusionLevels:-1]]
[2020.11.08-21.36.05:747][  0]LogConfig: Setting CVar [[r.AmbientOcclusionRadiusScale:1.0]]
[2020.11.08-21.36.05:747][  0]LogConfig: Setting CVar [[r.DepthOfFieldQuality:2]]
[2020.11.08-21.36.05:747][  0]LogConfig: Setting CVar [[r.RenderTargetPoolMin:400]]
[2020.11.08-21.36.05:747][  0]LogConfig: Setting CVar [[r.LensFlareQuality:2]]
[2020.11.08-21.36.05:747][  0]LogConfig: Setting CVar [[r.SceneColorFringeQuality:1]]
[2020.11.08-21.36.05:747][  0]LogConfig: Setting CVar [[r.EyeAdaptationQuality:2]]
[2020.11.08-21.36.05:747][  0]LogConfig: Setting CVar [[r.BloomQuality:5]]
[2020.11.08-21.36.05:747][  0]LogConfig: Setting CVar [[r.FastBlurThreshold:100]]
[2020.11.08-21.36.05:747][  0]LogConfig: Setting CVar [[r.Upscale.Quality:3]]
[2020.11.08-21.36.05:747][  0]LogConfig: Setting CVar [[r.Tonemapper.GrainQuantization:1]]
[2020.11.08-21.36.05:747][  0]LogConfig: Setting CVar [[r.LightShaftQuality:1]]
[2020.11.08-21.36.05:747][  0]LogConfig: Setting CVar [[r.Filter.SizeScale:1]]
[2020.11.08-21.36.05:747][  0]LogConfig: Setting CVar [[r.Tonemapper.Quality:5]]
[2020.11.08-21.36.05:747][  0]LogConfig: Setting CVar [[r.DOF.Gather.AccumulatorQuality:1        ; higher gathering accumulator quality]]
[2020.11.08-21.36.05:747][  0]LogConfig: Setting CVar [[r.DOF.Gather.PostfilterMethod:1          ; Median3x3 postfilering method]]
[2020.11.08-21.36.05:747][  0]LogConfig: Setting CVar [[r.DOF.Gather.EnableBokehSettings:0       ; no bokeh simulation when gathering]]
[2020.11.08-21.36.05:747][  0]LogConfig: Setting CVar [[r.DOF.Gather.RingCount:4                 ; medium number of samples when gathering]]
[2020.11.08-21.36.05:747][  0]LogConfig: Setting CVar [[r.DOF.Scatter.ForegroundCompositing:1    ; additive foreground scattering]]
[2020.11.08-21.36.05:748][  0]LogConfig: Setting CVar [[r.DOF.Scatter.BackgroundCompositing:2    ; additive background scattering]]
[2020.11.08-21.36.05:748][  0]LogConfig: Setting CVar [[r.DOF.Scatter.EnableBokehSettings:1      ; bokeh simulation when scattering]]
[2020.11.08-21.36.05:748][  0]LogConfig: Setting CVar [[r.DOF.Scatter.MaxSpriteRatio:0.1         ; only a maximum of 10% of scattered bokeh]]
[2020.11.08-21.36.05:748][  0]LogConfig: Setting CVar [[r.DOF.Recombine.Quality:1                ; cheap slight out of focus]]
[2020.11.08-21.36.05:748][  0]LogConfig: Setting CVar [[r.DOF.Recombine.EnableBokehSettings:0    ; no bokeh simulation on slight out of focus]]
[2020.11.08-21.36.05:748][  0]LogConfig: Setting CVar [[r.DOF.TemporalAAQuality:1                ; more stable temporal accumulation]]
[2020.11.08-21.36.05:748][  0]LogConfig: Setting CVar [[r.DOF.Kernel.MaxForegroundRadius:0.025]]
[2020.11.08-21.36.05:748][  0]LogConfig: Setting CVar [[r.DOF.Kernel.MaxBackgroundRadius:0.025]]
[2020.11.08-21.36.05:748][  0]LogConfig: Applying CVar settings from Section [TextureQuality@3] File [C:/Users/betha/Documents/GitHub/PhysicsSimulation/PhysicsSim_UE/Saved/Config/Windows/Scalability.ini]
[2020.11.08-21.36.05:748][  0]LogConfig: Setting CVar [[r.Streaming.MipBias:0]]
[2020.11.08-21.36.05:748][  0]LogConfig: Setting CVar [[r.Streaming.AmortizeCPUToGPUCopy:0]]
[2020.11.08-21.36.05:748][  0]LogConfig: Setting CVar [[r.Streaming.MaxNumTexturesToStreamPerFrame:0]]
[2020.11.08-21.36.05:748][  0]LogConfig: Setting CVar [[r.Streaming.Boost:1]]
[2020.11.08-21.36.05:748][  0]LogConfig: Setting CVar [[r.MaxAnisotropy:8]]
[2020.11.08-21.36.05:748][  0]LogConfig: Setting CVar [[r.Streaming.LimitPoolSizeToVRAM:0]]
[2020.11.08-21.36.05:748][  0]LogConfig: Setting CVar [[r.Streaming.PoolSize:1000]]
[2020.11.08-21.36.05:748][  0]LogConfig: Setting CVar [[r.Streaming.MaxEffectiveScreenSize:0]]
[2020.11.08-21.36.05:748][  0]LogConfig: Applying CVar settings from Section [EffectsQuality@3] File [C:/Users/betha/Documents/GitHub/PhysicsSimulation/PhysicsSim_UE/Saved/Config/Windows/Scalability.ini]
[2020.11.08-21.36.05:748][  0]LogConfig: Setting CVar [[r.TranslucencyLightingVolumeDim:64]]
[2020.11.08-21.36.05:749][  0]LogConfig: Setting CVar [[r.RefractionQuality:2]]
[2020.11.08-21.36.05:749][  0]LogConfig: Setting CVar [[r.SSR.Quality:3]]
[2020.11.08-21.36.05:749][  0]LogConfig: Setting CVar [[r.SceneColorFormat:4]]
[2020.11.08-21.36.05:749][  0]LogConfig: Setting CVar [[r.DetailMode:2]]
[2020.11.08-21.36.05:749][  0]LogConfig: Setting CVar [[r.TranslucencyVolumeBlur:1]]
[2020.11.08-21.36.05:749][  0]LogConfig: Setting CVar [[r.MaterialQualityLevel:1 ; High quality]]
[2020.11.08-21.36.05:749][  0]LogConfig: Setting CVar [[r.SSS.Scale:1]]
[2020.11.08-21.36.05:749][  0]LogConfig: Setting CVar [[r.SSS.SampleSet:2]]
[2020.11.08-21.36.05:749][  0]LogConfig: Setting CVar [[r.SSS.Quality:1]]
[2020.11.08-21.36.05:749][  0]LogConfig: Setting CVar [[r.SSS.HalfRes:1]]
[2020.11.08-21.36.05:749][  0]LogConfig: Setting CVar [[r.EmitterSpawnRateScale:1.0]]
[2020.11.08-21.36.05:749][  0]LogConfig: Setting CVar [[r.ParticleLightQuality:2]]
[2020.11.08-21.36.05:749][  0]LogConfig: Applying CVar settings from Section [FoliageQuality@3] File [C:/Users/betha/Documents/GitHub/PhysicsSimulation/PhysicsSim_UE/Saved/Config/Windows/Scalability.ini]
[2020.11.08-21.36.05:749][  0]LogConfig: Setting CVar [[foliage.DensityScale:1.0]]
[2020.11.08-21.36.05:749][  0]LogConfig: Setting CVar [[grass.DensityScale:1.0]]
[2020.11.08-21.36.05:749][  0]LogConfig: Applying CVar settings from Section [Startup] File [../../../Engine/Config/ConsoleVariables.ini]
[2020.11.08-21.36.05:749][  0]LogConfig: Setting CVar [[net.UseAdaptiveNetUpdateFrequency:0]]
[2020.11.08-21.36.05:750][  0]LogConfig: Applying CVar settings from Section [ConsoleVariables] File [C:/Users/betha/Documents/GitHub/PhysicsSimulation/PhysicsSim_UE/Saved/Config/Windows/Engine.ini]
[2020.11.08-21.36.05:750][  0]LogInit: Computer: KITTYJELLYSBEAS
[2020.11.08-21.36.05:750][  0]LogInit: User: bethan
[2020.11.08-21.36.05:750][  0]LogInit: CPU Page size=4096, Cores=12
[2020.11.08-21.36.05:750][  0]LogInit: High frequency timer resolution =10.000000 MHz
[2020.11.08-21.36.05:750][  0]LogMemory: Memory total: Physical=31.9GB (32GB approx)
[2020.11.08-21.36.05:750][  0]LogMemory: Platform Memory Stats for Windows
[2020.11.08-21.36.05:750][  0]LogMemory: Process Physical Memory: 107.07 MB used, 107.07 MB peak
[2020.11.08-21.36.05:750][  0]LogMemory: Process Virtual Memory: 91.23 MB used, 91.23 MB peak
[2020.11.08-21.36.05:750][  0]LogMemory: Physical Memory: 8787.12 MB used,  23919.20 MB free, 32706.32 MB total
[2020.11.08-21.36.05:750][  0]LogMemory: Virtual Memory: 4703.02 MB used,  134213024.00 MB free, 134217728.00 MB total
[2020.11.08-21.36.05:822][  0]LogInit: Using OS detected language (en-GB).
[2020.11.08-21.36.05:822][  0]LogInit: Using OS detected locale (en-GB).
[2020.11.08-21.36.05:823][  0]LogTextLocalizationManager: No specific localization for 'en-GB' exists, so the 'en' localization will be used.
[2020.11.08-21.36.06:126][  0]LogStreaming: Display: Took  0.304s to InitEngineTextLocalization.
[2020.11.08-21.36.06:127][  0]LogInit: Setting process to per monitor DPI aware
[2020.11.08-21.36.06:167][  0]LogSlate: New Slate User Created.  User Index 0, Is Virtual User: 0
[2020.11.08-21.36.06:167][  0]LogSlate: Slate User Registered.  User Index 0, Is Virtual User: 0
[2020.11.08-21.36.06:328][  0]LogHMD: Failed to initialize OpenVR with code 110
[2020.11.08-21.36.06:328][  0]LogD3D11RHI: D3D11 adapters:
[2020.11.08-21.36.06:437][  0]LogD3D11RHI:    0. 'NVIDIA GeForce RTX 2070 SUPER' (Feature Level 11_0)
[2020.11.08-21.36.06:437][  0]LogD3D11RHI:       8011/0/16353 MB DedicatedVideo/DedicatedSystem/SharedSystem, Outputs:2, VendorId:0x10de
[2020.11.08-21.36.06:443][  0]LogD3D11RHI:    1. 'Microsoft Basic Render Driver' (Feature Level 11_0)
[2020.11.08-21.36.06:443][  0]LogD3D11RHI:       0/0/16353 MB DedicatedVideo/DedicatedSystem/SharedSystem, Outputs:0, VendorId:0x1414
[2020.11.08-21.36.06:443][  0]LogD3D11RHI: Chosen D3D11 Adapter: 0
[2020.11.08-21.36.06:451][  0]LogD3D11RHI: Creating new Direct3DDevice
[2020.11.08-21.36.06:451][  0]LogD3D11RHI:     GPU DeviceId: 0x1e84 (for the marketing name, search the web for "GPU Device Id")
[2020.11.08-21.36.06:451][  0]LogWindows: EnumDisplayDevices:
[2020.11.08-21.36.06:452][  0]LogWindows:    0. 'NVIDIA GeForce RTX 2070 SUPER' (P:0 D:1)
[2020.11.08-21.36.06:452][  0]LogWindows:    1. 'NVIDIA GeForce RTX 2070 SUPER' (P:1 D:1)
[2020.11.08-21.36.06:452][  0]LogWindows:    2. 'NVIDIA GeForce RTX 2070 SUPER' (P:0 D:0)
[2020.11.08-21.36.06:452][  0]LogWindows:    3. 'NVIDIA GeForce RTX 2070 SUPER' (P:0 D:0)
[2020.11.08-21.36.06:453][  0]LogWindows: DebugString: FoundDriverCount:4 
[2020.11.08-21.36.06:453][  0]LogD3D11RHI:     Adapter Name: NVIDIA GeForce RTX 2070 SUPER
[2020.11.08-21.36.06:453][  0]LogD3D11RHI:   Driver Version: 451.48 (internal:27.21.14.5148, unified:451.48)
[2020.11.08-21.36.06:453][  0]LogD3D11RHI:      Driver Date: 6-21-2020
[2020.11.08-21.36.06:453][  0]LogRHI: Texture pool is 5607 MB (70% of 8011 MB)
[2020.11.08-21.36.06:522][  0]LogD3D11RHI: Async texture creation enabled
[2020.11.08-21.36.06:533][  0]LogD3D11RHI: GPU Timing Frequency: 1000.000000 (Debug: 2 1)
[2020.11.08-21.36.06:748][  0]LogTemp: Display: Loaded TP AllDesktopTargetPlatform
[2020.11.08-21.36.06:761][  0]LogTemp: Display: Loaded TP MacClientTargetPlatform
[2020.11.08-21.36.06:773][  0]LogTemp: Display: Loaded TP MacNoEditorTargetPlatform
[2020.11.08-21.36.06:785][  0]LogTemp: Display: Loaded TP MacServerTargetPlatform
[2020.11.08-21.36.06:798][  0]LogTemp: Display: Loaded TP MacTargetPlatform
[2020.11.08-21.36.06:810][  0]LogTemp: Display: Loaded TP WindowsClientTargetPlatform
[2020.11.08-21.36.06:822][  0]LogTemp: Display: Loaded TP WindowsNoEditorTargetPlatform
[2020.11.08-21.36.06:834][  0]LogTemp: Display: Loaded TP WindowsServerTargetPlatform
[2020.11.08-21.36.06:841][  0]LogTemp: Display: Loaded TP WindowsTargetPlatform
[2020.11.08-21.36.06:908][  0]LogTemp: Display: Loaded TP AndroidTargetPlatform
[2020.11.08-21.36.06:908][  0]LogTemp: Display: Loaded TP AndroidTargetPlatform
[2020.11.08-21.36.06:908][  0]LogTemp: Display: Loaded TP AndroidTargetPlatform
[2020.11.08-21.36.06:908][  0]LogTemp: Display: Loaded TP AndroidTargetPlatform
[2020.11.08-21.36.06:908][  0]LogTemp: Display: Loaded TP AndroidTargetPlatform
[2020.11.08-21.36.06:908][  0]LogTemp: Display: Loaded TP AndroidTargetPlatform
[2020.11.08-21.36.06:908][  0]LogTemp: Display: Loaded TP AndroidTargetPlatform
[2020.11.08-21.36.06:908][  0]LogTemp: Display: Loaded TP AndroidTargetPlatform
[2020.11.08-21.36.06:908][  0]LogTemp: Display: Loaded TP AndroidTargetPlatform
[2020.11.08-21.36.06:908][  0]LogTemp: Display: Loaded TP AndroidTargetPlatform
[2020.11.08-21.36.06:908][  0]LogTemp: Display: Loaded TP AndroidTargetPlatform
[2020.11.08-21.36.06:908][  0]LogTemp: Display: Loaded TP AndroidTargetPlatform
[2020.11.08-21.36.06:908][  0]LogTemp: Display: Loaded TP AndroidTargetPlatform
[2020.11.08-21.36.06:908][  0]LogTemp: Display: Loaded TP AndroidTargetPlatform
[2020.11.08-21.36.06:908][  0]LogTemp: Display: Loaded TP AndroidTargetPlatform
[2020.11.08-21.36.06:908][  0]LogTemp: Display: Loaded TP AndroidTargetPlatform
[2020.11.08-21.36.06:908][  0]LogTemp: Display: Loaded TP AndroidTargetPlatform
[2020.11.08-21.36.06:908][  0]LogTemp: Display: Loaded TP AndroidTargetPlatform
[2020.11.08-21.36.06:911][  0]LogTemp: Display: Loaded TP HTML5TargetPlatform
[2020.11.08-21.36.06:972][  0]LogTemp: Display: Loaded TP IOSTargetPlatform
[2020.11.08-21.36.06:972][  0]LogTemp: Display: Loaded TP IOSTargetPlatform
[2020.11.08-21.36.06:993][  0]LogTemp: Display: Loaded TP TVOSTargetPlatform
[2020.11.08-21.36.06:993][  0]LogTemp: Display: Loaded TP TVOSTargetPlatform
[2020.11.08-21.36.07:004][  0]LogTemp: Display: Loaded TP LinuxClientTargetPlatform
[2020.11.08-21.36.07:016][  0]LogTemp: Display: Loaded TP LinuxNoEditorTargetPlatform
[2020.11.08-21.36.07:027][  0]LogTemp: Display: Loaded TP LinuxServerTargetPlatform
[2020.11.08-21.36.07:039][  0]LogTemp: Display: Loaded TP LinuxTargetPlatform
[2020.11.08-21.36.07:077][  0]LogTemp: Display: Loaded TP LuminTargetPlatform
[2020.11.08-21.36.07:077][  0]LogTemp: Display: Loaded TP LuminTargetPlatform
[2020.11.08-21.36.07:078][  0]LogTargetPlatformManager: Display: Building Assets For Windows
[2020.11.08-21.36.07:153][  0]LogShaderCompilers: Guid format shader working directory is -33 characters bigger than the processId version (../../../../../../Users/betha/Documents/GitHub/PhysicsSimulation/PhysicsSim_UE/Intermediate/Shaders/WorkingDirectory/23980/).
[2020.11.08-21.36.07:153][  0]LogShaderCompilers: Cleaned the shader compiler working directory 'C:/Users/betha/AppData/Local/Temp/UnrealShaderWorkingDir/7CD3C3B04A8D39DB8A872198362464F1/'.
[2020.11.08-21.36.07:155][  0]LogXGEController: Cleaning working directory: C:/Users/betha/AppData/Local/Temp/UnrealXGEWorkingDir/
[2020.11.08-21.36.07:155][  0]LogXGEController: Cannot use XGE Controller as Incredibuild is not installed on this machine.
[2020.11.08-21.36.07:156][  0]LogShaderCompilers: Cannot use XGE Shader Compiler as Incredibuild is not installed on this machine.
[2020.11.08-21.36.07:156][  0]LogShaderCompilers: Display: Using Local Shader Compiler.
[2020.11.08-21.36.07:573][  0]LogDerivedDataCache: Display: Max Cache Size: 512 MB
[2020.11.08-21.36.07:607][  0]LogDerivedDataCache: Loaded boot cache 0.03s 71MB C:/Users/betha/AppData/Local/UnrealEngine/4.21/DerivedDataCache/Boot.ddc.
[2020.11.08-21.36.07:607][  0]LogDerivedDataCache: Display: Loaded Boot cache: C:/Users/betha/AppData/Local/UnrealEngine/4.21/DerivedDataCache/Boot.ddc
[2020.11.08-21.36.07:607][  0]LogDerivedDataCache: FDerivedDataBackendGraph:  Pak pak cache file ../../../../../../Users/betha/Documents/GitHub/PhysicsSimulation/PhysicsSim_UE/DerivedDataCache/DDC.ddp not found, will not use a pak cache.
[2020.11.08-21.36.07:607][  0]LogDerivedDataCache: Unable to find inner node Pak for hierarchical cache Hierarchy.
[2020.11.08-21.36.07:607][  0]LogDerivedDataCache: FDerivedDataBackendGraph:  CompressedPak pak cache file ../../../../../../Users/betha/Documents/GitHub/PhysicsSimulation/PhysicsSim_UE/DerivedDataCache/Compressed.ddp not found, will not use a pak cache.
[2020.11.08-21.36.07:607][  0]LogDerivedDataCache: Unable to find inner node CompressedPak for hierarchical cache Hierarchy.
[2020.11.08-21.36.07:623][  0]LogDerivedDataCache: Display: Pak cache opened for reading ../../../Engine/DerivedDataCache/Compressed.ddp.
[2020.11.08-21.36.07:623][  0]LogDerivedDataCache: FDerivedDataBackendGraph:  EnterprisePak pak cache file ../../../Enterprise/DerivedDataCache/Compressed.ddp not found, will not use a pak cache.
[2020.11.08-21.36.07:623][  0]LogDerivedDataCache: Unable to find inner node EnterprisePak for hierarchical cache Hierarchy.
[2020.11.08-21.36.07:635][  0]LogDerivedDataCache: Using Local data cache path C:/Users/betha/AppData/Local/UnrealEngine/Common/DerivedDataCache: Writable
[2020.11.08-21.36.07:635][  0]LogDerivedDataCache: Shared data cache path not found in *engine.ini, will not use an Shared cache.
[2020.11.08-21.36.07:635][  0]LogDerivedDataCache: Unable to find inner node Shared for hierarchical cache Hierarchy.
[2020.11.08-21.36.07:654][  0]LogMaterial: Verifying Global Shaders for PCD3D_SM5
[2020.11.08-21.36.07:655][  0]LogSlate: Using FreeType 2.6.0
[2020.11.08-21.36.07:655][  0]LogSlate: SlateFontServices - WITH_FREETYPE: 1, WITH_HARFBUZZ: 1
[2020.11.08-21.36.07:727][  0]LogAssetRegistry: FAssetRegistry took 0.0329 seconds to start up
[2020.11.08-21.36.07:999][  0]LogInit: Selected Device Profile: [Windows]
[2020.11.08-21.36.08:065][  0]LogSimplygon: Simplygon DLL not present - disabling.
[2020.11.08-21.36.08:070][  0]LogMeshReduction: Using SimplygonSwarm for distributed automatic mesh merging
[2020.11.08-21.36.08:070][  0]LogMeshReduction: Using ProxyLODMeshReduction for automatic mesh merging
[2020.11.08-21.36.08:070][  0]LogMeshReduction: Using QuadricMeshReduction for automatic static mesh reduction
[2020.11.08-21.36.08:070][  0]LogMeshReduction: No automatic skeletal mesh reduction module available
[2020.11.08-21.36.08:137][  0]LogNetVersion: PhysicsSim_UE 1.0.0, NetCL: 4541578, EngineNetVer: 5, GameNetVer: 0 (Checksum: 1207201185)
[2020.11.08-21.36.08:491][  0]LogPackageLocalizationCache: Processed 11 localized package path(s) for 2 prioritized culture(s) in 0.049418 seconds
[2020.11.08-21.36.08:496][  0]LogUObjectArray: 39775 objects as part of root set at end of initial load.
[2020.11.08-21.36.08:496][  0]LogUObjectAllocator: 6914664 out of 0 bytes used by permanent object pool.
[2020.11.08-21.36.08:496][  0]LogUObjectArray: CloseDisregardForGC: 0/0 objects in disregard for GC pool
[2020.11.08-21.36.09:192][  0]LogTcpMessaging: Initializing TcpMessaging bridge
[2020.11.08-21.36.09:207][  0]LogUdpMessaging: Initializing bridge on interface 0.0.0.0:0 to multicast group 230.0.0.1:6666.
[2020.11.08-21.36.09:755][  0]SourceControl: Source control is disabled
[2020.11.08-21.36.09:755][  0]SourceControl: Source control is disabled
[2020.11.08-21.36.09:758][  0]SourceControl: Source control is disabled
[2020.11.08-21.36.09:760][  0]SourceControl: Source control is disabled
[2020.11.08-21.36.10:003][  0]LogAndroidPermission: UAndroidPermissionCallbackProxy::GetInstance
[2020.11.08-21.36.10:118][  0]LogOcInput: OculusInput pre-init called
[2020.11.08-21.36.10:253][  0]LogEngine: Initializing Engine...
[2020.11.08-21.36.10:255][  0]LogHMD: Failed to initialize OpenVR with code 110
[2020.11.08-21.36.10:256][  0]LogStats: UGameplayTagsManager::ConstructGameplayTagTree: ImportINI prefixes -  0.000 s
[2020.11.08-21.36.10:256][  0]LogStats: UGameplayTagsManager::ConstructGameplayTagTree: Construct from data asset -  0.000 s
[2020.11.08-21.36.10:256][  0]LogStats: UGameplayTagsManager::ConstructGameplayTagTree: ImportINI -  0.000 s
[2020.11.08-21.36.10:256][  0]LogStats: UGameplayTagsManager::ConstructGameplayTagTree: GameplayTagTreeChangedEvent.Broadcast -  0.000 s
[2020.11.08-21.36.10:427][  0]LogInit: Initializing FReadOnlyCVARCache
[2020.11.08-21.36.10:440][  0]LogAIModule: Creating AISystem for world Untitled
[2020.11.08-21.36.10:459][  0]LogInit: XAudio2 using 'Speakers (USB Audio Device)' : 2 channels at 48 kHz using 16 bits per sample (channel mask 0x3)
[2020.11.08-21.36.10:481][  0]LogInit: FAudioDevice initialized.
[2020.11.08-21.36.10:481][  0]LogNetVersion: Set ProjectVersion to 1.0.0.0. Version Checksum will be recalculated on next use.
[2020.11.08-21.36.11:763][  0]LogDerivedDataCache: Saved boot cache 1.28s 71MB C:/Users/betha/AppData/Local/UnrealEngine/4.21/DerivedDataCache/Boot.ddc.
[2020.11.08-21.36.11:765][  0]LogInit: Texture streaming: Enabled
[2020.11.08-21.36.11:785][  0]LogEngineSessionManager: EngineSessionManager initialized
[2020.11.08-21.36.11:786][  0]LogEngineSessionManager: EngineSessionManager sent abnormal shutdown report. Type=Debugger, SessionId={8800F368-4274-525D-57AB-9F8E37CD751B}
[2020.11.08-21.36.11:792][  0]LogInit: Transaction tracking system initialized
[2020.11.08-21.36.11:816][  0]BlueprintLog: New page: Editor Load
[2020.11.08-21.36.11:896][  0]LocalizationService: Localization service is disabled
[2020.11.08-21.36.12:242][  0]LogFileCache: Scanning file cache for directory 'C:/Users/betha/Documents/GitHub/PhysicsSimulation/PhysicsSim_UE/Content/' took 0.01s
[2020.11.08-21.36.12:242][  0]LogCook: Display: Max memory allowance for cook 16384mb min free memory 0mb
[2020.11.08-21.36.12:242][  0]LogCook: Display: Mobile HDR setting 1
[2020.11.08-21.36.12:242][  0]LogGameplayTags: Display: UGameplayTagsManager::DoneAddingNativeTags. DelegateIsBound: 0
[2020.11.08-21.36.12:242][  0]LogStats: UGameplayTagsManager::ConstructGameplayTagTree: ImportINI prefixes -  0.000 s
[2020.11.08-21.36.12:242][  0]LogStats: UGameplayTagsManager::ConstructGameplayTagTree: Construct from data asset -  0.000 s
[2020.11.08-21.36.12:242][  0]LogStats: UGameplayTagsManager::ConstructGameplayTagTree: ImportINI -  0.000 s
[2020.11.08-21.36.12:242][  0]LogStats: UGameplayTagsManager::ConstructGameplayTagTree: GameplayTagTreeChangedEvent.Broadcast -  0.000 s
[2020.11.08-21.36.12:382][  0]SourceControl: Source control is disabled
[2020.11.08-21.36.12:382][  0]Cmd: MAP LOAD FILE="../../../../../../Users/betha/Documents/GitHub/PhysicsSimulation/PhysicsSim_UE/Content/StarterContent/Maps/Minimal_Default.umap" TEMPLATE=0 SHOWPROGRESS=1 FEATURELEVEL=3
[2020.11.08-21.36.12:383][  0]LightingResults: New page: Lighting Build
[2020.11.08-21.36.12:385][  0]MapCheck: New page: Map Check
[2020.11.08-21.36.12:385][  0]LightingResults: New page: Lighting Build
[2020.11.08-21.36.12:559][  0]LogAIModule: Creating AISystem for world Minimal_Default
[2020.11.08-21.36.12:562][  0]LogActorComponent: RegisterComponentWithWorld: (/Game/StarterContent/Maps/Minimal_Default.Minimal_Default:PersistentLevel.NewtonBall_1.N_Ball_Mesh) Trying to register component with IsPendingKill() == true. Aborting.
[2020.11.08-21.36.12:563][  0]LogEditorServer: Finished looking for orphan Actors (0.000 secs)
[2020.11.08-21.36.12:593][  0]Cmd: MAP CHECKDEP NOCLEARLOG
[2020.11.08-21.36.12:594][  0]MapCheck: Map check complete: 0 Error(s), 0 Warning(s), took 0.186ms to complete.
[2020.11.08-21.36.12:594][  0]LogFileHelpers: Loading map 'Minimal_Default' took 0.211
[2020.11.08-21.36.12:692][  0]LogSlate: Updating window title bar state: overlay mode, drag disabled, window buttons hidden, title bar hidden
[2020.11.08-21.36.12:697][  0]LogSlate: Updating window title bar state: overlay mode, drag disabled, window buttons hidden, title bar hidden
[2020.11.08-21.36.12:703][  0]LogSlate: Updating window title bar state: overlay mode, drag disabled, window buttons hidden, title bar hidden
[2020.11.08-21.36.12:708][  0]LogSlate: Updating window title bar state: overlay mode, drag disabled, window buttons hidden, title bar hidden
[2020.11.08-21.36.12:714][  0]LogCollectionManager: Loaded 0 collections in 0.001322 seconds
[2020.11.08-21.36.12:754][  0]LogFileCache: Scanning file cache for directory 'C:/Users/betha/Documents/GitHub/PhysicsSimulation/PhysicsSim_UE/Saved/Collections/' took 0.01s
[2020.11.08-21.36.12:754][  0]LogFileCache: Scanning file cache for directory 'C:/Users/betha/Documents/GitHub/PhysicsSimulation/PhysicsSim_UE/Content/Developers/bethan/Collections/' took 0.01s
[2020.11.08-21.36.12:754][  0]LogFileCache: Scanning file cache for directory 'C:/Users/betha/Documents/GitHub/PhysicsSimulation/PhysicsSim_UE/Content/Collections/' took 0.01s
[2020.11.08-21.36.12:754][  0]LogCollectionManager: Rebuilt the GUID cache for 0 collections in 0.000000 seconds
[2020.11.08-21.36.12:762][  0]LogContentBrowser: Native class hierarchy populated in 0.0077 seconds. Added 2654 classes and 622 folders.
[2020.11.08-21.36.12:767][  0]LogContentBrowser: Native class hierarchy updated for 'WidgetCarousel' in 0.0003 seconds. Added 0 classes and 0 folders.
[2020.11.08-21.36.12:768][  0]LogPakFile: Registered encryption key '00000000000000000000000000000000': 0 pak files mounted, 0 remain pending
[2020.11.08-21.36.12:768][  0]LogPakFile: Registered encryption key '00000000000000000000000000000000': 0 pak files mounted, 0 remain pending
[2020.11.08-21.36.12:769][  0]LogPakFile: Registered encryption key '00000000000000000000000000000000': 0 pak files mounted, 0 remain pending
[2020.11.08-21.36.12:769][  0]LogPakFile: Registered encryption key '00000000000000000000000000000000': 0 pak files mounted, 0 remain pending
[2020.11.08-21.36.12:769][  0]LogPakFile: Registered encryption key '00000000000000000000000000000000': 0 pak files mounted, 0 remain pending
[2020.11.08-21.36.12:770][  0]LogPakFile: Registered encryption key '00000000000000000000000000000000': 0 pak files mounted, 0 remain pending
[2020.11.08-21.36.12:770][  0]LogPakFile: Registered encryption key '00000000000000000000000000000000': 0 pak files mounted, 0 remain pending
[2020.11.08-21.36.12:771][  0]LogPakFile: Registered encryption key '00000000000000000000000000000000': 0 pak files mounted, 0 remain pending
[2020.11.08-21.36.12:771][  0]LogPakFile: Registered encryption key '00000000000000000000000000000000': 0 pak files mounted, 0 remain pending
[2020.11.08-21.36.12:772][  0]LogPakFile: Registered encryption key '00000000000000000000000000000000': 0 pak files mounted, 0 remain pending
[2020.11.08-21.36.12:772][  0]LogPakFile: Registered encryption key '00000000000000000000000000000000': 0 pak files mounted, 0 remain pending
[2020.11.08-21.36.12:772][  0]LogPakFile: Registered encryption key '00000000000000000000000000000000': 0 pak files mounted, 0 remain pending
[2020.11.08-21.36.12:773][  0]LogPakFile: Registered encryption key '00000000000000000000000000000000': 0 pak files mounted, 0 remain pending
[2020.11.08-21.36.12:773][  0]LogPakFile: Registered encryption key '00000000000000000000000000000000': 0 pak files mounted, 0 remain pending
[2020.11.08-21.36.12:774][  0]LogPakFile: Registered encryption key '00000000000000000000000000000000': 0 pak files mounted, 0 remain pending
[2020.11.08-21.36.12:774][  0]LogPakFile: Registered encryption key '00000000000000000000000000000000': 0 pak files mounted, 0 remain pending
[2020.11.08-21.36.12:775][  0]LogPakFile: Registered encryption key '00000000000000000000000000000000': 0 pak files mounted, 0 remain pending
[2020.11.08-21.36.12:775][  0]LogPakFile: Registered encryption key '00000000000000000000000000000000': 0 pak files mounted, 0 remain pending
[2020.11.08-21.36.12:775][  0]LogPakFile: Registered encryption key '00000000000000000000000000000000': 0 pak files mounted, 0 remain pending
[2020.11.08-21.36.12:776][  0]LogPakFile: Registered encryption key '00000000000000000000000000000000': 0 pak files mounted, 0 remain pending
[2020.11.08-21.36.12:776][  0]LogPakFile: Registered encryption key '00000000000000000000000000000000': 0 pak files mounted, 0 remain pending
[2020.11.08-21.36.12:777][  0]LogPakFile: Registered encryption key '00000000000000000000000000000000': 0 pak files mounted, 0 remain pending
[2020.11.08-21.36.12:777][  0]LogPakFile: Registered encryption key '00000000000000000000000000000000': 0 pak files mounted, 0 remain pending
[2020.11.08-21.36.12:778][  0]LogPakFile: Registered encryption key '00000000000000000000000000000000': 0 pak files mounted, 0 remain pending
[2020.11.08-21.36.12:778][  0]LogPakFile: Registered encryption key '00000000000000000000000000000000': 0 pak files mounted, 0 remain pending
[2020.11.08-21.36.12:779][  0]LogPakFile: Registered encryption key '00000000000000000000000000000000': 0 pak files mounted, 0 remain pending
[2020.11.08-21.36.12:801][  0]LogContentBrowser: Native class hierarchy updated for 'AddContentDialog' in 0.0003 seconds. Added 0 classes and 0 folders.
[2020.11.08-21.36.12:807][  0]LogContentBrowser: Native class hierarchy updated for 'SceneOutliner' in 0.0003 seconds. Added 1 classes and 2 folders.
[2020.11.08-21.36.12:820][  0]LogSlate: Took 0.000132 seconds to synchronously load lazily loaded font '../../../Engine/Content/Slate/Fonts/Roboto-Regular.ttf' (155K)
[2020.11.08-21.36.12:822][  0]LogSlate: Took 0.000104 seconds to synchronously load lazily loaded font '../../../Engine/Content/Slate/Fonts/Roboto-Bold.ttf' (160K)
[2020.11.08-21.36.12:826][  0]LogSlate: Took 0.000114 seconds to synchronously load lazily loaded font '../../../Engine/Content/Editor/Slate/Fonts/FontAwesome.ttf' (139K)
[2020.11.08-21.36.12:884][  0]LogRenderer: Reallocating scene render targets to support 1684x812 Format 10 NumSamples 1 (Frame:1).
[2020.11.08-21.36.12:997][  0]LogContentBrowser: Native class hierarchy updated for 'HierarchicalLODOutliner' in 0.0004 seconds. Added 0 classes and 0 folders.
[2020.11.08-21.36.12:997][  0]LogLoad: (Engine Initialization) Total time: 9.60 seconds
[2020.11.08-21.36.12:997][  0]LogLoad: (Engine Initialization) Total Blueprint compile time: 0.00 seconds
[2020.11.08-21.36.13:116][  0]LogContentStreaming: Texture pool size now 1000 MB
[2020.11.08-21.36.13:157][  1]LogAssetRegistry: Asset discovery search completed in 5.4537 seconds
[2020.11.08-21.36.13:159][  1]LogCollectionManager: Rebuilt the object cache for 0 collections in 0.000000 seconds (found 0 objects)
[2020.11.08-21.36.13:159][  1]LogCollectionManager: Fixed up redirectors for 0 collections in 0.000085 seconds (updated 0 objects)
[2020.11.08-21.36.15:770][311]LogSlate: FSceneViewport::OnFocusLost() reason 0
[2020.11.08-21.36.15:865][321]Candidate modules for hot reload:
[2020.11.08-21.36.15:865][321]  PhysicsSim_UE
[2020.11.08-21.36.15:865][321]Launching UnrealBuildTool... [C:/Program Files/Epic Games/UE_4.21/Engine/Binaries/DotNET/UnrealBuildTool.exe  -ModuleWithSuffix=PhysicsSim_UE,4701 Win64 Development -TargetType=Editor -Project="../../../../../../Users/betha/Documents/GitHub/PhysicsSimulation/PhysicsSim_UE/PhysicsSim_UE.uproject" -canskiplink "C:/Users/betha/Documents/GitHub/PhysicsSimulation/PhysicsSim_UE/PhysicsSim_UE.uproject" ]
[2020.11.08-21.36.15:867][321]Warning: Starting HotReload took  0.0s.
[2020.11.08-21.36.20:688][900]CompilerResultsLog: New page: Compilation - 8 Nov 2020 21:36:20
[2020.11.08-21.36.20:688][900]CompilerResultsLog: Using 'git status' to determine working set for adaptive non-unity build (C:\Users\betha\Documents\GitHub\PhysicsSimulation).
[2020.11.08-21.36.20:688][900]CompilerResultsLog: Creating makefile for hot reloading PhysicsSim_UEEditor (modules to compile have changed)
[2020.11.08-21.36.20:688][900]CompilerResultsLog: Compiling game modules for hot reload
[2020.11.08-21.36.20:689][900]CompilerResultsLog: Using Visual Studio 2017 14.27.29110 toolchain (C:\Program Files (x86)\Microsoft Visual Studio\2019\Community\VC\Tools\MSVC\14.27.29110) and Windows 10.0.18362.0 SDK (C:\Program Files (x86)\Windows Kits\10).
[2020.11.08-21.36.20:689][900]CompilerResultsLog: Target is up to date
[2020.11.08-21.36.20:689][900]CompilerResultsLog: Total build time: 4.63 seconds (NoActionsToExecute executor: 0.00 seconds)
[2020.11.08-21.36.20:689][900]LogMainFrame: MainFrame: Module compiling took 4.827 seconds
[2020.11.08-21.36.20:723][900]LogContentBrowser: Native class hierarchy populated in 0.0073 seconds. Added 2655 classes and 624 folders.
[2020.11.08-21.36.20:723][900]Display: HotReload took  4.9s.
[2020.11.08-21.36.23:546][237]LogEditorActor: Deleted Actor: NewtonBall
[2020.11.08-21.36.23:572][237]LogEditorActor: Deleted 1 Actors (0.028 secs)
[2020.11.08-21.36.24:780][380]LogEditor: Attempting to add actor of class 'NewtonBall' to level at -280.00,-140.00,40.00
[2020.11.08-21.36.25:393][452]LogEditor: Attempting to add actor of class 'NewtonBall' to level at 130.00,260.00,30.00
[2020.11.08-21.36.27:382][689]LogSlate: FSceneViewport::OnFocusLost() reason 2
[2020.11.08-21.36.29:158][898]LogSlate: FSceneViewport::OnFocusLost() reason 2
[2020.11.08-21.36.30:370][ 40]LogSlate: Took 0.000182 seconds to synchronously load lazily loaded font '../../../Engine/Content/Slate/Fonts/Roboto-Italic.ttf' (157K)
[2020.11.08-21.36.41:470][368]LogSlate: FSceneViewport::OnFocusLost() reason 0
[2020.11.08-21.36.41:577][380]Candidate modules for hot reload:
[2020.11.08-21.36.41:577][380]  PhysicsSim_UE
[2020.11.08-21.36.41:577][380]Launching UnrealBuildTool... [C:/Program Files/Epic Games/UE_4.21/Engine/Binaries/DotNET/UnrealBuildTool.exe  -ModuleWithSuffix=PhysicsSim_UE,1382 Win64 Development -TargetType=Editor -Project="../../../../../../Users/betha/Documents/GitHub/PhysicsSimulation/PhysicsSim_UE/PhysicsSim_UE.uproject" -canskiplink "C:/Users/betha/Documents/GitHub/PhysicsSimulation/PhysicsSim_UE/PhysicsSim_UE.uproject" ]
[2020.11.08-21.36.41:578][380]Warning: Starting HotReload took  0.0s.
[2020.11.08-21.36.43:648][629]CompilerResultsLog: New page: Compilation - 8 Nov 2020 21:36:43
[2020.11.08-21.36.43:648][629]CompilerResultsLog: Using 'git status' to determine working set for adaptive non-unity build (C:\Users\betha\Documents\GitHub\PhysicsSimulation).
[2020.11.08-21.36.43:648][629]CompilerResultsLog: Compiling game modules for hot reload
[2020.11.08-21.36.43:648][629]CompilerResultsLog: Target is up to date
[2020.11.08-21.36.43:649][629]CompilerResultsLog: Total build time: 1.88 seconds (NoActionsToExecute executor: 0.00 seconds)
[2020.11.08-21.36.43:649][629]LogMainFrame: MainFrame: Module compiling took 2.075 seconds
[2020.11.08-21.36.43:682][629]LogContentBrowser: Native class hierarchy populated in 0.0073 seconds. Added 2655 classes and 624 folders.
[2020.11.08-21.36.43:683][629]Display: HotReload took  2.1s.
[2020.11.08-21.36.44:555][733]LogTemp: Repeating last play command: Selected Viewport
[2020.11.08-21.36.44:562][733]LogBlueprintUserMessages: Early PlayInEditor Detection: Level '/Game/StarterContent/Maps/Minimal_Default.Minimal_Default:PersistentLevel' has LevelScriptBlueprint '/Game/StarterContent/Maps/Minimal_Default.Minimal_Default:PersistentLevel.Minimal_Default' with GeneratedClass '/Game/StarterContent/Maps/Minimal_Default.Minimal_Default_C' with ClassGeneratedBy '/Game/StarterContent/Maps/Minimal_Default.Minimal_Default:PersistentLevel.Minimal_Default'
[2020.11.08-21.36.44:563][733]LogPlayLevel: PlayLevel: No blueprints needed recompiling
[2020.11.08-21.36.44:563][733]PIE: New page: PIE session: Minimal_Default (8 Nov 2020 21:36:44)
[2020.11.08-21.36.44:576][733]LogPlayLevel: Creating play world package: /Game/StarterContent/Maps/UEDPIE_0_Minimal_Default
[2020.11.08-21.36.44:579][733]LogPlayLevel: PIE: StaticDuplicateObject took: (0.002250s)
[2020.11.08-21.36.44:579][733]LogAIModule: Creating AISystem for world Minimal_Default
[2020.11.08-21.36.44:579][733]LogPlayLevel: PIE: World Init took: (0.000662s)
[2020.11.08-21.36.44:579][733]LogPlayLevel: PIE: Created PIE world by copying editor world from /Game/StarterContent/Maps/Minimal_Default.Minimal_Default to /Game/StarterContent/Maps/UEDPIE_0_Minimal_Default.Minimal_Default (0.003437s)
[2020.11.08-21.36.44:614][733]LogInit: XAudio2 using 'Speakers (USB Audio Device)' : 2 channels at 48 kHz using 16 bits per sample (channel mask 0x3)
[2020.11.08-21.36.44:621][733]LogInit: FAudioDevice initialized.
[2020.11.08-21.36.44:664][733]LogUObjectGlobals: Warning: Failed to find object 'Class /Script/PhysicsSim_UE.PhysicsSim_UEGameMode'
[2020.11.08-21.36.44:664][733]LogLoad: Game class is 'GameModeBase'
[2020.11.08-21.36.44:665][733]LogWorld: Bringing World /Game/StarterContent/Maps/UEDPIE_0_Minimal_Default.Minimal_Default up for play (max tick rate 0) at 2020.11.08-21.36.44
[2020.11.08-21.36.44:665][733]LogWorld: Bringing up level for play took: 0.000624
[2020.11.08-21.36.44:698][733]LogContentBrowser: Native class hierarchy updated for 'MovieSceneCapture' in 0.0003 seconds. Added 20 classes and 0 folders.
[2020.11.08-21.36.44:699][733]PIE: Play in editor start time for /Game/StarterContent/Maps/UEDPIE_0_Minimal_Default -0.756
[2020.11.08-21.36.44:699][733]LogBlueprintUserMessages: Late PlayInEditor Detection: Level '/Game/StarterContent/Maps/Minimal_Default.Minimal_Default:PersistentLevel' has LevelScriptBlueprint '/Game/StarterContent/Maps/Minimal_Default.Minimal_Default:PersistentLevel.Minimal_Default' with GeneratedClass '/Game/StarterContent/Maps/Minimal_Default.Minimal_Default_C' with ClassGeneratedBy '/Game/StarterContent/Maps/Minimal_Default.Minimal_Default:PersistentLevel.Minimal_Default'
[2020.11.08-21.36.47:244][ 37]LogBlueprintUserMessages: Early EndPlayMap Detection: Level '/Game/StarterContent/Maps/Minimal_Default.Minimal_Default:PersistentLevel' has LevelScriptBlueprint '/Game/StarterContent/Maps/Minimal_Default.Minimal_Default:PersistentLevel.Minimal_Default' with GeneratedClass '/Game/StarterContent/Maps/Minimal_Default.Minimal_Default_C' with ClassGeneratedBy '/Game/StarterContent/Maps/Minimal_Default.Minimal_Default:PersistentLevel.Minimal_Default'
[2020.11.08-21.36.47:244][ 37]LogSlate: Updating window title bar state: overlay mode, drag disabled, window buttons hidden, title bar hidden
[2020.11.08-21.36.47:276][ 37]LogPlayLevel: Display: Shutting down PIE online subsystems
[2020.11.08-21.36.47:276][ 37]LogBlueprintUserMessages: Late EndPlayMap Detection: Level '/Game/StarterContent/Maps/Minimal_Default.Minimal_Default:PersistentLevel' has LevelScriptBlueprint '/Game/StarterContent/Maps/Minimal_Default.Minimal_Default:PersistentLevel.Minimal_Default' with GeneratedClass '/Game/StarterContent/Maps/Minimal_Default.Minimal_Default_C' with ClassGeneratedBy '/Game/StarterContent/Maps/Minimal_Default.Minimal_Default:PersistentLevel.Minimal_Default'
[2020.11.08-21.36.47:303][ 37]LogSlate: Updating window title bar state: overlay mode, drag disabled, window buttons hidden, title bar hidden
[2020.11.08-21.36.47:350][ 42]LogPlayLevel: Display: Destroying online subsystem :Context_3
[2020.11.08-21.36.48:322][158]LogEditorViewport: Clicking on Actor (LMB): NewtonBall (NewtonBall2)
[2020.11.08-21.37.48:616][404]LogSlate: FSceneViewport::OnFocusLost() reason 0
[2020.11.08-21.37.48:722][416]Candidate modules for hot reload:
[2020.11.08-21.37.48:722][416]  PhysicsSim_UE
[2020.11.08-21.37.48:723][416]Launching UnrealBuildTool... [C:/Program Files/Epic Games/UE_4.21/Engine/Binaries/DotNET/UnrealBuildTool.exe  -ModuleWithSuffix=PhysicsSim_UE,1277 Win64 Development -TargetType=Editor -Project="../../../../../../Users/betha/Documents/GitHub/PhysicsSimulation/PhysicsSim_UE/PhysicsSim_UE.uproject" -canskiplink "C:/Users/betha/Documents/GitHub/PhysicsSimulation/PhysicsSim_UE/PhysicsSim_UE.uproject" ]
[2020.11.08-21.37.48:724][416]Warning: Starting HotReload took  0.0s.
[2020.11.08-21.38.02:038][ 14]CompilerResultsLog: New page: Compilation - 8 Nov 2020 21:38:02
[2020.11.08-21.38.02:038][ 14]CompilerResultsLog: Using 'git status' to determine working set for adaptive non-unity build (C:\Users\betha\Documents\GitHub\PhysicsSimulation).
[2020.11.08-21.38.02:038][ 14]CompilerResultsLog: Creating makefile for hot reloading PhysicsSim_UEEditor (source directory changed)
[2020.11.08-21.38.02:038][ 14]CompilerResultsLog: Compiling game modules for hot reload
[2020.11.08-21.38.02:038][ 14]CompilerResultsLog: Using Visual Studio 2017 14.27.29110 toolchain (C:\Program Files (x86)\Microsoft Visual Studio\2019\Community\VC\Tools\MSVC\14.27.29110) and Windows 10.0.18362.0 SDK (C:\Program Files (x86)\Windows Kits\10).
[2020.11.08-21.38.02:038][ 14]CompilerResultsLog: Parsing headers for PhysicsSim_UEEditor
[2020.11.08-21.38.02:039][ 14]CompilerResultsLog:   Running UnrealHeaderTool "C:\Users\betha\Documents\GitHub\PhysicsSimulation\PhysicsSim_UE\PhysicsSim_UE.uproject" "C:\Users\betha\Documents\GitHub\PhysicsSimulation\PhysicsSim_UE\Intermediate\Build\Win64\PhysicsSim_UEEditor\Development\PhysicsSim_UEEditor.uhtmanifest" -LogCmds="loginit warning, logexit warning, logdatabase error" -Unattended -WarningsAsErrors -installed
[2020.11.08-21.38.02:039][ 14]CompilerResultsLog: Reflection code generated for PhysicsSim_UEEditor in 7.5314805 seconds
[2020.11.08-21.38.02:039][ 14]CompilerResultsLog: Building 5 actions with 24 processes...
[2020.11.08-21.38.02:039][ 14]CompilerResultsLog:   [1/5] PhysicsSim_UE.init.gen.cpp
[2020.11.08-21.38.02:039][ 14]CompilerResultsLog:   [2/5] NewtonBall.cpp
[2020.11.08-21.38.02:039][ 14]CompilerResultsLog:   [3/5] NewtonBall.gen.cpp
[2020.11.08-21.38.02:039][ 14]CompilerResultsLog:   [4/5] UE4Editor-PhysicsSim_UE-1277.lib
[2020.11.08-21.38.02:039][ 14]CompilerResultsLog:      Creating library C:\Users\betha\Documents\GitHub\PhysicsSimulation\PhysicsSim_UE\Intermediate\Build\Win64\UE4Editor\Development\PhysicsSim_UE\UE4Editor-PhysicsSim_UE-1277.lib and object C:\Users\betha\Documents\GitHub\PhysicsSimulation\PhysicsSim_UE\Intermediate\Build\Win64\UE4Editor\Development\PhysicsSim_UE\UE4Editor-PhysicsSim_UE-1277.exp
[2020.11.08-21.38.02:039][ 14]CompilerResultsLog:   [5/5] UE4Editor-PhysicsSim_UE-1277.dll
[2020.11.08-21.38.02:039][ 14]CompilerResultsLog:      Creating library C:\Users\betha\Documents\GitHub\PhysicsSimulation\PhysicsSim_UE\Intermediate\Build\Win64\UE4Editor\Development\PhysicsSim_UE\UE4Editor-PhysicsSim_UE-1277.suppressed.lib and object C:\Users\betha\Documents\GitHub\PhysicsSimulation\PhysicsSim_UE\Intermediate\Build\Win64\UE4Editor\Development\PhysicsSim_UE\UE4Editor-PhysicsSim_UE-1277.suppressed.exp
[2020.11.08-21.38.02:039][ 14]CompilerResultsLog: Total build time: 13.13 seconds (Parallel executor: 0.86 seconds)
[2020.11.08-21.38.02:040][ 14]LogMainFrame: MainFrame: Module compiling took 13.320 seconds
[2020.11.08-21.38.03:731][ 14]LogClass: Could not find existing class NewtonBall in package /Script/PhysicsSim_UE for HotReload, assuming new class
[2020.11.08-21.38.03:731][ 14]LogClass: Function NewtonianMethod is new.
[2020.11.08-21.38.03:734][ 14]LogHotReload: Re-instancing NewtonBall after hot-reload.
[2020.11.08-21.38.03:798][ 14]LogContentBrowser: Native class hierarchy updated for 'PhysicsSim_UE' in 0.0004 seconds. Added 3 classes and 2 folders.
[2020.11.08-21.38.03:800][ 14]Display: HotReload successful (0 functions remapped  0 scriptstructs remapped)
[2020.11.08-21.38.04:103][ 14]LogContentBrowser: Native class hierarchy populated in 0.0073 seconds. Added 2655 classes and 624 folders.
[2020.11.08-21.38.04:103][ 14]Display: HotReload took 15.4s.
[2020.11.08-21.38.05:326][160]LogTemp: Repeating last play command: Selected Viewport
[2020.11.08-21.38.05:334][160]LogBlueprintUserMessages: Early PlayInEditor Detection: Level '/Game/StarterContent/Maps/Minimal_Default.Minimal_Default:PersistentLevel' has LevelScriptBlueprint '/Game/StarterContent/Maps/Minimal_Default.Minimal_Default:PersistentLevel.Minimal_Default' with GeneratedClass '/Game/StarterContent/Maps/Minimal_Default.Minimal_Default_C' with ClassGeneratedBy '/Game/StarterContent/Maps/Minimal_Default.Minimal_Default:PersistentLevel.Minimal_Default'
[2020.11.08-21.38.05:334][160]LogPlayLevel: PlayLevel: No blueprints needed recompiling
[2020.11.08-21.38.05:334][160]PIE: New page: PIE session: Minimal_Default (8 Nov 2020 21:38:05)
[2020.11.08-21.38.05:334][160]LogPlayLevel: Creating play world package: /Game/StarterContent/Maps/UEDPIE_0_Minimal_Default
[2020.11.08-21.38.05:336][160]LogPlayLevel: PIE: StaticDuplicateObject took: (0.002117s)
[2020.11.08-21.38.05:337][160]LogAIModule: Creating AISystem for world Minimal_Default
[2020.11.08-21.38.05:337][160]LogPlayLevel: PIE: World Init took: (0.000648s)
[2020.11.08-21.38.05:337][160]LogPlayLevel: PIE: Created PIE world by copying editor world from /Game/StarterContent/Maps/Minimal_Default.Minimal_Default to /Game/StarterContent/Maps/UEDPIE_0_Minimal_Default.Minimal_Default (0.003091s)
[2020.11.08-21.38.05:370][160]LogInit: XAudio2 using 'Speakers (USB Audio Device)' : 2 channels at 48 kHz using 16 bits per sample (channel mask 0x3)
[2020.11.08-21.38.05:379][160]LogInit: FAudioDevice initialized.
[2020.11.08-21.38.05:411][160]LogLoad: Game class is 'GameModeBase'
[2020.11.08-21.38.05:412][160]LogWorld: Bringing World /Game/StarterContent/Maps/UEDPIE_0_Minimal_Default.Minimal_Default up for play (max tick rate 0) at 2020.11.08-21.38.05
[2020.11.08-21.38.05:412][160]LogWorld: Bringing up level for play took: 0.000654
[2020.11.08-21.38.05:426][160]PIE: Play in editor start time for /Game/StarterContent/Maps/UEDPIE_0_Minimal_Default -0.029
[2020.11.08-21.38.05:426][160]LogBlueprintUserMessages: Late PlayInEditor Detection: Level '/Game/StarterContent/Maps/Minimal_Default.Minimal_Default:PersistentLevel' has LevelScriptBlueprint '/Game/StarterContent/Maps/Minimal_Default.Minimal_Default:PersistentLevel.Minimal_Default' with GeneratedClass '/Game/StarterContent/Maps/Minimal_Default.Minimal_Default_C' with ClassGeneratedBy '/Game/StarterContent/Maps/Minimal_Default.Minimal_Default:PersistentLevel.Minimal_Default'
[2020.11.08-21.38.08:394][515]LogBlueprintUserMessages: Early EndPlayMap Detection: Level '/Game/StarterContent/Maps/Minimal_Default.Minimal_Default:PersistentLevel' has LevelScriptBlueprint '/Game/StarterContent/Maps/Minimal_Default.Minimal_Default:PersistentLevel.Minimal_Default' with GeneratedClass '/Game/StarterContent/Maps/Minimal_Default.Minimal_Default_C' with ClassGeneratedBy '/Game/StarterContent/Maps/Minimal_Default.Minimal_Default:PersistentLevel.Minimal_Default'
[2020.11.08-21.38.08:395][515]LogSlate: Updating window title bar state: overlay mode, drag disabled, window buttons hidden, title bar hidden
[2020.11.08-21.38.08:428][515]LogPlayLevel: Display: Shutting down PIE online subsystems
[2020.11.08-21.38.08:428][515]LogBlueprintUserMessages: Late EndPlayMap Detection: Level '/Game/StarterContent/Maps/Minimal_Default.Minimal_Default:PersistentLevel' has LevelScriptBlueprint '/Game/StarterContent/Maps/Minimal_Default.Minimal_Default:PersistentLevel.Minimal_Default' with GeneratedClass '/Game/StarterContent/Maps/Minimal_Default.Minimal_Default_C' with ClassGeneratedBy '/Game/StarterContent/Maps/Minimal_Default.Minimal_Default:PersistentLevel.Minimal_Default'
[2020.11.08-21.38.08:452][515]LogSlate: Updating window title bar state: overlay mode, drag disabled, window buttons hidden, title bar hidden
[2020.11.08-21.38.08:496][520]LogPlayLevel: Display: Destroying online subsystem :Context_4
[2020.11.08-21.38.09:492][639]LogEditorViewport: Clicking on Actor (LMB): NewtonBall (NewtonBall2)
[2020.11.08-21.38.27:397][783]LogSlate: FSceneViewport::OnFocusLost() reason 0
[2020.11.08-21.38.28:859][956]LogSlate: Took 0.000118 seconds to synchronously load lazily loaded font '../../../Engine/Content/Slate/Fonts/Roboto-Light.ttf' (167K)
[2020.11.08-21.38.28:899][956]LogSlate: Took 0.000181 seconds to synchronously load lazily loaded font '../../../Engine/Content/Slate/Fonts/Roboto-BoldCondensed.ttf' (158K)
[2020.11.08-21.38.30:233][115]LogAssetEditorManager: Opening Asset editor for Blueprint /Game/MyNewtonBall.MyNewtonBall
[2020.11.08-21.38.30:571][115]LogContentBrowser: Native class hierarchy updated for 'BlueprintGraph' in 0.0006 seconds. Added 117 classes and 0 folders.
[2020.11.08-21.38.31:100][115]LogSlate: Window 'Add Blueprint Class' being destroyed
[2020.11.08-21.38.31:171][115]LogRenderer: Reallocating scene render targets to support 1684x1260 Format 10 NumSamples 1 (Frame:1).
[2020.11.08-21.38.36:609][718]BlueprintLog: New page: Compile MyNewtonBall
[2020.11.08-21.38.42:586][380]LogSlate: FSceneViewport::OnFocusLost() reason 0
[2020.11.08-21.38.42:703][394]LogTemp: Repeating last play command: Selected Viewport
[2020.11.08-21.38.42:711][394]LogBlueprintUserMessages: Early PlayInEditor Detection: Level '/Game/StarterContent/Maps/Minimal_Default.Minimal_Default:PersistentLevel' has LevelScriptBlueprint '/Game/StarterContent/Maps/Minimal_Default.Minimal_Default:PersistentLevel.Minimal_Default' with GeneratedClass '/Game/StarterContent/Maps/Minimal_Default.Minimal_Default_C' with ClassGeneratedBy '/Game/StarterContent/Maps/Minimal_Default.Minimal_Default:PersistentLevel.Minimal_Default'
[2020.11.08-21.38.42:711][394]LogPlayLevel: PlayLevel: No blueprints needed recompiling
[2020.11.08-21.38.42:711][394]PIE: New page: PIE session: Minimal_Default (8 Nov 2020 21:38:42)
[2020.11.08-21.38.42:711][394]LogPlayLevel: Creating play world package: /Game/StarterContent/Maps/UEDPIE_0_Minimal_Default
[2020.11.08-21.38.42:714][394]LogPlayLevel: PIE: StaticDuplicateObject took: (0.002209s)
[2020.11.08-21.38.42:714][394]LogAIModule: Creating AISystem for world Minimal_Default
[2020.11.08-21.38.42:715][394]LogPlayLevel: PIE: World Init took: (0.000682s)
[2020.11.08-21.38.42:715][394]LogPlayLevel: PIE: Created PIE world by copying editor world from /Game/StarterContent/Maps/Minimal_Default.Minimal_Default to /Game/StarterContent/Maps/UEDPIE_0_Minimal_Default.Minimal_Default (0.003311s)
[2020.11.08-21.38.42:757][394]LogInit: XAudio2 using 'Speakers (USB Audio Device)' : 2 channels at 48 kHz using 16 bits per sample (channel mask 0x3)
[2020.11.08-21.38.42:765][394]LogInit: FAudioDevice initialized.
[2020.11.08-21.38.42:798][394]LogLoad: Game class is 'GameModeBase'
[2020.11.08-21.38.42:799][394]LogWorld: Bringing World /Game/StarterContent/Maps/UEDPIE_0_Minimal_Default.Minimal_Default up for play (max tick rate 0) at 2020.11.08-21.38.42
[2020.11.08-21.38.42:799][394]LogWorld: Bringing up level for play took: 0.000553
[2020.11.08-21.38.42:812][394]PIE: Play in editor start time for /Game/StarterContent/Maps/UEDPIE_0_Minimal_Default -0.643
[2020.11.08-21.38.42:812][394]LogBlueprintUserMessages: Late PlayInEditor Detection: Level '/Game/StarterContent/Maps/Minimal_Default.Minimal_Default:PersistentLevel' has LevelScriptBlueprint '/Game/StarterContent/Maps/Minimal_Default.Minimal_Default:PersistentLevel.Minimal_Default' with GeneratedClass '/Game/StarterContent/Maps/Minimal_Default.Minimal_Default_C' with ClassGeneratedBy '/Game/StarterContent/Maps/Minimal_Default.Minimal_Default:PersistentLevel.Minimal_Default'
[2020.11.08-21.38.44:206][560]LogBlueprintUserMessages: Early EndPlayMap Detection: Level '/Game/StarterContent/Maps/Minimal_Default.Minimal_Default:PersistentLevel' has LevelScriptBlueprint '/Game/StarterContent/Maps/Minimal_Default.Minimal_Default:PersistentLevel.Minimal_Default' with GeneratedClass '/Game/StarterContent/Maps/Minimal_Default.Minimal_Default_C' with ClassGeneratedBy '/Game/StarterContent/Maps/Minimal_Default.Minimal_Default:PersistentLevel.Minimal_Default'
[2020.11.08-21.38.44:206][560]LogSlate: Updating window title bar state: overlay mode, drag disabled, window buttons hidden, title bar hidden
[2020.11.08-21.38.44:244][560]LogPlayLevel: Display: Shutting down PIE online subsystems
[2020.11.08-21.38.44:244][560]LogBlueprintUserMessages: Late EndPlayMap Detection: Level '/Game/StarterContent/Maps/Minimal_Default.Minimal_Default:PersistentLevel' has LevelScriptBlueprint '/Game/StarterContent/Maps/Minimal_Default.Minimal_Default:PersistentLevel.Minimal_Default' with GeneratedClass '/Game/StarterContent/Maps/Minimal_Default.Minimal_Default_C' with ClassGeneratedBy '/Game/StarterContent/Maps/Minimal_Default.Minimal_Default:PersistentLevel.Minimal_Default'
[2020.11.08-21.38.44:276][560]LogSlate: Updating window title bar state: overlay mode, drag disabled, window buttons hidden, title bar hidden
[2020.11.08-21.38.44:312][564]LogPlayLevel: Display: Destroying online subsystem :Context_7
[2020.11.08-21.38.45:203][670]Candidate modules for hot reload:
[2020.11.08-21.38.45:204][670]  PhysicsSim_UE
[2020.11.08-21.38.45:204][670]Launching UnrealBuildTool... [C:/Program Files/Epic Games/UE_4.21/Engine/Binaries/DotNET/UnrealBuildTool.exe  -ModuleWithSuffix=PhysicsSim_UE,2820 Win64 Development -TargetType=Editor -Project="../../../../../../Users/betha/Documents/GitHub/PhysicsSimulation/PhysicsSim_UE/PhysicsSim_UE.uproject" -canskiplink "C:/Users/betha/Documents/GitHub/PhysicsSimulation/PhysicsSim_UE/PhysicsSim_UE.uproject" ]
[2020.11.08-21.38.45:205][670]Warning: Starting HotReload took  0.0s.
[2020.11.08-21.38.49:348][168]CompilerResultsLog: New page: Compilation - 8 Nov 2020 21:38:49
[2020.11.08-21.38.49:348][168]CompilerResultsLog: Using 'git status' to determine working set for adaptive non-unity build (C:\Users\betha\Documents\GitHub\PhysicsSimulation).
[2020.11.08-21.38.49:348][168]CompilerResultsLog: Compiling game modules for hot reload
[2020.11.08-21.38.49:348][168]CompilerResultsLog: Failed to delete file 'C:\Users\betha\Documents\GitHub\PhysicsSimulation\PhysicsSim_UE\Binaries\Win64\UE4Editor-PhysicsSim_UE-1277.pdb'
[2020.11.08-21.38.49:348][168]CompilerResultsLog:     Exception: Access to the path 'C:\Users\betha\Documents\GitHub\PhysicsSimulation\PhysicsSim_UE\Binaries\Win64\UE4Editor-PhysicsSim_UE-1277.pdb' is denied.
[2020.11.08-21.38.49:349][168]CompilerResultsLog: Attempting to retry...
[2020.11.08-21.38.49:349][168]CompilerResultsLog: Failed to delete file 'C:\Users\betha\Documents\GitHub\PhysicsSimulation\PhysicsSim_UE\Binaries\Win64\UE4Editor-PhysicsSim_UE-1277.pdb'
[2020.11.08-21.38.49:349][168]CompilerResultsLog:     Exception: Access to the path 'C:\Users\betha\Documents\GitHub\PhysicsSimulation\PhysicsSim_UE\Binaries\Win64\UE4Editor-PhysicsSim_UE-1277.pdb' is denied.
[2020.11.08-21.38.49:349][168]CompilerResultsLog: Attempting to retry...
[2020.11.08-21.38.49:349][168]CompilerResultsLog: Failed to delete file 'C:\Users\betha\Documents\GitHub\PhysicsSimulation\PhysicsSim_UE\Binaries\Win64\UE4Editor-PhysicsSim_UE-1277.pdb'
[2020.11.08-21.38.49:349][168]CompilerResultsLog:     Exception: Access to the path 'C:\Users\betha\Documents\GitHub\PhysicsSimulation\PhysicsSim_UE\Binaries\Win64\UE4Editor-PhysicsSim_UE-1277.pdb' is denied.
[2020.11.08-21.38.49:349][168]CompilerResultsLog: ERROR: Exhausted all retries!
[2020.11.08-21.38.49:349][168]CompilerResultsLog: Target is up to date
[2020.11.08-21.38.49:349][168]CompilerResultsLog: Total build time: 3.95 seconds (NoActionsToExecute executor: 0.00 seconds)
[2020.11.08-21.38.49:349][168]LogMainFrame: MainFrame: Module compiling took 4.148 seconds
[2020.11.08-21.38.49:583][168]LogContentBrowser: Native class hierarchy populated in 0.0074 seconds. Added 2655 classes and 624 folders.
[2020.11.08-21.38.49:584][168]Display: HotReload took  4.4s.
[2020.11.08-21.38.50:301][254]LogTemp: Repeating last play command: Selected Viewport
[2020.11.08-21.38.50:308][254]LogBlueprintUserMessages: Early PlayInEditor Detection: Level '/Game/StarterContent/Maps/Minimal_Default.Minimal_Default:PersistentLevel' has LevelScriptBlueprint '/Game/StarterContent/Maps/Minimal_Default.Minimal_Default:PersistentLevel.Minimal_Default' with GeneratedClass '/Game/StarterContent/Maps/Minimal_Default.Minimal_Default_C' with ClassGeneratedBy '/Game/StarterContent/Maps/Minimal_Default.Minimal_Default:PersistentLevel.Minimal_Default'
[2020.11.08-21.38.50:309][254]LogPlayLevel: PlayLevel: No blueprints needed recompiling
[2020.11.08-21.38.50:309][254]PIE: New page: PIE session: Minimal_Default (8 Nov 2020 21:38:50)
[2020.11.08-21.38.50:309][254]LogPlayLevel: Creating play world package: /Game/StarterContent/Maps/UEDPIE_0_Minimal_Default
[2020.11.08-21.38.50:311][254]LogPlayLevel: PIE: StaticDuplicateObject took: (0.002293s)
[2020.11.08-21.38.50:312][254]LogAIModule: Creating AISystem for world Minimal_Default
[2020.11.08-21.38.50:312][254]LogPlayLevel: PIE: World Init took: (0.000570s)
[2020.11.08-21.38.50:312][254]LogPlayLevel: PIE: Created PIE world by copying editor world from /Game/StarterContent/Maps/Minimal_Default.Minimal_Default to /Game/StarterContent/Maps/UEDPIE_0_Minimal_Default.Minimal_Default (0.003190s)
[2020.11.08-21.38.50:369][254]LogInit: XAudio2 using 'Speakers (USB Audio Device)' : 2 channels at 48 kHz using 16 bits per sample (channel mask 0x3)
[2020.11.08-21.38.50:377][254]LogInit: FAudioDevice initialized.
[2020.11.08-21.38.50:411][254]LogLoad: Game class is 'GameModeBase'
[2020.11.08-21.38.50:411][254]LogWorld: Bringing World /Game/StarterContent/Maps/UEDPIE_0_Minimal_Default.Minimal_Default up for play (max tick rate 0) at 2020.11.08-21.38.50
[2020.11.08-21.38.50:412][254]LogWorld: Bringing up level for play took: 0.000590
[2020.11.08-21.38.50:425][254]PIE: Play in editor start time for /Game/StarterContent/Maps/UEDPIE_0_Minimal_Default 0.97
[2020.11.08-21.38.50:425][254]LogBlueprintUserMessages: Late PlayInEditor Detection: Level '/Game/StarterContent/Maps/Minimal_Default.Minimal_Default:PersistentLevel' has LevelScriptBlueprint '/Game/StarterContent/Maps/Minimal_Default.Minimal_Default:PersistentLevel.Minimal_Default' with GeneratedClass '/Game/StarterContent/Maps/Minimal_Default.Minimal_Default_C' with ClassGeneratedBy '/Game/StarterContent/Maps/Minimal_Default.Minimal_Default:PersistentLevel.Minimal_Default'
[2020.11.08-21.38.51:770][414]LogBlueprintUserMessages: Early EndPlayMap Detection: Level '/Game/StarterContent/Maps/Minimal_Default.Minimal_Default:PersistentLevel' has LevelScriptBlueprint '/Game/StarterContent/Maps/Minimal_Default.Minimal_Default:PersistentLevel.Minimal_Default' with GeneratedClass '/Game/StarterContent/Maps/Minimal_Default.Minimal_Default_C' with ClassGeneratedBy '/Game/StarterContent/Maps/Minimal_Default.Minimal_Default:PersistentLevel.Minimal_Default'
[2020.11.08-21.38.51:770][414]LogSlate: Updating window title bar state: overlay mode, drag disabled, window buttons hidden, title bar hidden
[2020.11.08-21.38.51:807][414]LogPlayLevel: Display: Shutting down PIE online subsystems
[2020.11.08-21.38.51:808][414]LogBlueprintUserMessages: Late EndPlayMap Detection: Level '/Game/StarterContent/Maps/Minimal_Default.Minimal_Default:PersistentLevel' has LevelScriptBlueprint '/Game/StarterContent/Maps/Minimal_Default.Minimal_Default:PersistentLevel.Minimal_Default' with GeneratedClass '/Game/StarterContent/Maps/Minimal_Default.Minimal_Default_C' with ClassGeneratedBy '/Game/StarterContent/Maps/Minimal_Default.Minimal_Default:PersistentLevel.Minimal_Default'
[2020.11.08-21.38.51:843][414]LogSlate: Updating window title bar state: overlay mode, drag disabled, window buttons hidden, title bar hidden
[2020.11.08-21.38.51:873][417]LogPlayLevel: Display: Destroying online subsystem :Context_8
[2020.11.08-21.38.52:587][502]LogEditorViewport: Clicking on Actor (LMB): MyNewtonBall_C (MyNewtonBall)
[2020.11.08-21.38.53:809][645]Cmd: DELETE
[2020.11.08-21.38.53:809][645]Cmd: ACTOR DELETE
[2020.11.08-21.38.53:811][645]LogEditorActor: Deleted Actor: MyNewtonBall_C
[2020.11.08-21.38.53:845][645]LogEditorActor: Deleted 1 Actors (0.035 secs)
[2020.11.08-21.38.54:551][729]LogEditorViewport: Clicking on Actor (LMB): NewtonBall (NewtonBall2)
[2020.11.08-21.38.54:639][736]Cmd: DELETE
[2020.11.08-21.38.54:639][736]Cmd: ACTOR DELETE
[2020.11.08-21.38.54:641][736]LogEditorActor: Deleted Actor: NewtonBall
[2020.11.08-21.38.54:673][736]LogEditorActor: Deleted 1 Actors (0.033 secs)
[2020.11.08-21.38.57:914][124]LogSlate: FSceneViewport::OnFocusLost() reason 0
[2020.11.08-21.39.37:474][363]Candidate modules for hot reload:
[2020.11.08-21.39.37:474][363]  PhysicsSim_UE
[2020.11.08-21.39.37:474][363]Launching UnrealBuildTool... [C:/Program Files/Epic Games/UE_4.21/Engine/Binaries/DotNET/UnrealBuildTool.exe  -ModuleWithSuffix=PhysicsSim_UE,1157 Win64 Development -TargetType=Editor -Project="../../../../../../Users/betha/Documents/GitHub/PhysicsSimulation/PhysicsSim_UE/PhysicsSim_UE.uproject" -canskiplink "C:/Users/betha/Documents/GitHub/PhysicsSimulation/PhysicsSim_UE/PhysicsSim_UE.uproject" ]
[2020.11.08-21.39.37:475][363]Warning: Starting HotReload took  0.0s.
[2020.11.08-21.39.43:177][ 48]CompilerResultsLog: New page: Compilation - 8 Nov 2020 21:39:43
[2020.11.08-21.39.43:178][ 48]CompilerResultsLog: Using 'git status' to determine working set for adaptive non-unity build (C:\Users\betha\Documents\GitHub\PhysicsSimulation).
[2020.11.08-21.39.43:178][ 48]CompilerResultsLog: Creating makefile for hot reloading PhysicsSim_UEEditor (source directory changed)
[2020.11.08-21.39.43:178][ 48]CompilerResultsLog: Compiling game modules for hot reload
[2020.11.08-21.39.43:178][ 48]CompilerResultsLog: Using Visual Studio 2017 14.27.29110 toolchain (C:\Program Files (x86)\Microsoft Visual Studio\2019\Community\VC\Tools\MSVC\14.27.29110) and Windows 10.0.18362.0 SDK (C:\Program Files (x86)\Windows Kits\10).
[2020.11.08-21.39.43:178][ 48]CompilerResultsLog: Building 3 actions with 24 processes...
[2020.11.08-21.39.43:178][ 48]CompilerResultsLog:   [1/3] NewtonBall.cpp
[2020.11.08-21.39.43:178][ 48]CompilerResultsLog:   [2/3] UE4Editor-PhysicsSim_UE-1157.lib
[2020.11.08-21.39.43:178][ 48]CompilerResultsLog:      Creating library C:\Users\betha\Documents\GitHub\PhysicsSimulation\PhysicsSim_UE\Intermediate\Build\Win64\UE4Editor\Development\PhysicsSim_UE\UE4Editor-PhysicsSim_UE-1157.lib and object C:\Users\betha\Documents\GitHub\PhysicsSimulation\PhysicsSim_UE\Intermediate\Build\Win64\UE4Editor\Development\PhysicsSim_UE\UE4Editor-PhysicsSim_UE-1157.exp
[2020.11.08-21.39.43:179][ 48]CompilerResultsLog:   [3/3] UE4Editor-PhysicsSim_UE-1157.dll
[2020.11.08-21.39.43:179][ 48]CompilerResultsLog:      Creating library C:\Users\betha\Documents\GitHub\PhysicsSimulation\PhysicsSim_UE\Intermediate\Build\Win64\UE4Editor\Development\PhysicsSim_UE\UE4Editor-PhysicsSim_UE-1157.suppressed.lib and object C:\Users\betha\Documents\GitHub\PhysicsSimulation\PhysicsSim_UE\Intermediate\Build\Win64\UE4Editor\Development\PhysicsSim_UE\UE4Editor-PhysicsSim_UE-1157.suppressed.exp
[2020.11.08-21.39.43:179][ 48]CompilerResultsLog: Total build time: 5.51 seconds (Parallel executor: 0.77 seconds)
[2020.11.08-21.39.43:179][ 48]LogMainFrame: MainFrame: Module compiling took 5.708 seconds
[2020.11.08-21.39.43:406][ 48]LogContentBrowser: Native class hierarchy updated for 'PhysicsSim_UE' in 0.0004 seconds. Added 3 classes and 2 folders.
[2020.11.08-21.39.43:410][ 48]Display: HotReload successful (1 functions remapped  0 scriptstructs remapped)
[2020.11.08-21.39.43:674][ 48]LogContentBrowser: Native class hierarchy populated in 0.0096 seconds. Added 2655 classes and 624 folders.
[2020.11.08-21.39.43:674][ 48]Display: HotReload took  6.2s.
[2020.11.08-21.39.47:642][513]LogSlate: FSceneViewport::OnFocusLost() reason 0
[2020.11.08-21.39.47:767][528]LogTemp: Repeating last play command: Selected Viewport
[2020.11.08-21.39.47:776][528]LogBlueprintUserMessages: Early PlayInEditor Detection: Level '/Game/StarterContent/Maps/Minimal_Default.Minimal_Default:PersistentLevel' has LevelScriptBlueprint '/Game/StarterContent/Maps/Minimal_Default.Minimal_Default:PersistentLevel.Minimal_Default' with GeneratedClass '/Game/StarterContent/Maps/Minimal_Default.Minimal_Default_C' with ClassGeneratedBy '/Game/StarterContent/Maps/Minimal_Default.Minimal_Default:PersistentLevel.Minimal_Default'
[2020.11.08-21.39.47:776][528]LogPlayLevel: PlayLevel: No blueprints needed recompiling
[2020.11.08-21.39.47:776][528]PIE: New page: PIE session: Minimal_Default (8 Nov 2020 21:39:47)
[2020.11.08-21.39.47:776][528]LogPlayLevel: Creating play world package: /Game/StarterContent/Maps/UEDPIE_0_Minimal_Default
[2020.11.08-21.39.47:780][528]LogPlayLevel: PIE: StaticDuplicateObject took: (0.003854s)
[2020.11.08-21.39.47:781][528]LogAIModule: Creating AISystem for world Minimal_Default
[2020.11.08-21.39.47:781][528]LogPlayLevel: PIE: World Init took: (0.000575s)
[2020.11.08-21.39.47:781][528]LogPlayLevel: PIE: Created PIE world by copying editor world from /Game/StarterContent/Maps/Minimal_Default.Minimal_Default to /Game/StarterContent/Maps/UEDPIE_0_Minimal_Default.Minimal_Default (0.004812s)
[2020.11.08-21.39.47:849][528]LogInit: XAudio2 using 'Speakers (USB Audio Device)' : 2 channels at 48 kHz using 16 bits per sample (channel mask 0x3)
[2020.11.08-21.39.47:857][528]LogInit: FAudioDevice initialized.
[2020.11.08-21.39.47:889][528]LogLoad: Game class is 'GameModeBase'
[2020.11.08-21.39.47:890][528]LogWorld: Bringing World /Game/StarterContent/Maps/UEDPIE_0_Minimal_Default.Minimal_Default up for play (max tick rate 0) at 2020.11.08-21.39.47
[2020.11.08-21.39.47:890][528]LogWorld: Bringing up level for play took: 0.000543
[2020.11.08-21.39.47:903][528]PIE: Play in editor start time for /Game/StarterContent/Maps/UEDPIE_0_Minimal_Default 0.448
[2020.11.08-21.39.47:903][528]LogBlueprintUserMessages: Late PlayInEditor Detection: Level '/Game/StarterContent/Maps/Minimal_Default.Minimal_Default:PersistentLevel' has LevelScriptBlueprint '/Game/StarterContent/Maps/Minimal_Default.Minimal_Default:PersistentLevel.Minimal_Default' with GeneratedClass '/Game/StarterContent/Maps/Minimal_Default.Minimal_Default_C' with ClassGeneratedBy '/Game/StarterContent/Maps/Minimal_Default.Minimal_Default:PersistentLevel.Minimal_Default'
[2020.11.08-21.39.55:363][422]LogBlueprintUserMessages: Early EndPlayMap Detection: Level '/Game/StarterContent/Maps/Minimal_Default.Minimal_Default:PersistentLevel' has LevelScriptBlueprint '/Game/StarterContent/Maps/Minimal_Default.Minimal_Default:PersistentLevel.Minimal_Default' with GeneratedClass '/Game/StarterContent/Maps/Minimal_Default.Minimal_Default_C' with ClassGeneratedBy '/Game/StarterContent/Maps/Minimal_Default.Minimal_Default:PersistentLevel.Minimal_Default'
[2020.11.08-21.39.55:364][422]LogSlate: Updating window title bar state: overlay mode, drag disabled, window buttons hidden, title bar hidden
[2020.11.08-21.39.55:402][422]LogPlayLevel: Display: Shutting down PIE online subsystems
[2020.11.08-21.39.55:403][422]LogBlueprintUserMessages: Late EndPlayMap Detection: Level '/Game/StarterContent/Maps/Minimal_Default.Minimal_Default:PersistentLevel' has LevelScriptBlueprint '/Game/StarterContent/Maps/Minimal_Default.Minimal_Default:PersistentLevel.Minimal_Default' with GeneratedClass '/Game/StarterContent/Maps/Minimal_Default.Minimal_Default_C' with ClassGeneratedBy '/Game/StarterContent/Maps/Minimal_Default.Minimal_Default:PersistentLevel.Minimal_Default'
[2020.11.08-21.39.55:443][422]LogSlate: Updating window title bar state: overlay mode, drag disabled, window buttons hidden, title bar hidden
[2020.11.08-21.39.55:467][423]LogPlayLevel: Display: Destroying online subsystem :Context_9
[2020.11.08-21.39.56:111][499]LogEditorViewport: Clicking on Actor (LMB): MyNewtonBall_C (MyNewtonBall)
[2020.11.08-21.39.57:936][712]LogSlate: FSceneViewport::OnFocusLost() reason 0
[2020.11.08-21.39.58:019][722]LogTemp: Repeating last play command: Selected Viewport
[2020.11.08-21.39.58:026][722]LogBlueprintUserMessages: Early PlayInEditor Detection: Level '/Game/StarterContent/Maps/Minimal_Default.Minimal_Default:PersistentLevel' has LevelScriptBlueprint '/Game/StarterContent/Maps/Minimal_Default.Minimal_Default:PersistentLevel.Minimal_Default' with GeneratedClass '/Game/StarterContent/Maps/Minimal_Default.Minimal_Default_C' with ClassGeneratedBy '/Game/StarterContent/Maps/Minimal_Default.Minimal_Default:PersistentLevel.Minimal_Default'
[2020.11.08-21.39.58:026][722]LogPlayLevel: PlayLevel: No blueprints needed recompiling
[2020.11.08-21.39.58:026][722]PIE: New page: PIE session: Minimal_Default (8 Nov 2020 21:39:58)
[2020.11.08-21.39.58:026][722]LogPlayLevel: Creating play world package: /Game/StarterContent/Maps/UEDPIE_0_Minimal_Default
[2020.11.08-21.39.58:028][722]LogPlayLevel: PIE: StaticDuplicateObject took: (0.002068s)
[2020.11.08-21.39.58:029][722]LogAIModule: Creating AISystem for world Minimal_Default
[2020.11.08-21.39.58:029][722]LogPlayLevel: PIE: World Init took: (0.000591s)
[2020.11.08-21.39.58:029][722]LogPlayLevel: PIE: Created PIE world by copying editor world from /Game/StarterContent/Maps/Minimal_Default.Minimal_Default to /Game/StarterContent/Maps/UEDPIE_0_Minimal_Default.Minimal_Default (0.002984s)
[2020.11.08-21.39.58:069][722]LogInit: XAudio2 using 'Speakers (USB Audio Device)' : 2 channels at 48 kHz using 16 bits per sample (channel mask 0x3)
[2020.11.08-21.39.58:078][722]LogInit: FAudioDevice initialized.
[2020.11.08-21.39.58:112][722]LogLoad: Game class is 'GameModeBase'
[2020.11.08-21.39.58:113][722]LogWorld: Bringing World /Game/StarterContent/Maps/UEDPIE_0_Minimal_Default.Minimal_Default up for play (max tick rate 0) at 2020.11.08-21.39.58
[2020.11.08-21.39.58:113][722]LogWorld: Bringing up level for play took: 0.000537
[2020.11.08-21.39.58:126][722]PIE: Play in editor start time for /Game/StarterContent/Maps/UEDPIE_0_Minimal_Default 0.672
[2020.11.08-21.39.58:126][722]LogBlueprintUserMessages: Late PlayInEditor Detection: Level '/Game/StarterContent/Maps/Minimal_Default.Minimal_Default:PersistentLevel' has LevelScriptBlueprint '/Game/StarterContent/Maps/Minimal_Default.Minimal_Default:PersistentLevel.Minimal_Default' with GeneratedClass '/Game/StarterContent/Maps/Minimal_Default.Minimal_Default_C' with ClassGeneratedBy '/Game/StarterContent/Maps/Minimal_Default.Minimal_Default:PersistentLevel.Minimal_Default'
[2020.11.08-21.39.59:046][831]LogBlueprintUserMessages: Early EndPlayMap Detection: Level '/Game/StarterContent/Maps/Minimal_Default.Minimal_Default:PersistentLevel' has LevelScriptBlueprint '/Game/StarterContent/Maps/Minimal_Default.Minimal_Default:PersistentLevel.Minimal_Default' with GeneratedClass '/Game/StarterContent/Maps/Minimal_Default.Minimal_Default_C' with ClassGeneratedBy '/Game/StarterContent/Maps/Minimal_Default.Minimal_Default:PersistentLevel.Minimal_Default'
[2020.11.08-21.39.59:046][831]LogSlate: Updating window title bar state: overlay mode, drag disabled, window buttons hidden, title bar hidden
[2020.11.08-21.39.59:080][831]LogPlayLevel: Display: Shutting down PIE online subsystems
[2020.11.08-21.39.59:081][831]LogBlueprintUserMessages: Late EndPlayMap Detection: Level '/Game/StarterContent/Maps/Minimal_Default.Minimal_Default:PersistentLevel' has LevelScriptBlueprint '/Game/StarterContent/Maps/Minimal_Default.Minimal_Default:PersistentLevel.Minimal_Default' with GeneratedClass '/Game/StarterContent/Maps/Minimal_Default.Minimal_Default_C' with ClassGeneratedBy '/Game/StarterContent/Maps/Minimal_Default.Minimal_Default:PersistentLevel.Minimal_Default'
[2020.11.08-21.39.59:116][831]LogSlate: Updating window title bar state: overlay mode, drag disabled, window buttons hidden, title bar hidden
[2020.11.08-21.39.59:153][835]LogPlayLevel: Display: Destroying online subsystem :Context_10
